 1, 1,  ,0000000302,          ,14,30, 3,29,16,  ,  ,  ,  ,  ,          ,          ,        ,
 1, 1, 2,0000000302,0000000000,14,30, 3,29,16,  ,  ,  ,  ,  ,          ,          ,        ,
 1, 1,  ,0000000322,          ,14,31, 3,29,16,  ,  ,  ,  ,  ,          ,          ,        ,
 1, 1, 2,0000000322,0000000000,14,31, 3,29,16,  ,  ,  ,  ,  ,          ,          ,        ,
 1, 1,  ,0000000461,          ,14,31, 3,29,16,  ,  ,  ,  ,  ,          ,          ,        ,
 1, 1, 2,0000000461,0000000000,14,31, 3,29,16,  ,  ,  ,  ,  ,          ,          ,        ,
 1, 1,  ,0000000158,          ,14,31, 3,29,16,  ,  ,  ,  ,  ,          ,          ,        ,
 1, 1, 2,0000000158,0000000000,14,31, 3,29,16,  ,  ,  ,  ,  ,          ,          ,        ,
 1, 1,  ,0000000286,          ,14,31, 3,29,16,  ,  ,  ,  ,  ,          ,          ,        ,
 1, 1, 2,0000000286,0000000000,14,31, 3,29,16,  ,  ,  ,  ,  ,          ,          ,        ,
 1, 1,  ,0000000053,          ,14,31, 3,29,16,  ,  ,  ,  ,  ,          ,          ,        ,
 1, 1, 2,0000000053,0000000000,14,31, 3,29,16,  ,  ,  ,  ,  ,          ,          ,        ,
 1, 1,  ,0000000335,          ,14,31, 3,29,16,  ,  ,  ,  ,  ,          ,          ,        ,
 1, 1, 2,0000000335,0000000000,14,31, 3,29,16,  ,  ,  ,  ,  ,          ,          ,        ,
 1, 1,  ,0000000335,          ,14,31, 3,29,16,  ,  ,  ,  ,  ,          ,          ,        ,
 1, 1, 2,0000000335,0000000000,14,31, 3,29,16,  ,  ,  ,  ,  ,          ,          ,        ,
 1, 1,  ,0000000496,          ,14,32, 3,29,16,  ,  ,  ,  ,  ,          ,          ,        ,
 1, 1, 2,0000000496,0000000000,14,32, 3,29,16,  ,  ,  ,  ,  ,          ,          ,        ,
 1, 1,  ,0000000318,          ,14,32, 3,29,16,  ,  ,  ,  ,  ,          ,          ,        ,
 1, 1, 2,0000000318,0000000000,14,32, 3,29,16,  ,  ,  ,  ,  ,          ,          ,        ,
 1, 1,  ,0000000057,          ,14,32, 3,29,16,  ,  ,  ,  ,  ,          ,          ,        ,
 1, 1, 2,0000000057,0000000000,14,32, 3,29,16,  ,  ,  ,  ,  ,          ,          ,        ,
 1, 1,  ,0000000111,          ,14,32, 3,29,16,  ,  ,  ,  ,  ,          ,          ,        ,
 1, 1, 2,0000000111,0000000000,14,32, 3,29,16,  ,  ,  ,  ,  ,          ,          ,        ,
 1, 1,  ,0000000431,          ,14,35, 3,29,16,  ,  ,  ,  ,  ,          ,          ,        ,
 1, 1, 2,0000000431,0000000000,14,35, 3,29,16,  ,  ,  ,  ,  ,          ,          ,        ,
 1, 1,  ,0000000497,          ,14,35, 3,29,16,  ,  ,  ,  ,  ,          ,          ,        ,
 1, 1, 2,0000000497,0000000000,14,35, 3,29,16,  ,  ,  ,  ,  ,          ,          ,        ,
 1, 1,  ,0000000331,          ,14,35, 3,29,16,  ,  ,  ,  ,  ,          ,          ,        ,
 1, 1, 2,0000000331,0000000000,14,35, 3,29,16,  ,  ,  ,  ,  ,          ,          ,        ,
 1, 1,  ,0000000390,          ,14,35, 3,29,16,  ,  ,  ,  ,  ,          ,          ,        ,
 1, 1, 2,0000000390,0000000000,14,35, 3,29,16,  ,  ,  ,  ,  ,          ,          ,        ,
 1, 1,  ,0000000205,          ,14,36, 3,29,16,  ,  ,  ,  ,  ,          ,          ,        ,
 1, 1, 2,0000000205,0000000000,14,36, 3,29,16,  ,  ,  ,  ,  ,          ,          ,        ,
 1, 1,  ,0000000267,          ,14,36, 3,29,16,  ,  ,  ,  ,  ,          ,          ,        ,
 1, 1, 2,0000000267,0000000000,14,36, 3,29,16,  ,  ,  ,  ,  ,          ,          ,        ,
 1, 1,  ,0000000336,          ,14,36, 3,29,16,  ,  ,  ,  ,  ,          ,          ,        ,
 1, 1, 2,0000000336,0000000000,14,36, 3,29,16,  ,  ,  ,  ,  ,          ,          ,        ,
 1, 1,  ,0000000010,          ,14,37, 3,29,16,  ,  ,  ,  ,  ,          ,          ,        ,
 1, 1, 2,0000000010,0000000000,14,37, 3,29,16,  ,  ,  ,  ,  ,          ,          ,        ,
 1, 1,  ,0000000422,          ,14,37, 3,29,16,  ,  ,  ,  ,  ,          ,          ,        ,
 1, 1, 2,0000000422,0000000000,14,37, 3,29,16,  ,  ,  ,  ,  ,          ,          ,        ,
 1, 1,  ,0000000012,          ,14,37, 3,29,16,  ,  ,  ,  ,  ,          ,          ,        ,
 1, 1, 2,0000000012,0000000000,14,37, 3,29,16,  ,  ,  ,  ,  ,          ,          ,        ,
 1, 1,  ,0000000300,          ,14,38, 3,29,16,  ,  ,  ,  ,  ,          ,          ,        ,
 1, 1, 2,0000000300,0000000000,14,38, 3,29,16,  ,  ,  ,  ,  ,          ,          ,        ,
 1, 1,  ,0000000424,          ,14,39, 3,29,16,  ,  ,  ,  ,  ,          ,          ,        ,
 1, 1, 2,0000000424,0000000000,14,39, 3,29,16,  ,  ,  ,  ,  ,          ,          ,        ,
 1, 1,  ,0000000040,          ,14,39, 3,29,16,  ,  ,  ,  ,  ,          ,          ,        ,
 1, 1, 2,0000000040,0000000000,14,39, 3,29,16,  ,  ,  ,  ,  ,          ,          ,        ,
 1, 1,  ,0000002505,          ,14,40, 3,29,16,  ,  ,  ,  ,  ,          ,          ,        ,
 1, 1, 2,0000002505,0000000000,14,40, 3,29,16,  ,  ,  ,  ,  ,          ,          ,        ,
 1, 1,  ,0000000027,          ,14,40, 3,29,16,  ,  ,  ,  ,  ,          ,          ,        ,
 1, 1, 2,0000000027,0000000000,14,40, 3,29,16,  ,  ,  ,  ,  ,          ,          ,        ,
 1, 1,  ,0000000214,          ,14,40, 3,29,16,  ,  ,  ,  ,  ,          ,          ,        ,
 1, 1, 2,0000000214,0000000000,14,40, 3,29,16,  ,  ,  ,  ,  ,          ,          ,        ,
 1, 1,  ,0000000080,          ,14,40, 3,29,16,  ,  ,  ,  ,  ,          ,          ,        ,
 1, 1, 2,0000000080,0000000000,14,40, 3,29,16,  ,  ,  ,  ,  ,          ,          ,        ,
 1, 1,  ,0000000384,          ,14,41, 3,29,16,  ,  ,  ,  ,  ,          ,          ,        ,
 1, 1, 2,0000000384,0000000000,14,41, 3,29,16,  ,  ,  ,  ,  ,          ,          ,        ,
 1, 1,  ,0000000344,          ,14,41, 3,29,16,  ,  ,  ,  ,  ,          ,          ,        ,
 1, 1, 2,0000000344,0000000000,14,41, 3,29,16,  ,  ,  ,  ,  ,          ,          ,        ,
 1, 1,  ,0000000041,          ,14,41, 3,29,16,  ,  ,  ,  ,  ,          ,          ,        ,
 1, 1, 2,0000000041,0000000000,14,41, 3,29,16,  ,  ,  ,  ,  ,          ,          ,        ,
 1, 1,  ,0000000251,          ,14,41, 3,29,16,  ,  ,  ,  ,  ,          ,          ,        ,
 1, 1, 2,0000000251,0000000000,14,41, 3,29,16,  ,  ,  ,  ,  ,          ,          ,        ,
 1, 1,  ,0000000097,          ,14,41, 3,29,16,  ,  ,  ,  ,  ,          ,          ,        ,
 1, 1, 2,0000000097,0000000000,14,41, 3,29,16,  ,  ,  ,  ,  ,          ,          ,        ,
 1, 1,  ,0000000005,          ,14,41, 3,29,16,  ,  ,  ,  ,  ,          ,          ,        ,
 1, 1, 2,0000000005,0000000000,14,41, 3,29,16,  ,  ,  ,  ,  ,          ,          ,        ,
 1, 1,  ,0000000081,          ,14,42, 3,29,16,  ,  ,  ,  ,  ,          ,          ,        ,
 1, 1, 2,0000000081,0000000000,14,42, 3,29,16,  ,  ,  ,  ,  ,          ,          ,        ,
 1, 1,  ,0000000329,          ,14,42, 3,29,16,  ,  ,  ,  ,  ,          ,          ,        ,
 1, 1, 2,0000000329,0000000000,14,42, 3,29,16,  ,  ,  ,  ,  ,          ,          ,        ,
 1, 1,  ,0000000403,          ,14,43, 3,29,16,  ,  ,  ,  ,  ,          ,          ,        ,
 1, 1, 2,0000000403,0000000000,14,43, 3,29,16,  ,  ,  ,  ,  ,          ,          ,        ,
 1, 1,  ,0000000364,          ,14,44, 3,29,16,  ,  ,  ,  ,  ,          ,          ,        ,
 1, 1, 2,0000000364,0000000000,14,44, 3,29,16,  ,  ,  ,  ,  ,          ,          ,        ,
 1, 1,  ,0000000148,          ,17, 0, 3,29,16,  ,  ,  ,  ,  ,          ,          ,        ,
 1, 1, 2,0000000148,0000000000,17, 0, 3,29,16,  ,  ,  ,  ,  ,          ,          ,        ,
 1, 1,  ,0000000199,          ,17, 2, 3,29,16,  ,  ,  ,  ,  ,          ,          ,        ,
 1, 1, 2,0000000199,0000000000,17, 2, 3,29,16,  ,  ,  ,  ,  ,          ,          ,        ,
 1, 1,  ,0000000084,          ,17, 4, 3,29,16,  ,  ,  ,  ,  ,          ,          ,        ,
 1, 1, 2,0000000084,0000000000,17, 4, 3,29,16,  ,  ,  ,  ,  ,          ,          ,        ,
 1, 1,  ,0000000066,          ,17, 4, 3,29,16,  ,  ,  ,  ,  ,          ,          ,        ,
 1, 1, 2,0000000066,0000000000,17, 4, 3,29,16,  ,  ,  ,  ,  ,          ,          ,        ,
 1, 1,  ,0000000138,          ,17, 5, 3,29,16,  ,  ,  ,  ,  ,          ,          ,        ,
 1, 1, 2,0000000138,0000000000,17, 5, 3,29,16,  ,  ,  ,  ,  ,          ,          ,        ,
 1, 1,  ,0000000397,          ,17, 5, 3,29,16,  ,  ,  ,  ,  ,          ,          ,        ,
 1, 1, 2,0000000397,0000000000,17, 5, 3,29,16,  ,  ,  ,  ,  ,          ,          ,        ,
 1, 1,  ,0000000161,          ,17, 6, 3,29,16,  ,  ,  ,  ,  ,          ,          ,        ,
 1, 1, 2,0000000161,0000000000,17, 6, 3,29,16,  ,  ,  ,  ,  ,          ,          ,        ,
 1, 1,  ,0000000137,          ,17, 6, 3,29,16,  ,  ,  ,  ,  ,          ,          ,        ,
 1, 1, 2,0000000137,0000000000,17, 6, 3,29,16,  ,  ,  ,  ,  ,          ,          ,        ,
 1, 1,  ,0000000465,          ,17,13, 3,29,16,  ,  ,  ,  ,  ,          ,          ,        ,
 1, 1, 2,0000000465,0000000000,17,13, 3,29,16,  ,  ,  ,  ,  ,          ,          ,        ,
 1, 1,  ,0000000289,          ,17,20, 3,29,16,  ,  ,  ,  ,  ,          ,          ,        ,
 1, 1, 2,0000000289,0000000000,17,20, 3,29,16,  ,  ,  ,  ,  ,          ,          ,        ,
 1, 1,  ,0000000493,          ,18, 0, 3,29,16,  ,  ,  ,  ,  ,          ,          ,        ,
 1, 1, 2,0000000493,0000000000,18, 0, 3,29,16,  ,  ,  ,  ,  ,          ,          ,        ,
 1, 1,  ,0000000296,          ,18, 0, 3,29,16,  ,  ,  ,  ,  ,          ,          ,        ,
 1, 1, 2,0000000296,0000000000,18, 0, 3,29,16,  ,  ,  ,  ,  ,          ,          ,        ,
 1, 1,  ,0000000168,          ,18, 1, 3,29,16,  ,  ,  ,  ,  ,          ,          ,        ,
 1, 1, 2,0000000168,0000000000,18, 1, 3,29,16,  ,  ,  ,  ,  ,          ,          ,        ,
 1, 1,  ,0000000445,          ,18, 1, 3,29,16,  ,  ,  ,  ,  ,          ,          ,        ,
 1, 1, 2,0000000445,0000000000,18, 1, 3,29,16,  ,  ,  ,  ,  ,          ,          ,        ,
 1, 1,  ,0000000360,          ,18, 2, 3,29,16,  ,  ,  ,  ,  ,          ,          ,        ,
 1, 1, 2,0000000360,0000000000,18, 2, 3,29,16,  ,  ,  ,  ,  ,          ,          ,        ,
 1, 1,  ,0000000323,          ,18, 2, 3,29,16,  ,  ,  ,  ,  ,          ,          ,        ,
 1, 1, 2,0000000323,0000000000,18, 2, 3,29,16,  ,  ,  ,  ,  ,          ,          ,        ,
 1, 1,  ,0000000148,          , 5,33, 3,30,16,  ,  ,  ,  ,  ,          ,          ,        ,
 1, 1, 1,0000000148,0000000040, 5,33, 3,30,16,  ,  ,  ,  ,  ,          ,          ,        ,
 1, 1,  ,0000000493,          , 5,34, 3,30,16,  ,  ,  ,  ,  ,          ,          ,        ,
 1, 1, 1,0000000493,0000000051, 5,34, 3,30,16,  ,  ,  ,  ,  ,          ,          ,        ,
 1, 1,  ,0000000063,          , 5,35, 3,30,16,  ,  ,  ,  ,  ,          ,          ,        ,
 1, 1, 1,0000000063,0000000022, 5,35, 3,30,16,  ,  ,  ,  ,  ,          ,          ,        ,
 1, 1,  ,0000000302,          , 5,35, 3,30,16,  ,  ,  ,  ,  ,          ,          ,        ,
 1, 1, 1,0000000302,0000000029, 5,35, 3,30,16,  ,  ,  ,  ,  ,          ,          ,        ,
 1, 1,  ,0000000041,          , 5,36, 3,30,16,  ,  ,  ,  ,  ,          ,          ,        ,
 1, 1, 1,0000000041,0000000029, 5,36, 3,30,16,  ,  ,  ,  ,  ,          ,          ,        ,
 1, 1,  ,0000000431,          , 5,38, 3,30,16,  ,  ,  ,  ,  ,          ,          ,        ,
 1, 1, 1,0000000431,0000000029, 5,38, 3,30,16,  ,  ,  ,  ,  ,          ,          ,        ,
 1, 1,  ,0000000267,          , 5,39, 3,30,16,  ,  ,  ,  ,  ,          ,          ,        ,
 1, 1, 1,0000000267,0000000000, 5,39, 3,30,16,  ,  ,  ,  ,  ,          ,          ,        ,
 1, 1,  ,0000000336,          , 5,39, 3,30,16,  ,  ,  ,  ,  ,          ,          ,        ,
 1, 1, 1,0000000336,0000000000, 5,39, 3,30,16,  ,  ,  ,  ,  ,          ,          ,        ,
 1, 1,  ,0000000344,          , 5,40, 3,30,16,  ,  ,  ,  ,  ,          ,          ,        ,
 1, 1, 1,0000000344,0000000029, 5,40, 3,30,16,  ,  ,  ,  ,  ,          ,          ,        ,
 1, 1,  ,0000000289,          , 5,40, 3,30,16,  ,  ,  ,  ,  ,          ,          ,        ,
 1, 1, 1,0000000289,0000000053, 5,40, 3,30,16,  ,  ,  ,  ,  ,          ,          ,        ,
 1, 1,  ,0000000300,          , 5,41, 3,30,16,  ,  ,  ,  ,  ,          ,          ,        ,
 1, 1, 1,0000000300,0000000058, 5,41, 3,30,16,  ,  ,  ,  ,  ,          ,          ,        ,
 1, 1,  ,0000000384,          , 5,42, 3,30,16,  ,  ,  ,  ,  ,          ,          ,        ,
 1, 1, 1,0000000384,0000000058, 5,42, 3,30,16,  ,  ,  ,  ,  ,          ,          ,        ,
 1, 1,  ,0000000145,          , 5,42, 3,30,16,  ,  ,  ,  ,  ,          ,          ,        ,
 1, 1, 1,0000000145,0000000058, 5,42, 3,30,16,  ,  ,  ,  ,  ,          ,          ,        ,
 1, 1,  ,0000000199,          , 5,42, 3,30,16,  ,  ,  ,  ,  ,          ,          ,        ,
 1, 1, 1,0000000199,0000000070, 5,42, 3,30,16,  ,  ,  ,  ,  ,          ,          ,        ,
 1, 1,  ,0000000066,          , 5,43, 3,30,16,  ,  ,  ,  ,  ,          ,          ,        ,
 1, 1, 1,0000000066,0000000054, 5,43, 3,30,16,  ,  ,  ,  ,  ,          ,          ,        ,
 1, 1,  ,0000000251,          , 5,43, 3,30,16,  ,  ,  ,  ,  ,          ,          ,        ,
 1, 1, 1,0000000251,0000000022, 5,43, 3,30,16,  ,  ,  ,  ,  ,          ,          ,        ,
 1, 1,  ,0000000286,          , 5,44, 3,30,16,  ,  ,  ,  ,  ,          ,          ,        ,
 1, 1, 1,0000000286,0000000029, 5,44, 3,30,16,  ,  ,  ,  ,  ,          ,          ,        ,
 1, 1,  ,0000000331,          , 5,44, 3,30,16,  ,  ,  ,  ,  ,          ,          ,        ,
 1, 1, 1,0000000331,0000000029, 5,44, 3,30,16,  ,  ,  ,  ,  ,          ,          ,        ,
 1, 1,  ,0000000322,          , 5,45, 3,30,16,  ,  ,  ,  ,  ,          ,          ,        ,
 1, 1, 1,0000000322,0000000029, 5,45, 3,30,16,  ,  ,  ,  ,  ,          ,          ,        ,
 1, 1,  ,0000000318,          , 5,45, 3,30,16,  ,  ,  ,  ,  ,          ,          ,        ,
 1, 1, 1,0000000318,0000000029, 5,45, 3,30,16,  ,  ,  ,  ,  ,          ,          ,        ,
 1, 1,  ,0000000329,          , 5,45, 3,30,16,  ,  ,  ,  ,  ,          ,          ,        ,
 1, 1, 1,0000000329,0000000031, 5,45, 3,30,16,  ,  ,  ,  ,  ,          ,          ,        ,
 1, 1,  ,0000000161,          , 5,46, 3,30,16,  ,  ,  ,  ,  ,          ,          ,        ,
 1, 1, 1,0000000161,0000000033, 5,46, 3,30,16,  ,  ,  ,  ,  ,          ,          ,        ,
 1, 1,  ,0000000111,          , 5,46, 3,30,16,  ,  ,  ,  ,  ,          ,          ,        ,
 1, 1, 1,0000000111,0000000029, 5,46, 3,30,16,  ,  ,  ,  ,  ,          ,          ,        ,
 1, 1,  ,0000000057,          , 5,46, 3,30,16,  ,  ,  ,  ,  ,          ,          ,        ,
 1, 1, 1,0000000057,0000000029, 5,46, 3,30,16,  ,  ,  ,  ,  ,          ,          ,        ,
 1, 1,  ,0000000080,          , 5,47, 3,30,16,  ,  ,  ,  ,  ,          ,          ,        ,
 1, 1, 1,0000000080,0000000009, 5,47, 3,30,16,  ,  ,  ,  ,  ,          ,          ,        ,
 1, 1,  ,0000000205,          , 5,47, 3,30,16,  ,  ,  ,  ,  ,          ,          ,        ,
 1, 1, 1,0000000205,0000000031, 5,47, 3,30,16,  ,  ,  ,  ,  ,          ,          ,        ,
 1, 1,  ,0000000221,          , 5,48, 3,30,16,  ,  ,  ,  ,  ,          ,          ,        ,
 1, 1, 1,0000000221,0000000026, 5,48, 3,30,16,  ,  ,  ,  ,  ,          ,          ,        ,
 1, 1,  ,0000000097,          , 5,48, 3,30,16,  ,  ,  ,  ,  ,          ,          ,        ,
 1, 1, 1,0000000097,0000000029, 5,48, 3,30,16,  ,  ,  ,  ,  ,          ,          ,        ,
 1, 1,  ,0000000422,          , 5,48, 3,30,16,  ,  ,  ,  ,  ,          ,          ,        ,
 1, 1, 1,0000000422,0000000071, 5,48, 3,30,16,  ,  ,  ,  ,  ,          ,          ,        ,
 1, 1,  ,0000000364,          , 5,49, 3,30,16,  ,  ,  ,  ,  ,          ,          ,        ,
 1, 1, 1,0000000364,0000000000, 5,49, 3,30,16,  ,  ,  ,  ,  ,          ,          ,        ,
 1, 1,  ,0000000303,          , 5,49, 3,30,16,  ,  ,  ,  ,  ,          ,          ,        ,
 1, 1, 1,0000000303,0000000058, 5,49, 3,30,16,  ,  ,  ,  ,  ,          ,          ,        ,
 1, 1,  ,0000000373,          , 5,50, 3,30,16,  ,  ,  ,  ,  ,          ,          ,        ,
 1, 1, 1,0000000373,0000000029, 5,50, 3,30,16,  ,  ,  ,  ,  ,          ,          ,        ,
 1, 1,  ,0000000397,          , 5,50, 3,30,16,  ,  ,  ,  ,  ,          ,          ,        ,
 1, 1, 1,0000000397,0000000040, 5,50, 3,30,16,  ,  ,  ,  ,  ,          ,          ,        ,
 1, 1,  ,0000000335,          , 5,50, 3,30,16,  ,  ,  ,  ,  ,          ,          ,        ,
 1, 1, 1,0000000335,0000000040, 5,50, 3,30,16,  ,  ,  ,  ,  ,          ,          ,        ,
 1, 1,  ,0000000053,          , 5,52, 3,30,16,  ,  ,  ,  ,  ,          ,          ,        ,
 1, 1, 1,0000000053,0000000029, 5,52, 3,30,16,  ,  ,  ,  ,  ,          ,          ,        ,
 1, 1,  ,0000000461,          , 5,52, 3,30,16,  ,  ,  ,  ,  ,          ,          ,        ,
 1, 1, 1,0000000461,0000000029, 5,52, 3,30,16,  ,  ,  ,  ,  ,          ,          ,        ,
 1, 1,  ,0000000043,          , 5,53, 3,30,16,  ,  ,  ,  ,  ,          ,          ,        ,
 1, 1, 1,0000000043,0000000000, 5,53, 3,30,16,  ,  ,  ,  ,  ,          ,          ,        ,
 1, 1,  ,0000000010,          , 5,53, 3,30,16,  ,  ,  ,  ,  ,          ,          ,        ,
 1, 1, 1,0000000010,0000000029, 5,53, 3,30,16,  ,  ,  ,  ,  ,          ,          ,        ,
 1, 1,  ,0000000137,          , 5,53, 3,30,16,  ,  ,  ,  ,  ,          ,          ,        ,
 1, 1, 1,0000000137,0000000058, 5,53, 3,30,16,  ,  ,  ,  ,  ,          ,          ,        ,
 1, 1,  ,0000000465,          , 5,54, 3,30,16,  ,  ,  ,  ,  ,          ,          ,        ,
 1, 1, 1,0000000465,0000000022, 5,54, 3,30,16,  ,  ,  ,  ,  ,          ,          ,        ,
 1, 1,  ,0000000005,          , 5,54, 3,30,16,  ,  ,  ,  ,  ,          ,          ,        ,
 1, 1, 1,0000000005,0000000031, 5,54, 3,30,16,  ,  ,  ,  ,  ,          ,          ,        ,
 1, 1,  ,0000000296,          , 5,54, 3,30,16,  ,  ,  ,  ,  ,          ,          ,        ,
 1, 1, 1,0000000296,0000000053, 5,54, 3,30,16,  ,  ,  ,  ,  ,          ,          ,        ,
 1, 1,  ,0000000301,          , 5,54, 3,30,16,  ,  ,  ,  ,  ,          ,          ,        ,
 1, 1, 1,0000000301,0000000040, 5,54, 3,30,16,  ,  ,  ,  ,  ,          ,          ,        ,
 1, 1,  ,0000000424,          , 5,55, 3,30,16,  ,  ,  ,  ,  ,          ,          ,        ,
 1, 1, 1,0000000424,0000000029, 5,55, 3,30,16,  ,  ,  ,  ,  ,          ,          ,        ,
 1, 1,  ,0000000158,          , 5,56, 3,30,16,  ,  ,  ,  ,  ,          ,          ,        ,
 1, 1, 1,0000000158,0000000029, 5,56, 3,30,16,  ,  ,  ,  ,  ,          ,          ,        ,
 1, 1,  ,0000000323,          , 5,56, 3,30,16,  ,  ,  ,  ,  ,          ,          ,        ,
 1, 1, 1,0000000323,0000000058, 5,56, 3,30,16,  ,  ,  ,  ,  ,          ,          ,        ,
 1, 1,  ,0000000169,          , 5,57, 3,30,16,  ,  ,  ,  ,  ,          ,          ,        ,
 1, 1, 1,0000000169,0000000058, 5,57, 3,30,16,  ,  ,  ,  ,  ,          ,          ,        ,
 1, 1,  ,0000000168,          , 5,58, 3,30,16,  ,  ,  ,  ,  ,          ,          ,        ,
 1, 1, 1,0000000168,0000000051, 5,58, 3,30,16,  ,  ,  ,  ,  ,          ,          ,        ,
 1, 1,  ,0000000012,          , 5,59, 3,30,16,  ,  ,  ,  ,  ,          ,          ,        ,
 1, 1, 1,0000000012,0000000031, 5,59, 3,30,16,  ,  ,  ,  ,  ,          ,          ,        ,
 1, 1,  ,0000000445,          , 5,59, 3,30,16,  ,  ,  ,  ,  ,          ,          ,        ,
 1, 1, 1,0000000445,0000000058, 5,59, 3,30,16,  ,  ,  ,  ,  ,          ,          ,        ,
 1, 1,  ,0000000403,          , 5,59, 3,30,16,  ,  ,  ,  ,  ,          ,          ,        ,
 1, 1, 1,0000000403,0000000031, 5,59, 3,30,16,  ,  ,  ,  ,  ,          ,          ,        ,
 1, 1,  ,0000000497,          , 6, 1, 3,30,16,  ,  ,  ,  ,  ,          ,          ,        ,
 1, 1, 1,0000000497,0000000058, 6, 1, 3,30,16,  ,  ,  ,  ,  ,          ,          ,        ,
 1, 1,  ,0000000496,          , 6,19, 3,30,16,  ,  ,  ,  ,  ,          ,          ,        ,
 1, 1, 1,0000000496,0000000031, 6,19, 3,30,16,  ,  ,  ,  ,  ,          ,          ,        ,
 1, 1,  ,0000000461,          ,14,30, 3,30,16,  ,  ,  ,  ,  ,          ,          ,        ,
 1, 1, 2,0000000461,0000000000,14,30, 3,30,16,  ,  ,  ,  ,  ,          ,          ,        ,
 1, 1,  ,0000000302,          ,14,30, 3,30,16,  ,  ,  ,  ,  ,          ,          ,        ,
 1, 1, 2,0000000302,0000000000,14,30, 3,30,16,  ,  ,  ,  ,  ,          ,          ,        ,
 1, 1,  ,0000000496,          ,14,30, 3,30,16,  ,  ,  ,  ,  ,          ,          ,        ,
 1, 1, 2,0000000496,0000000000,14,30, 3,30,16,  ,  ,  ,  ,  ,          ,          ,        ,
 1, 1,  ,0000000286,          ,14,30, 3,30,16,  ,  ,  ,  ,  ,          ,          ,        ,
 1, 1, 2,0000000286,0000000000,14,30, 3,30,16,  ,  ,  ,  ,  ,          ,          ,        ,
 1, 1,  ,0000000169,          ,14,31, 3,30,16,  ,  ,  ,  ,  ,          ,          ,        ,
 1, 1, 2,0000000169,0000000000,14,31, 3,30,16,  ,  ,  ,  ,  ,          ,          ,        ,
 1, 1,  ,0000000318,          ,14,31, 3,30,16,  ,  ,  ,  ,  ,          ,          ,        ,
 1, 1, 2,0000000318,0000000000,14,31, 3,30,16,  ,  ,  ,  ,  ,          ,          ,        ,
 1, 1,  ,0000000053,          ,14,32, 3,30,16,  ,  ,  ,  ,  ,          ,          ,        ,
 1, 1, 2,0000000053,0000000000,14,32, 3,30,16,  ,  ,  ,  ,  ,          ,          ,        ,
 1, 1,  ,0000000012,          ,14,32, 3,30,16,  ,  ,  ,  ,  ,          ,          ,        ,
 1, 1, 2,0000000012,0000000000,14,32, 3,30,16,  ,  ,  ,  ,  ,          ,          ,        ,
 1, 1,  ,0000000057,          ,14,32, 3,30,16,  ,  ,  ,  ,  ,          ,          ,        ,
 1, 1, 2,0000000057,0000000000,14,32, 3,30,16,  ,  ,  ,  ,  ,          ,          ,        ,
 1, 1,  ,0000000422,          ,14,32, 3,30,16,  ,  ,  ,  ,  ,          ,          ,        ,
 1, 1, 2,0000000422,0000000000,14,32, 3,30,16,  ,  ,  ,  ,  ,          ,          ,        ,
 1, 1,  ,0000000322,          ,14,32, 3,30,16,  ,  ,  ,  ,  ,          ,          ,        ,
 1, 1, 2,0000000322,0000000000,14,32, 3,30,16,  ,  ,  ,  ,  ,          ,          ,        ,
 1, 1,  ,0000000331,          ,14,33, 3,30,16,  ,  ,  ,  ,  ,          ,          ,        ,
 1, 1, 2,0000000331,0000000000,14,33, 3,30,16,  ,  ,  ,  ,  ,          ,          ,        ,
 1, 1,  ,0000000199,          ,14,34, 3,30,16,  ,  ,  ,  ,  ,          ,          ,        ,
 1, 1, 2,0000000199,0000000000,14,34, 3,30,16,  ,  ,  ,  ,  ,          ,          ,        ,
 1, 1,  ,0000000431,          ,14,34, 3,30,16,  ,  ,  ,  ,  ,          ,          ,        ,
 1, 1, 2,0000000431,0000000000,14,34, 3,30,16,  ,  ,  ,  ,  ,          ,          ,        ,
 1, 1,  ,0000000251,          ,14,35, 3,30,16,  ,  ,  ,  ,  ,          ,          ,        ,
 1, 1, 2,0000000251,0000000000,14,35, 3,30,16,  ,  ,  ,  ,  ,          ,          ,        ,
 1, 1,  ,0000000336,          ,14,35, 3,30,16,  ,  ,  ,  ,  ,          ,          ,        ,
 1, 1, 2,0000000336,0000000000,14,35, 3,30,16,  ,  ,  ,  ,  ,          ,          ,        ,
 1, 1,  ,0000000267,          ,14,35, 3,30,16,  ,  ,  ,  ,  ,          ,          ,        ,
 1, 1, 2,0000000267,0000000000,14,35, 3,30,16,  ,  ,  ,  ,  ,          ,          ,        ,
 1, 1,  ,0000000148,          ,14,35, 3,30,16,  ,  ,  ,  ,  ,          ,          ,        ,
 1, 1, 2,0000000148,0000000000,14,35, 3,30,16,  ,  ,  ,  ,  ,          ,          ,        ,
 1, 1,  ,0000000043,          ,14,35, 3,30,16,  ,  ,  ,  ,  ,          ,          ,        ,
 1, 1, 2,0000000043,0000000000,14,35, 3,30,16,  ,  ,  ,  ,  ,          ,          ,        ,
 1, 1,  ,0000000390,          ,14,35, 3,30,16,  ,  ,  ,  ,  ,          ,          ,        ,
 1, 1, 2,0000000390,0000000000,14,35, 3,30,16,  ,  ,  ,  ,  ,          ,          ,        ,
 1, 1,  ,0000000360,          ,14,36, 3,30,16,  ,  ,  ,  ,  ,          ,          ,        ,
 1, 1, 2,0000000360,0000000000,14,36, 3,30,16,  ,  ,  ,  ,  ,          ,          ,        ,
 1, 1,  ,0000000364,          ,14,36, 3,30,16,  ,  ,  ,  ,  ,          ,          ,        ,
 1, 1, 2,0000000364,0000000000,14,36, 3,30,16,  ,  ,  ,  ,  ,          ,          ,        ,
 1, 1,  ,0000000335,          ,14,37, 3,30,16,  ,  ,  ,  ,  ,          ,          ,        ,
 1, 1, 2,0000000335,0000000000,14,37, 3,30,16,  ,  ,  ,  ,  ,          ,          ,        ,
 1, 1,  ,0000000111,          ,14,38, 3,30,16,  ,  ,  ,  ,  ,          ,          ,        ,
 1, 1, 2,0000000111,0000000000,14,38, 3,30,16,  ,  ,  ,  ,  ,          ,          ,        ,
 1, 1,  ,0000000205,          ,14,39, 3,30,16,  ,  ,  ,  ,  ,          ,          ,        ,
 1, 1, 2,0000000205,0000000000,14,39, 3,30,16,  ,  ,  ,  ,  ,          ,          ,        ,
 1, 1,  ,0000000010,          ,14,39, 3,30,16,  ,  ,  ,  ,  ,          ,          ,        ,
 1, 1, 2,0000000010,0000000000,14,39, 3,30,16,  ,  ,  ,  ,  ,          ,          ,        ,
 1, 1,  ,0000000161,          ,14,41, 3,30,16,  ,  ,  ,  ,  ,          ,          ,        ,
 1, 1, 2,0000000161,0000000000,14,41, 3,30,16,  ,  ,  ,  ,  ,          ,          ,        ,
 1, 1,  ,0000000329,          ,14,42, 3,30,16,  ,  ,  ,  ,  ,          ,          ,        ,
 1, 1, 2,0000000329,0000000000,14,42, 3,30,16,  ,  ,  ,  ,  ,          ,          ,        ,
 1, 1,  ,0000000221,          ,14,43, 3,30,16,  ,  ,  ,  ,  ,          ,          ,        ,
 1, 1, 2,0000000221,0000000000,14,43, 3,30,16,  ,  ,  ,  ,  ,          ,          ,        ,
 1, 1,  ,0000000465,          ,14,44, 3,30,16,  ,  ,  ,  ,  ,          ,          ,        ,
 1, 1, 2,0000000465,0000000000,14,44, 3,30,16,  ,  ,  ,  ,  ,          ,          ,        ,
 1, 1,  ,0000000005,          ,14,44, 3,30,16,  ,  ,  ,  ,  ,          ,          ,        ,
 1, 1, 2,0000000005,0000000000,14,44, 3,30,16,  ,  ,  ,  ,  ,          ,          ,        ,
 1, 1,  ,0000000097,          ,14,44, 3,30,16,  ,  ,  ,  ,  ,          ,          ,        ,
 1, 1, 2,0000000097,0000000000,14,44, 3,30,16,  ,  ,  ,  ,  ,          ,          ,        ,
 1, 1,  ,0000000063,          ,14,45, 3,30,16,  ,  ,  ,  ,  ,          ,          ,        ,
 1, 1, 2,0000000063,0000000000,14,45, 3,30,16,  ,  ,  ,  ,  ,          ,          ,        ,
 1, 1,  ,0000000497,          ,14,46, 3,30,16,  ,  ,  ,  ,  ,          ,          ,        ,
 1, 1, 2,0000000497,0000000000,14,46, 3,30,16,  ,  ,  ,  ,  ,          ,          ,        ,
 1, 1,  ,0000000424,          ,17, 1, 3,30,16,  ,  ,  ,  ,  ,          ,          ,        ,
 1, 1, 2,0000000424,0000000000,17, 1, 3,30,16,  ,  ,  ,  ,  ,          ,          ,        ,
 1, 1,  ,0000000041,          ,17, 1, 3,30,16,  ,  ,  ,  ,  ,          ,          ,        ,
 1, 1, 2,0000000041,0000000000,17, 1, 3,30,16,  ,  ,  ,  ,  ,          ,          ,        ,
 1, 1,  ,0000000344,          ,17, 1, 3,30,16,  ,  ,  ,  ,  ,          ,          ,        ,
 1, 1, 2,0000000344,0000000000,17, 1, 3,30,16,  ,  ,  ,  ,  ,          ,          ,        ,
 1, 1,  ,0000000403,          ,17,12, 3,30,16,  ,  ,  ,  ,  ,          ,          ,        ,
 1, 1, 2,0000000403,0000000000,17,12, 3,30,16,  ,  ,  ,  ,  ,          ,          ,        ,
 1, 1,  ,0000000080,          ,17,13, 3,30,16,  ,  ,  ,  ,  ,          ,          ,        ,
 1, 1, 2,0000000080,0000000000,17,13, 3,30,16,  ,  ,  ,  ,  ,          ,          ,        ,
 1, 1,  ,0000000397,          ,17,13, 3,30,16,  ,  ,  ,  ,  ,          ,          ,        ,
 1, 1, 2,0000000397,0000000000,17,13, 3,30,16,  ,  ,  ,  ,  ,          ,          ,        ,
 1, 1,  ,0000000373,          ,17,14, 3,30,16,  ,  ,  ,  ,  ,          ,          ,        ,
 1, 1, 2,0000000373,0000000000,17,14, 3,30,16,  ,  ,  ,  ,  ,          ,          ,        ,
 1, 1,  ,0000000137,          ,17,14, 3,30,16,  ,  ,  ,  ,  ,          ,          ,        ,
 1, 1, 2,0000000137,0000000000,17,14, 3,30,16,  ,  ,  ,  ,  ,          ,          ,        ,
 1, 1,  ,0000000289,          ,17,38, 3,30,16,  ,  ,  ,  ,  ,          ,          ,        ,
 1, 1, 2,0000000289,0000000000,17,38, 3,30,16,  ,  ,  ,  ,  ,          ,          ,        ,
 1, 1,  ,0000000066,          ,18, 0, 3,30,16,  ,  ,  ,  ,  ,          ,          ,        ,
 1, 1, 2,0000000066,0000000000,18, 0, 3,30,16,  ,  ,  ,  ,  ,          ,          ,        ,
 1, 1,  ,0000000323,          ,18, 0, 3,30,16,  ,  ,  ,  ,  ,          ,          ,        ,
 1, 1, 2,0000000323,0000000000,18, 0, 3,30,16,  ,  ,  ,  ,  ,          ,          ,        ,
 1, 1,  ,0000000145,          ,18, 1, 3,30,16,  ,  ,  ,  ,  ,          ,          ,        ,
 1, 1, 2,0000000145,0000000000,18, 1, 3,30,16,  ,  ,  ,  ,  ,          ,          ,        ,
 1, 1,  ,0000000214,          ,18, 1, 3,30,16,  ,  ,  ,  ,  ,          ,          ,        ,
 1, 1, 2,0000000214,0000000000,18, 1, 3,30,16,  ,  ,  ,  ,  ,          ,          ,        ,
 1, 1,  ,0000000493,          ,18, 1, 3,30,16,  ,  ,  ,  ,  ,          ,          ,        ,
 1, 1, 2,0000000493,0000000000,18, 1, 3,30,16,  ,  ,  ,  ,  ,          ,          ,        ,
 1, 1,  ,0000000384,          ,18, 1, 3,30,16,  ,  ,  ,  ,  ,          ,          ,        ,
 1, 1, 2,0000000384,0000000000,18, 1, 3,30,16,  ,  ,  ,  ,  ,          ,          ,        ,
 1, 1,  ,0000000296,          ,18, 1, 3,30,16,  ,  ,  ,  ,  ,          ,          ,        ,
 1, 1, 2,0000000296,0000000000,18, 1, 3,30,16,  ,  ,  ,  ,  ,          ,          ,        ,
 1, 1,  ,0000000303,          ,18, 1, 3,30,16,  ,  ,  ,  ,  ,          ,          ,        ,
 1, 1, 2,0000000303,0000000000,18, 1, 3,30,16,  ,  ,  ,  ,  ,          ,          ,        ,
 1, 1,  ,0000000168,          ,18, 2, 3,30,16,  ,  ,  ,  ,  ,          ,          ,        ,
 1, 1, 2,0000000168,0000000000,18, 2, 3,30,16,  ,  ,  ,  ,  ,          ,          ,        ,
 1, 1,  ,0000000148,          , 5,35, 3,31,16,  ,  ,  ,  ,  ,          ,          ,        ,
 1, 1, 1,0000000148,0000000040, 5,35, 3,31,16,  ,  ,  ,  ,  ,          ,          ,        ,
 1, 1,  ,0000000199,          , 5,35, 3,31,16,  ,  ,  ,  ,  ,          ,          ,        ,
 1, 1, 1,0000000199,0000000070, 5,35, 3,31,16,  ,  ,  ,  ,  ,          ,          ,        ,
 1, 1,  ,0000000493,          , 5,36, 3,31,16,  ,  ,  ,  ,  ,          ,          ,        ,
 1, 1, 1,0000000493,0000000051, 5,36, 3,31,16,  ,  ,  ,  ,  ,          ,          ,        ,
 1, 1,  ,0000000302,          , 5,38, 3,31,16,  ,  ,  ,  ,  ,          ,          ,        ,
 1, 1, 1,0000000302,0000000029, 5,38, 3,31,16,  ,  ,  ,  ,  ,          ,          ,        ,
 1, 1,  ,0000000063,          , 5,38, 3,31,16,  ,  ,  ,  ,  ,          ,          ,        ,
 1, 1, 1,0000000063,0000000022, 5,38, 3,31,16,  ,  ,  ,  ,  ,          ,          ,        ,
 1, 1,  ,0000000431,          , 5,39, 3,31,16,  ,  ,  ,  ,  ,          ,          ,        ,
 1, 1, 1,0000000431,0000000029, 5,39, 3,31,16,  ,  ,  ,  ,  ,          ,          ,        ,
 1, 1,  ,0000000267,          , 5,40, 3,31,16,  ,  ,  ,  ,  ,          ,          ,        ,
 1, 1, 1,0000000267,0000000000, 5,40, 3,31,16,  ,  ,  ,  ,  ,          ,          ,        ,
 1, 1,  ,0000000336,          , 5,40, 3,31,16,  ,  ,  ,  ,  ,          ,          ,        ,
 1, 1, 1,0000000336,0000000000, 5,40, 3,31,16,  ,  ,  ,  ,  ,          ,          ,        ,
 1, 1,  ,0000000344,          , 5,41, 3,31,16,  ,  ,  ,  ,  ,          ,          ,        ,
 1, 1, 1,0000000344,0000000029, 5,41, 3,31,16,  ,  ,  ,  ,  ,          ,          ,        ,
 1, 1,  ,0000000041,          , 5,41, 3,31,16,  ,  ,  ,  ,  ,          ,          ,        ,
 1, 1, 1,0000000041,0000000029, 5,41, 3,31,16,  ,  ,  ,  ,  ,          ,          ,        ,
 1, 1,  ,0000000066,          , 5,42, 3,31,16,  ,  ,  ,  ,  ,          ,          ,        ,
 1, 1, 1,0000000066,0000000054, 5,42, 3,31,16,  ,  ,  ,  ,  ,          ,          ,        ,
 1, 1,  ,0000000329,          , 5,43, 3,31,16,  ,  ,  ,  ,  ,          ,          ,        ,
 1, 1, 1,0000000329,0000000031, 5,43, 3,31,16,  ,  ,  ,  ,  ,          ,          ,        ,
 1, 1,  ,0000000322,          , 5,43, 3,31,16,  ,  ,  ,  ,  ,          ,          ,        ,
 1, 1, 1,0000000322,0000000029, 5,43, 3,31,16,  ,  ,  ,  ,  ,          ,          ,        ,
 1, 1,  ,0000000384,          , 5,44, 3,31,16,  ,  ,  ,  ,  ,          ,          ,        ,
 1, 1, 1,0000000384,0000000058, 5,44, 3,31,16,  ,  ,  ,  ,  ,          ,          ,        ,
 1, 1,  ,0000000318,          , 5,44, 3,31,16,  ,  ,  ,  ,  ,          ,          ,        ,
 1, 1, 1,0000000318,0000000029, 5,44, 3,31,16,  ,  ,  ,  ,  ,          ,          ,        ,
 1, 1,  ,0000000251,          , 5,45, 3,31,16,  ,  ,  ,  ,  ,          ,          ,        ,
 1, 1, 1,0000000251,0000000022, 5,45, 3,31,16,  ,  ,  ,  ,  ,          ,          ,        ,
 1, 1,  ,0000000111,          , 5,45, 3,31,16,  ,  ,  ,  ,  ,          ,          ,        ,
 1, 1, 1,0000000111,0000000029, 5,45, 3,31,16,  ,  ,  ,  ,  ,          ,          ,        ,
 1, 1,  ,0000000145,          , 5,45, 3,31,16,  ,  ,  ,  ,  ,          ,          ,        ,
 1, 1, 1,0000000145,0000000058, 5,45, 3,31,16,  ,  ,  ,  ,  ,          ,          ,        ,
 1, 1,  ,0000000286,          , 5,45, 3,31,16,  ,  ,  ,  ,  ,          ,          ,        ,
 1, 1, 1,0000000286,0000000029, 5,45, 3,31,16,  ,  ,  ,  ,  ,          ,          ,        ,
 1, 1,  ,0000000057,          , 5,46, 3,31,16,  ,  ,  ,  ,  ,          ,          ,        ,
 1, 1, 1,0000000057,0000000029, 5,46, 3,31,16,  ,  ,  ,  ,  ,          ,          ,        ,
 1, 1,  ,0000000331,          , 5,46, 3,31,16,  ,  ,  ,  ,  ,          ,          ,        ,
 1, 1, 1,0000000331,0000000029, 5,46, 3,31,16,  ,  ,  ,  ,  ,          ,          ,        ,
 1, 1,  ,0000000161,          , 5,46, 3,31,16,  ,  ,  ,  ,  ,          ,          ,        ,
 1, 1, 1,0000000161,0000000033, 5,46, 3,31,16,  ,  ,  ,  ,  ,          ,          ,        ,
 1, 1,  ,0000000205,          , 5,47, 3,31,16,  ,  ,  ,  ,  ,          ,          ,        ,
 1, 1, 1,0000000205,0000000031, 5,47, 3,31,16,  ,  ,  ,  ,  ,          ,          ,        ,
 1, 1,  ,0000000422,          , 5,47, 3,31,16,  ,  ,  ,  ,  ,          ,          ,        ,
 1, 1, 1,0000000422,0000000071, 5,47, 3,31,16,  ,  ,  ,  ,  ,          ,          ,        ,
 1, 1,  ,0000000080,          , 5,48, 3,31,16,  ,  ,  ,  ,  ,          ,          ,        ,
 1, 1, 1,0000000080,0000000009, 5,48, 3,31,16,  ,  ,  ,  ,  ,          ,          ,        ,
 1, 1,  ,0000000221,          , 5,48, 3,31,16,  ,  ,  ,  ,  ,          ,          ,        ,
 1, 1, 1,0000000221,0000000026, 5,48, 3,31,16,  ,  ,  ,  ,  ,          ,          ,        ,
 1, 1,  ,0000000027,          , 5,49, 3,31,16,  ,  ,  ,  ,  ,          ,          ,        ,
 1, 1, 1,0000000027,0000000029, 5,49, 3,31,16,  ,  ,  ,  ,  ,          ,          ,        ,
 1, 1,  ,0000002505,          , 5,49, 3,31,16,  ,  ,  ,  ,  ,          ,          ,        ,
 1, 1, 1,0000002505,0000000029, 5,49, 3,31,16,  ,  ,  ,  ,  ,          ,          ,        ,
 1, 1,  ,0000000335,          , 5,49, 3,31,16,  ,  ,  ,  ,  ,          ,          ,        ,
 1, 1, 1,0000000335,0000000040, 5,49, 3,31,16,  ,  ,  ,  ,  ,          ,          ,        ,
 1, 1,  ,0000000373,          , 5,49, 3,31,16,  ,  ,  ,  ,  ,          ,          ,        ,
 1, 1, 1,0000000373,0000000029, 5,49, 3,31,16,  ,  ,  ,  ,  ,          ,          ,        ,
 1, 1,  ,0000000097,          , 5,50, 3,31,16,  ,  ,  ,  ,  ,          ,          ,        ,
 1, 1, 1,0000000097,0000000029, 5,50, 3,31,16,  ,  ,  ,  ,  ,          ,          ,        ,
 1, 1,  ,0000000397,          , 5,51, 3,31,16,  ,  ,  ,  ,  ,          ,          ,        ,
 1, 1, 1,0000000397,0000000040, 5,51, 3,31,16,  ,  ,  ,  ,  ,          ,          ,        ,
 1, 1,  ,0000000301,          , 5,52, 3,31,16,  ,  ,  ,  ,  ,          ,          ,        ,
 1, 1, 1,0000000301,0000000040, 5,52, 3,31,16,  ,  ,  ,  ,  ,          ,          ,        ,
 1, 1,  ,0000000005,          , 5,53, 3,31,16,  ,  ,  ,  ,  ,          ,          ,        ,
 1, 1, 1,0000000005,0000000031, 5,53, 3,31,16,  ,  ,  ,  ,  ,          ,          ,        ,
 1, 1,  ,0000000465,          , 5,53, 3,31,16,  ,  ,  ,  ,  ,          ,          ,        ,
 1, 1, 1,0000000465,0000000022, 5,53, 3,31,16,  ,  ,  ,  ,  ,          ,          ,        ,
 1, 1,  ,0000000043,          , 5,53, 3,31,16,  ,  ,  ,  ,  ,          ,          ,        ,
 1, 1, 1,0000000043,0000000000, 5,53, 3,31,16,  ,  ,  ,  ,  ,          ,          ,        ,
 1, 1,  ,0000000010,          , 5,53, 3,31,16,  ,  ,  ,  ,  ,          ,          ,        ,
 1, 1, 1,0000000010,0000000029, 5,53, 3,31,16,  ,  ,  ,  ,  ,          ,          ,        ,
 1, 1,  ,0000000461,          , 5,54, 3,31,16,  ,  ,  ,  ,  ,          ,          ,        ,
 1, 1, 1,0000000461,0000000029, 5,54, 3,31,16,  ,  ,  ,  ,  ,          ,          ,        ,
 1, 1,  ,0000000137,          , 5,54, 3,31,16,  ,  ,  ,  ,  ,          ,          ,        ,
 1, 1, 1,0000000137,0000000058, 5,54, 3,31,16,  ,  ,  ,  ,  ,          ,          ,        ,
 1, 1,  ,0000000296,          , 5,54, 3,31,16,  ,  ,  ,  ,  ,          ,          ,        ,
 1, 1, 1,0000000296,0000000053, 5,54, 3,31,16,  ,  ,  ,  ,  ,          ,          ,        ,
 1, 1,  ,0000000053,          , 5,55, 3,31,16,  ,  ,  ,  ,  ,          ,          ,        ,
 1, 1, 1,0000000053,0000000029, 5,55, 3,31,16,  ,  ,  ,  ,  ,          ,          ,        ,
 1, 1,  ,0000000012,          , 5,55, 3,31,16,  ,  ,  ,  ,  ,          ,          ,        ,
 1, 1, 1,0000000012,0000000031, 5,55, 3,31,16,  ,  ,  ,  ,  ,          ,          ,        ,
 1, 1,  ,0000000424,          , 5,55, 3,31,16,  ,  ,  ,  ,  ,          ,          ,        ,
 1, 1, 1,0000000424,0000000029, 5,55, 3,31,16,  ,  ,  ,  ,  ,          ,          ,        ,
 1, 1,  ,0000000158,          , 5,56, 3,31,16,  ,  ,  ,  ,  ,          ,          ,        ,
 1, 1, 1,0000000158,0000000029, 5,56, 3,31,16,  ,  ,  ,  ,  ,          ,          ,        ,
 1, 1,  ,0000000303,          , 5,57, 3,31,16,  ,  ,  ,  ,  ,          ,          ,        ,
 1, 1, 1,0000000303,0000000058, 5,57, 3,31,16,  ,  ,  ,  ,  ,          ,          ,        ,
 1, 1,  ,0000000364,          , 5,57, 3,31,16,  ,  ,  ,  ,  ,          ,          ,        ,
 1, 1, 1,0000000364,0000000000, 5,57, 3,31,16,  ,  ,  ,  ,  ,          ,          ,        ,
 1, 1,  ,0000000138,          , 5,57, 3,31,16,  ,  ,  ,  ,  ,          ,          ,        ,
 1, 1, 1,0000000138,0000000058, 5,57, 3,31,16,  ,  ,  ,  ,  ,          ,          ,        ,
 1, 1,  ,0000000168,          , 5,58, 3,31,16,  ,  ,  ,  ,  ,          ,          ,        ,
 1, 1, 1,0000000168,0000000051, 5,58, 3,31,16,  ,  ,  ,  ,  ,          ,          ,        ,
 1, 1,  ,0000000496,          , 6, 1, 3,31,16,  ,  ,  ,  ,  ,          ,          ,        ,
 1, 1, 1,0000000496,0000000031, 6, 1, 3,31,16,  ,  ,  ,  ,  ,          ,          ,        ,
 1, 1,  ,0000000403,          , 6, 2, 3,31,16,  ,  ,  ,  ,  ,          ,          ,        ,
 1, 1, 1,0000000403,0000000000, 6, 2, 3,31,16,  ,  ,  ,  ,  ,          ,          ,        ,
 1, 1,  ,0000000465,          ,12,30, 3,31,16,  ,  ,  ,  ,  ,          ,          ,        ,
 1, 1, 2,0000000465,0000000000,12,30, 3,31,16,  ,  ,  ,  ,  ,          ,          ,        ,
 1, 1,  ,0000000496,          ,14,30, 3,31,16,  ,  ,  ,  ,  ,          ,          ,        ,
 1, 1, 2,0000000496,0000000000,14,30, 3,31,16,  ,  ,  ,  ,  ,          ,          ,        ,
 1, 1,  ,0000000403,          ,14,31, 3,31,16,  ,  ,  ,  ,  ,          ,          ,        ,
 1, 1, 2,0000000403,0000000000,14,31, 3,31,16,  ,  ,  ,  ,  ,          ,          ,        ,
 1, 1,  ,0000000318,          ,14,31, 3,31,16,  ,  ,  ,  ,  ,          ,          ,        ,
 1, 1, 2,0000000318,0000000000,14,31, 3,31,16,  ,  ,  ,  ,  ,          ,          ,        ,
 1, 1,  ,0000000138,          ,14,31, 3,31,16,  ,  ,  ,  ,  ,          ,          ,        ,
 1, 1, 2,0000000138,0000000000,14,31, 3,31,16,  ,  ,  ,  ,  ,          ,          ,        ,
 1, 1,  ,0000000057,          ,14,32, 3,31,16,  ,  ,  ,  ,  ,          ,          ,        ,
 1, 1, 2,0000000057,0000000000,14,32, 3,31,16,  ,  ,  ,  ,  ,          ,          ,        ,
 1, 1,  ,0000000493,          ,14,33, 3,31,16,  ,  ,  ,  ,  ,          ,          ,        ,
 1, 1, 2,0000000493,0000000000,14,33, 3,31,16,  ,  ,  ,  ,  ,          ,          ,        ,
 1, 1,  ,0000000390,          ,14,33, 3,31,16,  ,  ,  ,  ,  ,          ,          ,        ,
 1, 1, 2,0000000390,0000000000,14,33, 3,31,16,  ,  ,  ,  ,  ,          ,          ,        ,
 1, 1,  ,0000000296,          ,14,33, 3,31,16,  ,  ,  ,  ,  ,          ,          ,        ,
 1, 1, 2,0000000296,0000000000,14,33, 3,31,16,  ,  ,  ,  ,  ,          ,          ,        ,
 1, 1,  ,0000000251,          ,14,33, 3,31,16,  ,  ,  ,  ,  ,          ,          ,        ,
 1, 1, 2,0000000251,0000000000,14,33, 3,31,16,  ,  ,  ,  ,  ,          ,          ,        ,
 1, 1,  ,0000000335,          ,14,33, 3,31,16,  ,  ,  ,  ,  ,          ,          ,        ,
 1, 1, 2,0000000335,0000000000,14,33, 3,31,16,  ,  ,  ,  ,  ,          ,          ,        ,
 1, 1,  ,0000000066,          ,14,34, 3,31,16,  ,  ,  ,  ,  ,          ,          ,        ,
 1, 1, 2,0000000066,0000000000,14,34, 3,31,16,  ,  ,  ,  ,  ,          ,          ,        ,
 1, 1,  ,0000000431,          ,14,34, 3,31,16,  ,  ,  ,  ,  ,          ,          ,        ,
 1, 1, 2,0000000431,0000000000,14,34, 3,31,16,  ,  ,  ,  ,  ,          ,          ,        ,
 1, 1,  ,0000000445,          ,14,35, 3,31,16,  ,  ,  ,  ,  ,          ,          ,        ,
 1, 1, 2,0000000445,0000000000,14,35, 3,31,16,  ,  ,  ,  ,  ,          ,          ,        ,
 1, 1,  ,0000000148,          ,14,38, 3,31,16,  ,  ,  ,  ,  ,          ,          ,        ,
 1, 1, 2,0000000148,0000000000,14,38, 3,31,16,  ,  ,  ,  ,  ,          ,          ,        ,
 1, 1,  ,0000000289,          ,14,39, 3,31,16,  ,  ,  ,  ,  ,          ,          ,        ,
 1, 1, 2,0000000289,0000000000,14,39, 3,31,16,  ,  ,  ,  ,  ,          ,          ,        ,
 1, 1,  ,0000000424,          ,14,41, 3,31,16,  ,  ,  ,  ,  ,          ,          ,        ,
 1, 1, 2,0000000424,0000000000,14,41, 3,31,16,  ,  ,  ,  ,  ,          ,          ,        ,
 1, 1,  ,0000002505,          ,14,41, 3,31,16,  ,  ,  ,  ,  ,          ,          ,        ,
 1, 1, 2,0000002505,0000000000,14,41, 3,31,16,  ,  ,  ,  ,  ,          ,          ,        ,
 1, 1,  ,0000000329,          ,14,42, 3,31,16,  ,  ,  ,  ,  ,          ,          ,        ,
 1, 1, 2,0000000329,0000000000,14,42, 3,31,16,  ,  ,  ,  ,  ,          ,          ,        ,
 1, 1,  ,0000000041,          ,14,42, 3,31,16,  ,  ,  ,  ,  ,          ,          ,        ,
 1, 1, 2,0000000041,0000000000,14,42, 3,31,16,  ,  ,  ,  ,  ,          ,          ,        ,
 1, 1,  ,0000000364,          ,14,42, 3,31,16,  ,  ,  ,  ,  ,          ,          ,        ,
 1, 1, 2,0000000364,0000000000,14,42, 3,31,16,  ,  ,  ,  ,  ,          ,          ,        ,
 1, 1,  ,0000000005,          ,14,42, 3,31,16,  ,  ,  ,  ,  ,          ,          ,        ,
 1, 1, 2,0000000005,0000000000,14,42, 3,31,16,  ,  ,  ,  ,  ,          ,          ,        ,
 1, 1,  ,0000000097,          ,14,43, 3,31,16,  ,  ,  ,  ,  ,          ,          ,        ,
 1, 1, 2,0000000097,0000000000,14,43, 3,31,16,  ,  ,  ,  ,  ,          ,          ,        ,
 1, 1,  ,0000000010,          ,14,44, 3,31,16,  ,  ,  ,  ,  ,          ,          ,        ,
 1, 1, 2,0000000010,0000000000,14,44, 3,31,16,  ,  ,  ,  ,  ,          ,          ,        ,
 1, 1,  ,0000000084,          ,17, 2, 3,31,16,  ,  ,  ,  ,  ,          ,          ,        ,
 1, 1, 2,0000000084,0000000000,17, 2, 3,31,16,  ,  ,  ,  ,  ,          ,          ,        ,
 1, 1,  ,0000000080,          ,17, 3, 3,31,16,  ,  ,  ,  ,  ,          ,          ,        ,
 1, 1, 2,0000000080,0000000000,17, 3, 3,31,16,  ,  ,  ,  ,  ,          ,          ,        ,
 1, 1,  ,0000000043,          ,17, 3, 3,31,16,  ,  ,  ,  ,  ,          ,          ,        ,
 1, 1, 2,0000000043,0000000000,17, 3, 3,31,16,  ,  ,  ,  ,  ,          ,          ,        ,
 1, 1,  ,0000000145,          ,17, 3, 3,31,16,  ,  ,  ,  ,  ,          ,          ,        ,
 1, 1, 2,0000000145,0000000000,17, 3, 3,31,16,  ,  ,  ,  ,  ,          ,          ,        ,
 1, 1,  ,0000000199,          ,17, 4, 3,31,16,  ,  ,  ,  ,  ,          ,          ,        ,
 1, 1, 2,0000000199,0000000000,17, 4, 3,31,16,  ,  ,  ,  ,  ,          ,          ,        ,
 1, 1,  ,0000000422,          ,17, 5, 3,31,16,  ,  ,  ,  ,  ,          ,          ,        ,
 1, 1, 2,0000000422,0000000000,17, 5, 3,31,16,  ,  ,  ,  ,  ,          ,          ,        ,
 1, 1,  ,0000000344,          ,17, 9, 3,31,16,  ,  ,  ,  ,  ,          ,          ,        ,
 1, 1, 2,0000000344,0000000000,17, 9, 3,31,16,  ,  ,  ,  ,  ,          ,          ,        ,
 1, 1,  ,0000000360,          ,17, 9, 3,31,16,  ,  ,  ,  ,  ,          ,          ,        ,
 1, 1, 2,0000000360,0000000000,17, 9, 3,31,16,  ,  ,  ,  ,  ,          ,          ,        ,
 1, 1,  ,0000000027,          ,17, 9, 3,31,16,  ,  ,  ,  ,  ,          ,          ,        ,
 1, 1, 2,0000000027,0000000000,17, 9, 3,31,16,  ,  ,  ,  ,  ,          ,          ,        ,
 1, 1,  ,0000000397,          ,17,13, 3,31,16,  ,  ,  ,  ,  ,          ,          ,        ,
 1, 1, 2,0000000397,0000000000,17,13, 3,31,16,  ,  ,  ,  ,  ,          ,          ,        ,
 1, 1,  ,0000000214,          ,18, 2, 3,31,16,  ,  ,  ,  ,  ,          ,          ,        ,
 1, 1, 2,0000000214,0000000000,18, 2, 3,31,16,  ,  ,  ,  ,  ,          ,          ,        ,
 1, 1,  ,0000000137,          ,18, 2, 3,31,16,  ,  ,  ,  ,  ,          ,          ,        ,
 1, 1, 2,0000000137,0000000000,18, 2, 3,31,16,  ,  ,  ,  ,  ,          ,          ,        ,
 1, 1,  ,0000000323,          ,18, 5, 3,31,16,  ,  ,  ,  ,  ,          ,          ,        ,
 1, 1, 2,0000000323,0000000000,18, 5, 3,31,16,  ,  ,  ,  ,  ,          ,          ,        ,
 1, 1,  ,0000000384,          ,18,10, 3,31,16,  ,  ,  ,  ,  ,          ,          ,        ,
 1, 1, 2,0000000384,0000000000,18,10, 3,31,16,  ,  ,  ,  ,  ,          ,          ,        ,
 1, 1,  ,0000000168,          ,19, 8, 3,31,16,  ,  ,  ,  ,  ,          ,          ,        ,
 1, 1, 2,0000000168,0000000000,19, 8, 3,31,16,  ,  ,  ,  ,  ,          ,          ,        ,
 1, 1,  ,0000000302,          , 5,35, 4, 1,16,  ,  ,  ,  ,  ,          ,          ,        ,
 1, 1, 1,0000000302,0000000029, 5,35, 4, 1,16,  ,  ,  ,  ,  ,          ,          ,        ,
 1, 1,  ,0000000063,          , 5,35, 4, 1,16,  ,  ,  ,  ,  ,          ,          ,        ,
 1, 1, 1,0000000063,0000000022, 5,35, 4, 1,16,  ,  ,  ,  ,  ,          ,          ,        ,
 1, 1,  ,0000000148,          , 5,36, 4, 1,16,  ,  ,  ,  ,  ,          ,          ,        ,
 1, 1, 1,0000000148,0000000040, 5,36, 4, 1,16,  ,  ,  ,  ,  ,          ,          ,        ,
 1, 1,  ,0000000041,          , 5,36, 4, 1,16,  ,  ,  ,  ,  ,          ,          ,        ,
 1, 1, 1,0000000041,0000000029, 5,36, 4, 1,16,  ,  ,  ,  ,  ,          ,          ,        ,
 1, 1,  ,0000000199,          , 5,36, 4, 1,16,  ,  ,  ,  ,  ,          ,          ,        ,
 1, 1, 1,0000000199,0000000070, 5,36, 4, 1,16,  ,  ,  ,  ,  ,          ,          ,        ,
 1, 1,  ,0000000384,          , 5,36, 4, 1,16,  ,  ,  ,  ,  ,          ,          ,        ,
 1, 1, 1,0000000384,0000000058, 5,36, 4, 1,16,  ,  ,  ,  ,  ,          ,          ,        ,
 1, 1,  ,0000000403,          , 5,39, 4, 1,16,  ,  ,  ,  ,  ,          ,          ,        ,
 1, 1, 1,0000000403,0000000031, 5,39, 4, 1,16,  ,  ,  ,  ,  ,          ,          ,        ,
 1, 1,  ,0000000431,          , 5,39, 4, 1,16,  ,  ,  ,  ,  ,          ,          ,        ,
 1, 1, 1,0000000431,0000000029, 5,39, 4, 1,16,  ,  ,  ,  ,  ,          ,          ,        ,
 1, 1,  ,0000000493,          , 5,39, 4, 1,16,  ,  ,  ,  ,  ,          ,          ,        ,
 1, 1, 1,0000000493,0000000051, 5,39, 4, 1,16,  ,  ,  ,  ,  ,          ,          ,        ,
 1, 1,  ,0000000360,          , 5,40, 4, 1,16,  ,  ,  ,  ,  ,          ,          ,        ,
 1, 1, 1,0000000360,0000000058, 5,40, 4, 1,16,  ,  ,  ,  ,  ,          ,          ,        ,
 1, 1,  ,0000000344,          , 5,40, 4, 1,16,  ,  ,  ,  ,  ,          ,          ,        ,
 1, 1, 1,0000000344,0000000029, 5,40, 4, 1,16,  ,  ,  ,  ,  ,          ,          ,        ,
 1, 1,  ,0000000289,          , 5,40, 4, 1,16,  ,  ,  ,  ,  ,          ,          ,        ,
 1, 1, 1,0000000289,0000000053, 5,40, 4, 1,16,  ,  ,  ,  ,  ,          ,          ,        ,
 1, 1,  ,0000000066,          , 5,42, 4, 1,16,  ,  ,  ,  ,  ,          ,          ,        ,
 1, 1, 1,0000000066,0000000054, 5,42, 4, 1,16,  ,  ,  ,  ,  ,          ,          ,        ,
 1, 1,  ,0000000286,          , 5,43, 4, 1,16,  ,  ,  ,  ,  ,          ,          ,        ,
 1, 1, 1,0000000286,0000000029, 5,43, 4, 1,16,  ,  ,  ,  ,  ,          ,          ,        ,
 1, 1,  ,0000000331,          , 5,43, 4, 1,16,  ,  ,  ,  ,  ,          ,          ,        ,
 1, 1, 1,0000000331,0000000029, 5,43, 4, 1,16,  ,  ,  ,  ,  ,          ,          ,        ,
 1, 1,  ,0000000322,          , 5,44, 4, 1,16,  ,  ,  ,  ,  ,          ,          ,        ,
 1, 1, 1,0000000322,0000000029, 5,44, 4, 1,16,  ,  ,  ,  ,  ,          ,          ,        ,
 1, 1,  ,0000000496,          , 5,44, 4, 1,16,  ,  ,  ,  ,  ,          ,          ,        ,
 1, 1, 1,0000000496,0000000031, 5,44, 4, 1,16,  ,  ,  ,  ,  ,          ,          ,        ,
 1, 1,  ,0000000251,          , 5,44, 4, 1,16,  ,  ,  ,  ,  ,          ,          ,        ,
 1, 1, 1,0000000251,0000000022, 5,44, 4, 1,16,  ,  ,  ,  ,  ,          ,          ,        ,
 1, 1,  ,0000000329,          , 5,44, 4, 1,16,  ,  ,  ,  ,  ,          ,          ,        ,
 1, 1, 1,0000000329,0000000031, 5,44, 4, 1,16,  ,  ,  ,  ,  ,          ,          ,        ,
 1, 1,  ,0000000392,          , 5,45, 4, 1,16,  ,  ,  ,  ,  ,          ,          ,        ,
 1, 1, 1,0000000392,0000000058, 5,45, 4, 1,16,  ,  ,  ,  ,  ,          ,          ,        ,
 1, 1,  ,0000000221,          , 5,45, 4, 1,16,  ,  ,  ,  ,  ,          ,          ,        ,
 1, 1, 1,0000000221,0000000026, 5,45, 4, 1,16,  ,  ,  ,  ,  ,          ,          ,        ,
 1, 1,  ,0000000267,          , 5,45, 4, 1,16,  ,  ,  ,  ,  ,          ,          ,        ,
 1, 1, 1,0000000267,0000000000, 5,45, 4, 1,16,  ,  ,  ,  ,  ,          ,          ,        ,
 1, 1,  ,0000000336,          , 5,45, 4, 1,16,  ,  ,  ,  ,  ,          ,          ,        ,
 1, 1, 1,0000000336,0000000000, 5,45, 4, 1,16,  ,  ,  ,  ,  ,          ,          ,        ,
 1, 1,  ,0000000318,          , 5,46, 4, 1,16,  ,  ,  ,  ,  ,          ,          ,        ,
 1, 1, 1,0000000318,0000000029, 5,46, 4, 1,16,  ,  ,  ,  ,  ,          ,          ,        ,
 1, 1,  ,0000000161,          , 5,46, 4, 1,16,  ,  ,  ,  ,  ,          ,          ,        ,
 1, 1, 1,0000000161,0000000033, 5,46, 4, 1,16,  ,  ,  ,  ,  ,          ,          ,        ,
 1, 1,  ,0000000027,          , 5,46, 4, 1,16,  ,  ,  ,  ,  ,          ,          ,        ,
 1, 1, 1,0000000027,0000000029, 5,46, 4, 1,16,  ,  ,  ,  ,  ,          ,          ,        ,
 1, 1,  ,0000000111,          , 5,46, 4, 1,16,  ,  ,  ,  ,  ,          ,          ,        ,
 1, 1, 1,0000000111,0000000029, 5,46, 4, 1,16,  ,  ,  ,  ,  ,          ,          ,        ,
 1, 1,  ,0000000057,          , 5,46, 4, 1,16,  ,  ,  ,  ,  ,          ,          ,        ,
 1, 1, 1,0000000057,0000000029, 5,46, 4, 1,16,  ,  ,  ,  ,  ,          ,          ,        ,
 1, 1,  ,0000000205,          , 5,46, 4, 1,16,  ,  ,  ,  ,  ,          ,          ,        ,
 1, 1, 1,0000000205,0000000031, 5,46, 4, 1,16,  ,  ,  ,  ,  ,          ,          ,        ,
 1, 1,  ,0000000080,          , 5,47, 4, 1,16,  ,  ,  ,  ,  ,          ,          ,        ,
 1, 1, 1,0000000080,0000000009, 5,47, 4, 1,16,  ,  ,  ,  ,  ,          ,          ,        ,
 1, 1,  ,0000000145,          , 5,47, 4, 1,16,  ,  ,  ,  ,  ,          ,          ,        ,
 1, 1, 1,0000000145,0000000058, 5,47, 4, 1,16,  ,  ,  ,  ,  ,          ,          ,        ,
 1, 1,  ,0000000364,          , 5,47, 4, 1,16,  ,  ,  ,  ,  ,          ,          ,        ,
 1, 1, 1,0000000364,0000000000, 5,47, 4, 1,16,  ,  ,  ,  ,  ,          ,          ,        ,
 1, 1,  ,0000000335,          , 5,48, 4, 1,16,  ,  ,  ,  ,  ,          ,          ,        ,
 1, 1, 1,0000000335,0000000040, 5,48, 4, 1,16,  ,  ,  ,  ,  ,          ,          ,        ,
 1, 1,  ,0000000307,          , 5,48, 4, 1,16,  ,  ,  ,  ,  ,          ,          ,        ,
 1, 1, 1,0000000307,0000000058, 5,48, 4, 1,16,  ,  ,  ,  ,  ,          ,          ,        ,
 1, 1,  ,0000000097,          , 5,48, 4, 1,16,  ,  ,  ,  ,  ,          ,          ,        ,
 1, 1, 1,0000000097,0000000029, 5,48, 4, 1,16,  ,  ,  ,  ,  ,          ,          ,        ,
 1, 1,  ,0000000373,          , 5,48, 4, 1,16,  ,  ,  ,  ,  ,          ,          ,        ,
 1, 1, 1,0000000373,0000000029, 5,48, 4, 1,16,  ,  ,  ,  ,  ,          ,          ,        ,
 1, 1,  ,0000000137,          , 5,50, 4, 1,16,  ,  ,  ,  ,  ,          ,          ,        ,
 1, 1, 1,0000000137,0000000058, 5,50, 4, 1,16,  ,  ,  ,  ,  ,          ,          ,        ,
 1, 1,  ,0000000397,          , 5,51, 4, 1,16,  ,  ,  ,  ,  ,          ,          ,        ,
 1, 1, 1,0000000397,0000000040, 5,51, 4, 1,16,  ,  ,  ,  ,  ,          ,          ,        ,
 1, 1,  ,0000000323,          , 5,51, 4, 1,16,  ,  ,  ,  ,  ,          ,          ,        ,
 1, 1, 1,0000000323,0000000058, 5,51, 4, 1,16,  ,  ,  ,  ,  ,          ,          ,        ,
 1, 1,  ,0000000461,          , 5,52, 4, 1,16,  ,  ,  ,  ,  ,          ,          ,        ,
 1, 1, 1,0000000461,0000000029, 5,52, 4, 1,16,  ,  ,  ,  ,  ,          ,          ,        ,
 1, 1,  ,0000000422,          , 5,52, 4, 1,16,  ,  ,  ,  ,  ,          ,          ,        ,
 1, 1, 1,0000000422,0000000071, 5,52, 4, 1,16,  ,  ,  ,  ,  ,          ,          ,        ,
 1, 1,  ,0000000043,          , 5,53, 4, 1,16,  ,  ,  ,  ,  ,          ,          ,        ,
 1, 1, 1,0000000043,0000000000, 5,53, 4, 1,16,  ,  ,  ,  ,  ,          ,          ,        ,
 1, 1,  ,0000000005,          , 5,53, 4, 1,16,  ,  ,  ,  ,  ,          ,          ,        ,
 1, 1, 1,0000000005,0000000031, 5,53, 4, 1,16,  ,  ,  ,  ,  ,          ,          ,        ,
 1, 1,  ,0000000465,          , 5,53, 4, 1,16,  ,  ,  ,  ,  ,          ,          ,        ,
 1, 1, 1,0000000465,0000000022, 5,53, 4, 1,16,  ,  ,  ,  ,  ,          ,          ,        ,
 1, 1,  ,0000000296,          , 5,53, 4, 1,16,  ,  ,  ,  ,  ,          ,          ,        ,
 1, 1, 1,0000000296,0000000053, 5,53, 4, 1,16,  ,  ,  ,  ,  ,          ,          ,        ,
 1, 1,  ,0000000010,          , 5,53, 4, 1,16,  ,  ,  ,  ,  ,          ,          ,        ,
 1, 1, 1,0000000010,0000000029, 5,53, 4, 1,16,  ,  ,  ,  ,  ,          ,          ,        ,
 1, 1,  ,0000000053,          , 5,53, 4, 1,16,  ,  ,  ,  ,  ,          ,          ,        ,
 1, 1, 1,0000000053,0000000029, 5,53, 4, 1,16,  ,  ,  ,  ,  ,          ,          ,        ,
 1, 1,  ,0000000424,          , 5,54, 4, 1,16,  ,  ,  ,  ,  ,          ,          ,        ,
 1, 1, 1,0000000424,0000000029, 5,54, 4, 1,16,  ,  ,  ,  ,  ,          ,          ,        ,
 1, 1,  ,0000000158,          , 5,56, 4, 1,16,  ,  ,  ,  ,  ,          ,          ,        ,
 1, 1, 1,0000000158,0000000029, 5,56, 4, 1,16,  ,  ,  ,  ,  ,          ,          ,        ,
 1, 1,  ,0000000012,          , 5,57, 4, 1,16,  ,  ,  ,  ,  ,          ,          ,        ,
 1, 1, 1,0000000012,0000000031, 5,57, 4, 1,16,  ,  ,  ,  ,  ,          ,          ,        ,
 1, 1,  ,0000000168,          , 5,59, 4, 1,16,  ,  ,  ,  ,  ,          ,          ,        ,
 1, 1, 1,0000000168,0000000051, 5,59, 4, 1,16,  ,  ,  ,  ,  ,          ,          ,        ,
