 1, 1,  ,0000000053,          ,14,30, 4, 7,16,  ,  ,  ,  ,  ,          ,          ,        ,
 1, 1, 2,0000000053,0000000000,14,30, 4, 7,16,  ,  ,  ,  ,  ,          ,          ,        ,
 1, 1,  ,0000000322,          ,14,30, 4, 7,16,  ,  ,  ,  ,  ,          ,          ,        ,
 1, 1, 2,0000000322,0000000000,14,30, 4, 7,16,  ,  ,  ,  ,  ,          ,          ,        ,
 1, 1,  ,0000000286,          ,14,30, 4, 7,16,  ,  ,  ,  ,  ,          ,          ,        ,
 1, 1, 2,0000000286,0000000000,14,30, 4, 7,16,  ,  ,  ,  ,  ,          ,          ,        ,
 1, 1,  ,0000000302,          ,14,30, 4, 7,16,  ,  ,  ,  ,  ,          ,          ,        ,
 1, 1, 2,0000000302,0000000000,14,30, 4, 7,16,  ,  ,  ,  ,  ,          ,          ,        ,
 1, 1,  ,0000000318,          ,14,30, 4, 7,16,  ,  ,  ,  ,  ,          ,          ,        ,
 1, 1, 2,0000000318,0000000000,14,30, 4, 7,16,  ,  ,  ,  ,  ,          ,          ,        ,
 1, 1,  ,0000000496,          ,14,31, 4, 7,16,  ,  ,  ,  ,  ,          ,          ,        ,
 1, 1, 2,0000000496,0000000000,14,31, 4, 7,16,  ,  ,  ,  ,  ,          ,          ,        ,
 1, 1,  ,0000000169,          ,14,31, 4, 7,16,  ,  ,  ,  ,  ,          ,          ,        ,
 1, 1, 2,0000000169,0000000000,14,31, 4, 7,16,  ,  ,  ,  ,  ,          ,          ,        ,
 1, 1,  ,0000000331,          ,14,31, 4, 7,16,  ,  ,  ,  ,  ,          ,          ,        ,
 1, 1, 2,0000000331,0000000000,14,31, 4, 7,16,  ,  ,  ,  ,  ,          ,          ,        ,
 1, 1,  ,0000000465,          ,14,31, 4, 7,16,  ,  ,  ,  ,  ,          ,          ,        ,
 1, 1, 2,0000000465,0000000000,14,31, 4, 7,16,  ,  ,  ,  ,  ,          ,          ,        ,
 1, 1,  ,0000000461,          ,14,32, 4, 7,16,  ,  ,  ,  ,  ,          ,          ,        ,
 1, 1, 2,0000000461,0000000000,14,32, 4, 7,16,  ,  ,  ,  ,  ,          ,          ,        ,
 1, 1,  ,0000000431,          ,14,33, 4, 7,16,  ,  ,  ,  ,  ,          ,          ,        ,
 1, 1, 2,0000000431,0000000000,14,33, 4, 7,16,  ,  ,  ,  ,  ,          ,          ,        ,
 1, 1,  ,0000000158,          ,14,34, 4, 7,16,  ,  ,  ,  ,  ,          ,          ,        ,
 1, 1, 2,0000000158,0000000000,14,34, 4, 7,16,  ,  ,  ,  ,  ,          ,          ,        ,
 1, 1,  ,0000000010,          ,14,34, 4, 7,16,  ,  ,  ,  ,  ,          ,          ,        ,
 1, 1, 2,0000000010,0000000000,14,34, 4, 7,16,  ,  ,  ,  ,  ,          ,          ,        ,
 1, 1,  ,0000000336,          ,14,35, 4, 7,16,  ,  ,  ,  ,  ,          ,          ,        ,
 1, 1, 2,0000000336,0000000000,14,35, 4, 7,16,  ,  ,  ,  ,  ,          ,          ,        ,
 1, 1,  ,0000000267,          ,14,35, 4, 7,16,  ,  ,  ,  ,  ,          ,          ,        ,
 1, 1, 2,0000000267,0000000000,14,35, 4, 7,16,  ,  ,  ,  ,  ,          ,          ,        ,
 1, 1,  ,0000000335,          ,14,35, 4, 7,16,  ,  ,  ,  ,  ,          ,          ,        ,
 1, 1, 2,0000000335,0000000000,14,35, 4, 7,16,  ,  ,  ,  ,  ,          ,          ,        ,
 1, 1,  ,0000000364,          ,14,37, 4, 7,16,  ,  ,  ,  ,  ,          ,          ,        ,
 1, 1, 2,0000000364,0000000000,14,37, 4, 7,16,  ,  ,  ,  ,  ,          ,          ,        ,
 1, 1,  ,0000000445,          ,14,37, 4, 7,16,  ,  ,  ,  ,  ,          ,          ,        ,
 1, 1, 2,0000000445,0000000000,14,37, 4, 7,16,  ,  ,  ,  ,  ,          ,          ,        ,
 1, 1,  ,0000000403,          ,14,38, 4, 7,16,  ,  ,  ,  ,  ,          ,          ,        ,
 1, 1, 2,0000000403,0000000000,14,38, 4, 7,16,  ,  ,  ,  ,  ,          ,          ,        ,
 1, 1,  ,0000000479,          ,14,38, 4, 7,16,  ,  ,  ,  ,  ,          ,          ,        ,
 1, 1, 2,0000000479,0000000000,14,38, 4, 7,16,  ,  ,  ,  ,  ,          ,          ,        ,
 1, 1,  ,0000000384,          ,14,38, 4, 7,16,  ,  ,  ,  ,  ,          ,          ,        ,
 1, 1, 2,0000000384,0000000000,14,38, 4, 7,16,  ,  ,  ,  ,  ,          ,          ,        ,
 1, 1,  ,0000000080,          ,14,38, 4, 7,16,  ,  ,  ,  ,  ,          ,          ,        ,
 1, 1, 2,0000000080,0000000000,14,38, 4, 7,16,  ,  ,  ,  ,  ,          ,          ,        ,
 1, 1,  ,0000000205,          ,14,38, 4, 7,16,  ,  ,  ,  ,  ,          ,          ,        ,
 1, 1, 2,0000000205,0000000000,14,38, 4, 7,16,  ,  ,  ,  ,  ,          ,          ,        ,
 1, 1,  ,0000000043,          ,14,38, 4, 7,16,  ,  ,  ,  ,  ,          ,          ,        ,
 1, 1, 2,0000000043,0000000000,14,38, 4, 7,16,  ,  ,  ,  ,  ,          ,          ,        ,
 1, 1,  ,0000000497,          ,14,39, 4, 7,16,  ,  ,  ,  ,  ,          ,          ,        ,
 1, 1, 2,0000000497,0000000000,14,39, 4, 7,16,  ,  ,  ,  ,  ,          ,          ,        ,
 1, 1,  ,0000000057,          ,14,40, 4, 7,16,  ,  ,  ,  ,  ,          ,          ,        ,
 1, 1, 2,0000000057,0000000000,14,40, 4, 7,16,  ,  ,  ,  ,  ,          ,          ,        ,
 1, 1,  ,0000000111,          ,14,40, 4, 7,16,  ,  ,  ,  ,  ,          ,          ,        ,
 1, 1, 2,0000000111,0000000000,14,40, 4, 7,16,  ,  ,  ,  ,  ,          ,          ,        ,
 1, 1,  ,0000000424,          ,14,41, 4, 7,16,  ,  ,  ,  ,  ,          ,          ,        ,
 1, 1, 2,0000000424,0000000000,14,41, 4, 7,16,  ,  ,  ,  ,  ,          ,          ,        ,
 1, 1,  ,0000000347,          ,14,42, 4, 7,16,  ,  ,  ,  ,  ,          ,          ,        ,
 1, 1, 2,0000000347,0000000000,14,42, 4, 7,16,  ,  ,  ,  ,  ,          ,          ,        ,
 1, 1,  ,0000000005,          ,14,42, 4, 7,16,  ,  ,  ,  ,  ,          ,          ,        ,
 1, 1, 2,0000000005,0000000000,14,42, 4, 7,16,  ,  ,  ,  ,  ,          ,          ,        ,
 1, 1,  ,0000000373,          ,15,31, 4, 7,16,  ,  ,  ,  ,  ,          ,          ,        ,
 1, 1, 2,0000000373,0000000000,15,31, 4, 7,16,  ,  ,  ,  ,  ,          ,          ,        ,
 1, 1,  ,0000000138,          ,15,35, 4, 7,16,  ,  ,  ,  ,  ,          ,          ,        ,
 1, 1, 2,0000000138,0000000000,15,35, 4, 7,16,  ,  ,  ,  ,  ,          ,          ,        ,
 1, 1,  ,0000000296,          ,17, 1, 4, 7,16,  ,  ,  ,  ,  ,          ,          ,        ,
 1, 1, 2,0000000296,0000000000,17, 1, 4, 7,16,  ,  ,  ,  ,  ,          ,          ,        ,
 1, 1,  ,0000000422,          ,17, 1, 4, 7,16,  ,  ,  ,  ,  ,          ,          ,        ,
 1, 1, 2,0000000422,0000000000,17, 1, 4, 7,16,  ,  ,  ,  ,  ,          ,          ,        ,
 1, 1,  ,0000000148,          ,17, 1, 4, 7,16,  ,  ,  ,  ,  ,          ,          ,        ,
 1, 1, 2,0000000148,0000000000,17, 1, 4, 7,16,  ,  ,  ,  ,  ,          ,          ,        ,
 1, 1,  ,0000000097,          ,17, 1, 4, 7,16,  ,  ,  ,  ,  ,          ,          ,        ,
 1, 1, 2,0000000097,0000000000,17, 1, 4, 7,16,  ,  ,  ,  ,  ,          ,          ,        ,
 1, 1,  ,0000000344,          ,17, 1, 4, 7,16,  ,  ,  ,  ,  ,          ,          ,        ,
 1, 1, 2,0000000344,0000000000,17, 1, 4, 7,16,  ,  ,  ,  ,  ,          ,          ,        ,
 1, 1,  ,0000000161,          ,17, 2, 4, 7,16,  ,  ,  ,  ,  ,          ,          ,        ,
 1, 1, 2,0000000161,0000000000,17, 2, 4, 7,16,  ,  ,  ,  ,  ,          ,          ,        ,
 1, 1,  ,0000000199,          ,17, 2, 4, 7,16,  ,  ,  ,  ,  ,          ,          ,        ,
 1, 1, 2,0000000199,0000000000,17, 2, 4, 7,16,  ,  ,  ,  ,  ,          ,          ,        ,
 1, 1,  ,0000000329,          ,17, 3, 4, 7,16,  ,  ,  ,  ,  ,          ,          ,        ,
 1, 1, 2,0000000329,0000000000,17, 3, 4, 7,16,  ,  ,  ,  ,  ,          ,          ,        ,
 1, 1,  ,0000000237,          ,17, 4, 4, 7,16,  ,  ,  ,  ,  ,          ,          ,        ,
 1, 1, 2,0000000237,0000000000,17, 4, 4, 7,16,  ,  ,  ,  ,  ,          ,          ,        ,
 1, 1,  ,0000000137,          ,17, 5, 4, 7,16,  ,  ,  ,  ,  ,          ,          ,        ,
 1, 1, 2,0000000137,0000000000,17, 5, 4, 7,16,  ,  ,  ,  ,  ,          ,          ,        ,
 1, 1,  ,0000000168,          ,17, 6, 4, 7,16,  ,  ,  ,  ,  ,          ,          ,        ,
 1, 1, 2,0000000168,0000000000,17, 6, 4, 7,16,  ,  ,  ,  ,  ,          ,          ,        ,
 1, 1,  ,0000000360,          ,17, 6, 4, 7,16,  ,  ,  ,  ,  ,          ,          ,        ,
 1, 1, 2,0000000360,0000000000,17, 6, 4, 7,16,  ,  ,  ,  ,  ,          ,          ,        ,
 1, 1,  ,0000000289,          ,17, 7, 4, 7,16,  ,  ,  ,  ,  ,          ,          ,        ,
 1, 1, 2,0000000289,0000000000,17, 7, 4, 7,16,  ,  ,  ,  ,  ,          ,          ,        ,
 1, 1,  ,0000000066,          ,17, 7, 4, 7,16,  ,  ,  ,  ,  ,          ,          ,        ,
 1, 1, 2,0000000066,0000000000,17, 7, 4, 7,16,  ,  ,  ,  ,  ,          ,          ,        ,
 1, 1,  ,0000000397,          ,17, 8, 4, 7,16,  ,  ,  ,  ,  ,          ,          ,        ,
 1, 1, 2,0000000397,0000000000,17, 8, 4, 7,16,  ,  ,  ,  ,  ,          ,          ,        ,
 1, 1,  ,0000000214,          ,17, 9, 4, 7,16,  ,  ,  ,  ,  ,          ,          ,        ,
 1, 1, 2,0000000214,0000000000,17, 9, 4, 7,16,  ,  ,  ,  ,  ,          ,          ,        ,
 1, 1,  ,0000000041,          ,17,10, 4, 7,16,  ,  ,  ,  ,  ,          ,          ,        ,
 1, 1, 2,0000000041,0000000000,17,10, 4, 7,16,  ,  ,  ,  ,  ,          ,          ,        ,
 1, 1,  ,0000000027,          ,17,11, 4, 7,16,  ,  ,  ,  ,  ,          ,          ,        ,
 1, 1, 2,0000000027,0000000000,17,11, 4, 7,16,  ,  ,  ,  ,  ,          ,          ,        ,
 1, 1,  ,0000000133,          ,18, 0, 4, 7,16,  ,  ,  ,  ,  ,          ,          ,        ,
 1, 1, 2,0000000133,0000000000,18, 0, 4, 7,16,  ,  ,  ,  ,  ,          ,          ,        ,
 1, 1,  ,0000000493,          ,18, 5, 4, 7,16,  ,  ,  ,  ,  ,          ,          ,        ,
 1, 1, 2,0000000493,0000000000,18, 5, 4, 7,16,  ,  ,  ,  ,  ,          ,          ,        ,
 1, 1,  ,0000000323,          ,18, 6, 4, 7,16,  ,  ,  ,  ,  ,          ,          ,        ,
 1, 1, 2,0000000323,0000000000,18, 6, 4, 7,16,  ,  ,  ,  ,  ,          ,          ,        ,
 1, 1,  ,0000000145,          ,18, 7, 4, 7,16,  ,  ,  ,  ,  ,          ,          ,        ,
 1, 1, 2,0000000145,0000000000,18, 7, 4, 7,16,  ,  ,  ,  ,  ,          ,          ,        ,
 1, 1,  ,0000000303,          ,18, 7, 4, 7,16,  ,  ,  ,  ,  ,          ,          ,        ,
 1, 1, 2,0000000303,0000000000,18, 7, 4, 7,16,  ,  ,  ,  ,  ,          ,          ,        ,
 1, 1,  ,0000000191,          ,18, 8, 4, 7,16,  ,  ,  ,  ,  ,          ,          ,        ,
 1, 1, 2,0000000191,0000000000,18, 8, 4, 7,16,  ,  ,  ,  ,  ,          ,          ,        ,
 1, 1,  ,0000000191,          ,18, 8, 4, 7,16,  ,  ,  ,  ,  ,          ,          ,        ,
 1, 1, 2,0000000191,0000000000,18, 8, 4, 7,16,  ,  ,  ,  ,  ,          ,          ,        ,
 1, 1,  ,0000000322,          , 5,34, 4, 8,16,  ,  ,  ,  ,  ,          ,          ,        ,
 1, 1, 1,0000000322,0000000029, 5,34, 4, 8,16,  ,  ,  ,  ,  ,          ,          ,        ,
 1, 1,  ,0000000335,          , 5,35, 4, 8,16,  ,  ,  ,  ,  ,          ,          ,        ,
 1, 1, 1,0000000335,0000000040, 5,35, 4, 8,16,  ,  ,  ,  ,  ,          ,          ,        ,
 1, 1,  ,0000000148,          , 5,36, 4, 8,16,  ,  ,  ,  ,  ,          ,          ,        ,
 1, 1, 1,0000000148,0000000040, 5,36, 4, 8,16,  ,  ,  ,  ,  ,          ,          ,        ,
 1, 1,  ,0000000302,          , 5,37, 4, 8,16,  ,  ,  ,  ,  ,          ,          ,        ,
 1, 1, 1,0000000302,0000000029, 5,37, 4, 8,16,  ,  ,  ,  ,  ,          ,          ,        ,
 1, 1,  ,0000000493,          , 5,38, 4, 8,16,  ,  ,  ,  ,  ,          ,          ,        ,
 1, 1, 1,0000000493,0000000051, 5,38, 4, 8,16,  ,  ,  ,  ,  ,          ,          ,        ,
 1, 1,  ,0000000461,          , 5,38, 4, 8,16,  ,  ,  ,  ,  ,          ,          ,        ,
 1, 1, 1,0000000461,0000000029, 5,38, 4, 8,16,  ,  ,  ,  ,  ,          ,          ,        ,
 1, 1,  ,0000000063,          , 5,38, 4, 8,16,  ,  ,  ,  ,  ,          ,          ,        ,
 1, 1, 1,0000000063,0000000022, 5,38, 4, 8,16,  ,  ,  ,  ,  ,          ,          ,        ,
 1, 1,  ,0000000360,          , 5,39, 4, 8,16,  ,  ,  ,  ,  ,          ,          ,        ,
 1, 1, 1,0000000360,0000000058, 5,39, 4, 8,16,  ,  ,  ,  ,  ,          ,          ,        ,
 1, 1,  ,0000000041,          , 5,39, 4, 8,16,  ,  ,  ,  ,  ,          ,          ,        ,
 1, 1, 1,0000000041,0000000029, 5,39, 4, 8,16,  ,  ,  ,  ,  ,          ,          ,        ,
 1, 1,  ,0000000431,          , 5,39, 4, 8,16,  ,  ,  ,  ,  ,          ,          ,        ,
 1, 1, 1,0000000431,0000000029, 5,39, 4, 8,16,  ,  ,  ,  ,  ,          ,          ,        ,
 1, 1,  ,0000000267,          , 5,39, 4, 8,16,  ,  ,  ,  ,  ,          ,          ,        ,
 1, 1, 1,0000000267,0000000000, 5,39, 4, 8,16,  ,  ,  ,  ,  ,          ,          ,        ,
 1, 1,  ,0000000344,          , 5,40, 4, 8,16,  ,  ,  ,  ,  ,          ,          ,        ,
 1, 1, 1,0000000344,0000000029, 5,40, 4, 8,16,  ,  ,  ,  ,  ,          ,          ,        ,
 1, 1,  ,0000000403,          , 5,40, 4, 8,16,  ,  ,  ,  ,  ,          ,          ,        ,
 1, 1, 1,0000000403,0000000031, 5,40, 4, 8,16,  ,  ,  ,  ,  ,          ,          ,        ,
 1, 1,  ,0000002531,          , 5,41, 4, 8,16,  ,  ,  ,  ,  ,          ,          ,        ,
 1, 1, 1,0000002531,0000000058, 5,41, 4, 8,16,  ,  ,  ,  ,  ,          ,          ,        ,
 1, 1,  ,0000000496,          , 5,42, 4, 8,16,  ,  ,  ,  ,  ,          ,          ,        ,
 1, 1, 1,0000000496,0000000031, 5,42, 4, 8,16,  ,  ,  ,  ,  ,          ,          ,        ,
 1, 1,  ,0000000445,          , 5,42, 4, 8,16,  ,  ,  ,  ,  ,          ,          ,        ,
 1, 1, 1,0000000445,0000000058, 5,42, 4, 8,16,  ,  ,  ,  ,  ,          ,          ,        ,
 1, 1,  ,0000000301,          , 5,43, 4, 8,16,  ,  ,  ,  ,  ,          ,          ,        ,
 1, 1, 1,0000000301,0000000040, 5,43, 4, 8,16,  ,  ,  ,  ,  ,          ,          ,        ,
 1, 1,  ,0000000329,          , 5,44, 4, 8,16,  ,  ,  ,  ,  ,          ,          ,        ,
 1, 1, 1,0000000329,0000000031, 5,44, 4, 8,16,  ,  ,  ,  ,  ,          ,          ,        ,
 1, 1,  ,0000000251,          , 5,44, 4, 8,16,  ,  ,  ,  ,  ,          ,          ,        ,
 1, 1, 1,0000000251,0000000022, 5,44, 4, 8,16,  ,  ,  ,  ,  ,          ,          ,        ,
 1, 1,  ,0000000331,          , 5,44, 4, 8,16,  ,  ,  ,  ,  ,          ,          ,        ,
 1, 1, 1,0000000331,0000000029, 5,44, 4, 8,16,  ,  ,  ,  ,  ,          ,          ,        ,
 1, 1,  ,0000000318,          , 5,45, 4, 8,16,  ,  ,  ,  ,  ,          ,          ,        ,
 1, 1, 1,0000000318,0000000029, 5,45, 4, 8,16,  ,  ,  ,  ,  ,          ,          ,        ,
 1, 1,  ,0000000145,          , 5,45, 4, 8,16,  ,  ,  ,  ,  ,          ,          ,        ,
 1, 1, 1,0000000145,0000000058, 5,45, 4, 8,16,  ,  ,  ,  ,  ,          ,          ,        ,
 1, 1,  ,0000000199,          , 5,46, 4, 8,16,  ,  ,  ,  ,  ,          ,          ,        ,
 1, 1, 1,0000000199,0000000070, 5,46, 4, 8,16,  ,  ,  ,  ,  ,          ,          ,        ,
 1, 1,  ,0000000364,          , 5,46, 4, 8,16,  ,  ,  ,  ,  ,          ,          ,        ,
 1, 1, 1,0000000364,0000000000, 5,46, 4, 8,16,  ,  ,  ,  ,  ,          ,          ,        ,
 1, 1,  ,0000000057,          , 5,48, 4, 8,16,  ,  ,  ,  ,  ,          ,          ,        ,
 1, 1, 1,0000000057,0000000029, 5,48, 4, 8,16,  ,  ,  ,  ,  ,          ,          ,        ,
 1, 1,  ,0000000286,          , 5,48, 4, 8,16,  ,  ,  ,  ,  ,          ,          ,        ,
 1, 1, 1,0000000286,0000000029, 5,48, 4, 8,16,  ,  ,  ,  ,  ,          ,          ,        ,
 1, 1,  ,0000000422,          , 5,49, 4, 8,16,  ,  ,  ,  ,  ,          ,          ,        ,
 1, 1, 1,0000000422,0000000071, 5,49, 4, 8,16,  ,  ,  ,  ,  ,          ,          ,        ,
 1, 1,  ,0000000161,          , 5,49, 4, 8,16,  ,  ,  ,  ,  ,          ,          ,        ,
 1, 1, 1,0000000161,0000000033, 5,49, 4, 8,16,  ,  ,  ,  ,  ,          ,          ,        ,
 1, 1,  ,0000000080,          , 5,49, 4, 8,16,  ,  ,  ,  ,  ,          ,          ,        ,
 1, 1, 1,0000000080,0000000009, 5,49, 4, 8,16,  ,  ,  ,  ,  ,          ,          ,        ,
 1, 1,  ,0000000221,          , 5,50, 4, 8,16,  ,  ,  ,  ,  ,          ,          ,        ,
 1, 1, 1,0000000221,0000000026, 5,50, 4, 8,16,  ,  ,  ,  ,  ,          ,          ,        ,
 1, 1,  ,0000000205,          , 5,50, 4, 8,16,  ,  ,  ,  ,  ,          ,          ,        ,
 1, 1, 1,0000000205,0000000031, 5,50, 4, 8,16,  ,  ,  ,  ,  ,          ,          ,        ,
 1, 1,  ,0000000027,          , 5,51, 4, 8,16,  ,  ,  ,  ,  ,          ,          ,        ,
 1, 1, 1,0000000027,0000000029, 5,51, 4, 8,16,  ,  ,  ,  ,  ,          ,          ,        ,
 1, 1,  ,0000000384,          , 5,51, 4, 8,16,  ,  ,  ,  ,  ,          ,          ,        ,
 1, 1, 1,0000000384,0000000058, 5,51, 4, 8,16,  ,  ,  ,  ,  ,          ,          ,        ,
 1, 1,  ,0000000158,          , 5,52, 4, 8,16,  ,  ,  ,  ,  ,          ,          ,        ,
 1, 1, 1,0000000158,0000000029, 5,52, 4, 8,16,  ,  ,  ,  ,  ,          ,          ,        ,
 1, 1,  ,0000000010,          , 5,52, 4, 8,16,  ,  ,  ,  ,  ,          ,          ,        ,
 1, 1, 1,0000000010,0000000029, 5,52, 4, 8,16,  ,  ,  ,  ,  ,          ,          ,        ,
 1, 1,  ,0000002505,          , 5,52, 4, 8,16,  ,  ,  ,  ,  ,          ,          ,        ,
 1, 1, 1,0000002505,0000000029, 5,52, 4, 8,16,  ,  ,  ,  ,  ,          ,          ,        ,
 1, 1,  ,0000000289,          , 5,52, 4, 8,16,  ,  ,  ,  ,  ,          ,          ,        ,
 1, 1, 1,0000000289,0000000053, 5,52, 4, 8,16,  ,  ,  ,  ,  ,          ,          ,        ,
 1, 1,  ,0000000097,          , 5,52, 4, 8,16,  ,  ,  ,  ,  ,          ,          ,        ,
 1, 1, 1,0000000097,0000000029, 5,52, 4, 8,16,  ,  ,  ,  ,  ,          ,          ,        ,
 1, 1,  ,0000000336,          , 5,52, 4, 8,16,  ,  ,  ,  ,  ,          ,          ,        ,
 1, 1, 1,0000000336,0000000000, 5,52, 4, 8,16,  ,  ,  ,  ,  ,          ,          ,        ,
 1, 1,  ,0000000397,          , 5,53, 4, 8,16,  ,  ,  ,  ,  ,          ,          ,        ,
 1, 1, 1,0000000397,0000000040, 5,53, 4, 8,16,  ,  ,  ,  ,  ,          ,          ,        ,
 1, 1,  ,0000000053,          , 5,53, 4, 8,16,  ,  ,  ,  ,  ,          ,          ,        ,
 1, 1, 1,0000000053,0000000029, 5,53, 4, 8,16,  ,  ,  ,  ,  ,          ,          ,        ,
 1, 1,  ,0000000296,          , 5,53, 4, 8,16,  ,  ,  ,  ,  ,          ,          ,        ,
 1, 1, 1,0000000296,0000000053, 5,53, 4, 8,16,  ,  ,  ,  ,  ,          ,          ,        ,
 1, 1,  ,0000000005,          , 5,54, 4, 8,16,  ,  ,  ,  ,  ,          ,          ,        ,
 1, 1, 1,0000000005,0000000031, 5,54, 4, 8,16,  ,  ,  ,  ,  ,          ,          ,        ,
 1, 1,  ,0000000465,          , 5,54, 4, 8,16,  ,  ,  ,  ,  ,          ,          ,        ,
 1, 1, 1,0000000465,0000000022, 5,54, 4, 8,16,  ,  ,  ,  ,  ,          ,          ,        ,
 1, 1,  ,0000000066,          , 5,55, 4, 8,16,  ,  ,  ,  ,  ,          ,          ,        ,
 1, 1, 1,0000000066,0000000054, 5,55, 4, 8,16,  ,  ,  ,  ,  ,          ,          ,        ,
 1, 1,  ,0000000111,          , 5,56, 4, 8,16,  ,  ,  ,  ,  ,          ,          ,        ,
 1, 1, 1,0000000111,0000000029, 5,56, 4, 8,16,  ,  ,  ,  ,  ,          ,          ,        ,
 1, 1,  ,0000000043,          , 5,56, 4, 8,16,  ,  ,  ,  ,  ,          ,          ,        ,
 1, 1, 1,0000000043,0000000000, 5,56, 4, 8,16,  ,  ,  ,  ,  ,          ,          ,        ,
 1, 1,  ,0000000012,          , 5,57, 4, 8,16,  ,  ,  ,  ,  ,          ,          ,        ,
 1, 1, 1,0000000012,0000000031, 5,57, 4, 8,16,  ,  ,  ,  ,  ,          ,          ,        ,
 1, 1,  ,0000000137,          , 5,58, 4, 8,16,  ,  ,  ,  ,  ,          ,          ,        ,
 1, 1, 1,0000000137,0000000058, 5,58, 4, 8,16,  ,  ,  ,  ,  ,          ,          ,        ,
 1, 1,  ,0000000133,          , 6,51, 4, 8,16,  ,  ,  ,  ,  ,          ,          ,        ,
 1, 1, 1,0000000133,0000000058, 6,51, 4, 8,16,  ,  ,  ,  ,  ,          ,          ,        ,
 1, 1,  ,0000000323,          , 6,55, 4, 8,16,  ,  ,  ,  ,  ,          ,          ,        ,
 1, 1, 1,0000000323,0000000058, 6,55, 4, 8,16,  ,  ,  ,  ,  ,          ,          ,        ,
 1, 1,  ,0000000138,          , 6,56, 4, 8,16,  ,  ,  ,  ,  ,          ,          ,        ,
 1, 1, 1,0000000138,0000000058, 6,56, 4, 8,16,  ,  ,  ,  ,  ,          ,          ,        ,
 1, 1,  ,0000000057,          ,14,29, 4, 8,16,  ,  ,  ,  ,  ,          ,          ,        ,
 1, 1, 2,0000000057,0000000000,14,29, 4, 8,16,  ,  ,  ,  ,  ,          ,          ,        ,
 1, 1,  ,0000000169,          ,14,30, 4, 8,16,  ,  ,  ,  ,  ,          ,          ,        ,
 1, 1, 2,0000000169,0000000000,14,30, 4, 8,16,  ,  ,  ,  ,  ,          ,          ,        ,
 1, 1,  ,0000000322,          ,14,30, 4, 8,16,  ,  ,  ,  ,  ,          ,          ,        ,
 1, 1, 2,0000000322,0000000000,14,30, 4, 8,16,  ,  ,  ,  ,  ,          ,          ,        ,
 1, 1,  ,0000000286,          ,14,30, 4, 8,16,  ,  ,  ,  ,  ,          ,          ,        ,
 1, 1, 2,0000000286,0000000000,14,30, 4, 8,16,  ,  ,  ,  ,  ,          ,          ,        ,
 1, 1,  ,0000000302,          ,14,31, 4, 8,16,  ,  ,  ,  ,  ,          ,          ,        ,
 1, 1, 2,0000000302,0000000000,14,31, 4, 8,16,  ,  ,  ,  ,  ,          ,          ,        ,
 1, 1,  ,0000000145,          ,14,31, 4, 8,16,  ,  ,  ,  ,  ,          ,          ,        ,
 1, 1, 2,0000000145,0000000000,14,31, 4, 8,16,  ,  ,  ,  ,  ,          ,          ,        ,
 1, 1,  ,0000000318,          ,14,31, 4, 8,16,  ,  ,  ,  ,  ,          ,          ,        ,
 1, 1, 2,0000000318,0000000000,14,31, 4, 8,16,  ,  ,  ,  ,  ,          ,          ,        ,
 1, 1,  ,0000000496,          ,14,32, 4, 8,16,  ,  ,  ,  ,  ,          ,          ,        ,
 1, 1, 2,0000000496,0000000000,14,32, 4, 8,16,  ,  ,  ,  ,  ,          ,          ,        ,
 1, 1,  ,0000000053,          ,14,32, 4, 8,16,  ,  ,  ,  ,  ,          ,          ,        ,
 1, 1, 2,0000000053,0000000000,14,32, 4, 8,16,  ,  ,  ,  ,  ,          ,          ,        ,
 1, 1,  ,0000000493,          ,14,33, 4, 8,16,  ,  ,  ,  ,  ,          ,          ,        ,
 1, 1, 2,0000000493,0000000000,14,33, 4, 8,16,  ,  ,  ,  ,  ,          ,          ,        ,
 1, 1,  ,0000000431,          ,14,33, 4, 8,16,  ,  ,  ,  ,  ,          ,          ,        ,
 1, 1, 2,0000000431,0000000000,14,33, 4, 8,16,  ,  ,  ,  ,  ,          ,          ,        ,
 1, 1,  ,0000000461,          ,14,33, 4, 8,16,  ,  ,  ,  ,  ,          ,          ,        ,
 1, 1, 2,0000000461,0000000000,14,33, 4, 8,16,  ,  ,  ,  ,  ,          ,          ,        ,
 1, 1,  ,0000000336,          ,14,34, 4, 8,16,  ,  ,  ,  ,  ,          ,          ,        ,
 1, 1, 2,0000000336,0000000000,14,34, 4, 8,16,  ,  ,  ,  ,  ,          ,          ,        ,
 1, 1,  ,0000000267,          ,14,34, 4, 8,16,  ,  ,  ,  ,  ,          ,          ,        ,
 1, 1, 2,0000000267,0000000000,14,34, 4, 8,16,  ,  ,  ,  ,  ,          ,          ,        ,
 1, 1,  ,0000000205,          ,14,35, 4, 8,16,  ,  ,  ,  ,  ,          ,          ,        ,
 1, 1, 2,0000000205,0000000000,14,35, 4, 8,16,  ,  ,  ,  ,  ,          ,          ,        ,
 1, 1,  ,0000000422,          ,14,35, 4, 8,16,  ,  ,  ,  ,  ,          ,          ,        ,
 1, 1, 2,0000000422,0000000000,14,35, 4, 8,16,  ,  ,  ,  ,  ,          ,          ,        ,
 1, 1,  ,0000000296,          ,14,36, 4, 8,16,  ,  ,  ,  ,  ,          ,          ,        ,
 1, 1, 2,0000000296,0000000000,14,36, 4, 8,16,  ,  ,  ,  ,  ,          ,          ,        ,
 1, 1,  ,0000000335,          ,14,36, 4, 8,16,  ,  ,  ,  ,  ,          ,          ,        ,
 1, 1, 2,0000000335,0000000000,14,36, 4, 8,16,  ,  ,  ,  ,  ,          ,          ,        ,
 1, 1,  ,0000000497,          ,14,36, 4, 8,16,  ,  ,  ,  ,  ,          ,          ,        ,
 1, 1, 2,0000000497,0000000000,14,36, 4, 8,16,  ,  ,  ,  ,  ,          ,          ,        ,
 1, 1,  ,0000000331,          ,14,36, 4, 8,16,  ,  ,  ,  ,  ,          ,          ,        ,
 1, 1, 2,0000000331,0000000000,14,36, 4, 8,16,  ,  ,  ,  ,  ,          ,          ,        ,
 1, 1,  ,0000000364,          ,14,37, 4, 8,16,  ,  ,  ,  ,  ,          ,          ,        ,
 1, 1, 2,0000000364,0000000000,14,37, 4, 8,16,  ,  ,  ,  ,  ,          ,          ,        ,
 1, 1,  ,0000000237,          ,14,37, 4, 8,16,  ,  ,  ,  ,  ,          ,          ,        ,
 1, 1, 2,0000000237,0000000000,14,37, 4, 8,16,  ,  ,  ,  ,  ,          ,          ,        ,
 1, 1,  ,0000000384,          ,14,37, 4, 8,16,  ,  ,  ,  ,  ,          ,          ,        ,
 1, 1, 2,0000000384,0000000000,14,37, 4, 8,16,  ,  ,  ,  ,  ,          ,          ,        ,
 1, 1,  ,0000000057,          ,14,37, 4, 8,16,  ,  ,  ,  ,  ,          ,          ,        ,
 1, 1, 2,0000000057,0000000000,14,37, 4, 8,16,  ,  ,  ,  ,  ,          ,          ,        ,
 1, 1,  ,0000002505,          ,14,37, 4, 8,16,  ,  ,  ,  ,  ,          ,          ,        ,
 1, 1, 2,0000002505,0000000000,14,37, 4, 8,16,  ,  ,  ,  ,  ,          ,          ,        ,
 1, 1,  ,0000000148,          ,14,38, 4, 8,16,  ,  ,  ,  ,  ,          ,          ,        ,
 1, 1, 2,0000000148,0000000000,14,38, 4, 8,16,  ,  ,  ,  ,  ,          ,          ,        ,
 1, 1,  ,0000000289,          ,14,38, 4, 8,16,  ,  ,  ,  ,  ,          ,          ,        ,
 1, 1, 2,0000000289,0000000000,14,38, 4, 8,16,  ,  ,  ,  ,  ,          ,          ,        ,
 1, 1,  ,0000000041,          ,14,38, 4, 8,16,  ,  ,  ,  ,  ,          ,          ,        ,
 1, 1, 2,0000000041,0000000000,14,38, 4, 8,16,  ,  ,  ,  ,  ,          ,          ,        ,
 1, 1,  ,0000000221,          ,14,38, 4, 8,16,  ,  ,  ,  ,  ,          ,          ,        ,
 1, 1, 2,0000000221,0000000000,14,38, 4, 8,16,  ,  ,  ,  ,  ,          ,          ,        ,
 1, 1,  ,0000000027,          ,14,38, 4, 8,16,  ,  ,  ,  ,  ,          ,          ,        ,
 1, 1, 2,0000000027,0000000000,14,38, 4, 8,16,  ,  ,  ,  ,  ,          ,          ,        ,
 1, 1,  ,0000000329,          ,14,39, 4, 8,16,  ,  ,  ,  ,  ,          ,          ,        ,
 1, 1, 2,0000000329,0000000000,14,39, 4, 8,16,  ,  ,  ,  ,  ,          ,          ,        ,
 1, 1,  ,0000000043,          ,14,39, 4, 8,16,  ,  ,  ,  ,  ,          ,          ,        ,
 1, 1, 2,0000000043,0000000000,14,39, 4, 8,16,  ,  ,  ,  ,  ,          ,          ,        ,
 1, 1,  ,0000000063,          ,14,40, 4, 8,16,  ,  ,  ,  ,  ,          ,          ,        ,
 1, 1, 2,0000000063,0000000000,14,40, 4, 8,16,  ,  ,  ,  ,  ,          ,          ,        ,
 1, 1,  ,0000000097,          ,14,40, 4, 8,16,  ,  ,  ,  ,  ,          ,          ,        ,
 1, 1, 2,0000000097,0000000000,14,40, 4, 8,16,  ,  ,  ,  ,  ,          ,          ,        ,
 1, 1,  ,0000000158,          ,14,43, 4, 8,16,  ,  ,  ,  ,  ,          ,          ,        ,
 1, 1, 2,0000000158,0000000000,14,43, 4, 8,16,  ,  ,  ,  ,  ,          ,          ,        ,
 1, 1,  ,0000000397,          ,14,46, 4, 8,16,  ,  ,  ,  ,  ,          ,          ,        ,
 1, 1, 2,0000000397,0000000000,14,46, 4, 8,16,  ,  ,  ,  ,  ,          ,          ,        ,
 1, 1,  ,0000000392,          ,15,33, 4, 8,16,  ,  ,  ,  ,  ,          ,          ,        ,
 1, 1, 2,0000000392,0000000000,15,33, 4, 8,16,  ,  ,  ,  ,  ,          ,          ,        ,
 1, 1,  ,0000000168,          ,15,34, 4, 8,16,  ,  ,  ,  ,  ,          ,          ,        ,
 1, 1, 2,0000000168,0000000000,15,34, 4, 8,16,  ,  ,  ,  ,  ,          ,          ,        ,
 1, 1,  ,0000000323,          ,15,35, 4, 8,16,  ,  ,  ,  ,  ,          ,          ,        ,
 1, 1, 2,0000000323,0000000000,15,35, 4, 8,16,  ,  ,  ,  ,  ,          ,          ,        ,
 1, 1,  ,0000000138,          ,15,38, 4, 8,16,  ,  ,  ,  ,  ,          ,          ,        ,
 1, 1, 2,0000000138,0000000000,15,38, 4, 8,16,  ,  ,  ,  ,  ,          ,          ,        ,
 1, 1,  ,0000000347,          ,15,38, 4, 8,16,  ,  ,  ,  ,  ,          ,          ,        ,
 1, 1, 2,0000000347,0000000000,15,38, 4, 8,16,  ,  ,  ,  ,  ,          ,          ,        ,
 1, 1,  ,0000000191,          ,15,38, 4, 8,16,  ,  ,  ,  ,  ,          ,          ,        ,
 1, 1, 2,0000000191,0000000000,15,38, 4, 8,16,  ,  ,  ,  ,  ,          ,          ,        ,
 1, 1,  ,0000000403,          ,17, 0, 4, 8,16,  ,  ,  ,  ,  ,          ,          ,        ,
 1, 1, 2,0000000403,0000000000,17, 0, 4, 8,16,  ,  ,  ,  ,  ,          ,          ,        ,
 1, 1,  ,0000000080,          ,17, 0, 4, 8,16,  ,  ,  ,  ,  ,          ,          ,        ,
 1, 1, 2,0000000080,0000000000,17, 0, 4, 8,16,  ,  ,  ,  ,  ,          ,          ,        ,
 1, 1,  ,0000000161,          ,17, 3, 4, 8,16,  ,  ,  ,  ,  ,          ,          ,        ,
 1, 1, 2,0000000161,0000000000,17, 3, 4, 8,16,  ,  ,  ,  ,  ,          ,          ,        ,
 1, 1,  ,0000000214,          ,17, 3, 4, 8,16,  ,  ,  ,  ,  ,          ,          ,        ,
 1, 1, 2,0000000214,0000000000,17, 3, 4, 8,16,  ,  ,  ,  ,  ,          ,          ,        ,
 1, 1,  ,0000000111,          ,17, 4, 4, 8,16,  ,  ,  ,  ,  ,          ,          ,        ,
 1, 1, 2,0000000111,0000000000,17, 4, 4, 8,16,  ,  ,  ,  ,  ,          ,          ,        ,
 1, 1,  ,0000000360,          ,17, 4, 4, 8,16,  ,  ,  ,  ,  ,          ,          ,        ,
 1, 1, 2,0000000360,0000000000,17, 4, 4, 8,16,  ,  ,  ,  ,  ,          ,          ,        ,
 1, 1,  ,0000000445,          ,17, 4, 4, 8,16,  ,  ,  ,  ,  ,          ,          ,        ,
 1, 1, 2,0000000445,0000000000,17, 4, 4, 8,16,  ,  ,  ,  ,  ,          ,          ,        ,
 1, 1,  ,0000000066,          ,17, 4, 4, 8,16,  ,  ,  ,  ,  ,          ,          ,        ,
 1, 1, 2,0000000066,0000000000,17, 4, 4, 8,16,  ,  ,  ,  ,  ,          ,          ,        ,
 1, 1,  ,0000002531,          ,17, 4, 4, 8,16,  ,  ,  ,  ,  ,          ,          ,        ,
 1, 1, 2,0000002531,0000000000,17, 4, 4, 8,16,  ,  ,  ,  ,  ,          ,          ,        ,
 1, 1,  ,0000000465,          ,17, 5, 4, 8,16,  ,  ,  ,  ,  ,          ,          ,        ,
 1, 1, 2,0000000465,0000000000,17, 5, 4, 8,16,  ,  ,  ,  ,  ,          ,          ,        ,
 1, 1,  ,0000000199,          ,17, 6, 4, 8,16,  ,  ,  ,  ,  ,          ,          ,        ,
 1, 1, 2,0000000199,0000000000,17, 6, 4, 8,16,  ,  ,  ,  ,  ,          ,          ,        ,
 1, 1,  ,0000000137,          ,17, 6, 4, 8,16,  ,  ,  ,  ,  ,          ,          ,        ,
 1, 1, 2,0000000137,0000000000,17, 6, 4, 8,16,  ,  ,  ,  ,  ,          ,          ,        ,
 1, 1,  ,0000000431,          , 5,34, 4, 9,16,  ,  ,  ,  ,  ,          ,          ,        ,
 1, 1, 1,0000000431,0000000029, 5,34, 4, 9,16,  ,  ,  ,  ,  ,          ,          ,        ,
 1, 1,  ,0000000344,          , 5,36, 4, 9,16,  ,  ,  ,  ,  ,          ,          ,        ,
 1, 1, 1,0000000344,0000000029, 5,36, 4, 9,16,  ,  ,  ,  ,  ,          ,          ,        ,
 1, 1,  ,0000000267,          , 5,36, 4, 9,16,  ,  ,  ,  ,  ,          ,          ,        ,
 1, 1, 1,0000000267,0000000000, 5,36, 4, 9,16,  ,  ,  ,  ,  ,          ,          ,        ,
 1, 1,  ,0000000336,          , 5,36, 4, 9,16,  ,  ,  ,  ,  ,          ,          ,        ,
 1, 1, 1,0000000336,0000000000, 5,36, 4, 9,16,  ,  ,  ,  ,  ,          ,          ,        ,
 1, 1,  ,0000000063,          , 5,37, 4, 9,16,  ,  ,  ,  ,  ,          ,          ,        ,
 1, 1, 1,0000000063,0000000022, 5,37, 4, 9,16,  ,  ,  ,  ,  ,          ,          ,        ,
 1, 1,  ,0000000063,          , 5,37, 4, 9,16,  ,  ,  ,  ,  ,          ,          ,        ,
 1, 1, 1,0000000063,0000000022, 5,37, 4, 9,16,  ,  ,  ,  ,  ,          ,          ,        ,
 1, 1,  ,0000000302,          , 5,37, 4, 9,16,  ,  ,  ,  ,  ,          ,          ,        ,
 1, 1, 1,0000000302,0000000029, 5,37, 4, 9,16,  ,  ,  ,  ,  ,          ,          ,        ,
 1, 1,  ,0000000041,          , 5,37, 4, 9,16,  ,  ,  ,  ,  ,          ,          ,        ,
 1, 1, 1,0000000041,0000000029, 5,37, 4, 9,16,  ,  ,  ,  ,  ,          ,          ,        ,
 1, 1,  ,0000000148,          , 5,38, 4, 9,16,  ,  ,  ,  ,  ,          ,          ,        ,
 1, 1, 1,0000000148,0000000040, 5,38, 4, 9,16,  ,  ,  ,  ,  ,          ,          ,        ,
 1, 1,  ,0000000403,          , 5,40, 4, 9,16,  ,  ,  ,  ,  ,          ,          ,        ,
 1, 1, 1,0000000403,0000000031, 5,40, 4, 9,16,  ,  ,  ,  ,  ,          ,          ,        ,
 1, 1,  ,0000000496,          , 5,41, 4, 9,16,  ,  ,  ,  ,  ,          ,          ,        ,
 1, 1, 1,0000000496,0000000031, 5,41, 4, 9,16,  ,  ,  ,  ,  ,          ,          ,        ,
 1, 1,  ,0000002531,          , 5,41, 4, 9,16,  ,  ,  ,  ,  ,          ,          ,        ,
 1, 1, 1,0000002531,0000000058, 5,41, 4, 9,16,  ,  ,  ,  ,  ,          ,          ,        ,
 1, 1,  ,0000000199,          , 5,42, 4, 9,16,  ,  ,  ,  ,  ,          ,          ,        ,
 1, 1, 1,0000000199,0000000070, 5,42, 4, 9,16,  ,  ,  ,  ,  ,          ,          ,        ,
 1, 1,  ,0000000445,          , 5,43, 4, 9,16,  ,  ,  ,  ,  ,          ,          ,        ,
 1, 1, 1,0000000445,0000000058, 5,43, 4, 9,16,  ,  ,  ,  ,  ,          ,          ,        ,
 1, 1,  ,0000000318,          , 5,43, 4, 9,16,  ,  ,  ,  ,  ,          ,          ,        ,
 1, 1, 1,0000000318,0000000029, 5,43, 4, 9,16,  ,  ,  ,  ,  ,          ,          ,        ,
 1, 1,  ,0000000422,          , 5,43, 4, 9,16,  ,  ,  ,  ,  ,          ,          ,        ,
 1, 1, 1,0000000422,0000000071, 5,43, 4, 9,16,  ,  ,  ,  ,  ,          ,          ,        ,
 1, 1,  ,0000000111,          , 5,43, 4, 9,16,  ,  ,  ,  ,  ,          ,          ,        ,
 1, 1, 1,0000000111,0000000029, 5,43, 4, 9,16,  ,  ,  ,  ,  ,          ,          ,        ,
 1, 1,  ,0000000322,          , 5,44, 4, 9,16,  ,  ,  ,  ,  ,          ,          ,        ,
 1, 1, 1,0000000322,0000000029, 5,44, 4, 9,16,  ,  ,  ,  ,  ,          ,          ,        ,
 1, 1,  ,0000000158,          , 5,44, 4, 9,16,  ,  ,  ,  ,  ,          ,          ,        ,
 1, 1, 1,0000000158,0000000029, 5,44, 4, 9,16,  ,  ,  ,  ,  ,          ,          ,        ,
 1, 1,  ,0000000301,          , 5,45, 4, 9,16,  ,  ,  ,  ,  ,          ,          ,        ,
 1, 1, 1,0000000301,0000000040, 5,45, 4, 9,16,  ,  ,  ,  ,  ,          ,          ,        ,
 1, 1,  ,0000000251,          , 5,45, 4, 9,16,  ,  ,  ,  ,  ,          ,          ,        ,
 1, 1, 1,0000000251,0000000022, 5,45, 4, 9,16,  ,  ,  ,  ,  ,          ,          ,        ,
 1, 1,  ,0000000329,          , 5,45, 4, 9,16,  ,  ,  ,  ,  ,          ,          ,        ,
 1, 1, 1,0000000329,0000000031, 5,45, 4, 9,16,  ,  ,  ,  ,  ,          ,          ,        ,
 1, 1,  ,0000000286,          , 5,45, 4, 9,16,  ,  ,  ,  ,  ,          ,          ,        ,
 1, 1, 1,0000000286,0000000029, 5,45, 4, 9,16,  ,  ,  ,  ,  ,          ,          ,        ,
 1, 1,  ,0000000364,          , 5,45, 4, 9,16,  ,  ,  ,  ,  ,          ,          ,        ,
 1, 1, 1,0000000364,0000000000, 5,45, 4, 9,16,  ,  ,  ,  ,  ,          ,          ,        ,
 1, 1,  ,0000000066,          , 5,46, 4, 9,16,  ,  ,  ,  ,  ,          ,          ,        ,
 1, 1, 1,0000000066,0000000054, 5,46, 4, 9,16,  ,  ,  ,  ,  ,          ,          ,        ,
 1, 1,  ,0000000145,          , 5,47, 4, 9,16,  ,  ,  ,  ,  ,          ,          ,        ,
 1, 1, 1,0000000145,0000000058, 5,47, 4, 9,16,  ,  ,  ,  ,  ,          ,          ,        ,
 1, 1,  ,0000000161,          , 5,47, 4, 9,16,  ,  ,  ,  ,  ,          ,          ,        ,
 1, 1, 1,0000000161,0000000033, 5,47, 4, 9,16,  ,  ,  ,  ,  ,          ,          ,        ,
 1, 1,  ,0000000205,          , 5,48, 4, 9,16,  ,  ,  ,  ,  ,          ,          ,        ,
 1, 1, 1,0000000205,0000000031, 5,48, 4, 9,16,  ,  ,  ,  ,  ,          ,          ,        ,
 1, 1,  ,0000000057,          , 5,48, 4, 9,16,  ,  ,  ,  ,  ,          ,          ,        ,
 1, 1, 1,0000000057,0000000029, 5,48, 4, 9,16,  ,  ,  ,  ,  ,          ,          ,        ,
 1, 1,  ,0000000027,          , 5,48, 4, 9,16,  ,  ,  ,  ,  ,          ,          ,        ,
 1, 1, 1,0000000027,0000000029, 5,48, 4, 9,16,  ,  ,  ,  ,  ,          ,          ,        ,
 1, 1,  ,0000000080,          , 5,48, 4, 9,16,  ,  ,  ,  ,  ,          ,          ,        ,
 1, 1, 1,0000000080,0000000009, 5,48, 4, 9,16,  ,  ,  ,  ,  ,          ,          ,        ,
 1, 1,  ,0000000461,          , 5,48, 4, 9,16,  ,  ,  ,  ,  ,          ,          ,        ,
 1, 1, 1,0000000461,0000000029, 5,48, 4, 9,16,  ,  ,  ,  ,  ,          ,          ,        ,
 1, 1,  ,0000000221,          , 5,49, 4, 9,16,  ,  ,  ,  ,  ,          ,          ,        ,
 1, 1, 1,0000000221,0000000026, 5,49, 4, 9,16,  ,  ,  ,  ,  ,          ,          ,        ,
 1, 1,  ,0000000137,          , 5,49, 4, 9,16,  ,  ,  ,  ,  ,          ,          ,        ,
 1, 1, 1,0000000137,0000000058, 5,49, 4, 9,16,  ,  ,  ,  ,  ,          ,          ,        ,
 1, 1,  ,0000000097,          , 5,50, 4, 9,16,  ,  ,  ,  ,  ,          ,          ,        ,
 1, 1, 1,0000000097,0000000029, 5,50, 4, 9,16,  ,  ,  ,  ,  ,          ,          ,        ,
 1, 1,  ,0000000289,          , 5,51, 4, 9,16,  ,  ,  ,  ,  ,          ,          ,        ,
 1, 1, 1,0000000289,0000000053, 5,51, 4, 9,16,  ,  ,  ,  ,  ,          ,          ,        ,
 1, 1,  ,0000000397,          , 5,52, 4, 9,16,  ,  ,  ,  ,  ,          ,          ,        ,
 1, 1, 1,0000000397,0000000040, 5,52, 4, 9,16,  ,  ,  ,  ,  ,          ,          ,        ,
 1, 1,  ,0000000053,          , 5,53, 4, 9,16,  ,  ,  ,  ,  ,          ,          ,        ,
 1, 1, 1,0000000053,0000000029, 5,53, 4, 9,16,  ,  ,  ,  ,  ,          ,          ,        ,
 1, 1,  ,0000000335,          , 5,53, 4, 9,16,  ,  ,  ,  ,  ,          ,          ,        ,
 1, 1, 1,0000000335,0000000040, 5,53, 4, 9,16,  ,  ,  ,  ,  ,          ,          ,        ,
 1, 1,  ,0000000317,          , 5,54, 4, 9,16,  ,  ,  ,  ,  ,          ,          ,        ,
 1, 1, 1,0000000317,0000000058, 5,54, 4, 9,16,  ,  ,  ,  ,  ,          ,          ,        ,
 1, 1,  ,0000000043,          , 5,55, 4, 9,16,  ,  ,  ,  ,  ,          ,          ,        ,
 1, 1, 1,0000000043,0000000000, 5,55, 4, 9,16,  ,  ,  ,  ,  ,          ,          ,        ,
 1, 1,  ,0000000010,          , 5,55, 4, 9,16,  ,  ,  ,  ,  ,          ,          ,        ,
 1, 1, 1,0000000010,0000000029, 5,55, 4, 9,16,  ,  ,  ,  ,  ,          ,          ,        ,
 1, 1,  ,0000000465,          , 5,55, 4, 9,16,  ,  ,  ,  ,  ,          ,          ,        ,
 1, 1, 1,0000000465,0000000022, 5,55, 4, 9,16,  ,  ,  ,  ,  ,          ,          ,        ,
 1, 1,  ,0000000347,          , 5,57, 4, 9,16,  ,  ,  ,  ,  ,          ,          ,        ,
 1, 1, 1,0000000347,0000000058, 5,57, 4, 9,16,  ,  ,  ,  ,  ,          ,          ,        ,
 1, 1,  ,0000000296,          , 5,57, 4, 9,16,  ,  ,  ,  ,  ,          ,          ,        ,
 1, 1, 1,0000000296,0000000053, 5,57, 4, 9,16,  ,  ,  ,  ,  ,          ,          ,        ,
 1, 1,  ,0000000012,          , 5,57, 4, 9,16,  ,  ,  ,  ,  ,          ,          ,        ,
 1, 1, 1,0000000012,0000000031, 5,57, 4, 9,16,  ,  ,  ,  ,  ,          ,          ,        ,
 1, 1,  ,0000000497,          , 6, 7, 4, 9,16,  ,  ,  ,  ,  ,          ,          ,        ,
 1, 1, 1,0000000497,0000000058, 6, 7, 4, 9,16,  ,  ,  ,  ,  ,          ,          ,        ,
