 1, 1,  ,0000000496,          ,13,16, 4, 2,16,  ,  ,  ,  ,  ,          ,          ,        ,
 1, 1, 2,0000000496,0000000000,13,16, 4, 2,16,  ,  ,  ,  ,  ,          ,          ,        ,
 1, 1,  ,0000000169,          ,13,16, 4, 2,16,  ,  ,  ,  ,  ,          ,          ,        ,
 1, 1, 2,0000000169,0000000000,13,16, 4, 2,16,  ,  ,  ,  ,  ,          ,          ,        ,
 1, 1,  ,0000000318,          ,13,17, 4, 2,16,  ,  ,  ,  ,  ,          ,          ,        ,
 1, 1, 2,0000000318,0000000000,13,17, 4, 2,16,  ,  ,  ,  ,  ,          ,          ,        ,
 1, 1,  ,0000000493,          ,13,18, 4, 2,16,  ,  ,  ,  ,  ,          ,          ,        ,
 1, 1, 2,0000000493,0000000000,13,18, 4, 2,16,  ,  ,  ,  ,  ,          ,          ,        ,
 1, 1,  ,0000000302,          ,13,18, 4, 2,16,  ,  ,  ,  ,  ,          ,          ,        ,
 1, 1, 2,0000000302,0000000000,13,18, 4, 2,16,  ,  ,  ,  ,  ,          ,          ,        ,
 1, 1,  ,0000000497,          ,13,19, 4, 2,16,  ,  ,  ,  ,  ,          ,          ,        ,
 1, 1, 2,0000000497,0000000000,13,19, 4, 2,16,  ,  ,  ,  ,  ,          ,          ,        ,
 1, 1,  ,0000000043,          ,13,19, 4, 2,16,  ,  ,  ,  ,  ,          ,          ,        ,
 1, 1, 2,0000000043,0000000000,13,19, 4, 2,16,  ,  ,  ,  ,  ,          ,          ,        ,
 1, 1,  ,0000000205,          ,13,20, 4, 2,16,  ,  ,  ,  ,  ,          ,          ,        ,
 1, 1, 2,0000000205,0000000000,13,20, 4, 2,16,  ,  ,  ,  ,  ,          ,          ,        ,
 1, 1,  ,0000000168,          ,13,20, 4, 2,16,  ,  ,  ,  ,  ,          ,          ,        ,
 1, 1, 2,0000000168,0000000000,13,20, 4, 2,16,  ,  ,  ,  ,  ,          ,          ,        ,
 1, 1,  ,0000000461,          ,13,21, 4, 2,16,  ,  ,  ,  ,  ,          ,          ,        ,
 1, 1, 2,0000000461,0000000000,13,21, 4, 2,16,  ,  ,  ,  ,  ,          ,          ,        ,
 1, 1,  ,0000000461,          ,13,21, 4, 2,16,  ,  ,  ,  ,  ,          ,          ,        ,
 1, 1, 2,0000000461,0000000000,13,21, 4, 2,16,  ,  ,  ,  ,  ,          ,          ,        ,
 1, 1,  ,0000000205,          ,13,21, 4, 2,16,  ,  ,  ,  ,  ,          ,          ,        ,
 1, 1, 2,0000000205,0000000000,13,21, 4, 2,16,  ,  ,  ,  ,  ,          ,          ,        ,
 1, 1,  ,0000000336,          ,13,21, 4, 2,16,  ,  ,  ,  ,  ,          ,          ,        ,
 1, 1, 2,0000000336,0000000000,13,21, 4, 2,16,  ,  ,  ,  ,  ,          ,          ,        ,
 1, 1,  ,0000000053,          ,13,21, 4, 2,16,  ,  ,  ,  ,  ,          ,          ,        ,
 1, 1, 2,0000000053,0000000000,13,21, 4, 2,16,  ,  ,  ,  ,  ,          ,          ,        ,
 1, 1,  ,0000000267,          ,13,21, 4, 2,16,  ,  ,  ,  ,  ,          ,          ,        ,
 1, 1, 2,0000000267,0000000000,13,21, 4, 2,16,  ,  ,  ,  ,  ,          ,          ,        ,
 1, 1,  ,0000000080,          ,13,22, 4, 2,16,  ,  ,  ,  ,  ,          ,          ,        ,
 1, 1, 2,0000000080,0000000000,13,22, 4, 2,16,  ,  ,  ,  ,  ,          ,          ,        ,
 1, 1,  ,0000000403,          ,13,22, 4, 2,16,  ,  ,  ,  ,  ,          ,          ,        ,
 1, 1, 2,0000000403,0000000000,13,22, 4, 2,16,  ,  ,  ,  ,  ,          ,          ,        ,
 1, 1,  ,0000000479,          ,13,22, 4, 2,16,  ,  ,  ,  ,  ,          ,          ,        ,
 1, 1, 2,0000000479,0000000000,13,22, 4, 2,16,  ,  ,  ,  ,  ,          ,          ,        ,
 1, 1,  ,0000000445,          ,13,22, 4, 2,16,  ,  ,  ,  ,  ,          ,          ,        ,
 1, 1, 2,0000000445,0000000000,13,22, 4, 2,16,  ,  ,  ,  ,  ,          ,          ,        ,
 1, 1,  ,0000000360,          ,13,23, 4, 2,16,  ,  ,  ,  ,  ,          ,          ,        ,
 1, 1, 2,0000000360,0000000000,13,23, 4, 2,16,  ,  ,  ,  ,  ,          ,          ,        ,
 1, 1,  ,0000000012,          ,13,23, 4, 2,16,  ,  ,  ,  ,  ,          ,          ,        ,
 1, 1, 2,0000000012,0000000000,13,23, 4, 2,16,  ,  ,  ,  ,  ,          ,          ,        ,
 1, 1,  ,0000000301,          ,13,23, 4, 2,16,  ,  ,  ,  ,  ,          ,          ,        ,
 1, 1, 2,0000000301,0000000000,13,23, 4, 2,16,  ,  ,  ,  ,  ,          ,          ,        ,
 1, 1,  ,0000000286,          ,13,23, 4, 2,16,  ,  ,  ,  ,  ,          ,          ,        ,
 1, 1, 2,0000000286,0000000000,13,23, 4, 2,16,  ,  ,  ,  ,  ,          ,          ,        ,
 1, 1,  ,0000000397,          ,13,24, 4, 2,16,  ,  ,  ,  ,  ,          ,          ,        ,
 1, 1, 2,0000000397,0000000000,13,24, 4, 2,16,  ,  ,  ,  ,  ,          ,          ,        ,
 1, 1,  ,0000000221,          ,13,24, 4, 2,16,  ,  ,  ,  ,  ,          ,          ,        ,
 1, 1, 2,0000000221,0000000000,13,24, 4, 2,16,  ,  ,  ,  ,  ,          ,          ,        ,
 1, 1,  ,0000000148,          ,13,24, 4, 2,16,  ,  ,  ,  ,  ,          ,          ,        ,
 1, 1, 2,0000000148,0000000000,13,24, 4, 2,16,  ,  ,  ,  ,  ,          ,          ,        ,
 1, 1,  ,0000000422,          ,13,25, 4, 2,16,  ,  ,  ,  ,  ,          ,          ,        ,
 1, 1, 2,0000000422,0000000000,13,25, 4, 2,16,  ,  ,  ,  ,  ,          ,          ,        ,
 1, 1,  ,0000000081,          ,13,26, 4, 2,16,  ,  ,  ,  ,  ,          ,          ,        ,
 1, 1, 2,0000000081,0000000000,13,26, 4, 2,16,  ,  ,  ,  ,  ,          ,          ,        ,
 1, 1,  ,0000000329,          ,13,26, 4, 2,16,  ,  ,  ,  ,  ,          ,          ,        ,
 1, 1, 2,0000000329,0000000000,13,26, 4, 2,16,  ,  ,  ,  ,  ,          ,          ,        ,
 1, 1,  ,0000000331,          ,13,26, 4, 2,16,  ,  ,  ,  ,  ,          ,          ,        ,
 1, 1, 2,0000000331,0000000000,13,26, 4, 2,16,  ,  ,  ,  ,  ,          ,          ,        ,
 1, 1,  ,0000000390,          ,13,27, 4, 2,16,  ,  ,  ,  ,  ,          ,          ,        ,
 1, 1, 2,0000000390,0000000000,13,27, 4, 2,16,  ,  ,  ,  ,  ,          ,          ,        ,
 1, 1,  ,0000000344,          ,13,27, 4, 2,16,  ,  ,  ,  ,  ,          ,          ,        ,
 1, 1, 2,0000000344,0000000000,13,27, 4, 2,16,  ,  ,  ,  ,  ,          ,          ,        ,
 1, 1,  ,0000000027,          ,13,27, 4, 2,16,  ,  ,  ,  ,  ,          ,          ,        ,
 1, 1, 2,0000000027,0000000000,13,27, 4, 2,16,  ,  ,  ,  ,  ,          ,          ,        ,
 1, 1,  ,0000000335,          ,13,27, 4, 2,16,  ,  ,  ,  ,  ,          ,          ,        ,
 1, 1, 2,0000000335,0000000000,13,27, 4, 2,16,  ,  ,  ,  ,  ,          ,          ,        ,
 1, 1,  ,0000000063,          ,13,27, 4, 2,16,  ,  ,  ,  ,  ,          ,          ,        ,
 1, 1, 2,0000000063,0000000000,13,27, 4, 2,16,  ,  ,  ,  ,  ,          ,          ,        ,
 1, 1,  ,0000000364,          ,13,28, 4, 2,16,  ,  ,  ,  ,  ,          ,          ,        ,
 1, 1, 2,0000000364,0000000000,13,28, 4, 2,16,  ,  ,  ,  ,  ,          ,          ,        ,
 1, 1,  ,0000000111,          ,13,28, 4, 2,16,  ,  ,  ,  ,  ,          ,          ,        ,
 1, 1, 2,0000000111,0000000000,13,28, 4, 2,16,  ,  ,  ,  ,  ,          ,          ,        ,
 1, 1,  ,0000000010,          ,13,29, 4, 2,16,  ,  ,  ,  ,  ,          ,          ,        ,
 1, 1, 2,0000000010,0000000000,13,29, 4, 2,16,  ,  ,  ,  ,  ,          ,          ,        ,
 1, 1,  ,0000000158,          ,13,30, 4, 2,16,  ,  ,  ,  ,  ,          ,          ,        ,
 1, 1, 2,0000000158,0000000000,13,30, 4, 2,16,  ,  ,  ,  ,  ,          ,          ,        ,
 1, 1,  ,0000000199,          ,15,16, 4, 2,16,  ,  ,  ,  ,  ,          ,          ,        ,
 1, 1, 2,0000000199,0000000000,15,16, 4, 2,16,  ,  ,  ,  ,  ,          ,          ,        ,
 1, 1,  ,0000000323,          ,15,16, 4, 2,16,  ,  ,  ,  ,  ,          ,          ,        ,
 1, 1, 2,0000000323,0000000000,15,16, 4, 2,16,  ,  ,  ,  ,  ,          ,          ,        ,
 1, 1,  ,0000000431,          ,15,19, 4, 2,16,  ,  ,  ,  ,  ,          ,          ,        ,
 1, 1, 2,0000000431,0000000000,15,19, 4, 2,16,  ,  ,  ,  ,  ,          ,          ,        ,
 1, 1,  ,0000000138,          ,15,19, 4, 2,16,  ,  ,  ,  ,  ,          ,          ,        ,
 1, 1, 2,0000000138,0000000000,15,19, 4, 2,16,  ,  ,  ,  ,  ,          ,          ,        ,
 1, 1,  ,0000000214,          ,15,25, 4, 2,16,  ,  ,  ,  ,  ,          ,          ,        ,
 1, 1, 2,0000000214,0000000000,15,25, 4, 2,16,  ,  ,  ,  ,  ,          ,          ,        ,
 1, 1,  ,0000000381,          ,15,26, 4, 2,16,  ,  ,  ,  ,  ,          ,          ,        ,
 1, 1, 2,0000000381,0000000000,15,26, 4, 2,16,  ,  ,  ,  ,  ,          ,          ,        ,
 1, 1,  ,0000000041,          ,15,26, 4, 2,16,  ,  ,  ,  ,  ,          ,          ,        ,
 1, 1, 2,0000000041,0000000000,15,26, 4, 2,16,  ,  ,  ,  ,  ,          ,          ,        ,
 1, 1,  ,0000002505,          ,15,26, 4, 2,16,  ,  ,  ,  ,  ,          ,          ,        ,
 1, 1, 2,0000002505,0000000000,15,26, 4, 2,16,  ,  ,  ,  ,  ,          ,          ,        ,
 1, 1,  ,0000000424,          ,15,26, 4, 2,16,  ,  ,  ,  ,  ,          ,          ,        ,
 1, 1, 2,0000000424,0000000000,15,26, 4, 2,16,  ,  ,  ,  ,  ,          ,          ,        ,
 1, 1,  ,0000000137,          ,15,27, 4, 2,16,  ,  ,  ,  ,  ,          ,          ,        ,
 1, 1, 2,0000000137,0000000000,15,27, 4, 2,16,  ,  ,  ,  ,  ,          ,          ,        ,
 1, 1,  ,0000000066,          ,15,28, 4, 2,16,  ,  ,  ,  ,  ,          ,          ,        ,
 1, 1, 2,0000000066,0000000000,15,28, 4, 2,16,  ,  ,  ,  ,  ,          ,          ,        ,
 1, 1,  ,0000000384,          ,15,29, 4, 2,16,  ,  ,  ,  ,  ,          ,          ,        ,
 1, 1, 2,0000000384,0000000000,15,29, 4, 2,16,  ,  ,  ,  ,  ,          ,          ,        ,
 1, 1,  ,0000000097,          ,15,33, 4, 2,16,  ,  ,  ,  ,  ,          ,          ,        ,
 1, 1, 2,0000000097,0000000000,15,33, 4, 2,16,  ,  ,  ,  ,  ,          ,          ,        ,
 1, 1,  ,0000000465,          ,15,33, 4, 2,16,  ,  ,  ,  ,  ,          ,          ,        ,
 1, 1, 2,0000000465,0000000000,15,33, 4, 2,16,  ,  ,  ,  ,  ,          ,          ,        ,
 1, 1,  ,0000000161,          ,15,34, 4, 2,16,  ,  ,  ,  ,  ,          ,          ,        ,
 1, 1, 2,0000000161,0000000000,15,34, 4, 2,16,  ,  ,  ,  ,  ,          ,          ,        ,
 1, 1,  ,0000000381,          , 5,37, 4, 3,16,  ,  ,  ,  ,  ,          ,          ,        ,
 1, 1, 1,0000000381,0000000000, 5,37, 4, 3,16,  ,  ,  ,  ,  ,          ,          ,        ,
 1, 1,  ,0000000335,          , 5,39, 4, 3,16,  ,  ,  ,  ,  ,          ,          ,        ,
 1, 1, 1,0000000335,0000000040, 5,39, 4, 3,16,  ,  ,  ,  ,  ,          ,          ,        ,
 1, 1,  ,0000000344,          , 5,39, 4, 3,16,  ,  ,  ,  ,  ,          ,          ,        ,
 1, 1, 1,0000000344,0000000029, 5,39, 4, 3,16,  ,  ,  ,  ,  ,          ,          ,        ,
 1, 1,  ,0000000158,          , 5,39, 4, 3,16,  ,  ,  ,  ,  ,          ,          ,        ,
 1, 1, 1,0000000158,0000000029, 5,39, 4, 3,16,  ,  ,  ,  ,  ,          ,          ,        ,
 1, 1,  ,0000000111,          , 5,40, 4, 3,16,  ,  ,  ,  ,  ,          ,          ,        ,
 1, 1, 1,0000000111,0000000029, 5,40, 4, 3,16,  ,  ,  ,  ,  ,          ,          ,        ,
 1, 1,  ,0000000199,          , 5,41, 4, 3,16,  ,  ,  ,  ,  ,          ,          ,        ,
 1, 1, 1,0000000199,0000000070, 5,41, 4, 3,16,  ,  ,  ,  ,  ,          ,          ,        ,
 1, 1,  ,0000000296,          , 5,41, 4, 3,16,  ,  ,  ,  ,  ,          ,          ,        ,
 1, 1, 1,0000000296,0000000053, 5,41, 4, 3,16,  ,  ,  ,  ,  ,          ,          ,        ,
 1, 1,  ,0000000323,          , 5,45, 4, 3,16,  ,  ,  ,  ,  ,          ,          ,        ,
 1, 1, 1,0000000323,0000000058, 5,45, 4, 3,16,  ,  ,  ,  ,  ,          ,          ,        ,
 1, 1,  ,0000000161,          , 5,45, 4, 3,16,  ,  ,  ,  ,  ,          ,          ,        ,
 1, 1, 1,0000000161,0000000033, 5,45, 4, 3,16,  ,  ,  ,  ,  ,          ,          ,        ,
 1, 1,  ,0000000066,          , 5,45, 4, 3,16,  ,  ,  ,  ,  ,          ,          ,        ,
 1, 1, 1,0000000066,0000000054, 5,45, 4, 3,16,  ,  ,  ,  ,  ,          ,          ,        ,
 1, 1,  ,0000000302,          , 5,46, 4, 3,16,  ,  ,  ,  ,  ,          ,          ,        ,
 1, 1, 1,0000000302,0000000029, 5,46, 4, 3,16,  ,  ,  ,  ,  ,          ,          ,        ,
 1, 1,  ,0000000043,          , 5,47, 4, 3,16,  ,  ,  ,  ,  ,          ,          ,        ,
 1, 1, 1,0000000043,0000000000, 5,47, 4, 3,16,  ,  ,  ,  ,  ,          ,          ,        ,
 1, 1,  ,0000000397,          , 5,48, 4, 3,16,  ,  ,  ,  ,  ,          ,          ,        ,
 1, 1, 1,0000000397,0000000040, 5,48, 4, 3,16,  ,  ,  ,  ,  ,          ,          ,        ,
 1, 1,  ,0000000322,          , 5,49, 4, 3,16,  ,  ,  ,  ,  ,          ,          ,        ,
 1, 1, 1,0000000322,0000000029, 5,49, 4, 3,16,  ,  ,  ,  ,  ,          ,          ,        ,
 1, 1,  ,0000000137,          , 5,49, 4, 3,16,  ,  ,  ,  ,  ,          ,          ,        ,
 1, 1, 1,0000000137,0000000058, 5,49, 4, 3,16,  ,  ,  ,  ,  ,          ,          ,        ,
 1, 1,  ,0000000301,          , 5,51, 4, 3,16,  ,  ,  ,  ,  ,          ,          ,        ,
 1, 1, 1,0000000301,0000000040, 5,51, 4, 3,16,  ,  ,  ,  ,  ,          ,          ,        ,
 1, 1,  ,0000000145,          , 5,51, 4, 3,16,  ,  ,  ,  ,  ,          ,          ,        ,
 1, 1, 1,0000000145,0000000058, 5,51, 4, 3,16,  ,  ,  ,  ,  ,          ,          ,        ,
 1, 1,  ,0000000461,          , 5,52, 4, 3,16,  ,  ,  ,  ,  ,          ,          ,        ,
 1, 1, 1,0000000461,0000000029, 5,52, 4, 3,16,  ,  ,  ,  ,  ,          ,          ,        ,
 1, 1,  ,0000000497,          , 6, 4, 4, 3,16,  ,  ,  ,  ,  ,          ,          ,        ,
 1, 1, 1,0000000497,0000000058, 6, 4, 4, 3,16,  ,  ,  ,  ,  ,          ,          ,        ,
 1, 1,  ,0000000295,          ,13, 0, 4, 3,16,  ,  ,  ,  ,  ,          ,          ,        ,
 1, 1, 2,0000000295,0000000000,13, 0, 4, 3,16,  ,  ,  ,  ,  ,          ,          ,        ,
 1, 1,  ,0000000497,          ,13, 1, 4, 3,16,  ,  ,  ,  ,  ,          ,          ,        ,
 1, 1, 2,0000000497,0000000000,13, 1, 4, 3,16,  ,  ,  ,  ,  ,          ,          ,        ,
 1, 1,  ,0000000302,          ,13, 1, 4, 3,16,  ,  ,  ,  ,  ,          ,          ,        ,
 1, 1, 2,0000000302,0000000000,13, 1, 4, 3,16,  ,  ,  ,  ,  ,          ,          ,        ,
 1, 1,  ,0000000322,          ,13, 3, 4, 3,16,  ,  ,  ,  ,  ,          ,          ,        ,
 1, 1, 2,0000000322,0000000000,13, 3, 4, 3,16,  ,  ,  ,  ,  ,          ,          ,        ,
 1, 1,  ,0000000461,          ,13, 3, 4, 3,16,  ,  ,  ,  ,  ,          ,          ,        ,
 1, 1, 2,0000000461,0000000000,13, 3, 4, 3,16,  ,  ,  ,  ,  ,          ,          ,        ,
 1, 1,  ,0000000041,          ,13, 3, 4, 3,16,  ,  ,  ,  ,  ,          ,          ,        ,
 1, 1, 2,0000000041,0000000000,13, 3, 4, 3,16,  ,  ,  ,  ,  ,          ,          ,        ,
 1, 1,  ,0000000493,          ,13, 4, 4, 3,16,  ,  ,  ,  ,  ,          ,          ,        ,
 1, 1, 2,0000000493,0000000000,13, 4, 4, 3,16,  ,  ,  ,  ,  ,          ,          ,        ,
 1, 1,  ,0000000199,          ,13, 4, 4, 3,16,  ,  ,  ,  ,  ,          ,          ,        ,
 1, 1, 2,0000000199,0000000000,13, 4, 4, 3,16,  ,  ,  ,  ,  ,          ,          ,        ,
 1, 1,  ,0000000296,          ,13, 4, 4, 3,16,  ,  ,  ,  ,  ,          ,          ,        ,
 1, 1, 2,0000000296,0000000000,13, 4, 4, 3,16,  ,  ,  ,  ,  ,          ,          ,        ,
 1, 1,  ,0000000137,          ,13, 5, 4, 3,16,  ,  ,  ,  ,  ,          ,          ,        ,
 1, 1, 2,0000000137,0000000000,13, 5, 4, 3,16,  ,  ,  ,  ,  ,          ,          ,        ,
 1, 1,  ,0000000043,          ,13, 5, 4, 3,16,  ,  ,  ,  ,  ,          ,          ,        ,
 1, 1, 2,0000000043,0000000000,13, 5, 4, 3,16,  ,  ,  ,  ,  ,          ,          ,        ,
 1, 1,  ,0000000445,          ,13, 5, 4, 3,16,  ,  ,  ,  ,  ,          ,          ,        ,
 1, 1, 2,0000000445,0000000000,13, 5, 4, 3,16,  ,  ,  ,  ,  ,          ,          ,        ,
 1, 1,  ,0000000360,          ,13, 6, 4, 3,16,  ,  ,  ,  ,  ,          ,          ,        ,
 1, 1, 2,0000000360,0000000000,13, 6, 4, 3,16,  ,  ,  ,  ,  ,          ,          ,        ,
 1, 1,  ,0000000161,          ,13, 6, 4, 3,16,  ,  ,  ,  ,  ,          ,          ,        ,
 1, 1, 2,0000000161,0000000000,13, 6, 4, 3,16,  ,  ,  ,  ,  ,          ,          ,        ,
 1, 1,  ,0000000381,          ,13, 7, 4, 3,16,  ,  ,  ,  ,  ,          ,          ,        ,
 1, 1, 2,0000000381,0000000000,13, 7, 4, 3,16,  ,  ,  ,  ,  ,          ,          ,        ,
 1, 1,  ,0000000066,          ,13, 9, 4, 3,16,  ,  ,  ,  ,  ,          ,          ,        ,
 1, 1, 2,0000000066,0000000000,13, 9, 4, 3,16,  ,  ,  ,  ,  ,          ,          ,        ,
 1, 1,  ,0000000158,          ,13,11, 4, 3,16,  ,  ,  ,  ,  ,          ,          ,        ,
 1, 1, 2,0000000158,0000000000,13,11, 4, 3,16,  ,  ,  ,  ,  ,          ,          ,        ,
 1, 1,  ,0000000344,          ,13,12, 4, 3,16,  ,  ,  ,  ,  ,          ,          ,        ,
 1, 1, 2,0000000344,0000000000,13,12, 4, 3,16,  ,  ,  ,  ,  ,          ,          ,        ,
 1, 1,  ,0000000027,          ,13,12, 4, 3,16,  ,  ,  ,  ,  ,          ,          ,        ,
 1, 1, 2,0000000027,0000000000,13,12, 4, 3,16,  ,  ,  ,  ,  ,          ,          ,        ,
 1, 1,  ,0000000323,          ,13,16, 4, 3,16,  ,  ,  ,  ,  ,          ,          ,        ,
 1, 1, 2,0000000323,0000000000,13,16, 4, 3,16,  ,  ,  ,  ,  ,          ,          ,        ,
 1, 1,  ,0000000397,          ,13,16, 4, 3,16,  ,  ,  ,  ,  ,          ,          ,        ,
 1, 1, 2,0000000397,0000000000,13,16, 4, 3,16,  ,  ,  ,  ,  ,          ,          ,        ,
 1, 1,  ,0000000335,          ,13,16, 4, 3,16,  ,  ,  ,  ,  ,          ,          ,        ,
 1, 1, 2,0000000335,0000000000,13,16, 4, 3,16,  ,  ,  ,  ,  ,          ,          ,        ,
 1, 1,  ,0000000302,          , 5,34, 4, 4,16,  ,  ,  ,  ,  ,          ,          ,        ,
 1, 1, 1,0000000302,0000000029, 5,34, 4, 4,16,  ,  ,  ,  ,  ,          ,          ,        ,
 1, 1,  ,0000000063,          , 5,34, 4, 4,16,  ,  ,  ,  ,  ,          ,          ,        ,
 1, 1, 1,0000000063,0000000022, 5,34, 4, 4,16,  ,  ,  ,  ,  ,          ,          ,        ,
 1, 1,  ,0000000041,          , 5,35, 4, 4,16,  ,  ,  ,  ,  ,          ,          ,        ,
 1, 1, 1,0000000041,0000000029, 5,35, 4, 4,16,  ,  ,  ,  ,  ,          ,          ,        ,
 1, 1,  ,0000000148,          , 5,35, 4, 4,16,  ,  ,  ,  ,  ,          ,          ,        ,
 1, 1, 1,0000000148,0000000040, 5,35, 4, 4,16,  ,  ,  ,  ,  ,          ,          ,        ,
 1, 1,  ,0000000431,          , 5,38, 4, 4,16,  ,  ,  ,  ,  ,          ,          ,        ,
 1, 1, 1,0000000431,0000000029, 5,38, 4, 4,16,  ,  ,  ,  ,  ,          ,          ,        ,
 1, 1,  ,0000000360,          , 5,39, 4, 4,16,  ,  ,  ,  ,  ,          ,          ,        ,
 1, 1, 1,0000000360,0000000058, 5,39, 4, 4,16,  ,  ,  ,  ,  ,          ,          ,        ,
 1, 1,  ,0000000336,          , 5,39, 4, 4,16,  ,  ,  ,  ,  ,          ,          ,        ,
 1, 1, 1,0000000336,0000000000, 5,39, 4, 4,16,  ,  ,  ,  ,  ,          ,          ,        ,
 1, 1,  ,0000000267,          , 5,39, 4, 4,16,  ,  ,  ,  ,  ,          ,          ,        ,
 1, 1, 1,0000000267,0000000000, 5,39, 4, 4,16,  ,  ,  ,  ,  ,          ,          ,        ,
 1, 1,  ,0000000496,          , 5,39, 4, 4,16,  ,  ,  ,  ,  ,          ,          ,        ,
 1, 1, 1,0000000496,0000000031, 5,39, 4, 4,16,  ,  ,  ,  ,  ,          ,          ,        ,
 1, 1,  ,0000000344,          , 5,40, 4, 4,16,  ,  ,  ,  ,  ,          ,          ,        ,
 1, 1, 1,0000000344,0000000029, 5,40, 4, 4,16,  ,  ,  ,  ,  ,          ,          ,        ,
 1, 1,  ,0000000066,          , 5,43, 4, 4,16,  ,  ,  ,  ,  ,          ,          ,        ,
 1, 1, 1,0000000066,0000000054, 5,43, 4, 4,16,  ,  ,  ,  ,  ,          ,          ,        ,
 1, 1,  ,0000000445,          , 5,43, 4, 4,16,  ,  ,  ,  ,  ,          ,          ,        ,
 1, 1, 1,0000000445,0000000058, 5,43, 4, 4,16,  ,  ,  ,  ,  ,          ,          ,        ,
 1, 1,  ,0000000145,          , 5,44, 4, 4,16,  ,  ,  ,  ,  ,          ,          ,        ,
 1, 1, 1,0000000145,0000000058, 5,44, 4, 4,16,  ,  ,  ,  ,  ,          ,          ,        ,
 1, 1,  ,0000000318,          , 5,44, 4, 4,16,  ,  ,  ,  ,  ,          ,          ,        ,
 1, 1, 1,0000000318,0000000029, 5,44, 4, 4,16,  ,  ,  ,  ,  ,          ,          ,        ,
 1, 1,  ,0000000111,          , 5,44, 4, 4,16,  ,  ,  ,  ,  ,          ,          ,        ,
 1, 1, 1,0000000111,0000000029, 5,44, 4, 4,16,  ,  ,  ,  ,  ,          ,          ,        ,
 1, 1,  ,0000000364,          , 5,45, 4, 4,16,  ,  ,  ,  ,  ,          ,          ,        ,
 1, 1, 1,0000000364,0000000000, 5,45, 4, 4,16,  ,  ,  ,  ,  ,          ,          ,        ,
 1, 1,  ,0000000286,          , 5,45, 4, 4,16,  ,  ,  ,  ,  ,          ,          ,        ,
 1, 1, 1,0000000286,0000000029, 5,45, 4, 4,16,  ,  ,  ,  ,  ,          ,          ,        ,
 1, 1,  ,0000000331,          , 5,45, 4, 4,16,  ,  ,  ,  ,  ,          ,          ,        ,
 1, 1, 1,0000000331,0000000029, 5,45, 4, 4,16,  ,  ,  ,  ,  ,          ,          ,        ,
 1, 1,  ,0000000335,          , 5,45, 4, 4,16,  ,  ,  ,  ,  ,          ,          ,        ,
 1, 1, 1,0000000335,0000000004, 5,45, 4, 4,16,  ,  ,  ,  ,  ,          ,          ,        ,
 1, 1,  ,0000000322,          , 5,45, 4, 4,16,  ,  ,  ,  ,  ,          ,          ,        ,
 1, 1, 1,0000000322,0000000029, 5,45, 4, 4,16,  ,  ,  ,  ,  ,          ,          ,        ,
 1, 1,  ,0000000161,          , 5,46, 4, 4,16,  ,  ,  ,  ,  ,          ,          ,        ,
 1, 1, 1,0000000161,0000000033, 5,46, 4, 4,16,  ,  ,  ,  ,  ,          ,          ,        ,
 1, 1,  ,0000000057,          , 5,46, 4, 4,16,  ,  ,  ,  ,  ,          ,          ,        ,
 1, 1, 1,0000000057,0000000029, 5,46, 4, 4,16,  ,  ,  ,  ,  ,          ,          ,        ,
 1, 1,  ,0000000205,          , 5,47, 4, 4,16,  ,  ,  ,  ,  ,          ,          ,        ,
 1, 1, 1,0000000205,0000000031, 5,47, 4, 4,16,  ,  ,  ,  ,  ,          ,          ,        ,
 1, 1,  ,0000000221,          , 5,47, 4, 4,16,  ,  ,  ,  ,  ,          ,          ,        ,
 1, 1, 1,0000000221,0000000026, 5,47, 4, 4,16,  ,  ,  ,  ,  ,          ,          ,        ,
 1, 1,  ,0000000199,          , 5,47, 4, 4,16,  ,  ,  ,  ,  ,          ,          ,        ,
 1, 1, 1,0000000199,0000000070, 5,47, 4, 4,16,  ,  ,  ,  ,  ,          ,          ,        ,
 1, 1,  ,0000000080,          , 5,47, 4, 4,16,  ,  ,  ,  ,  ,          ,          ,        ,
 1, 1, 1,0000000080,0000000009, 5,47, 4, 4,16,  ,  ,  ,  ,  ,          ,          ,        ,
 1, 1,  ,0000000403,          , 5,48, 4, 4,16,  ,  ,  ,  ,  ,          ,          ,        ,
 1, 1, 1,0000000403,0000000031, 5,48, 4, 4,16,  ,  ,  ,  ,  ,          ,          ,        ,
 1, 1,  ,0000000027,          , 5,48, 4, 4,16,  ,  ,  ,  ,  ,          ,          ,        ,
 1, 1, 1,0000000027,0000000029, 5,48, 4, 4,16,  ,  ,  ,  ,  ,          ,          ,        ,
 1, 1,  ,0000002505,          , 5,49, 4, 4,16,  ,  ,  ,  ,  ,          ,          ,        ,
 1, 1, 1,0000002505,0000000029, 5,49, 4, 4,16,  ,  ,  ,  ,  ,          ,          ,        ,
 1, 1,  ,0000000097,          , 5,49, 4, 4,16,  ,  ,  ,  ,  ,          ,          ,        ,
 1, 1, 1,0000000097,0000000029, 5,49, 4, 4,16,  ,  ,  ,  ,  ,          ,          ,        ,
 1, 1,  ,0000000422,          , 5,49, 4, 4,16,  ,  ,  ,  ,  ,          ,          ,        ,
 1, 1, 1,0000000422,0000000071, 5,49, 4, 4,16,  ,  ,  ,  ,  ,          ,          ,        ,
 1, 1,  ,0000000301,          , 5,52, 4, 4,16,  ,  ,  ,  ,  ,          ,          ,        ,
 1, 1, 1,0000000301,0000000040, 5,52, 4, 4,16,  ,  ,  ,  ,  ,          ,          ,        ,
 1, 1,  ,0000000323,          , 5,52, 4, 4,16,  ,  ,  ,  ,  ,          ,          ,        ,
 1, 1, 1,0000000323,0000000058, 5,52, 4, 4,16,  ,  ,  ,  ,  ,          ,          ,        ,
 1, 1,  ,0000000005,          , 5,52, 4, 4,16,  ,  ,  ,  ,  ,          ,          ,        ,
 1, 1, 1,0000000005,0000000031, 5,52, 4, 4,16,  ,  ,  ,  ,  ,          ,          ,        ,
 1, 1,  ,0000000465,          , 5,53, 4, 4,16,  ,  ,  ,  ,  ,          ,          ,        ,
 1, 1, 1,0000000465,0000000022, 5,53, 4, 4,16,  ,  ,  ,  ,  ,          ,          ,        ,
 1, 1,  ,0000000010,          , 5,53, 4, 4,16,  ,  ,  ,  ,  ,          ,          ,        ,
 1, 1, 1,0000000010,0000000029, 5,53, 4, 4,16,  ,  ,  ,  ,  ,          ,          ,        ,
 1, 1,  ,0000000461,          , 5,53, 4, 4,16,  ,  ,  ,  ,  ,          ,          ,        ,
 1, 1, 1,0000000461,0000000029, 5,53, 4, 4,16,  ,  ,  ,  ,  ,          ,          ,        ,
 1, 1,  ,0000000053,          , 5,53, 4, 4,16,  ,  ,  ,  ,  ,          ,          ,        ,
 1, 1, 1,0000000053,0000000029, 5,53, 4, 4,16,  ,  ,  ,  ,  ,          ,          ,        ,
 1, 1,  ,0000000137,          , 5,53, 4, 4,16,  ,  ,  ,  ,  ,          ,          ,        ,
 1, 1, 1,0000000137,0000000058, 5,53, 4, 4,16,  ,  ,  ,  ,  ,          ,          ,        ,
 1, 1,  ,0000000296,          , 5,53, 4, 4,16,  ,  ,  ,  ,  ,          ,          ,        ,
 1, 1, 1,0000000296,0000000053, 5,53, 4, 4,16,  ,  ,  ,  ,  ,          ,          ,        ,
 1, 1,  ,0000000317,          , 5,53, 4, 4,16,  ,  ,  ,  ,  ,          ,          ,        ,
 1, 1, 1,0000000317,0000000058, 5,53, 4, 4,16,  ,  ,  ,  ,  ,          ,          ,        ,
 1, 1,  ,0000000397,          , 5,54, 4, 4,16,  ,  ,  ,  ,  ,          ,          ,        ,
 1, 1, 1,0000000397,0000000040, 5,54, 4, 4,16,  ,  ,  ,  ,  ,          ,          ,        ,
 1, 1,  ,0000000251,          , 5,54, 4, 4,16,  ,  ,  ,  ,  ,          ,          ,        ,
 1, 1, 1,0000000251,0000000022, 5,54, 4, 4,16,  ,  ,  ,  ,  ,          ,          ,        ,
 1, 1,  ,0000000424,          , 5,54, 4, 4,16,  ,  ,  ,  ,  ,          ,          ,        ,
 1, 1, 1,0000000424,0000000029, 5,54, 4, 4,16,  ,  ,  ,  ,  ,          ,          ,        ,
 1, 1,  ,0000000043,          , 5,55, 4, 4,16,  ,  ,  ,  ,  ,          ,          ,        ,
 1, 1, 1,0000000043,0000000000, 5,55, 4, 4,16,  ,  ,  ,  ,  ,          ,          ,        ,
 1, 1,  ,0000000158,          , 5,57, 4, 4,16,  ,  ,  ,  ,  ,          ,          ,        ,
 1, 1, 1,0000000158,0000000029, 5,57, 4, 4,16,  ,  ,  ,  ,  ,          ,          ,        ,
 1, 1,  ,0000000012,          , 6, 0, 4, 4,16,  ,  ,  ,  ,  ,          ,          ,        ,
 1, 1, 1,0000000012,0000000031, 6, 0, 4, 4,16,  ,  ,  ,  ,  ,          ,          ,        ,
 1, 1,  ,0000000497,          , 6, 2, 4, 4,16,  ,  ,  ,  ,  ,          ,          ,        ,
 1, 1, 1,0000000497,0000000058, 6, 2, 4, 4,16,  ,  ,  ,  ,  ,          ,          ,        ,
