 1, 1,  ,0000000191,          , 6,39, 4, 9,16,  ,  ,  ,  ,  ,          ,          ,        ,
 1, 1, 1,0000000191,0000000058, 6,39, 4, 9,16,  ,  ,  ,  ,  ,          ,          ,        ,
 1, 1,  ,0000000323,          , 6,54, 4, 9,16,  ,  ,  ,  ,  ,          ,          ,        ,
 1, 1, 1,0000000323,0000000058, 6,54, 4, 9,16,  ,  ,  ,  ,  ,          ,          ,        ,
 1, 1,  ,0000000133,          , 6,58, 4, 9,16,  ,  ,  ,  ,  ,          ,          ,        ,
 1, 1, 1,0000000133,0000000058, 6,58, 4, 9,16,  ,  ,  ,  ,  ,          ,          ,        ,
 1, 1,  ,0000000289,          , 9,11, 4, 9,16,  ,  ,  ,  ,  ,          ,          ,        ,
 1, 1, 2,0000000289,0000000000, 9,11, 4, 9,16,  ,  ,  ,  ,  ,          ,          ,        ,
 1, 1,  ,0000000169,          ,13,15, 4, 9,16,  ,  ,  ,  ,  ,          ,          ,        ,
 1, 1, 2,0000000169,0000000000,13,15, 4, 9,16,  ,  ,  ,  ,  ,          ,          ,        ,
 1, 1,  ,0000000286,          ,13,15, 4, 9,16,  ,  ,  ,  ,  ,          ,          ,        ,
 1, 1, 2,0000000286,0000000000,13,15, 4, 9,16,  ,  ,  ,  ,  ,          ,          ,        ,
 1, 1,  ,0000000496,          ,13,15, 4, 9,16,  ,  ,  ,  ,  ,          ,          ,        ,
 1, 1, 2,0000000496,0000000000,13,15, 4, 9,16,  ,  ,  ,  ,  ,          ,          ,        ,
 1, 1,  ,0000000053,          ,13,15, 4, 9,16,  ,  ,  ,  ,  ,          ,          ,        ,
 1, 1, 2,0000000053,0000000000,13,15, 4, 9,16,  ,  ,  ,  ,  ,          ,          ,        ,
 1, 1,  ,0000000251,          ,13,16, 4, 9,16,  ,  ,  ,  ,  ,          ,          ,        ,
 1, 1, 2,0000000251,0000000000,13,16, 4, 9,16,  ,  ,  ,  ,  ,          ,          ,        ,
 1, 1,  ,0000000041,          ,13,16, 4, 9,16,  ,  ,  ,  ,  ,          ,          ,        ,
 1, 1, 2,0000000041,0000000000,13,16, 4, 9,16,  ,  ,  ,  ,  ,          ,          ,        ,
 1, 1,  ,0000000158,          ,13,16, 4, 9,16,  ,  ,  ,  ,  ,          ,          ,        ,
 1, 1, 2,0000000158,0000000000,13,16, 4, 9,16,  ,  ,  ,  ,  ,          ,          ,        ,
 1, 1,  ,0000000302,          ,13,17, 4, 9,16,  ,  ,  ,  ,  ,          ,          ,        ,
 1, 1, 2,0000000302,0000000000,13,17, 4, 9,16,  ,  ,  ,  ,  ,          ,          ,        ,
 1, 1,  ,0000000497,          ,13,17, 4, 9,16,  ,  ,  ,  ,  ,          ,          ,        ,
 1, 1, 2,0000000497,0000000000,13,17, 4, 9,16,  ,  ,  ,  ,  ,          ,          ,        ,
 1, 1,  ,0000000493,          ,13,17, 4, 9,16,  ,  ,  ,  ,  ,          ,          ,        ,
 1, 1, 2,0000000493,0000000000,13,17, 4, 9,16,  ,  ,  ,  ,  ,          ,          ,        ,
 1, 1,  ,0000000461,          ,13,19, 4, 9,16,  ,  ,  ,  ,  ,          ,          ,        ,
 1, 1, 2,0000000461,0000000000,13,19, 4, 9,16,  ,  ,  ,  ,  ,          ,          ,        ,
 1, 1,  ,0000000111,          ,13,20, 4, 9,16,  ,  ,  ,  ,  ,          ,          ,        ,
 1, 1, 2,0000000111,0000000000,13,20, 4, 9,16,  ,  ,  ,  ,  ,          ,          ,        ,
 1, 1,  ,0000000199,          ,13,20, 4, 9,16,  ,  ,  ,  ,  ,          ,          ,        ,
 1, 1, 2,0000000199,0000000000,13,20, 4, 9,16,  ,  ,  ,  ,  ,          ,          ,        ,
 1, 1,  ,0000000148,          ,13,20, 4, 9,16,  ,  ,  ,  ,  ,          ,          ,        ,
 1, 1, 2,0000000148,0000000000,13,20, 4, 9,16,  ,  ,  ,  ,  ,          ,          ,        ,
 1, 1,  ,0000000364,          ,13,20, 4, 9,16,  ,  ,  ,  ,  ,          ,          ,        ,
 1, 1, 2,0000000364,0000000000,13,20, 4, 9,16,  ,  ,  ,  ,  ,          ,          ,        ,
 1, 1,  ,0000000221,          ,13,21, 4, 9,16,  ,  ,  ,  ,  ,          ,          ,        ,
 1, 1, 2,0000000221,0000000000,13,21, 4, 9,16,  ,  ,  ,  ,  ,          ,          ,        ,
 1, 1,  ,0000000237,          ,13,21, 4, 9,16,  ,  ,  ,  ,  ,          ,          ,        ,
 1, 1, 2,0000000237,0000000000,13,21, 4, 9,16,  ,  ,  ,  ,  ,          ,          ,        ,
 1, 1,  ,0000000267,          ,13,21, 4, 9,16,  ,  ,  ,  ,  ,          ,          ,        ,
 1, 1, 2,0000000267,0000000000,13,21, 4, 9,16,  ,  ,  ,  ,  ,          ,          ,        ,
 1, 1,  ,0000000336,          ,13,22, 4, 9,16,  ,  ,  ,  ,  ,          ,          ,        ,
 1, 1, 2,0000000336,0000000000,13,22, 4, 9,16,  ,  ,  ,  ,  ,          ,          ,        ,
 1, 1,  ,0000000066,          ,13,22, 4, 9,16,  ,  ,  ,  ,  ,          ,          ,        ,
 1, 1, 2,0000000066,0000000000,13,22, 4, 9,16,  ,  ,  ,  ,  ,          ,          ,        ,
 1, 1,  ,0000000335,          ,13,22, 4, 9,16,  ,  ,  ,  ,  ,          ,          ,        ,
 1, 1, 2,0000000335,0000000000,13,22, 4, 9,16,  ,  ,  ,  ,  ,          ,          ,        ,
 1, 1,  ,0000000322,          ,13,22, 4, 9,16,  ,  ,  ,  ,  ,          ,          ,        ,
 1, 1, 2,0000000322,0000000000,13,22, 4, 9,16,  ,  ,  ,  ,  ,          ,          ,        ,
 1, 1,  ,0000000214,          ,13,23, 4, 9,16,  ,  ,  ,  ,  ,          ,          ,        ,
 1, 1, 2,0000000214,0000000000,13,23, 4, 9,16,  ,  ,  ,  ,  ,          ,          ,        ,
 1, 1,  ,0000000012,          ,13,23, 4, 9,16,  ,  ,  ,  ,  ,          ,          ,        ,
 1, 1, 2,0000000012,0000000000,13,23, 4, 9,16,  ,  ,  ,  ,  ,          ,          ,        ,
 1, 1,  ,0000000384,          ,13,23, 4, 9,16,  ,  ,  ,  ,  ,          ,          ,        ,
 1, 1, 2,0000000384,0000000000,13,23, 4, 9,16,  ,  ,  ,  ,  ,          ,          ,        ,
 1, 1,  ,0000000063,          ,13,25, 4, 9,16,  ,  ,  ,  ,  ,          ,          ,        ,
 1, 1, 2,0000000063,0000000000,13,25, 4, 9,16,  ,  ,  ,  ,  ,          ,          ,        ,
 1, 1,  ,0000000445,          ,13,25, 4, 9,16,  ,  ,  ,  ,  ,          ,          ,        ,
 1, 1, 2,0000000445,0000000000,13,25, 4, 9,16,  ,  ,  ,  ,  ,          ,          ,        ,
 1, 1,  ,0000000422,          ,13,26, 4, 9,16,  ,  ,  ,  ,  ,          ,          ,        ,
 1, 1, 2,0000000422,0000000000,13,26, 4, 9,16,  ,  ,  ,  ,  ,          ,          ,        ,
 1, 1,  ,0000000097,          ,13,26, 4, 9,16,  ,  ,  ,  ,  ,          ,          ,        ,
 1, 1, 2,0000000097,0000000000,13,26, 4, 9,16,  ,  ,  ,  ,  ,          ,          ,        ,
 1, 1,  ,0000000161,          ,13,27, 4, 9,16,  ,  ,  ,  ,  ,          ,          ,        ,
 1, 1, 2,0000000161,0000000000,13,27, 4, 9,16,  ,  ,  ,  ,  ,          ,          ,        ,
 1, 1,  ,0000000205,          ,13,27, 4, 9,16,  ,  ,  ,  ,  ,          ,          ,        ,
 1, 1, 2,0000000205,0000000000,13,27, 4, 9,16,  ,  ,  ,  ,  ,          ,          ,        ,
 1, 1,  ,0000000057,          ,13,27, 4, 9,16,  ,  ,  ,  ,  ,          ,          ,        ,
 1, 1, 2,0000000057,0000000000,13,27, 4, 9,16,  ,  ,  ,  ,  ,          ,          ,        ,
 1, 1,  ,0000000080,          ,13,27, 4, 9,16,  ,  ,  ,  ,  ,          ,          ,        ,
 1, 1, 2,0000000080,0000000000,13,27, 4, 9,16,  ,  ,  ,  ,  ,          ,          ,        ,
 1, 1,  ,0000002505,          ,13,27, 4, 9,16,  ,  ,  ,  ,  ,          ,          ,        ,
 1, 1, 2,0000002505,0000000000,13,27, 4, 9,16,  ,  ,  ,  ,  ,          ,          ,        ,
 1, 1,  ,0000000027,          ,13,27, 4, 9,16,  ,  ,  ,  ,  ,          ,          ,        ,
 1, 1, 2,0000000027,0000000000,13,27, 4, 9,16,  ,  ,  ,  ,  ,          ,          ,        ,
 1, 1,  ,0000000344,          ,13,27, 4, 9,16,  ,  ,  ,  ,  ,          ,          ,        ,
 1, 1, 2,0000000344,0000000000,13,27, 4, 9,16,  ,  ,  ,  ,  ,          ,          ,        ,
 1, 1,  ,0000000465,          ,13,27, 4, 9,16,  ,  ,  ,  ,  ,          ,          ,        ,
 1, 1, 2,0000000465,0000000000,13,27, 4, 9,16,  ,  ,  ,  ,  ,          ,          ,        ,
 1, 1,  ,0000000403,          ,13,28, 4, 9,16,  ,  ,  ,  ,  ,          ,          ,        ,
 1, 1, 2,0000000403,0000000000,13,28, 4, 9,16,  ,  ,  ,  ,  ,          ,          ,        ,
 1, 1,  ,0000000301,          ,13,29, 4, 9,16,  ,  ,  ,  ,  ,          ,          ,        ,
 1, 1, 2,0000000301,0000000000,13,29, 4, 9,16,  ,  ,  ,  ,  ,          ,          ,        ,
 1, 1,  ,0000000329,          ,13,31, 4, 9,16,  ,  ,  ,  ,  ,          ,          ,        ,
 1, 1, 2,0000000329,0000000000,13,31, 4, 9,16,  ,  ,  ,  ,  ,          ,          ,        ,
 1, 1,  ,0000000043,          ,13,32, 4, 9,16,  ,  ,  ,  ,  ,          ,          ,        ,
 1, 1, 1,0000000043,0000000000,13,32, 4, 9,16,  ,  ,  ,  ,  ,          ,          ,        ,
 1, 1,  ,0000000168,          ,14,16, 4, 9,16,  ,  ,  ,  ,  ,          ,          ,        ,
 1, 1, 2,0000000168,0000000000,14,16, 4, 9,16,  ,  ,  ,  ,  ,          ,          ,        ,
 1, 1,  ,0000000133,          ,14,20, 4, 9,16,  ,  ,  ,  ,  ,          ,          ,        ,
 1, 1, 2,0000000133,0000000000,14,20, 4, 9,16,  ,  ,  ,  ,  ,          ,          ,        ,
 1, 1,  ,0000000191,          ,14,20, 4, 9,16,  ,  ,  ,  ,  ,          ,          ,        ,
 1, 1, 2,0000000191,0000000000,14,20, 4, 9,16,  ,  ,  ,  ,  ,          ,          ,        ,
 1, 1,  ,0000000347,          ,14,21, 4, 9,16,  ,  ,  ,  ,  ,          ,          ,        ,
 1, 1, 2,0000000347,0000000000,14,21, 4, 9,16,  ,  ,  ,  ,  ,          ,          ,        ,
 1, 1,  ,0000000295,          ,14,21, 4, 9,16,  ,  ,  ,  ,  ,          ,          ,        ,
 1, 1, 2,0000000295,0000000000,14,21, 4, 9,16,  ,  ,  ,  ,  ,          ,          ,        ,
 1, 1,  ,0000000303,          ,14,21, 4, 9,16,  ,  ,  ,  ,  ,          ,          ,        ,
 1, 1, 2,0000000303,0000000000,14,21, 4, 9,16,  ,  ,  ,  ,  ,          ,          ,        ,
 1, 1,  ,0000000323,          ,14,24, 4, 9,16,  ,  ,  ,  ,  ,          ,          ,        ,
 1, 1, 2,0000000323,0000000000,14,24, 4, 9,16,  ,  ,  ,  ,  ,          ,          ,        ,
 1, 1,  ,0000000137,          ,14,24, 4, 9,16,  ,  ,  ,  ,  ,          ,          ,        ,
 1, 1, 2,0000000137,0000000000,14,24, 4, 9,16,  ,  ,  ,  ,  ,          ,          ,        ,
 1, 1,  ,0000000138,          ,14,24, 4, 9,16,  ,  ,  ,  ,  ,          ,          ,        ,
 1, 1, 2,0000000138,0000000000,14,24, 4, 9,16,  ,  ,  ,  ,  ,          ,          ,        ,
 1, 1,  ,0000000392,          ,15,58, 4, 9,16,  ,  ,  ,  ,  ,          ,          ,        ,
 1, 1, 2,0000000392,0000000000,15,58, 4, 9,16,  ,  ,  ,  ,  ,          ,          ,        ,
 1, 1,  ,0000002531,          ,15,58, 4, 9,16,  ,  ,  ,  ,  ,          ,          ,        ,
 1, 1, 2,0000002531,0000000000,15,58, 4, 9,16,  ,  ,  ,  ,  ,          ,          ,        ,
 1, 1,  ,0000000384,          , 5,37, 4,10,16,  ,  ,  ,  ,  ,          ,          ,        ,
 1, 1, 1,0000000384,0000000058, 5,37, 4,10,16,  ,  ,  ,  ,  ,          ,          ,        ,
 1, 1,  ,0000000431,          , 5,38, 4,10,16,  ,  ,  ,  ,  ,          ,          ,        ,
 1, 1, 1,0000000431,0000000029, 5,38, 4,10,16,  ,  ,  ,  ,  ,          ,          ,        ,
 1, 1,  ,0000000445,          , 5,41, 4,10,16,  ,  ,  ,  ,  ,          ,          ,        ,
 1, 1, 1,0000000445,0000000058, 5,41, 4,10,16,  ,  ,  ,  ,  ,          ,          ,        ,
 1, 1,  ,0000000322,          , 5,42, 4,10,16,  ,  ,  ,  ,  ,          ,          ,        ,
 1, 1, 1,0000000322,0000000029, 5,42, 4,10,16,  ,  ,  ,  ,  ,          ,          ,        ,
 1, 1,  ,0000000158,          , 5,42, 4,10,16,  ,  ,  ,  ,  ,          ,          ,        ,
 1, 1, 1,0000000158,0000000029, 5,42, 4,10,16,  ,  ,  ,  ,  ,          ,          ,        ,
 1, 1,  ,0000000161,          , 5,43, 4,10,16,  ,  ,  ,  ,  ,          ,          ,        ,
 1, 1, 1,0000000161,0000000033, 5,43, 4,10,16,  ,  ,  ,  ,  ,          ,          ,        ,
 1, 1,  ,0000000422,          , 5,43, 4,10,16,  ,  ,  ,  ,  ,          ,          ,        ,
 1, 1, 1,0000000422,0000000071, 5,43, 4,10,16,  ,  ,  ,  ,  ,          ,          ,        ,
 1, 1,  ,0000000302,          , 5,46, 4,10,16,  ,  ,  ,  ,  ,          ,          ,        ,
 1, 1, 1,0000000302,0000000029, 5,46, 4,10,16,  ,  ,  ,  ,  ,          ,          ,        ,
 1, 1,  ,0000000364,          , 5,46, 4,10,16,  ,  ,  ,  ,  ,          ,          ,        ,
 1, 1, 1,0000000364,0000000000, 5,46, 4,10,16,  ,  ,  ,  ,  ,          ,          ,        ,
 1, 1,  ,0000000479,          , 5,47, 4,10,16,  ,  ,  ,  ,  ,          ,          ,        ,
 1, 1, 1,0000000479,0000000040, 5,47, 4,10,16,  ,  ,  ,  ,  ,          ,          ,        ,
 1, 1,  ,0000000493,          , 5,48, 4,10,16,  ,  ,  ,  ,  ,          ,          ,        ,
 1, 1, 1,0000000493,0000000051, 5,48, 4,10,16,  ,  ,  ,  ,  ,          ,          ,        ,
 1, 1,  ,0000000237,          , 5,48, 4,10,16,  ,  ,  ,  ,  ,          ,          ,        ,
 1, 1, 1,0000000237,0000000052, 5,48, 4,10,16,  ,  ,  ,  ,  ,          ,          ,        ,
 1, 1,  ,0000000329,          , 5,48, 4,10,16,  ,  ,  ,  ,  ,          ,          ,        ,
 1, 1, 1,0000000329,0000000031, 5,48, 4,10,16,  ,  ,  ,  ,  ,          ,          ,        ,
 1, 1,  ,0000000274,          , 5,48, 4,10,16,  ,  ,  ,  ,  ,          ,          ,        ,
 1, 1, 1,0000000274,0000000058, 5,48, 4,10,16,  ,  ,  ,  ,  ,          ,          ,        ,
 1, 1,  ,0000000137,          , 5,49, 4,10,16,  ,  ,  ,  ,  ,          ,          ,        ,
 1, 1, 1,0000000137,0000000058, 5,49, 4,10,16,  ,  ,  ,  ,  ,          ,          ,        ,
 1, 1,  ,0000000397,          , 5,52, 4,10,16,  ,  ,  ,  ,  ,          ,          ,        ,
 1, 1, 1,0000000397,0000000040, 5,52, 4,10,16,  ,  ,  ,  ,  ,          ,          ,        ,
 1, 1,  ,0000000347,          , 5,55, 4,10,16,  ,  ,  ,  ,  ,          ,          ,        ,
 1, 1, 1,0000000347,0000000058, 5,55, 4,10,16,  ,  ,  ,  ,  ,          ,          ,        ,
 1, 1,  ,0000000497,          , 6, 4, 4,10,16,  ,  ,  ,  ,  ,          ,          ,        ,
 1, 1, 1,0000000497,0000000058, 6, 4, 4,10,16,  ,  ,  ,  ,  ,          ,          ,        ,
 1, 1,  ,0000000237,          ,13, 1, 4,10,16,  ,  ,  ,  ,  ,          ,          ,        ,
 1, 1, 2,0000000237,0000000000,13, 1, 4,10,16,  ,  ,  ,  ,  ,          ,          ,        ,
 1, 1,  ,0000000431,          ,13, 3, 4,10,16,  ,  ,  ,  ,  ,          ,          ,        ,
 1, 1, 2,0000000431,0000000000,13, 3, 4,10,16,  ,  ,  ,  ,  ,          ,          ,        ,
 1, 1,  ,0000002505,          ,13, 5, 4,10,16,  ,  ,  ,  ,  ,          ,          ,        ,
 1, 1, 2,0000002505,0000000000,13, 5, 4,10,16,  ,  ,  ,  ,  ,          ,          ,        ,
 1, 1,  ,0000000161,          ,13, 6, 4,10,16,  ,  ,  ,  ,  ,          ,          ,        ,
 1, 1, 2,0000000161,0000000000,13, 6, 4,10,16,  ,  ,  ,  ,  ,          ,          ,        ,
 1, 1,  ,0000000445,          ,13, 6, 4,10,16,  ,  ,  ,  ,  ,          ,          ,        ,
 1, 1, 2,0000000445,0000000000,13, 6, 4,10,16,  ,  ,  ,  ,  ,          ,          ,        ,
 1, 1,  ,0000000397,          ,13, 6, 4,10,16,  ,  ,  ,  ,  ,          ,          ,        ,
 1, 1, 2,0000000397,0000000000,13, 6, 4,10,16,  ,  ,  ,  ,  ,          ,          ,        ,
 1, 1,  ,0000000137,          ,13, 7, 4,10,16,  ,  ,  ,  ,  ,          ,          ,        ,
 1, 1, 2,0000000137,0000000000,13, 7, 4,10,16,  ,  ,  ,  ,  ,          ,          ,        ,
 1, 1,  ,0000000364,          ,13, 7, 4,10,16,  ,  ,  ,  ,  ,          ,          ,        ,
 1, 1, 2,0000000364,0000000000,13, 7, 4,10,16,  ,  ,  ,  ,  ,          ,          ,        ,
 1, 1,  ,0000000493,          ,13,10, 4,10,16,  ,  ,  ,  ,  ,          ,          ,        ,
 1, 1, 2,0000000493,0000000000,13,10, 4,10,16,  ,  ,  ,  ,  ,          ,          ,        ,
 1, 1,  ,0000000158,          ,13,11, 4,10,16,  ,  ,  ,  ,  ,          ,          ,        ,
 1, 1, 2,0000000158,0000000000,13,11, 4,10,16,  ,  ,  ,  ,  ,          ,          ,        ,
 1, 1,  ,0000000422,          ,13,12, 4,10,16,  ,  ,  ,  ,  ,          ,          ,        ,
 1, 1, 2,0000000422,0000000000,13,12, 4,10,16,  ,  ,  ,  ,  ,          ,          ,        ,
 1, 1,  ,0000000384,          ,13,13, 4,10,16,  ,  ,  ,  ,  ,          ,          ,        ,
 1, 1, 2,0000000384,0000000000,13,13, 4,10,16,  ,  ,  ,  ,  ,          ,          ,        ,
 1, 1,  ,0000000191,          ,13,15, 4,10,16,  ,  ,  ,  ,  ,          ,          ,        ,
 1, 1, 2,0000000191,0000000000,13,15, 4,10,16,  ,  ,  ,  ,  ,          ,          ,        ,
 1, 1,  ,0000000191,          ,13,15, 4,10,16,  ,  ,  ,  ,  ,          ,          ,        ,
 1, 1, 2,0000000191,0000000000,13,15, 4,10,16,  ,  ,  ,  ,  ,          ,          ,        ,
 1, 1,  ,0000000329,          ,13,15, 4,10,16,  ,  ,  ,  ,  ,          ,          ,        ,
 1, 1, 2,0000000329,0000000000,13,15, 4,10,16,  ,  ,  ,  ,  ,          ,          ,        ,
 1, 1,  ,0000000301,          ,13,16, 4,10,16,  ,  ,  ,  ,  ,          ,          ,        ,
 1, 1, 2,0000000301,0000000000,13,16, 4,10,16,  ,  ,  ,  ,  ,          ,          ,        ,
 1, 1,  ,0000000497,          ,13,26, 4,10,16,  ,  ,  ,  ,  ,          ,          ,        ,
 1, 1, 2,0000000497,0000000000,13,26, 4,10,16,  ,  ,  ,  ,  ,          ,          ,        ,
 1, 1,  ,0000000392,          ,13,26, 4,10,16,  ,  ,  ,  ,  ,          ,          ,        ,
 1, 1, 2,0000000392,0000000000,13,26, 4,10,16,  ,  ,  ,  ,  ,          ,          ,        ,
 1, 1,  ,0000000249,          , 5,31, 4,11,16,  ,  ,  ,  ,  ,          ,          ,        ,
 1, 1, 1,0000000249,0000000040, 5,31, 4,11,16,  ,  ,  ,  ,  ,          ,          ,        ,
 1, 1,  ,0000000344,          , 5,33, 4,11,16,  ,  ,  ,  ,  ,          ,          ,        ,
 1, 1, 1,0000000344,0000000029, 5,33, 4,11,16,  ,  ,  ,  ,  ,          ,          ,        ,
 1, 1,  ,0000000431,          , 5,33, 4,11,16,  ,  ,  ,  ,  ,          ,          ,        ,
 1, 1, 1,0000000431,0000000029, 5,33, 4,11,16,  ,  ,  ,  ,  ,          ,          ,        ,
 1, 1,  ,0000000063,          , 5,38, 4,11,16,  ,  ,  ,  ,  ,          ,          ,        ,
 1, 1, 1,0000000063,0000000022, 5,38, 4,11,16,  ,  ,  ,  ,  ,          ,          ,        ,
 1, 1,  ,0000000438,          , 5,38, 4,11,16,  ,  ,  ,  ,  ,          ,          ,        ,
 1, 1, 1,0000000438,0000000022, 5,38, 4,11,16,  ,  ,  ,  ,  ,          ,          ,        ,
 1, 1,  ,0000000199,          , 5,39, 4,11,16,  ,  ,  ,  ,  ,          ,          ,        ,
 1, 1, 1,0000000199,0000000070, 5,39, 4,11,16,  ,  ,  ,  ,  ,          ,          ,        ,
 1, 1,  ,0000000302,          , 5,39, 4,11,16,  ,  ,  ,  ,  ,          ,          ,        ,
 1, 1, 1,0000000302,0000000029, 5,39, 4,11,16,  ,  ,  ,  ,  ,          ,          ,        ,
 1, 1,  ,0000000041,          , 5,39, 4,11,16,  ,  ,  ,  ,  ,          ,          ,        ,
 1, 1, 1,0000000041,0000000029, 5,39, 4,11,16,  ,  ,  ,  ,  ,          ,          ,        ,
 1, 1,  ,0000000148,          , 5,39, 4,11,16,  ,  ,  ,  ,  ,          ,          ,        ,
 1, 1, 1,0000000148,0000000040, 5,39, 4,11,16,  ,  ,  ,  ,  ,          ,          ,        ,
 1, 1,  ,0000000267,          , 5,40, 4,11,16,  ,  ,  ,  ,  ,          ,          ,        ,
 1, 1, 1,0000000267,0000000000, 5,40, 4,11,16,  ,  ,  ,  ,  ,          ,          ,        ,
 1, 1,  ,0000000403,          , 5,40, 4,11,16,  ,  ,  ,  ,  ,          ,          ,        ,
 1, 1, 1,0000000403,0000000031, 5,40, 4,11,16,  ,  ,  ,  ,  ,          ,          ,        ,
 1, 1,  ,0000000336,          , 5,40, 4,11,16,  ,  ,  ,  ,  ,          ,          ,        ,
 1, 1, 1,0000000336,0000000000, 5,40, 4,11,16,  ,  ,  ,  ,  ,          ,          ,        ,
 1, 1,  ,0000000496,          , 5,40, 4,11,16,  ,  ,  ,  ,  ,          ,          ,        ,
 1, 1, 1,0000000496,0000000031, 5,40, 4,11,16,  ,  ,  ,  ,  ,          ,          ,        ,
 1, 1,  ,0000000329,          , 5,42, 4,11,16,  ,  ,  ,  ,  ,          ,          ,        ,
 1, 1, 1,0000000329,0000000031, 5,42, 4,11,16,  ,  ,  ,  ,  ,          ,          ,        ,
 1, 1,  ,0000000360,          , 5,42, 4,11,16,  ,  ,  ,  ,  ,          ,          ,        ,
 1, 1, 1,0000000360,0000000058, 5,42, 4,11,16,  ,  ,  ,  ,  ,          ,          ,        ,
 1, 1,  ,0000000066,          , 5,42, 4,11,16,  ,  ,  ,  ,  ,          ,          ,        ,
 1, 1, 1,0000000066,0000000054, 5,42, 4,11,16,  ,  ,  ,  ,  ,          ,          ,        ,
 1, 1,  ,0000000493,          , 5,43, 4,11,16,  ,  ,  ,  ,  ,          ,          ,        ,
 1, 1, 1,0000000493,0000000051, 5,43, 4,11,16,  ,  ,  ,  ,  ,          ,          ,        ,
 1, 1,  ,0000002531,          , 5,43, 4,11,16,  ,  ,  ,  ,  ,          ,          ,        ,
 1, 1, 1,0000002531,0000000058, 5,43, 4,11,16,  ,  ,  ,  ,  ,          ,          ,        ,
 1, 1,  ,0000000145,          , 5,44, 4,11,16,  ,  ,  ,  ,  ,          ,          ,        ,
 1, 1, 1,0000000145,0000000058, 5,44, 4,11,16,  ,  ,  ,  ,  ,          ,          ,        ,
 1, 1,  ,0000000364,          , 5,44, 4,11,16,  ,  ,  ,  ,  ,          ,          ,        ,
 1, 1, 1,0000000364,0000000000, 5,44, 4,11,16,  ,  ,  ,  ,  ,          ,          ,        ,
 1, 1,  ,0000000445,          , 5,45, 4,11,16,  ,  ,  ,  ,  ,          ,          ,        ,
 1, 1, 1,0000000445,0000000058, 5,45, 4,11,16,  ,  ,  ,  ,  ,          ,          ,        ,
 1, 1,  ,0000000318,          , 5,45, 4,11,16,  ,  ,  ,  ,  ,          ,          ,        ,
 1, 1, 1,0000000318,0000000029, 5,45, 4,11,16,  ,  ,  ,  ,  ,          ,          ,        ,
 1, 1,  ,0000000335,          , 5,45, 4,11,16,  ,  ,  ,  ,  ,          ,          ,        ,
 1, 1, 1,0000000335,0000000040, 5,45, 4,11,16,  ,  ,  ,  ,  ,          ,          ,        ,
 1, 1,  ,0000000111,          , 5,46, 4,11,16,  ,  ,  ,  ,  ,          ,          ,        ,
 1, 1, 1,0000000111,0000000029, 5,46, 4,11,16,  ,  ,  ,  ,  ,          ,          ,        ,
 1, 1,  ,0000000461,          , 5,46, 4,11,16,  ,  ,  ,  ,  ,          ,          ,        ,
 1, 1, 1,0000000461,0000000029, 5,46, 4,11,16,  ,  ,  ,  ,  ,          ,          ,        ,
 1, 1,  ,0000000286,          , 5,46, 4,11,16,  ,  ,  ,  ,  ,          ,          ,        ,
 1, 1, 1,0000000286,0000000029, 5,46, 4,11,16,  ,  ,  ,  ,  ,          ,          ,        ,
 1, 1,  ,0000000289,          , 5,47, 4,11,16,  ,  ,  ,  ,  ,          ,          ,        ,
 1, 1, 1,0000000289,0000000053, 5,47, 4,11,16,  ,  ,  ,  ,  ,          ,          ,        ,
 1, 1,  ,0000000422,          , 5,47, 4,11,16,  ,  ,  ,  ,  ,          ,          ,        ,
 1, 1, 1,0000000422,0000000071, 5,47, 4,11,16,  ,  ,  ,  ,  ,          ,          ,        ,
 1, 1,  ,0000000043,          , 5,47, 4,11,16,  ,  ,  ,  ,  ,          ,          ,        ,
 1, 1, 1,0000000043,0000000000, 5,47, 4,11,16,  ,  ,  ,  ,  ,          ,          ,        ,
 1, 1,  ,0000000161,          , 5,47, 4,11,16,  ,  ,  ,  ,  ,          ,          ,        ,
 1, 1, 1,0000000161,0000000033, 5,47, 4,11,16,  ,  ,  ,  ,  ,          ,          ,        ,
 1, 1,  ,0000000322,          , 5,47, 4,11,16,  ,  ,  ,  ,  ,          ,          ,        ,
 1, 1, 1,0000000322,0000000029, 5,47, 4,11,16,  ,  ,  ,  ,  ,          ,          ,        ,
 1, 1,  ,0000000045,          , 5,47, 4,11,16,  ,  ,  ,  ,  ,          ,          ,        ,
 1, 1, 1,0000000045,0000000040, 5,47, 4,11,16,  ,  ,  ,  ,  ,          ,          ,        ,
 1, 1,  ,0000000205,          , 5,48, 4,11,16,  ,  ,  ,  ,  ,          ,          ,        ,
 1, 1, 1,0000000205,0000000031, 5,48, 4,11,16,  ,  ,  ,  ,  ,          ,          ,        ,
 1, 1,  ,0000000397,          , 5,48, 4,11,16,  ,  ,  ,  ,  ,          ,          ,        ,
 1, 1, 1,0000000397,0000000040, 5,48, 4,11,16,  ,  ,  ,  ,  ,          ,          ,        ,
 1, 1,  ,0000000221,          , 5,48, 4,11,16,  ,  ,  ,  ,  ,          ,          ,        ,
 1, 1, 1,0000000221,0000000026, 5,48, 4,11,16,  ,  ,  ,  ,  ,          ,          ,        ,
 1, 1,  ,0000000027,          , 5,48, 4,11,16,  ,  ,  ,  ,  ,          ,          ,        ,
 1, 1, 1,0000000027,0000000029, 5,48, 4,11,16,  ,  ,  ,  ,  ,          ,          ,        ,
 1, 1,  ,0000002505,          , 5,48, 4,11,16,  ,  ,  ,  ,  ,          ,          ,        ,
 1, 1, 1,0000002505,0000000029, 5,48, 4,11,16,  ,  ,  ,  ,  ,          ,          ,        ,
 1, 1,  ,0000000080,          , 5,49, 4,11,16,  ,  ,  ,  ,  ,          ,          ,        ,
 1, 1, 1,0000000080,0000000009, 5,49, 4,11,16,  ,  ,  ,  ,  ,          ,          ,        ,
 1, 1,  ,0000000251,          , 5,49, 4,11,16,  ,  ,  ,  ,  ,          ,          ,        ,
 1, 1, 2,0000000251,0000000000, 5,49, 4,11,16,  ,  ,  ,  ,  ,          ,          ,        ,
 1, 1,  ,0000000057,          , 5,49, 4,11,16,  ,  ,  ,  ,  ,          ,          ,        ,
 1, 1, 1,0000000057,0000000029, 5,49, 4,11,16,  ,  ,  ,  ,  ,          ,          ,        ,
 1, 1,  ,0000000237,          , 5,49, 4,11,16,  ,  ,  ,  ,  ,          ,          ,        ,
 1, 1, 1,0000000237,0000000052, 5,49, 4,11,16,  ,  ,  ,  ,  ,          ,          ,        ,
 1, 1,  ,0000000097,          , 5,50, 4,11,16,  ,  ,  ,  ,  ,          ,          ,        ,
 1, 1, 1,0000000097,0000000029, 5,50, 4,11,16,  ,  ,  ,  ,  ,          ,          ,        ,
 1, 1,  ,0000000301,          , 5,51, 4,11,16,  ,  ,  ,  ,  ,          ,          ,        ,
 1, 1, 1,0000000301,0000000040, 5,51, 4,11,16,  ,  ,  ,  ,  ,          ,          ,        ,
 1, 1,  ,0000000296,          , 5,52, 4,11,16,  ,  ,  ,  ,  ,          ,          ,        ,
 1, 1, 1,0000000296,0000000053, 5,52, 4,11,16,  ,  ,  ,  ,  ,          ,          ,        ,
 1, 1,  ,0000000347,          , 5,53, 4,11,16,  ,  ,  ,  ,  ,          ,          ,        ,
 1, 1, 1,0000000347,0000000058, 5,53, 4,11,16,  ,  ,  ,  ,  ,          ,          ,        ,
 1, 1,  ,0000000465,          , 5,53, 4,11,16,  ,  ,  ,  ,  ,          ,          ,        ,
 1, 1, 1,0000000465,0000000022, 5,53, 4,11,16,  ,  ,  ,  ,  ,          ,          ,        ,
 1, 1,  ,0000000475,          , 5,53, 4,11,16,  ,  ,  ,  ,  ,          ,          ,        ,
 1, 1, 1,0000000475,0000000029, 5,53, 4,11,16,  ,  ,  ,  ,  ,          ,          ,        ,
 1, 1,  ,0000000005,          , 5,53, 4,11,16,  ,  ,  ,  ,  ,          ,          ,        ,
 1, 1, 1,0000000005,0000000031, 5,53, 4,11,16,  ,  ,  ,  ,  ,          ,          ,        ,
 1, 1,  ,0000000137,          , 5,54, 4,11,16,  ,  ,  ,  ,  ,          ,          ,        ,
 1, 1, 1,0000000137,0000000058, 5,54, 4,11,16,  ,  ,  ,  ,  ,          ,          ,        ,
 1, 1,  ,0000000053,          , 5,54, 4,11,16,  ,  ,  ,  ,  ,          ,          ,        ,
 1, 1, 1,0000000053,0000000029, 5,54, 4,11,16,  ,  ,  ,  ,  ,          ,          ,        ,
 1, 1,  ,0000000317,          , 5,56, 4,11,16,  ,  ,  ,  ,  ,          ,          ,        ,
 1, 1, 1,0000000317,0000000058, 5,56, 4,11,16,  ,  ,  ,  ,  ,          ,          ,        ,
 1, 1,  ,0000000158,          , 5,58, 4,11,16,  ,  ,  ,  ,  ,          ,          ,        ,
 1, 1, 1,0000000158,0000000029, 5,58, 4,11,16,  ,  ,  ,  ,  ,          ,          ,        ,
 1, 1,  ,0000000012,          , 5,59, 4,11,16,  ,  ,  ,  ,  ,          ,          ,        ,
 1, 1, 1,0000000012,0000000031, 5,59, 4,11,16,  ,  ,  ,  ,  ,          ,          ,        ,
 1, 1,  ,0000000497,          , 6, 6, 4,11,16,  ,  ,  ,  ,  ,          ,          ,        ,
 1, 1, 1,0000000497,0000000058, 6, 6, 4,11,16,  ,  ,  ,  ,  ,          ,          ,        ,
 1, 1,  ,0000000138,          , 6,26, 4,11,16,  ,  ,  ,  ,  ,          ,          ,        ,
 1, 1, 2,0000000138,0000000000, 6,26, 4,11,16,  ,  ,  ,  ,  ,          ,          ,        ,
 1, 1,  ,0000000191,          , 6,39, 4,11,16,  ,  ,  ,  ,  ,          ,          ,        ,
 1, 1, 1,0000000191,0000000058, 6,39, 4,11,16,  ,  ,  ,  ,  ,          ,          ,        ,
 1, 1,  ,0000000323,          , 6,53, 4,11,16,  ,  ,  ,  ,  ,          ,          ,        ,
 1, 1, 1,0000000323,0000000058, 6,53, 4,11,16,  ,  ,  ,  ,  ,          ,          ,        ,
 1, 1,  ,0000000496,          ,15,30, 4,11,16,  ,  ,  ,  ,  ,          ,          ,        ,
 1, 1, 2,0000000496,0000000000,15,30, 4,11,16,  ,  ,  ,  ,  ,          ,          ,        ,
 1, 1,  ,0000000286,          ,15,30, 4,11,16,  ,  ,  ,  ,  ,          ,          ,        ,
 1, 1, 2,0000000286,0000000000,15,30, 4,11,16,  ,  ,  ,  ,  ,          ,          ,        ,
 1, 1,  ,0000000322,          ,15,30, 4,11,16,  ,  ,  ,  ,  ,          ,          ,        ,
 1, 1, 2,0000000322,0000000000,15,30, 4,11,16,  ,  ,  ,  ,  ,          ,          ,        ,
 1, 1,  ,0000000169,          ,15,30, 4,11,16,  ,  ,  ,  ,  ,          ,          ,        ,
 1, 1, 2,0000000169,0000000000,15,30, 4,11,16,  ,  ,  ,  ,  ,          ,          ,        ,
 1, 1,  ,0000000318,          ,15,30, 4,11,16,  ,  ,  ,  ,  ,          ,          ,        ,
 1, 1, 2,0000000318,0000000000,15,30, 4,11,16,  ,  ,  ,  ,  ,          ,          ,        ,
 1, 1,  ,0000000053,          ,15,31, 4,11,16,  ,  ,  ,  ,  ,          ,          ,        ,
 1, 1, 2,0000000053,0000000000,15,31, 4,11,16,  ,  ,  ,  ,  ,          ,          ,        ,
 1, 1,  ,0000000080,          ,15,31, 4,11,16,  ,  ,  ,  ,  ,          ,          ,        ,
 1, 1, 2,0000000080,0000000000,15,31, 4,11,16,  ,  ,  ,  ,  ,          ,          ,        ,
 1, 1,  ,0000000302,          ,15,32, 4,11,16,  ,  ,  ,  ,  ,          ,          ,        ,
 1, 1, 2,0000000302,0000000000,15,32, 4,11,16,  ,  ,  ,  ,  ,          ,          ,        ,
 1, 1,  ,0000000431,          ,15,32, 4,11,16,  ,  ,  ,  ,  ,          ,          ,        ,
 1, 1, 2,0000000431,0000000000,15,32, 4,11,16,  ,  ,  ,  ,  ,          ,          ,        ,
 1, 1,  ,0000000251,          ,15,32, 4,11,16,  ,  ,  ,  ,  ,          ,          ,        ,
 1, 1, 2,0000000251,0000000000,15,32, 4,11,16,  ,  ,  ,  ,  ,          ,          ,        ,
 1, 1,  ,0000000097,          ,15,32, 4,11,16,  ,  ,  ,  ,  ,          ,          ,        ,
 1, 1, 1,0000000097,0000000022,15,32, 4,11,16,  ,  ,  ,  ,  ,          ,          ,        ,
 1, 1,  ,0000000438,          ,15,33, 4,11,16,  ,  ,  ,  ,  ,          ,          ,        ,
 1, 1, 2,0000000438,0000000000,15,33, 4,11,16,  ,  ,  ,  ,  ,          ,          ,        ,
 1, 1,  ,0000000461,          ,15,33, 4,11,16,  ,  ,  ,  ,  ,          ,          ,        ,
 1, 1, 2,0000000461,0000000000,15,33, 4,11,16,  ,  ,  ,  ,  ,          ,          ,        ,
 1, 1,  ,0000000267,          ,15,33, 4,11,16,  ,  ,  ,  ,  ,          ,          ,        ,
 1, 1, 2,0000000267,0000000000,15,33, 4,11,16,  ,  ,  ,  ,  ,          ,          ,        ,
 1, 1,  ,0000000336,          ,15,34, 4,11,16,  ,  ,  ,  ,  ,          ,          ,        ,
 1, 1, 2,0000000336,0000000000,15,34, 4,11,16,  ,  ,  ,  ,  ,          ,          ,        ,
 1, 1,  ,0000000205,          ,15,34, 4,11,16,  ,  ,  ,  ,  ,          ,          ,        ,
 1, 1, 2,0000000205,0000000000,15,34, 4,11,16,  ,  ,  ,  ,  ,          ,          ,        ,
 1, 1,  ,0000000422,          ,15,35, 4,11,16,  ,  ,  ,  ,  ,          ,          ,        ,
 1, 1, 2,0000000422,0000000000,15,35, 4,11,16,  ,  ,  ,  ,  ,          ,          ,        ,
 1, 1,  ,0000000493,          ,15,35, 4,11,16,  ,  ,  ,  ,  ,          ,          ,        ,
 1, 1, 2,0000000493,0000000000,15,35, 4,11,16,  ,  ,  ,  ,  ,          ,          ,        ,
 1, 1,  ,0000000249,          ,15,35, 4,11,16,  ,  ,  ,  ,  ,          ,          ,        ,
 1, 1, 2,0000000249,0000000000,15,35, 4,11,16,  ,  ,  ,  ,  ,          ,          ,        ,
 1, 1,  ,0000000237,          ,15,36, 4,11,16,  ,  ,  ,  ,  ,          ,          ,        ,
 1, 1, 2,0000000237,0000000000,15,36, 4,11,16,  ,  ,  ,  ,  ,          ,          ,        ,
 1, 1,  ,0000000497,          ,15,36, 4,11,16,  ,  ,  ,  ,  ,          ,          ,        ,
 1, 1, 2,0000000497,0000000000,15,36, 4,11,16,  ,  ,  ,  ,  ,          ,          ,        ,
 1, 1,  ,0000000158,          ,15,36, 4,11,16,  ,  ,  ,  ,  ,          ,          ,        ,
 1, 1, 2,0000000158,0000000000,15,36, 4,11,16,  ,  ,  ,  ,  ,          ,          ,        ,
 1, 1,  ,0000000057,          ,15,37, 4,11,16,  ,  ,  ,  ,  ,          ,          ,        ,
 1, 1, 2,0000000057,0000000000,15,37, 4,11,16,  ,  ,  ,  ,  ,          ,          ,        ,
 1, 1,  ,0000000111,          ,15,37, 4,11,16,  ,  ,  ,  ,  ,          ,          ,        ,
 1, 1, 2,0000000111,0000000000,15,37, 4,11,16,  ,  ,  ,  ,  ,          ,          ,        ,
 1, 1,  ,0000000148,          ,15,37, 4,11,16,  ,  ,  ,  ,  ,          ,          ,        ,
 1, 1, 2,0000000148,0000000000,15,37, 4,11,16,  ,  ,  ,  ,  ,          ,          ,        ,
 1, 1,  ,0000000364,          ,15,37, 4,11,16,  ,  ,  ,  ,  ,          ,          ,        ,
 1, 1, 2,0000000364,0000000000,15,37, 4,11,16,  ,  ,  ,  ,  ,          ,          ,        ,
 1, 1,  ,0000000347,          ,15,37, 4,11,16,  ,  ,  ,  ,  ,          ,          ,        ,
 1, 1, 2,0000000347,0000000000,15,37, 4,11,16,  ,  ,  ,  ,  ,          ,          ,        ,
 1, 1,  ,0000000373,          ,15,37, 4,11,16,  ,  ,  ,  ,  ,          ,          ,        ,
 1, 1, 2,0000000373,0000000000,15,37, 4,11,16,  ,  ,  ,  ,  ,          ,          ,        ,
 1, 1,  ,0000000475,          ,15,37, 4,11,16,  ,  ,  ,  ,  ,          ,          ,        ,
 1, 1, 2,0000000475,0000000000,15,37, 4,11,16,  ,  ,  ,  ,  ,          ,          ,        ,
 1, 1,  ,0000000161,          ,15,38, 4,11,16,  ,  ,  ,  ,  ,          ,          ,        ,
 1, 1, 2,0000000161,0000000000,15,38, 4,11,16,  ,  ,  ,  ,  ,          ,          ,        ,
 1, 1,  ,0000000012,          ,15,38, 4,11,16,  ,  ,  ,  ,  ,          ,          ,        ,
 1, 1, 2,0000000012,0000000000,15,38, 4,11,16,  ,  ,  ,  ,  ,          ,          ,        ,
 1, 1,  ,0000000043,          ,15,38, 4,11,16,  ,  ,  ,  ,  ,          ,          ,        ,
 1, 1, 2,0000000043,0000000000,15,38, 4,11,16,  ,  ,  ,  ,  ,          ,          ,        ,
 1, 1,  ,0000002505,          ,15,39, 4,11,16,  ,  ,  ,  ,  ,          ,          ,        ,
 1, 1, 2,0000002505,0000000000,15,39, 4,11,16,  ,  ,  ,  ,  ,          ,          ,        ,
 1, 1,  ,0000000041,          ,15,39, 4,11,16,  ,  ,  ,  ,  ,          ,          ,        ,
 1, 1, 2,0000000041,0000000000,15,39, 4,11,16,  ,  ,  ,  ,  ,          ,          ,        ,
 1, 1,  ,0000000027,          ,15,40, 4,11,16,  ,  ,  ,  ,  ,          ,          ,        ,
 1, 1, 2,0000000027,0000000000,15,40, 4,11,16,  ,  ,  ,  ,  ,          ,          ,        ,
 1, 1,  ,0000000344,          ,15,40, 4,11,16,  ,  ,  ,  ,  ,          ,          ,        ,
 1, 1, 2,0000000344,0000000000,15,40, 4,11,16,  ,  ,  ,  ,  ,          ,          ,        ,
 1, 1,  ,0000000403,          ,15,40, 4,11,16,  ,  ,  ,  ,  ,          ,          ,        ,
 1, 1, 2,0000000403,0000000000,15,40, 4,11,16,  ,  ,  ,  ,  ,          ,          ,        ,
 1, 1,  ,0000000063,          ,15,40, 4,11,16,  ,  ,  ,  ,  ,          ,          ,        ,
 1, 1, 2,0000000063,0000000000,15,40, 4,11,16,  ,  ,  ,  ,  ,          ,          ,        ,
 1, 1,  ,0000000097,          ,15,40, 4,11,16,  ,  ,  ,  ,  ,          ,          ,        ,
 1, 1, 2,0000000097,0000000000,15,40, 4,11,16,  ,  ,  ,  ,  ,          ,          ,        ,
 1, 1,  ,0000000221,          ,15,40, 4,11,16,  ,  ,  ,  ,  ,          ,          ,        ,
 1, 1, 2,0000000221,0000000000,15,40, 4,11,16,  ,  ,  ,  ,  ,          ,          ,        ,
 1, 1,  ,0000000329,          ,15,41, 4,11,16,  ,  ,  ,  ,  ,          ,          ,        ,
 1, 1, 2,0000000329,0000000000,15,41, 4,11,16,  ,  ,  ,  ,  ,          ,          ,        ,
 1, 1,  ,0000000397,          ,15,42, 4,11,16,  ,  ,  ,  ,  ,          ,          ,        ,
 1, 1, 2,0000000397,0000000000,15,42, 4,11,16,  ,  ,  ,  ,  ,          ,          ,        ,
 1, 1,  ,0000000301,          ,15,43, 4,11,16,  ,  ,  ,  ,  ,          ,          ,        ,
 1, 1, 2,0000000301,0000000000,15,43, 4,11,16,  ,  ,  ,  ,  ,          ,          ,        ,
 1, 1,  ,0000000465,          ,15,43, 4,11,16,  ,  ,  ,  ,  ,          ,          ,        ,
 1, 1, 2,0000000465,0000000000,15,43, 4,11,16,  ,  ,  ,  ,  ,          ,          ,        ,
 1, 1,  ,0000000005,          ,15,43, 4,11,16,  ,  ,  ,  ,  ,          ,          ,        ,
 1, 1, 2,0000000005,0000000000,15,43, 4,11,16,  ,  ,  ,  ,  ,          ,          ,        ,
 1, 1,  ,0000000335,          ,15,47, 4,11,16,  ,  ,  ,  ,  ,          ,          ,        ,
 1, 1, 2,0000000335,0000000000,15,47, 4,11,16,  ,  ,  ,  ,  ,          ,          ,        ,
 1, 1,  ,0000000199,          ,16,30, 4,11,16,  ,  ,  ,  ,  ,          ,          ,        ,
 1, 1, 2,0000000199,0000000000,16,30, 4,11,16,  ,  ,  ,  ,  ,          ,          ,        ,
 1, 1,  ,0000000066,          ,16,37, 4,11,16,  ,  ,  ,  ,  ,          ,          ,        ,
 1, 1, 2,0000000066,0000000000,16,37, 4,11,16,  ,  ,  ,  ,  ,          ,          ,        ,
 1, 1,  ,0000000323,          ,16,37, 4,11,16,  ,  ,  ,  ,  ,          ,          ,        ,
 1, 1, 2,0000000323,0000000000,16,37, 4,11,16,  ,  ,  ,  ,  ,          ,          ,        ,
 1, 1,  ,0000000138,          ,16,37, 4,11,16,  ,  ,  ,  ,  ,          ,          ,        ,
 1, 1, 2,0000000138,0000000000,16,37, 4,11,16,  ,  ,  ,  ,  ,          ,          ,        ,
 1, 1,  ,0000000295,          ,16,37, 4,11,16,  ,  ,  ,  ,  ,          ,          ,        ,
 1, 1, 2,0000000295,0000000000,16,37, 4,11,16,  ,  ,  ,  ,  ,          ,          ,        ,
 1, 1,  ,0000000274,          ,16,37, 4,11,16,  ,  ,  ,  ,  ,          ,          ,        ,
 1, 1, 2,0000000274,0000000000,16,37, 4,11,16,  ,  ,  ,  ,  ,          ,          ,        ,
 1, 1,  ,0000000296,          ,17, 0, 4,11,16,  ,  ,  ,  ,  ,          ,          ,        ,
 1, 1, 2,0000000296,0000000000,17, 0, 4,11,16,  ,  ,  ,  ,  ,          ,          ,        ,
 1, 1,  ,0000000168,          ,17, 2, 4,11,16,  ,  ,  ,  ,  ,          ,          ,        ,
 1, 1, 2,0000000168,0000000000,17, 2, 4,11,16,  ,  ,  ,  ,  ,          ,          ,        ,
 1, 1,  ,0000000145,          ,17,36, 4,11,16,  ,  ,  ,  ,  ,          ,          ,        ,
 1, 1, 2,0000000145,0000000000,17,36, 4,11,16,  ,  ,  ,  ,  ,          ,          ,        ,
 1, 1,  ,0000000137,          ,18, 3, 4,11,16,  ,  ,  ,  ,  ,          ,          ,        ,
 1, 1, 2,0000000137,0000000000,18, 3, 4,11,16,  ,  ,  ,  ,  ,          ,          ,        ,
 1, 1,  ,0000000360,          ,18, 5, 4,11,16,  ,  ,  ,  ,  ,          ,          ,        ,
 1, 1, 2,0000000360,0000000000,18, 5, 4,11,16,  ,  ,  ,  ,  ,          ,          ,        ,
 1, 1,  ,0000000445,          ,18, 5, 4,11,16,  ,  ,  ,  ,  ,          ,          ,        ,
 1, 1, 2,0000000445,0000000000,18, 5, 4,11,16,  ,  ,  ,  ,  ,          ,          ,        ,
 1, 1,  ,0000000384,          , 5,31, 4,12,16,  ,  ,  ,  ,  ,          ,          ,        ,
 1, 1, 1,0000000384,0000000058, 5,31, 4,12,16,  ,  ,  ,  ,  ,          ,          ,        ,
 1, 1,  ,0000000249,          , 5,34, 4,12,16,  ,  ,  ,  ,  ,          ,          ,        ,
 1, 1, 1,0000000249,0000000040, 5,34, 4,12,16,  ,  ,  ,  ,  ,          ,          ,        ,
 1, 1,  ,0000000431,          , 5,35, 4,12,16,  ,  ,  ,  ,  ,          ,          ,        ,
 1, 1, 1,0000000431,0000000029, 5,35, 4,12,16,  ,  ,  ,  ,  ,          ,          ,        ,
 1, 1,  ,0000000063,          , 5,35, 4,12,16,  ,  ,  ,  ,  ,          ,          ,        ,
 1, 1, 1,0000000063,0000000022, 5,35, 4,12,16,  ,  ,  ,  ,  ,          ,          ,        ,
 1, 1,  ,0000000041,          , 5,35, 4,12,16,  ,  ,  ,  ,  ,          ,          ,        ,
 1, 1, 1,0000000041,0000000029, 5,35, 4,12,16,  ,  ,  ,  ,  ,          ,          ,        ,
 1, 1,  ,0000000148,          , 5,36, 4,12,16,  ,  ,  ,  ,  ,          ,          ,        ,
 1, 1, 1,0000000148,0000000040, 5,36, 4,12,16,  ,  ,  ,  ,  ,          ,          ,        ,
 1, 1,  ,0000000360,          , 5,36, 4,12,16,  ,  ,  ,  ,  ,          ,          ,        ,
 1, 1, 1,0000000360,0000000058, 5,36, 4,12,16,  ,  ,  ,  ,  ,          ,          ,        ,
 1, 1,  ,0000000302,          , 5,36, 4,12,16,  ,  ,  ,  ,  ,          ,          ,        ,
 1, 1, 1,0000000302,0000000029, 5,36, 4,12,16,  ,  ,  ,  ,  ,          ,          ,        ,
 1, 1,  ,0000000344,          , 5,37, 4,12,16,  ,  ,  ,  ,  ,          ,          ,        ,
 1, 1, 1,0000000344,0000000029, 5,37, 4,12,16,  ,  ,  ,  ,  ,          ,          ,        ,
 1, 1,  ,0000000493,          , 5,37, 4,12,16,  ,  ,  ,  ,  ,          ,          ,        ,
 1, 1, 1,0000000493,0000000051, 5,37, 4,12,16,  ,  ,  ,  ,  ,          ,          ,        ,
 1, 1,  ,0000000496,          , 5,38, 4,12,16,  ,  ,  ,  ,  ,          ,          ,        ,
 1, 1, 1,0000000496,0000000031, 5,38, 4,12,16,  ,  ,  ,  ,  ,          ,          ,        ,
 1, 1,  ,0000002531,          , 5,40, 4,12,16,  ,  ,  ,  ,  ,          ,          ,        ,
 1, 1, 1,0000002531,0000000058, 5,40, 4,12,16,  ,  ,  ,  ,  ,          ,          ,        ,
 1, 1,  ,0000000445,          , 5,40, 4,12,16,  ,  ,  ,  ,  ,          ,          ,        ,
 1, 1, 1,0000000445,0000000058, 5,40, 4,12,16,  ,  ,  ,  ,  ,          ,          ,        ,
 1, 1,  ,0000000336,          , 5,40, 4,12,16,  ,  ,  ,  ,  ,          ,          ,        ,
 1, 1, 1,0000000336,0000000000, 5,40, 4,12,16,  ,  ,  ,  ,  ,          ,          ,        ,
 1, 1,  ,0000000267,          , 5,40, 4,12,16,  ,  ,  ,  ,  ,          ,          ,        ,
 1, 1, 1,0000000267,0000000000, 5,40, 4,12,16,  ,  ,  ,  ,  ,          ,          ,        ,
 1, 1,  ,0000000397,          , 5,41, 4,12,16,  ,  ,  ,  ,  ,          ,          ,        ,
 1, 1, 1,0000000397,0000000040, 5,41, 4,12,16,  ,  ,  ,  ,  ,          ,          ,        ,
 1, 1,  ,0000000111,          , 5,41, 4,12,16,  ,  ,  ,  ,  ,          ,          ,        ,
 1, 1, 1,0000000111,0000000029, 5,41, 4,12,16,  ,  ,  ,  ,  ,          ,          ,        ,
 1, 1,  ,0000000286,          , 5,41, 4,12,16,  ,  ,  ,  ,  ,          ,          ,        ,
 1, 1, 1,0000000286,0000000029, 5,41, 4,12,16,  ,  ,  ,  ,  ,          ,          ,        ,
 1, 1,  ,0000000318,          , 5,42, 4,12,16,  ,  ,  ,  ,  ,          ,          ,        ,
 1, 1, 1,0000000318,0000000029, 5,42, 4,12,16,  ,  ,  ,  ,  ,          ,          ,        ,
 1, 1,  ,0000000438,          , 5,42, 4,12,16,  ,  ,  ,  ,  ,          ,          ,        ,
 1, 1, 1,0000000438,0000000022, 5,42, 4,12,16,  ,  ,  ,  ,  ,          ,          ,        ,
 1, 1,  ,0000000199,          , 5,42, 4,12,16,  ,  ,  ,  ,  ,          ,          ,        ,
 1, 1, 1,0000000199,0000000070, 5,42, 4,12,16,  ,  ,  ,  ,  ,          ,          ,        ,
 1, 1,  ,0000000347,          , 5,42, 4,12,16,  ,  ,  ,  ,  ,          ,          ,        ,
 1, 1, 1,0000000347,0000000058, 5,42, 4,12,16,  ,  ,  ,  ,  ,          ,          ,        ,
 1, 1,  ,0000000329,          , 5,42, 4,12,16,  ,  ,  ,  ,  ,          ,          ,        ,
 1, 1, 1,0000000329,0000000031, 5,42, 4,12,16,  ,  ,  ,  ,  ,          ,          ,        ,
 1, 1,  ,0000000364,          , 5,43, 4,12,16,  ,  ,  ,  ,  ,          ,          ,        ,
 1, 1, 1,0000000364,0000000000, 5,43, 4,12,16,  ,  ,  ,  ,  ,          ,          ,        ,
 1, 1,  ,0000000237,          , 5,43, 4,12,16,  ,  ,  ,  ,  ,          ,          ,        ,
 1, 1, 1,0000000237,0000000052, 5,43, 4,12,16,  ,  ,  ,  ,  ,          ,          ,        ,
 1, 1,  ,0000000322,          , 5,44, 4,12,16,  ,  ,  ,  ,  ,          ,          ,        ,
 1, 1, 1,0000000322,0000000029, 5,44, 4,12,16,  ,  ,  ,  ,  ,          ,          ,        ,
 1, 1,  ,0000000057,          , 5,45, 4,12,16,  ,  ,  ,  ,  ,          ,          ,        ,
 1, 1, 1,0000000057,0000000029, 5,45, 4,12,16,  ,  ,  ,  ,  ,          ,          ,        ,
 1, 1,  ,0000000251,          , 5,45, 4,12,16,  ,  ,  ,  ,  ,          ,          ,        ,
 1, 1, 1,0000000251,0000000022, 5,45, 4,12,16,  ,  ,  ,  ,  ,          ,          ,        ,
 1, 1,  ,0000000161,          , 5,46, 4,12,16,  ,  ,  ,  ,  ,          ,          ,        ,
 1, 1, 1,0000000161,0000000033, 5,46, 4,12,16,  ,  ,  ,  ,  ,          ,          ,        ,
 1, 1,  ,0000000205,          , 5,46, 4,12,16,  ,  ,  ,  ,  ,          ,          ,        ,
 1, 1, 1,0000000205,0000000031, 5,46, 4,12,16,  ,  ,  ,  ,  ,          ,          ,        ,
 1, 1,  ,0000000221,          , 5,46, 4,12,16,  ,  ,  ,  ,  ,          ,          ,        ,
 1, 1, 1,0000000221,0000000026, 5,46, 4,12,16,  ,  ,  ,  ,  ,          ,          ,        ,
 1, 1,  ,0000000066,          , 5,46, 4,12,16,  ,  ,  ,  ,  ,          ,          ,        ,
 1, 1, 1,0000000066,0000000054, 5,46, 4,12,16,  ,  ,  ,  ,  ,          ,          ,        ,
 1, 1,  ,0000000080,          , 5,47, 4,12,16,  ,  ,  ,  ,  ,          ,          ,        ,
 1, 1, 1,0000000080,0000000009, 5,47, 4,12,16,  ,  ,  ,  ,  ,          ,          ,        ,
 1, 1,  ,0000000145,          , 5,47, 4,12,16,  ,  ,  ,  ,  ,          ,          ,        ,
 1, 1, 1,0000000145,0000000058, 5,47, 4,12,16,  ,  ,  ,  ,  ,          ,          ,        ,
 1, 1,  ,0000000045,          , 5,47, 4,12,16,  ,  ,  ,  ,  ,          ,          ,        ,
 1, 1, 1,0000000045,0000000040, 5,47, 4,12,16,  ,  ,  ,  ,  ,          ,          ,        ,
 1, 1,  ,0000000027,          , 5,47, 4,12,16,  ,  ,  ,  ,  ,          ,          ,        ,
 1, 1, 1,0000000027,0000000029, 5,47, 4,12,16,  ,  ,  ,  ,  ,          ,          ,        ,
 1, 1,  ,0000002505,          , 5,47, 4,12,16,  ,  ,  ,  ,  ,          ,          ,        ,
 1, 1, 1,0000002505,0000000029, 5,47, 4,12,16,  ,  ,  ,  ,  ,          ,          ,        ,
 1, 1,  ,0000000335,          , 5,48, 4,12,16,  ,  ,  ,  ,  ,          ,          ,        ,
 1, 1, 1,0000000335,0000000040, 5,48, 4,12,16,  ,  ,  ,  ,  ,          ,          ,        ,
 1, 1,  ,0000000097,          , 5,49, 4,12,16,  ,  ,  ,  ,  ,          ,          ,        ,
 1, 1, 1,0000000097,0000000029, 5,49, 4,12,16,  ,  ,  ,  ,  ,          ,          ,        ,
 1, 1,  ,0000000422,          , 5,49, 4,12,16,  ,  ,  ,  ,  ,          ,          ,        ,
 1, 1, 1,0000000422,0000000071, 5,49, 4,12,16,  ,  ,  ,  ,  ,          ,          ,        ,
 1, 1,  ,0000000301,          , 5,52, 4,12,16,  ,  ,  ,  ,  ,          ,          ,        ,
 1, 1, 1,0000000301,0000000040, 5,52, 4,12,16,  ,  ,  ,  ,  ,          ,          ,        ,
 1, 1,  ,0000000053,          , 5,53, 4,12,16,  ,  ,  ,  ,  ,          ,          ,        ,
 1, 1, 1,0000000053,0000000029, 5,53, 4,12,16,  ,  ,  ,  ,  ,          ,          ,        ,
 1, 1,  ,0000000317,          , 5,53, 4,12,16,  ,  ,  ,  ,  ,          ,          ,        ,
 1, 1, 1,0000000317,0000000058, 5,53, 4,12,16,  ,  ,  ,  ,  ,          ,          ,        ,
 1, 1,  ,0000000461,          , 5,54, 4,12,16,  ,  ,  ,  ,  ,          ,          ,        ,
 1, 1, 1,0000000461,0000000029, 5,54, 4,12,16,  ,  ,  ,  ,  ,          ,          ,        ,
 1, 1,  ,0000000043,          , 5,54, 4,12,16,  ,  ,  ,  ,  ,          ,          ,        ,
 1, 1, 1,0000000043,0000000000, 5,54, 4,12,16,  ,  ,  ,  ,  ,          ,          ,        ,
 1, 1,  ,0000000475,          , 5,54, 4,12,16,  ,  ,  ,  ,  ,          ,          ,        ,
 1, 1, 1,0000000475,0000000029, 5,54, 4,12,16,  ,  ,  ,  ,  ,          ,          ,        ,
 1, 1,  ,0000000465,          , 5,54, 4,12,16,  ,  ,  ,  ,  ,          ,          ,        ,
 1, 1, 1,0000000465,0000000022, 5,54, 4,12,16,  ,  ,  ,  ,  ,          ,          ,        ,
 1, 1,  ,0000000005,          , 5,55, 4,12,16,  ,  ,  ,  ,  ,          ,          ,        ,
 1, 1, 1,0000000005,0000000031, 5,55, 4,12,16,  ,  ,  ,  ,  ,          ,          ,        ,
 1, 1,  ,0000000296,          , 5,55, 4,12,16,  ,  ,  ,  ,  ,          ,          ,        ,
 1, 1, 1,0000000296,0000000053, 5,55, 4,12,16,  ,  ,  ,  ,  ,          ,          ,        ,
 1, 1,  ,0000000158,          , 5,56, 4,12,16,  ,  ,  ,  ,  ,          ,          ,        ,
 1, 1, 1,0000000158,0000000029, 5,56, 4,12,16,  ,  ,  ,  ,  ,          ,          ,        ,
 1, 1,  ,0000000137,          , 5,59, 4,12,16,  ,  ,  ,  ,  ,          ,          ,        ,
 1, 1, 1,0000000137,0000000058, 5,59, 4,12,16,  ,  ,  ,  ,  ,          ,          ,        ,
 1, 1,  ,0000000012,          , 5,59, 4,12,16,  ,  ,  ,  ,  ,          ,          ,        ,
 1, 1, 1,0000000012,0000000031, 5,59, 4,12,16,  ,  ,  ,  ,  ,          ,          ,        ,
 1, 1,  ,0000000497,          , 6, 6, 4,12,16,  ,  ,  ,  ,  ,          ,          ,        ,
 1, 1, 1,0000000497,0000000058, 6, 6, 4,12,16,  ,  ,  ,  ,  ,          ,          ,        ,
 1, 1,  ,0000000191,          , 6,38, 4,12,16,  ,  ,  ,  ,  ,          ,          ,        ,
 1, 1, 1,0000000191,0000000058, 6,38, 4,12,16,  ,  ,  ,  ,  ,          ,          ,        ,
 1, 1,  ,0000000138,          , 6,46, 4,12,16,  ,  ,  ,  ,  ,          ,          ,        ,
 1, 1, 1,0000000138,0000000058, 6,46, 4,12,16,  ,  ,  ,  ,  ,          ,          ,        ,
 1, 1,  ,0000000133,          , 6,50, 4,12,16,  ,  ,  ,  ,  ,          ,          ,        ,
 1, 1, 1,0000000133,0000000058, 6,50, 4,12,16,  ,  ,  ,  ,  ,          ,          ,        ,
 1, 1,  ,0000000323,          , 6,50, 4,12,16,  ,  ,  ,  ,  ,          ,          ,        ,
 1, 1, 1,0000000323,0000000058, 6,50, 4,12,16,  ,  ,  ,  ,  ,          ,          ,        ,
 1, 1,  ,0000000168,          , 6,58, 4,12,16,  ,  ,  ,  ,  ,          ,          ,        ,
 1, 1, 1,0000000168,0000000051, 6,58, 4,12,16,  ,  ,  ,  ,  ,          ,          ,        ,
 1, 1,  ,0000000053,          ,14,30, 4,12,16,  ,  ,  ,  ,  ,          ,          ,        ,
 1, 1, 2,0000000053,0000000000,14,30, 4,12,16,  ,  ,  ,  ,  ,          ,          ,        ,
 1, 1,  ,0000000461,          ,14,30, 4,12,16,  ,  ,  ,  ,  ,          ,          ,        ,
 1, 1, 2,0000000461,0000000000,14,30, 4,12,16,  ,  ,  ,  ,  ,          ,          ,        ,
 1, 1,  ,0000000302,          ,14,30, 4,12,16,  ,  ,  ,  ,  ,          ,          ,        ,
 1, 1, 2,0000000302,0000000000,14,30, 4,12,16,  ,  ,  ,  ,  ,          ,          ,        ,
 1, 1,  ,0000000322,          ,14,30, 4,12,16,  ,  ,  ,  ,  ,          ,          ,        ,
 1, 1, 2,0000000322,0000000000,14,30, 4,12,16,  ,  ,  ,  ,  ,          ,          ,        ,
 1, 1,  ,0000000286,          ,14,30, 4,12,16,  ,  ,  ,  ,  ,          ,          ,        ,
 1, 1, 2,0000000286,0000000000,14,30, 4,12,16,  ,  ,  ,  ,  ,          ,          ,        ,
 1, 1,  ,0000000158,          ,14,30, 4,12,16,  ,  ,  ,  ,  ,          ,          ,        ,
 1, 1, 2,0000000158,0000000000,14,30, 4,12,16,  ,  ,  ,  ,  ,          ,          ,        ,
 1, 1,  ,0000000169,          ,14,30, 4,12,16,  ,  ,  ,  ,  ,          ,          ,        ,
 1, 1, 2,0000000169,0000000000,14,30, 4,12,16,  ,  ,  ,  ,  ,          ,          ,        ,
 1, 1,  ,0000000318,          ,14,30, 4,12,16,  ,  ,  ,  ,  ,          ,          ,        ,
 1, 1, 2,0000000318,0000000000,14,30, 4,12,16,  ,  ,  ,  ,  ,          ,          ,        ,
 1, 1,  ,0000000080,          ,14,31, 4,12,16,  ,  ,  ,  ,  ,          ,          ,        ,
 1, 1, 2,0000000080,0000000000,14,31, 4,12,16,  ,  ,  ,  ,  ,          ,          ,        ,
 1, 1,  ,0000000205,          ,14,31, 4,12,16,  ,  ,  ,  ,  ,          ,          ,        ,
 1, 1, 2,0000000205,0000000000,14,31, 4,12,16,  ,  ,  ,  ,  ,          ,          ,        ,
 1, 1,  ,0000000012,          ,14,31, 4,12,16,  ,  ,  ,  ,  ,          ,          ,        ,
 1, 1, 2,0000000012,0000000000,14,31, 4,12,16,  ,  ,  ,  ,  ,          ,          ,        ,
 1, 1,  ,0000000097,          ,14,32, 4,12,16,  ,  ,  ,  ,  ,          ,          ,        ,
 1, 1, 2,0000000097,0000000000,14,32, 4,12,16,  ,  ,  ,  ,  ,          ,          ,        ,
 1, 1,  ,0000000496,          ,14,32, 4,12,16,  ,  ,  ,  ,  ,          ,          ,        ,
 1, 1, 2,0000000496,0000000000,14,32, 4,12,16,  ,  ,  ,  ,  ,          ,          ,        ,
 1, 1,  ,0000000384,          ,14,33, 4,12,16,  ,  ,  ,  ,  ,          ,          ,        ,
 1, 1, 2,0000000384,0000000000,14,33, 4,12,16,  ,  ,  ,  ,  ,          ,          ,        ,
 1, 1,  ,0000000431,          ,14,33, 4,12,16,  ,  ,  ,  ,  ,          ,          ,        ,
 1, 1, 2,0000000431,0000000000,14,33, 4,12,16,  ,  ,  ,  ,  ,          ,          ,        ,
 1, 1,  ,0000000336,          ,14,34, 4,12,16,  ,  ,  ,  ,  ,          ,          ,        ,
 1, 1, 2,0000000336,0000000000,14,34, 4,12,16,  ,  ,  ,  ,  ,          ,          ,        ,
 1, 1,  ,0000000267,          ,14,34, 4,12,16,  ,  ,  ,  ,  ,          ,          ,        ,
 1, 1, 2,0000000267,0000000000,14,34, 4,12,16,  ,  ,  ,  ,  ,          ,          ,        ,
 1, 1,  ,0000000497,          ,14,34, 4,12,16,  ,  ,  ,  ,  ,          ,          ,        ,
 1, 1, 2,0000000497,0000000000,14,34, 4,12,16,  ,  ,  ,  ,  ,          ,          ,        ,
 1, 1,  ,0000000493,          ,14,34, 4,12,16,  ,  ,  ,  ,  ,          ,          ,        ,
 1, 1, 2,0000000493,0000000000,14,34, 4,12,16,  ,  ,  ,  ,  ,          ,          ,        ,
 1, 1,  ,0000000493,          ,14,34, 4,12,16,  ,  ,  ,  ,  ,          ,          ,        ,
 1, 1, 2,0000000493,0000000000,14,34, 4,12,16,  ,  ,  ,  ,  ,          ,          ,        ,
 1, 1,  ,0000000438,          ,14,35, 4,12,16,  ,  ,  ,  ,  ,          ,          ,        ,
 1, 1, 2,0000000438,0000000000,14,35, 4,12,16,  ,  ,  ,  ,  ,          ,          ,        ,
 1, 1,  ,0000000045,          ,14,35, 4,12,16,  ,  ,  ,  ,  ,          ,          ,        ,
 1, 1, 2,0000000045,0000000000,14,35, 4,12,16,  ,  ,  ,  ,  ,          ,          ,        ,
 1, 1,  ,0000000249,          ,14,36, 4,12,16,  ,  ,  ,  ,  ,          ,          ,        ,
 1, 1, 2,0000000249,0000000000,14,36, 4,12,16,  ,  ,  ,  ,  ,          ,          ,        ,
 1, 1,  ,0000000335,          ,14,36, 4,12,16,  ,  ,  ,  ,  ,          ,          ,        ,
 1, 1, 2,0000000335,0000000000,14,36, 4,12,16,  ,  ,  ,  ,  ,          ,          ,        ,
 1, 1,  ,0000000237,          ,14,36, 4,12,16,  ,  ,  ,  ,  ,          ,          ,        ,
 1, 1, 2,0000000237,0000000000,14,36, 4,12,16,  ,  ,  ,  ,  ,          ,          ,        ,
 1, 1,  ,0000000403,          ,14,37, 4,12,16,  ,  ,  ,  ,  ,          ,          ,        ,
 1, 1, 2,0000000403,0000000000,14,37, 4,12,16,  ,  ,  ,  ,  ,          ,          ,        ,
 1, 1,  ,0000000397,          ,14,38, 4,12,16,  ,  ,  ,  ,  ,          ,          ,        ,
 1, 1, 2,0000000397,0000000000,14,38, 4,12,16,  ,  ,  ,  ,  ,          ,          ,        ,
 1, 1,  ,0000000221,          ,14,38, 4,12,16,  ,  ,  ,  ,  ,          ,          ,        ,
 1, 1, 2,0000000221,0000000000,14,38, 4,12,16,  ,  ,  ,  ,  ,          ,          ,        ,
 1, 1,  ,0000000251,          ,14,38, 4,12,16,  ,  ,  ,  ,  ,          ,          ,        ,
 1, 1, 2,0000000251,0000000000,14,38, 4,12,16,  ,  ,  ,  ,  ,          ,          ,        ,
 1, 1,  ,0000000475,          ,14,38, 4,12,16,  ,  ,  ,  ,  ,          ,          ,        ,
 1, 1, 2,0000000475,0000000000,14,38, 4,12,16,  ,  ,  ,  ,  ,          ,          ,        ,
 1, 1,  ,0000000364,          ,14,39, 4,12,16,  ,  ,  ,  ,  ,          ,          ,        ,
 1, 1, 2,0000000364,0000000000,14,39, 4,12,16,  ,  ,  ,  ,  ,          ,          ,        ,
 1, 1,  ,0000000057,          ,14,40, 4,12,16,  ,  ,  ,  ,  ,          ,          ,        ,
 1, 1, 2,0000000057,0000000000,14,40, 4,12,16,  ,  ,  ,  ,  ,          ,          ,        ,
 1, 1,  ,0000000422,          ,14,40, 4,12,16,  ,  ,  ,  ,  ,          ,          ,        ,
 1, 1, 2,0000000422,0000000000,14,40, 4,12,16,  ,  ,  ,  ,  ,          ,          ,        ,
 1, 1,  ,0000000111,          ,14,40, 4,12,16,  ,  ,  ,  ,  ,          ,          ,        ,
 1, 1, 2,0000000111,0000000000,14,40, 4,12,16,  ,  ,  ,  ,  ,          ,          ,        ,
 1, 1,  ,0000000161,          ,14,40, 4,12,16,  ,  ,  ,  ,  ,          ,          ,        ,
 1, 1, 2,0000000161,0000000000,14,40, 4,12,16,  ,  ,  ,  ,  ,          ,          ,        ,
 1, 1,  ,0000002505,          ,14,40, 4,12,16,  ,  ,  ,  ,  ,          ,          ,        ,
 1, 1, 2,0000002505,0000000000,14,40, 4,12,16,  ,  ,  ,  ,  ,          ,          ,        ,
 1, 1,  ,0000000041,          ,14,40, 4,12,16,  ,  ,  ,  ,  ,          ,          ,        ,
 1, 1, 2,0000000041,0000000000,14,40, 4,12,16,  ,  ,  ,  ,  ,          ,          ,        ,
 1, 1,  ,0000000005,          ,14,40, 4,12,16,  ,  ,  ,  ,  ,          ,          ,        ,
 1, 1, 2,0000000005,0000000000,14,40, 4,12,16,  ,  ,  ,  ,  ,          ,          ,        ,
 1, 1,  ,0000000329,          ,14,41, 4,12,16,  ,  ,  ,  ,  ,          ,          ,        ,
 1, 1, 2,0000000329,0000000000,14,41, 4,12,16,  ,  ,  ,  ,  ,          ,          ,        ,
 1, 1,  ,0000000148,          ,14,41, 4,12,16,  ,  ,  ,  ,  ,          ,          ,        ,
 1, 1, 2,0000000148,0000000000,14,41, 4,12,16,  ,  ,  ,  ,  ,          ,          ,        ,
 1, 1,  ,0000000465,          ,14,41, 4,12,16,  ,  ,  ,  ,  ,          ,          ,        ,
 1, 1, 2,0000000465,0000000000,14,41, 4,12,16,  ,  ,  ,  ,  ,          ,          ,        ,
 1, 1,  ,0000000063,          ,14,41, 4,12,16,  ,  ,  ,  ,  ,          ,          ,        ,
 1, 1, 2,0000000063,0000000000,14,41, 4,12,16,  ,  ,  ,  ,  ,          ,          ,        ,
 1, 1,  ,0000000027,          ,14,42, 4,12,16,  ,  ,  ,  ,  ,          ,          ,        ,
 1, 1, 2,0000000027,0000000000,14,42, 4,12,16,  ,  ,  ,  ,  ,          ,          ,        ,
 1, 1,  ,0000000344,          ,14,42, 4,12,16,  ,  ,  ,  ,  ,          ,          ,        ,
 1, 1, 2,0000000344,0000000000,14,42, 4,12,16,  ,  ,  ,  ,  ,          ,          ,        ,
 1, 1,  ,0000000043,          ,14,42, 4,12,16,  ,  ,  ,  ,  ,          ,          ,        ,
 1, 1, 2,0000000043,0000000000,14,42, 4,12,16,  ,  ,  ,  ,  ,          ,          ,        ,
 1, 1,  ,0000000133,          ,15,37, 4,12,16,  ,  ,  ,  ,  ,          ,          ,        ,
 1, 1, 2,0000000133,0000000000,15,37, 4,12,16,  ,  ,  ,  ,  ,          ,          ,        ,
 1, 1,  ,0000000323,          ,15,37, 4,12,16,  ,  ,  ,  ,  ,          ,          ,        ,
 1, 1, 2,0000000323,0000000000,15,37, 4,12,16,  ,  ,  ,  ,  ,          ,          ,        ,
 1, 1,  ,0000000303,          ,15,39, 4,12,16,  ,  ,  ,  ,  ,          ,          ,        ,
 1, 1, 2,0000000303,0000000000,15,39, 4,12,16,  ,  ,  ,  ,  ,          ,          ,        ,
 1, 1,  ,0000000191,          ,15,39, 4,12,16,  ,  ,  ,  ,  ,          ,          ,        ,
 1, 1, 2,0000000191,0000000000,15,39, 4,12,16,  ,  ,  ,  ,  ,          ,          ,        ,
 1, 1,  ,0000000445,          ,15,39, 4,12,16,  ,  ,  ,  ,  ,          ,          ,        ,
 1, 1, 2,0000000445,0000000000,15,39, 4,12,16,  ,  ,  ,  ,  ,          ,          ,        ,
 1, 1,  ,0000000360,          ,15,40, 4,12,16,  ,  ,  ,  ,  ,          ,          ,        ,
 1, 1, 2,0000000360,0000000000,15,40, 4,12,16,  ,  ,  ,  ,  ,          ,          ,        ,
 1, 1,  ,0000000295,          ,15,40, 4,12,16,  ,  ,  ,  ,  ,          ,          ,        ,
 1, 1, 2,0000000295,0000000000,15,40, 4,12,16,  ,  ,  ,  ,  ,          ,          ,        ,
 1, 1,  ,0000000347,          ,15,41, 4,12,16,  ,  ,  ,  ,  ,          ,          ,        ,
 1, 1, 2,0000000347,0000000000,15,41, 4,12,16,  ,  ,  ,  ,  ,          ,          ,        ,
 1, 1,  ,0000000138,          ,15,42, 4,12,16,  ,  ,  ,  ,  ,          ,          ,        ,
 1, 1, 2,0000000138,0000000000,15,42, 4,12,16,  ,  ,  ,  ,  ,          ,          ,        ,
 1, 1,  ,0000000137,          ,15,44, 4,12,16,  ,  ,  ,  ,  ,          ,          ,        ,
 1, 1, 2,0000000137,0000000000,15,44, 4,12,16,  ,  ,  ,  ,  ,          ,          ,        ,
 1, 1,  ,0000000296,          ,16,53, 4,12,16,  ,  ,  ,  ,  ,          ,          ,        ,
 1, 1, 2,0000000296,0000000000,16,53, 4,12,16,  ,  ,  ,  ,  ,          ,          ,        ,
 1, 1,  ,0000000066,          ,17, 1, 4,12,16,  ,  ,  ,  ,  ,          ,          ,        ,
 1, 1, 2,0000000066,0000000000,17, 1, 4,12,16,  ,  ,  ,  ,  ,          ,          ,        ,
 1, 1,  ,0000000214,          ,17, 1, 4,12,16,  ,  ,  ,  ,  ,          ,          ,        ,
 1, 1, 2,0000000214,0000000000,17, 1, 4,12,16,  ,  ,  ,  ,  ,          ,          ,        ,
 1, 1,  ,0000002531,          ,17, 1, 4,12,16,  ,  ,  ,  ,  ,          ,          ,        ,
 1, 1, 2,0000002531,0000000000,17, 1, 4,12,16,  ,  ,  ,  ,  ,          ,          ,        ,
 1, 1,  ,0000000199,          ,17, 2, 4,12,16,  ,  ,  ,  ,  ,          ,          ,        ,
 1, 1, 2,0000000199,0000000000,17, 2, 4,12,16,  ,  ,  ,  ,  ,          ,          ,        ,
 1, 1,  ,0000000168,          ,17, 8, 4,12,16,  ,  ,  ,  ,  ,          ,          ,        ,
 1, 1, 2,0000000168,0000000000,17, 8, 4,12,16,  ,  ,  ,  ,  ,          ,          ,        ,
 1, 1,  ,0000000249,          , 5,36, 4,13,16,  ,  ,  ,  ,  ,          ,          ,        ,
 1, 1, 1,0000000249,0000000040, 5,36, 4,13,16,  ,  ,  ,  ,  ,          ,          ,        ,
 1, 1,  ,0000000431,          , 5,36, 4,13,16,  ,  ,  ,  ,  ,          ,          ,        ,
 1, 1, 1,0000000431,0000000029, 5,36, 4,13,16,  ,  ,  ,  ,  ,          ,          ,        ,
 1, 1,  ,0000000063,          , 5,38, 4,13,16,  ,  ,  ,  ,  ,          ,          ,        ,
 1, 1, 1,0000000063,0000000022, 5,38, 4,13,16,  ,  ,  ,  ,  ,          ,          ,        ,
 1, 1,  ,0000000403,          , 5,38, 4,13,16,  ,  ,  ,  ,  ,          ,          ,        ,
 1, 1, 1,0000000403,0000000031, 5,38, 4,13,16,  ,  ,  ,  ,  ,          ,          ,        ,
 1, 1,  ,0000000041,          , 5,39, 4,13,16,  ,  ,  ,  ,  ,          ,          ,        ,
 1, 1, 1,0000000041,0000000029, 5,39, 4,13,16,  ,  ,  ,  ,  ,          ,          ,        ,
 1, 1,  ,0000000302,          , 5,39, 4,13,16,  ,  ,  ,  ,  ,          ,          ,        ,
 1, 1, 1,0000000302,0000000029, 5,39, 4,13,16,  ,  ,  ,  ,  ,          ,          ,        ,
 1, 1,  ,0000000344,          , 5,39, 4,13,16,  ,  ,  ,  ,  ,          ,          ,        ,
 1, 1, 1,0000000344,0000000029, 5,39, 4,13,16,  ,  ,  ,  ,  ,          ,          ,        ,
 1, 1,  ,0000000360,          , 5,39, 4,13,16,  ,  ,  ,  ,  ,          ,          ,        ,
 1, 1, 1,0000000360,0000000058, 5,39, 4,13,16,  ,  ,  ,  ,  ,          ,          ,        ,
 1, 1,  ,0000000336,          , 5,39, 4,13,16,  ,  ,  ,  ,  ,          ,          ,        ,
 1, 1, 1,0000000336,0000000000, 5,39, 4,13,16,  ,  ,  ,  ,  ,          ,          ,        ,
 1, 1,  ,0000000148,          , 5,40, 4,13,16,  ,  ,  ,  ,  ,          ,          ,        ,
 1, 1, 1,0000000148,0000000040, 5,40, 4,13,16,  ,  ,  ,  ,  ,          ,          ,        ,
 1, 1,  ,0000000267,          , 5,40, 4,13,16,  ,  ,  ,  ,  ,          ,          ,        ,
 1, 1, 1,0000000267,0000000000, 5,40, 4,13,16,  ,  ,  ,  ,  ,          ,          ,        ,
 1, 1,  ,0000000496,          , 5,40, 4,13,16,  ,  ,  ,  ,  ,          ,          ,        ,
 1, 1, 1,0000000496,0000000031, 5,40, 4,13,16,  ,  ,  ,  ,  ,          ,          ,        ,
 1, 1,  ,0000000384,          , 5,40, 4,13,16,  ,  ,  ,  ,  ,          ,          ,        ,
 1, 1, 1,0000000384,0000000058, 5,40, 4,13,16,  ,  ,  ,  ,  ,          ,          ,        ,
 1, 1,  ,0000002531,          , 5,42, 4,13,16,  ,  ,  ,  ,  ,          ,          ,        ,
 1, 1, 1,0000002531,0000000058, 5,42, 4,13,16,  ,  ,  ,  ,  ,          ,          ,        ,
 1, 1,  ,0000000438,          , 5,42, 4,13,16,  ,  ,  ,  ,  ,          ,          ,        ,
 1, 1, 1,0000000438,0000000022, 5,42, 4,13,16,  ,  ,  ,  ,  ,          ,          ,        ,
 1, 1,  ,0000000199,          , 5,42, 4,13,16,  ,  ,  ,  ,  ,          ,          ,        ,
 1, 1, 1,0000000199,0000000070, 5,42, 4,13,16,  ,  ,  ,  ,  ,          ,          ,        ,
 1, 1,  ,0000000286,          , 5,44, 4,13,16,  ,  ,  ,  ,  ,          ,          ,        ,
 1, 1, 1,0000000286,0000000029, 5,44, 4,13,16,  ,  ,  ,  ,  ,          ,          ,        ,
 1, 1,  ,0000000111,          , 5,44, 4,13,16,  ,  ,  ,  ,  ,          ,          ,        ,
 1, 1, 1,0000000111,0000000029, 5,44, 4,13,16,  ,  ,  ,  ,  ,          ,          ,        ,
 1, 1,  ,0000000318,          , 5,44, 4,13,16,  ,  ,  ,  ,  ,          ,          ,        ,
 1, 1, 1,0000000318,0000000029, 5,44, 4,13,16,  ,  ,  ,  ,  ,          ,          ,        ,
 1, 1,  ,0000000493,          , 5,45, 4,13,16,  ,  ,  ,  ,  ,          ,          ,        ,
 1, 1, 1,0000000493,0000000051, 5,45, 4,13,16,  ,  ,  ,  ,  ,          ,          ,        ,
 1, 1,  ,0000000145,          , 5,46, 4,13,16,  ,  ,  ,  ,  ,          ,          ,        ,
 1, 1, 1,0000000145,0000000058, 5,46, 4,13,16,  ,  ,  ,  ,  ,          ,          ,        ,
 1, 1,  ,0000000066,          , 5,46, 4,13,16,  ,  ,  ,  ,  ,          ,          ,        ,
 1, 1, 1,0000000066,0000000054, 5,46, 4,13,16,  ,  ,  ,  ,  ,          ,          ,        ,
 1, 1,  ,0000000161,          , 5,47, 4,13,16,  ,  ,  ,  ,  ,          ,          ,        ,
 1, 1, 1,0000000161,0000000033, 5,47, 4,13,16,  ,  ,  ,  ,  ,          ,          ,        ,
 1, 1,  ,0000000057,          , 5,47, 4,13,16,  ,  ,  ,  ,  ,          ,          ,        ,
 1, 1, 1,0000000057,0000000029, 5,47, 4,13,16,  ,  ,  ,  ,  ,          ,          ,        ,
 1, 1,  ,0000000347,          , 5,47, 4,13,16,  ,  ,  ,  ,  ,          ,          ,        ,
 1, 1, 1,0000000347,0000000058, 5,47, 4,13,16,  ,  ,  ,  ,  ,          ,          ,        ,
 1, 1,  ,0000000080,          , 5,47, 4,13,16,  ,  ,  ,  ,  ,          ,          ,        ,
 1, 1, 1,0000000080,0000000009, 5,47, 4,13,16,  ,  ,  ,  ,  ,          ,          ,        ,
 1, 1,  ,0000002505,          , 5,47, 4,13,16,  ,  ,  ,  ,  ,          ,          ,        ,
 1, 1, 1,0000002505,0000000029, 5,47, 4,13,16,  ,  ,  ,  ,  ,          ,          ,        ,
 1, 1,  ,0000000205,          , 5,48, 4,13,16,  ,  ,  ,  ,  ,          ,          ,        ,
 1, 1, 1,0000000205,0000000031, 5,48, 4,13,16,  ,  ,  ,  ,  ,          ,          ,        ,
 1, 1,  ,0000000329,          , 5,48, 4,13,16,  ,  ,  ,  ,  ,          ,          ,        ,
 1, 1, 1,0000000329,0000000031, 5,48, 4,13,16,  ,  ,  ,  ,  ,          ,          ,        ,
 1, 1,  ,0000000221,          , 5,48, 4,13,16,  ,  ,  ,  ,  ,          ,          ,        ,
 1, 1, 1,0000000221,0000000026, 5,48, 4,13,16,  ,  ,  ,  ,  ,          ,          ,        ,
 1, 1,  ,0000000251,          , 5,48, 4,13,16,  ,  ,  ,  ,  ,          ,          ,        ,
 1, 1, 2,0000000251,0000000000, 5,48, 4,13,16,  ,  ,  ,  ,  ,          ,          ,        ,
 1, 1,  ,0000000097,          , 5,49, 4,13,16,  ,  ,  ,  ,  ,          ,          ,        ,
 1, 1, 1,0000000097,0000000029, 5,49, 4,13,16,  ,  ,  ,  ,  ,          ,          ,        ,
 1, 1,  ,0000000422,          , 5,49, 4,13,16,  ,  ,  ,  ,  ,          ,          ,        ,
 1, 1, 1,0000000422,0000000071, 5,49, 4,13,16,  ,  ,  ,  ,  ,          ,          ,        ,
 1, 1,  ,0000000322,          , 5,49, 4,13,16,  ,  ,  ,  ,  ,          ,          ,        ,
 1, 1, 1,0000000322,0000000029, 5,49, 4,13,16,  ,  ,  ,  ,  ,          ,          ,        ,
 1, 1,  ,0000000045,          , 5,49, 4,13,16,  ,  ,  ,  ,  ,          ,          ,        ,
 1, 1, 1,0000000045,0000000040, 5,49, 4,13,16,  ,  ,  ,  ,  ,          ,          ,        ,
 1, 1,  ,0000000237,          , 5,50, 4,13,16,  ,  ,  ,  ,  ,          ,          ,        ,
 1, 1, 1,0000000237,0000000052, 5,50, 4,13,16,  ,  ,  ,  ,  ,          ,          ,        ,
 1, 1,  ,0000000364,          , 5,51, 4,13,16,  ,  ,  ,  ,  ,          ,          ,        ,
 1, 1, 1,0000000364,0000000000, 5,51, 4,13,16,  ,  ,  ,  ,  ,          ,          ,        ,
 1, 1,  ,0000000397,          , 5,51, 4,13,16,  ,  ,  ,  ,  ,          ,          ,        ,
 1, 1, 1,0000000397,0000000040, 5,51, 4,13,16,  ,  ,  ,  ,  ,          ,          ,        ,
 1, 1,  ,0000000335,          , 5,51, 4,13,16,  ,  ,  ,  ,  ,          ,          ,        ,
 1, 1, 1,0000000335,0000000040, 5,51, 4,13,16,  ,  ,  ,  ,  ,          ,          ,        ,
 1, 1,  ,0000000053,          , 5,53, 4,13,16,  ,  ,  ,  ,  ,          ,          ,        ,
 1, 1, 1,0000000053,0000000029, 5,53, 4,13,16,  ,  ,  ,  ,  ,          ,          ,        ,
 1, 1,  ,0000000461,          , 5,53, 4,13,16,  ,  ,  ,  ,  ,          ,          ,        ,
 1, 1, 1,0000000461,0000000029, 5,53, 4,13,16,  ,  ,  ,  ,  ,          ,          ,        ,
 1, 1,  ,0000000475,          , 5,54, 4,13,16,  ,  ,  ,  ,  ,          ,          ,        ,
 1, 1, 1,0000000475,0000000029, 5,54, 4,13,16,  ,  ,  ,  ,  ,          ,          ,        ,
 1, 1,  ,0000000317,          , 5,54, 4,13,16,  ,  ,  ,  ,  ,          ,          ,        ,
 1, 1, 1,0000000317,0000000058, 5,54, 4,13,16,  ,  ,  ,  ,  ,          ,          ,        ,
 1, 1,  ,0000000296,          , 5,55, 4,13,16,  ,  ,  ,  ,  ,          ,          ,        ,
 1, 1, 1,0000000296,0000000053, 5,55, 4,13,16,  ,  ,  ,  ,  ,          ,          ,        ,
 1, 1,  ,0000000301,          , 5,55, 4,13,16,  ,  ,  ,  ,  ,          ,          ,        ,
 1, 1, 1,0000000301,0000000040, 5,55, 4,13,16,  ,  ,  ,  ,  ,          ,          ,        ,
 1, 1,  ,0000000005,          , 5,56, 4,13,16,  ,  ,  ,  ,  ,          ,          ,        ,
 1, 1, 1,0000000005,0000000031, 5,56, 4,13,16,  ,  ,  ,  ,  ,          ,          ,        ,
 1, 1,  ,0000000465,          , 5,56, 4,13,16,  ,  ,  ,  ,  ,          ,          ,        ,
 1, 1, 1,0000000465,0000000022, 5,56, 4,13,16,  ,  ,  ,  ,  ,          ,          ,        ,
 1, 1,  ,0000000043,          , 5,56, 4,13,16,  ,  ,  ,  ,  ,          ,          ,        ,
 1, 1, 1,0000000043,0000000000, 5,56, 4,13,16,  ,  ,  ,  ,  ,          ,          ,        ,
 1, 1,  ,0000000137,          , 5,56, 4,13,16,  ,  ,  ,  ,  ,          ,          ,        ,
 1, 1, 1,0000000137,0000000058, 5,56, 4,13,16,  ,  ,  ,  ,  ,          ,          ,        ,
 1, 1,  ,0000000158,          , 5,57, 4,13,16,  ,  ,  ,  ,  ,          ,          ,        ,
 1, 1, 1,0000000158,0000000029, 5,57, 4,13,16,  ,  ,  ,  ,  ,          ,          ,        ,
 1, 1,  ,0000000012,          , 6, 0, 4,13,16,  ,  ,  ,  ,  ,          ,          ,        ,
 1, 1, 1,0000000012,0000000031, 6, 0, 4,13,16,  ,  ,  ,  ,  ,          ,          ,        ,
 1, 1,  ,0000000497,          , 6, 9, 4,13,16,  ,  ,  ,  ,  ,          ,          ,        ,
 1, 1, 1,0000000497,0000000058, 6, 9, 4,13,16,  ,  ,  ,  ,  ,          ,          ,        ,
 1, 1,  ,0000000191,          , 6,41, 4,13,16,  ,  ,  ,  ,  ,          ,          ,        ,
 1, 1, 1,0000000191,0000000058, 6,41, 4,13,16,  ,  ,  ,  ,  ,          ,          ,        ,
 1, 1,  ,0000000133,          , 6,41, 4,13,16,  ,  ,  ,  ,  ,          ,          ,        ,
 1, 1, 1,0000000133,0000000058, 6,41, 4,13,16,  ,  ,  ,  ,  ,          ,          ,        ,
 1, 1,  ,0000000138,          , 6,48, 4,13,16,  ,  ,  ,  ,  ,          ,          ,        ,
 1, 1, 1,0000000138,0000000058, 6,48, 4,13,16,  ,  ,  ,  ,  ,          ,          ,        ,
 1, 1,  ,0000000323,          , 6,54, 4,13,16,  ,  ,  ,  ,  ,          ,          ,        ,
 1, 1, 1,0000000323,0000000058, 6,54, 4,13,16,  ,  ,  ,  ,  ,          ,          ,        ,
 1, 1,  ,0000000496,          ,14,30, 4,13,16,  ,  ,  ,  ,  ,          ,          ,        ,
 1, 1, 2,0000000496,0000000000,14,30, 4,13,16,  ,  ,  ,  ,  ,          ,          ,        ,
 1, 1,  ,0000000322,          ,14,30, 4,13,16,  ,  ,  ,  ,  ,          ,          ,        ,
 1, 1, 2,0000000322,0000000000,14,30, 4,13,16,  ,  ,  ,  ,  ,          ,          ,        ,
 1, 1,  ,0000000302,          ,14,30, 4,13,16,  ,  ,  ,  ,  ,          ,          ,        ,
 1, 1, 2,0000000302,0000000000,14,30, 4,13,16,  ,  ,  ,  ,  ,          ,          ,        ,
 1, 1,  ,0000000318,          ,14,30, 4,13,16,  ,  ,  ,  ,  ,          ,          ,        ,
 1, 1, 2,0000000318,0000000000,14,30, 4,13,16,  ,  ,  ,  ,  ,          ,          ,        ,
 1, 1,  ,0000000493,          ,14,30, 4,13,16,  ,  ,  ,  ,  ,          ,          ,        ,
 1, 1, 2,0000000493,0000000000,14,30, 4,13,16,  ,  ,  ,  ,  ,          ,          ,        ,
 1, 1,  ,0000000286,          ,14,30, 4,13,16,  ,  ,  ,  ,  ,          ,          ,        ,
 1, 1, 2,0000000286,0000000000,14,30, 4,13,16,  ,  ,  ,  ,  ,          ,          ,        ,
 1, 1,  ,0000000422,          ,14,30, 4,13,16,  ,  ,  ,  ,  ,          ,          ,        ,
 1, 1, 2,0000000422,0000000000,14,30, 4,13,16,  ,  ,  ,  ,  ,          ,          ,        ,
 1, 1,  ,0000000249,          ,14,31, 4,13,16,  ,  ,  ,  ,  ,          ,          ,        ,
 1, 1, 2,0000000249,0000000000,14,31, 4,13,16,  ,  ,  ,  ,  ,          ,          ,        ,
 1, 1,  ,0000000169,          ,14,31, 4,13,16,  ,  ,  ,  ,  ,          ,          ,        ,
 1, 1, 2,0000000169,0000000000,14,31, 4,13,16,  ,  ,  ,  ,  ,          ,          ,        ,
 1, 1,  ,0000000053,          ,14,31, 4,13,16,  ,  ,  ,  ,  ,          ,          ,        ,
 1, 1, 2,0000000053,0000000000,14,31, 4,13,16,  ,  ,  ,  ,  ,          ,          ,        ,
 1, 1,  ,0000000043,          ,14,31, 4,13,16,  ,  ,  ,  ,  ,          ,          ,        ,
 1, 1, 2,0000000043,0000000000,14,31, 4,13,16,  ,  ,  ,  ,  ,          ,          ,        ,
 1, 1,  ,0000000438,          ,14,31, 4,13,16,  ,  ,  ,  ,  ,          ,          ,        ,
 1, 1, 2,0000000438,0000000000,14,31, 4,13,16,  ,  ,  ,  ,  ,          ,          ,        ,
 1, 1,  ,0000000063,          ,14,31, 4,13,16,  ,  ,  ,  ,  ,          ,          ,        ,
 1, 1, 2,0000000063,0000000000,14,31, 4,13,16,  ,  ,  ,  ,  ,          ,          ,        ,
 1, 1,  ,0000000221,          ,14,32, 4,13,16,  ,  ,  ,  ,  ,          ,          ,        ,
 1, 1, 2,0000000221,0000000000,14,32, 4,13,16,  ,  ,  ,  ,  ,          ,          ,        ,
 1, 1,  ,0000000251,          ,14,32, 4,13,16,  ,  ,  ,  ,  ,          ,          ,        ,
 1, 1, 2,0000000251,0000000000,14,32, 4,13,16,  ,  ,  ,  ,  ,          ,          ,        ,
 1, 1,  ,0000000097,          ,14,32, 4,13,16,  ,  ,  ,  ,  ,          ,          ,        ,
 1, 1, 2,0000000097,0000000000,14,32, 4,13,16,  ,  ,  ,  ,  ,          ,          ,        ,
 1, 1,  ,0000000461,          ,14,32, 4,13,16,  ,  ,  ,  ,  ,          ,          ,        ,
 1, 1, 2,0000000461,0000000000,14,32, 4,13,16,  ,  ,  ,  ,  ,          ,          ,        ,
 1, 1,  ,0000000012,          ,14,32, 4,13,16,  ,  ,  ,  ,  ,          ,          ,        ,
 1, 1, 2,0000000012,0000000000,14,32, 4,13,16,  ,  ,  ,  ,  ,          ,          ,        ,
 1, 1,  ,0000000335,          ,14,33, 4,13,16,  ,  ,  ,  ,  ,          ,          ,        ,
 1, 1, 2,0000000335,0000000000,14,33, 4,13,16,  ,  ,  ,  ,  ,          ,          ,        ,
 1, 1,  ,0000000267,          ,14,35, 4,13,16,  ,  ,  ,  ,  ,          ,          ,        ,
 1, 1, 2,0000000267,0000000000,14,35, 4,13,16,  ,  ,  ,  ,  ,          ,          ,        ,
 1, 1,  ,0000000336,          ,14,36, 4,13,16,  ,  ,  ,  ,  ,          ,          ,        ,
 1, 1, 2,0000000336,0000000000,14,36, 4,13,16,  ,  ,  ,  ,  ,          ,          ,        ,
 1, 1,  ,0000000148,          ,14,37, 4,13,16,  ,  ,  ,  ,  ,          ,          ,        ,
 1, 1, 2,0000000148,0000000000,14,37, 4,13,16,  ,  ,  ,  ,  ,          ,          ,        ,
 1, 1,  ,0000000205,          ,14,37, 4,13,16,  ,  ,  ,  ,  ,          ,          ,        ,
 1, 1, 2,0000000205,0000000000,14,37, 4,13,16,  ,  ,  ,  ,  ,          ,          ,        ,
 1, 1,  ,0000000057,          ,14,37, 4,13,16,  ,  ,  ,  ,  ,          ,          ,        ,
 1, 1, 2,0000000057,0000000000,14,37, 4,13,16,  ,  ,  ,  ,  ,          ,          ,        ,
 1, 1,  ,0000000045,          ,14,37, 4,13,16,  ,  ,  ,  ,  ,          ,          ,        ,
 1, 1, 2,0000000045,0000000000,14,37, 4,13,16,  ,  ,  ,  ,  ,          ,          ,        ,
 1, 1,  ,0000000301,          ,14,37, 4,13,16,  ,  ,  ,  ,  ,          ,          ,        ,
 1, 1, 2,0000000301,0000000000,14,37, 4,13,16,  ,  ,  ,  ,  ,          ,          ,        ,
 1, 1,  ,0000000111,          ,14,37, 4,13,16,  ,  ,  ,  ,  ,          ,          ,        ,
 1, 1, 2,0000000111,0000000000,14,37, 4,13,16,  ,  ,  ,  ,  ,          ,          ,        ,
 1, 1,  ,0000000475,          ,14,37, 4,13,16,  ,  ,  ,  ,  ,          ,          ,        ,
 1, 1, 2,0000000475,0000000000,14,37, 4,13,16,  ,  ,  ,  ,  ,          ,          ,        ,
 1, 1,  ,0000000161,          ,14,38, 4,13,16,  ,  ,  ,  ,  ,          ,          ,        ,
 1, 1, 2,0000000161,0000000000,14,38, 4,13,16,  ,  ,  ,  ,  ,          ,          ,        ,
 1, 1,  ,0000000397,          ,14,38, 4,13,16,  ,  ,  ,  ,  ,          ,          ,        ,
 1, 1, 2,0000000397,0000000000,14,38, 4,13,16,  ,  ,  ,  ,  ,          ,          ,        ,
 1, 1,  ,0000000041,          ,14,39, 4,13,16,  ,  ,  ,  ,  ,          ,          ,        ,
 1, 1, 2,0000000041,0000000000,14,39, 4,13,16,  ,  ,  ,  ,  ,          ,          ,        ,
 1, 1,  ,0000000344,          ,14,39, 4,13,16,  ,  ,  ,  ,  ,          ,          ,        ,
 1, 1, 2,0000000344,0000000000,14,39, 4,13,16,  ,  ,  ,  ,  ,          ,          ,        ,
 1, 1,  ,0000002505,          ,14,39, 4,13,16,  ,  ,  ,  ,  ,          ,          ,        ,
 1, 1, 2,0000002505,0000000000,14,39, 4,13,16,  ,  ,  ,  ,  ,          ,          ,        ,
 1, 1,  ,0000000465,          ,14,39, 4,13,16,  ,  ,  ,  ,  ,          ,          ,        ,
 1, 1, 2,0000000465,0000000000,14,39, 4,13,16,  ,  ,  ,  ,  ,          ,          ,        ,
 1, 1,  ,0000000005,          ,14,39, 4,13,16,  ,  ,  ,  ,  ,          ,          ,        ,
 1, 1, 2,0000000005,0000000000,14,39, 4,13,16,  ,  ,  ,  ,  ,          ,          ,        ,
 1, 1,  ,0000000403,          ,14,39, 4,13,16,  ,  ,  ,  ,  ,          ,          ,        ,
 1, 1, 2,0000000403,0000000000,14,39, 4,13,16,  ,  ,  ,  ,  ,          ,          ,        ,
 1, 1,  ,0000000158,          ,14,40, 4,13,16,  ,  ,  ,  ,  ,          ,          ,        ,
 1, 1, 2,0000000158,0000000000,14,40, 4,13,16,  ,  ,  ,  ,  ,          ,          ,        ,
 1, 1,  ,0000000329,          ,14,40, 4,13,16,  ,  ,  ,  ,  ,          ,          ,        ,
 1, 1, 2,0000000329,0000000000,14,40, 4,13,16,  ,  ,  ,  ,  ,          ,          ,        ,
 1, 1,  ,0000000080,          ,17, 0, 4,13,16,  ,  ,  ,  ,  ,          ,          ,        ,
 1, 1, 2,0000000080,0000000000,17, 0, 4,13,16,  ,  ,  ,  ,  ,          ,          ,        ,
 1, 1,  ,0000000199,          ,17, 2, 4,13,16,  ,  ,  ,  ,  ,          ,          ,        ,
 1, 1, 2,0000000199,0000000000,17, 2, 4,13,16,  ,  ,  ,  ,  ,          ,          ,        ,
 1, 1,  ,0000000133,          ,17, 2, 4,13,16,  ,  ,  ,  ,  ,          ,          ,        ,
 1, 1, 2,0000000133,0000000000,17, 2, 4,13,16,  ,  ,  ,  ,  ,          ,          ,        ,
 1, 1,  ,0000000373,          ,17, 2, 4,13,16,  ,  ,  ,  ,  ,          ,          ,        ,
 1, 1, 2,0000000373,0000000000,17, 2, 4,13,16,  ,  ,  ,  ,  ,          ,          ,        ,
 1, 1,  ,0000000066,          ,17, 3, 4,13,16,  ,  ,  ,  ,  ,          ,          ,        ,
 1, 1, 2,0000000066,0000000000,17, 3, 4,13,16,  ,  ,  ,  ,  ,          ,          ,        ,
 1, 1,  ,0000000296,          ,17, 4, 4,13,16,  ,  ,  ,  ,  ,          ,          ,        ,
 1, 1, 2,0000000296,0000000000,17, 4, 4,13,16,  ,  ,  ,  ,  ,          ,          ,        ,
 1, 1,  ,0000000145,          ,17, 5, 4,13,16,  ,  ,  ,  ,  ,          ,          ,        ,
 1, 1, 2,0000000145,0000000000,17, 5, 4,13,16,  ,  ,  ,  ,  ,          ,          ,        ,
 1, 1,  ,0000000168,          ,17, 6, 4,13,16,  ,  ,  ,  ,  ,          ,          ,        ,
 1, 1, 2,0000000168,0000000000,17, 6, 4,13,16,  ,  ,  ,  ,  ,          ,          ,        ,
 1, 1,  ,0000000237,          ,17, 6, 4,13,16,  ,  ,  ,  ,  ,          ,          ,        ,
 1, 1, 2,0000000237,0000000000,17, 6, 4,13,16,  ,  ,  ,  ,  ,          ,          ,        ,
 1, 1,  ,0000000191,          ,17, 6, 4,13,16,  ,  ,  ,  ,  ,          ,          ,        ,
 1, 1, 2,0000000191,0000000000,17, 6, 4,13,16,  ,  ,  ,  ,  ,          ,          ,        ,
 1, 1,  ,0000000323,          ,17, 7, 4,13,16,  ,  ,  ,  ,  ,          ,          ,        ,
 1, 1, 2,0000000323,0000000000,17, 7, 4,13,16,  ,  ,  ,  ,  ,          ,          ,        ,
 1, 1,  ,0000000214,          ,17, 7, 4,13,16,  ,  ,  ,  ,  ,          ,          ,        ,
 1, 1, 2,0000000214,0000000000,17, 7, 4,13,16,  ,  ,  ,  ,  ,          ,          ,        ,
 1, 1,  ,0000000384,          ,17, 8, 4,13,16,  ,  ,  ,  ,  ,          ,          ,        ,
 1, 1, 2,0000000384,0000000000,17, 8, 4,13,16,  ,  ,  ,  ,  ,          ,          ,        ,
 1, 1,  ,0000000137,          ,17, 9, 4,13,16,  ,  ,  ,  ,  ,          ,          ,        ,
 1, 1, 1,0000000137,0000000058,17, 9, 4,13,16,  ,  ,  ,  ,  ,          ,          ,        ,
 1, 1,  ,0000000445,          ,17, 9, 4,13,16,  ,  ,  ,  ,  ,          ,          ,        ,
 1, 1, 2,0000000445,0000000000,17, 9, 4,13,16,  ,  ,  ,  ,  ,          ,          ,        ,
 1, 1,  ,0000000360,          ,17, 9, 4,13,16,  ,  ,  ,  ,  ,          ,          ,        ,
 1, 1, 2,0000000360,0000000000,17, 9, 4,13,16,  ,  ,  ,  ,  ,          ,          ,        ,
 1, 1,  ,0000000295,          ,17, 9, 4,13,16,  ,  ,  ,  ,  ,          ,          ,        ,
 1, 1, 2,0000000295,0000000000,17, 9, 4,13,16,  ,  ,  ,  ,  ,          ,          ,        ,
 1, 1,  ,0000000138,          ,17,10, 4,13,16,  ,  ,  ,  ,  ,          ,          ,        ,
 1, 1, 2,0000000138,0000000000,17,10, 4,13,16,  ,  ,  ,  ,  ,          ,          ,        ,
 1, 1,  ,0000000347,          ,17,12, 4,13,16,  ,  ,  ,  ,  ,          ,          ,        ,
 1, 1, 2,0000000347,0000000000,17,12, 4,13,16,  ,  ,  ,  ,  ,          ,          ,        ,
 1, 1,  ,0000000249,          , 5,36, 4,14,16,  ,  ,  ,  ,  ,          ,          ,        ,
 1, 1, 1,0000000249,0000000040, 5,36, 4,14,16,  ,  ,  ,  ,  ,          ,          ,        ,
 1, 1,  ,0000000431,          , 5,36, 4,14,16,  ,  ,  ,  ,  ,          ,          ,        ,
 1, 1, 1,0000000431,0000000029, 5,36, 4,14,16,  ,  ,  ,  ,  ,          ,          ,        ,
 1, 1,  ,0000000403,          , 5,36, 4,14,16,  ,  ,  ,  ,  ,          ,          ,        ,
 1, 1, 1,0000000403,0000000031, 5,36, 4,14,16,  ,  ,  ,  ,  ,          ,          ,        ,
 1, 1,  ,0000000302,          , 5,36, 4,14,16,  ,  ,  ,  ,  ,          ,          ,        ,
 1, 1, 1,0000000302,0000000029, 5,36, 4,14,16,  ,  ,  ,  ,  ,          ,          ,        ,
 1, 1,  ,0000000063,          , 5,37, 4,14,16,  ,  ,  ,  ,  ,          ,          ,        ,
 1, 1, 1,0000000063,0000000022, 5,37, 4,14,16,  ,  ,  ,  ,  ,          ,          ,        ,
 1, 1,  ,0000000041,          , 5,37, 4,14,16,  ,  ,  ,  ,  ,          ,          ,        ,
 1, 1, 1,0000000041,0000000029, 5,37, 4,14,16,  ,  ,  ,  ,  ,          ,          ,        ,
 1, 1,  ,0000000496,          , 5,38, 4,14,16,  ,  ,  ,  ,  ,          ,          ,        ,
 1, 1, 1,0000000496,0000000031, 5,38, 4,14,16,  ,  ,  ,  ,  ,          ,          ,        ,
 1, 1,  ,0000000336,          , 5,38, 4,14,16,  ,  ,  ,  ,  ,          ,          ,        ,
 1, 1, 1,0000000336,0000000000, 5,38, 4,14,16,  ,  ,  ,  ,  ,          ,          ,        ,
 1, 1,  ,0000000267,          , 5,38, 4,14,16,  ,  ,  ,  ,  ,          ,          ,        ,
 1, 1, 1,0000000267,0000000000, 5,38, 4,14,16,  ,  ,  ,  ,  ,          ,          ,        ,
 1, 1,  ,0000000148,          , 5,39, 4,14,16,  ,  ,  ,  ,  ,          ,          ,        ,
 1, 1, 1,0000000148,0000000040, 5,39, 4,14,16,  ,  ,  ,  ,  ,          ,          ,        ,
 1, 1,  ,0000000445,          , 5,40, 4,14,16,  ,  ,  ,  ,  ,          ,          ,        ,
 1, 1, 1,0000000445,0000000058, 5,40, 4,14,16,  ,  ,  ,  ,  ,          ,          ,        ,
 1, 1,  ,0000002531,          , 5,40, 4,14,16,  ,  ,  ,  ,  ,          ,          ,        ,
 1, 1, 1,0000002531,0000000058, 5,40, 4,14,16,  ,  ,  ,  ,  ,          ,          ,        ,
 1, 1,  ,0000000344,          , 5,40, 4,14,16,  ,  ,  ,  ,  ,          ,          ,        ,
 1, 1, 1,0000000344,0000000029, 5,40, 4,14,16,  ,  ,  ,  ,  ,          ,          ,        ,
 1, 1,  ,0000000199,          , 5,41, 4,14,16,  ,  ,  ,  ,  ,          ,          ,        ,
 1, 1, 1,0000000199,0000000070, 5,41, 4,14,16,  ,  ,  ,  ,  ,          ,          ,        ,
 1, 1,  ,0000000111,          , 5,41, 4,14,16,  ,  ,  ,  ,  ,          ,          ,        ,
 1, 1, 1,0000000111,0000000029, 5,41, 4,14,16,  ,  ,  ,  ,  ,          ,          ,        ,
 1, 1,  ,0000000318,          , 5,41, 4,14,16,  ,  ,  ,  ,  ,          ,          ,        ,
 1, 1, 1,0000000318,0000000029, 5,41, 4,14,16,  ,  ,  ,  ,  ,          ,          ,        ,
 1, 1,  ,0000000066,          , 5,42, 4,14,16,  ,  ,  ,  ,  ,          ,          ,        ,
 1, 1, 1,0000000066,0000000054, 5,42, 4,14,16,  ,  ,  ,  ,  ,          ,          ,        ,
 1, 1,  ,0000000145,          , 5,42, 4,14,16,  ,  ,  ,  ,  ,          ,          ,        ,
 1, 1, 1,0000000145,0000000058, 5,42, 4,14,16,  ,  ,  ,  ,  ,          ,          ,        ,
 1, 1,  ,0000000347,          , 5,42, 4,14,16,  ,  ,  ,  ,  ,          ,          ,        ,
 1, 1, 1,0000000347,0000000058, 5,42, 4,14,16,  ,  ,  ,  ,  ,          ,          ,        ,
 1, 1,  ,0000000286,          , 5,42, 4,14,16,  ,  ,  ,  ,  ,          ,          ,        ,
 1, 1, 1,0000000286,0000000029, 5,42, 4,14,16,  ,  ,  ,  ,  ,          ,          ,        ,
 1, 1,  ,0000000493,          , 5,42, 4,14,16,  ,  ,  ,  ,  ,          ,          ,        ,
 1, 1, 1,0000000493,0000000051, 5,42, 4,14,16,  ,  ,  ,  ,  ,          ,          ,        ,
 1, 1,  ,0000000137,          , 5,44, 4,14,16,  ,  ,  ,  ,  ,          ,          ,        ,
 1, 1, 1,0000000137,0000000058, 5,44, 4,14,16,  ,  ,  ,  ,  ,          ,          ,        ,
 1, 1,  ,0000000335,          , 5,44, 4,14,16,  ,  ,  ,  ,  ,          ,          ,        ,
 1, 1, 1,0000000335,0000000040, 5,44, 4,14,16,  ,  ,  ,  ,  ,          ,          ,        ,
 1, 1,  ,0000000364,          , 5,44, 4,14,16,  ,  ,  ,  ,  ,          ,          ,        ,
 1, 1, 1,0000000364,0000000000, 5,44, 4,14,16,  ,  ,  ,  ,  ,          ,          ,        ,
 1, 1,  ,0000000329,          , 5,45, 4,14,16,  ,  ,  ,  ,  ,          ,          ,        ,
 1, 1, 1,0000000329,0000000031, 5,45, 4,14,16,  ,  ,  ,  ,  ,          ,          ,        ,
 1, 1,  ,0000000438,          , 5,45, 4,14,16,  ,  ,  ,  ,  ,          ,          ,        ,
 1, 1, 1,0000000438,0000000022, 5,45, 4,14,16,  ,  ,  ,  ,  ,          ,          ,        ,
 1, 1,  ,0000000161,          , 5,46, 4,14,16,  ,  ,  ,  ,  ,          ,          ,        ,
 1, 1, 1,0000000161,0000000033, 5,46, 4,14,16,  ,  ,  ,  ,  ,          ,          ,        ,
 1, 1,  ,0000000057,          , 5,46, 4,14,16,  ,  ,  ,  ,  ,          ,          ,        ,
 1, 1, 1,0000000057,0000000029, 5,46, 4,14,16,  ,  ,  ,  ,  ,          ,          ,        ,
 1, 1,  ,0000000322,          , 5,46, 4,14,16,  ,  ,  ,  ,  ,          ,          ,        ,
 1, 1, 1,0000000322,0000000029, 5,46, 4,14,16,  ,  ,  ,  ,  ,          ,          ,        ,
 1, 1,  ,0000000027,          , 5,47, 4,14,16,  ,  ,  ,  ,  ,          ,          ,        ,
 1, 1, 1,0000000027,0000000029, 5,47, 4,14,16,  ,  ,  ,  ,  ,          ,          ,        ,
 1, 1,  ,0000000205,          , 5,47, 4,14,16,  ,  ,  ,  ,  ,          ,          ,        ,
 1, 1, 1,0000000205,0000000031, 5,47, 4,14,16,  ,  ,  ,  ,  ,          ,          ,        ,
 1, 1,  ,0000000080,          , 5,47, 4,14,16,  ,  ,  ,  ,  ,          ,          ,        ,
 1, 1, 1,0000000080,0000000009, 5,47, 4,14,16,  ,  ,  ,  ,  ,          ,          ,        ,
 1, 1,  ,0000000251,          , 5,47, 4,14,16,  ,  ,  ,  ,  ,          ,          ,        ,
 1, 1, 1,0000000251,0000000022, 5,47, 4,14,16,  ,  ,  ,  ,  ,          ,          ,        ,
 1, 1,  ,0000000221,          , 5,47, 4,14,16,  ,  ,  ,  ,  ,          ,          ,        ,
 1, 1, 1,0000000221,0000000026, 5,47, 4,14,16,  ,  ,  ,  ,  ,          ,          ,        ,
 1, 1,  ,0000000422,          , 5,48, 4,14,16,  ,  ,  ,  ,  ,          ,          ,        ,
 1, 1, 1,0000000422,0000000071, 5,48, 4,14,16,  ,  ,  ,  ,  ,          ,          ,        ,
 1, 1,  ,0000000045,          , 5,48, 4,14,16,  ,  ,  ,  ,  ,          ,          ,        ,
 1, 1, 1,0000000045,0000000040, 5,48, 4,14,16,  ,  ,  ,  ,  ,          ,          ,        ,
 1, 1,  ,0000000097,          , 5,48, 4,14,16,  ,  ,  ,  ,  ,          ,          ,        ,
 1, 1, 1,0000000097,0000000029, 5,48, 4,14,16,  ,  ,  ,  ,  ,          ,          ,        ,
 1, 1,  ,0000000237,          , 5,49, 4,14,16,  ,  ,  ,  ,  ,          ,          ,        ,
 1, 1, 1,0000000237,0000000052, 5,49, 4,14,16,  ,  ,  ,  ,  ,          ,          ,        ,
 1, 1,  ,0000000384,          , 5,50, 4,14,16,  ,  ,  ,  ,  ,          ,          ,        ,
 1, 1, 1,0000000384,0000000058, 5,50, 4,14,16,  ,  ,  ,  ,  ,          ,          ,        ,
 1, 1,  ,0000000053,          , 5,51, 4,14,16,  ,  ,  ,  ,  ,          ,          ,        ,
 1, 1, 1,0000000053,0000000029, 5,51, 4,14,16,  ,  ,  ,  ,  ,          ,          ,        ,
 1, 1,  ,0000000169,          , 5,51, 4,14,16,  ,  ,  ,  ,  ,          ,          ,        ,
 1, 1, 1,0000000169,0000000058, 5,51, 4,14,16,  ,  ,  ,  ,  ,          ,          ,        ,
 1, 1,  ,0000000301,          , 5,51, 4,14,16,  ,  ,  ,  ,  ,          ,          ,        ,
 1, 1, 1,0000000301,0000000040, 5,51, 4,14,16,  ,  ,  ,  ,  ,          ,          ,        ,
 1, 1,  ,0000000397,          , 5,52, 4,14,16,  ,  ,  ,  ,  ,          ,          ,        ,
 1, 1, 1,0000000397,0000000040, 5,52, 4,14,16,  ,  ,  ,  ,  ,          ,          ,        ,
 1, 1,  ,0000000158,          , 5,54, 4,14,16,  ,  ,  ,  ,  ,          ,          ,        ,
 1, 1, 1,0000000158,0000000029, 5,54, 4,14,16,  ,  ,  ,  ,  ,          ,          ,        ,
 1, 1,  ,0000000461,          , 5,55, 4,14,16,  ,  ,  ,  ,  ,          ,          ,        ,
 1, 1, 1,0000000461,0000000029, 5,55, 4,14,16,  ,  ,  ,  ,  ,          ,          ,        ,
 1, 1,  ,0000000465,          , 5,55, 4,14,16,  ,  ,  ,  ,  ,          ,          ,        ,
 1, 1, 1,0000000465,0000000022, 5,55, 4,14,16,  ,  ,  ,  ,  ,          ,          ,        ,
 1, 1,  ,0000000005,          , 5,55, 4,14,16,  ,  ,  ,  ,  ,          ,          ,        ,
 1, 1, 1,0000000005,0000000031, 5,55, 4,14,16,  ,  ,  ,  ,  ,          ,          ,        ,
 1, 1,  ,0000000296,          , 5,55, 4,14,16,  ,  ,  ,  ,  ,          ,          ,        ,
 1, 1, 1,0000000296,0000000053, 5,55, 4,14,16,  ,  ,  ,  ,  ,          ,          ,        ,
 1, 1,  ,0000000012,          , 5,56, 4,14,16,  ,  ,  ,  ,  ,          ,          ,        ,
 1, 1, 1,0000000012,0000000031, 5,56, 4,14,16,  ,  ,  ,  ,  ,          ,          ,        ,
 1, 1,  ,0000000317,          , 5,57, 4,14,16,  ,  ,  ,  ,  ,          ,          ,        ,
 1, 1, 1,0000000317,0000000058, 5,57, 4,14,16,  ,  ,  ,  ,  ,          ,          ,        ,
 1, 1,  ,0000000497,          , 6, 5, 4,14,16,  ,  ,  ,  ,  ,          ,          ,        ,
 1, 1, 1,0000000497,0000000058, 6, 5, 4,14,16,  ,  ,  ,  ,  ,          ,          ,        ,
