 1, 1,  ,0000000326,          , 8,21, 4,18,16,  ,  ,  ,  ,  ,          ,          ,        ,
 1, 1, 1,0000000326,0000000058, 8,21, 4,18,16,  ,  ,  ,  ,  ,          ,          ,        ,
 1, 1,  ,0000000619,          ,10,26, 4,18,16,  ,  ,  ,  ,  ,          ,          ,        ,
 1, 1, 1,0000000619,0000000009,10,26, 4,18,16,  ,  ,  ,  ,  ,          ,          ,        ,
 1, 1,  ,0000000139,          ,12,11, 4,18,16,  ,  ,  ,  ,  ,          ,          ,        ,
 1, 1, 2,0000000139,0000000000,12,11, 4,18,16,  ,  ,  ,  ,  ,          ,          ,        ,
 1, 1,  ,0000000282,          ,14,11, 4,18,16,  ,  ,  ,  ,  ,          ,          ,        ,
 1, 1, 2,0000000282,0000000000,14,11, 4,18,16,  ,  ,  ,  ,  ,          ,          ,        ,
 1, 1,  ,0000000447,          ,14,45, 4,18,16,  ,  ,  ,  ,  ,          ,          ,        ,
 1, 1, 1,0000000447,0000000031,14,45, 4,18,16,  ,  ,  ,  ,  ,          ,          ,        ,
 1, 1,  ,0000002504,          ,15,30, 4,18,16,  ,  ,  ,  ,  ,          ,          ,        ,
 1, 1, 2,0000002504,0000000000,15,30, 4,18,16,  ,  ,  ,  ,  ,          ,          ,        ,
 1, 1,  ,0000000332,          ,15,30, 4,18,16,  ,  ,  ,  ,  ,          ,          ,        ,
 1, 1, 2,0000000332,0000000000,15,30, 4,18,16,  ,  ,  ,  ,  ,          ,          ,        ,
 1, 1,  ,0000000083,          ,15,30, 4,18,16,  ,  ,  ,  ,  ,          ,          ,        ,
 1, 1, 2,0000000083,0000000000,15,30, 4,18,16,  ,  ,  ,  ,  ,          ,          ,        ,
 1, 1,  ,0000000140,          ,15,30, 4,18,16,  ,  ,  ,  ,  ,          ,          ,        ,
 1, 1, 2,0000000140,0000000000,15,30, 4,18,16,  ,  ,  ,  ,  ,          ,          ,        ,
 1, 1,  ,0000000050,          ,15,30, 4,18,16,  ,  ,  ,  ,  ,          ,          ,        ,
 1, 1, 2,0000000050,0000000000,15,30, 4,18,16,  ,  ,  ,  ,  ,          ,          ,        ,
 1, 1,  ,0000000428,          ,15,30, 4,18,16,  ,  ,  ,  ,  ,          ,          ,        ,
 1, 1, 2,0000000428,0000000000,15,30, 4,18,16,  ,  ,  ,  ,  ,          ,          ,        ,
 1, 1,  ,0000000089,          ,15,30, 4,18,16,  ,  ,  ,  ,  ,          ,          ,        ,
 1, 1, 2,0000000089,0000000000,15,30, 4,18,16,  ,  ,  ,  ,  ,          ,          ,        ,
 1, 1,  ,0000000049,          ,15,30, 4,18,16,  ,  ,  ,  ,  ,          ,          ,        ,
 1, 1, 2,0000000049,0000000000,15,30, 4,18,16,  ,  ,  ,  ,  ,          ,          ,        ,
 1, 1,  ,0000000180,          ,15,31, 4,18,16,  ,  ,  ,  ,  ,          ,          ,        ,
 1, 1, 2,0000000180,0000000000,15,31, 4,18,16,  ,  ,  ,  ,  ,          ,          ,        ,
 1, 1,  ,0000002501,          ,15,31, 4,18,16,  ,  ,  ,  ,  ,          ,          ,        ,
 1, 1, 2,0000002501,0000000000,15,31, 4,18,16,  ,  ,  ,  ,  ,          ,          ,        ,
 1, 1,  ,0000000217,          ,15,31, 4,18,16,  ,  ,  ,  ,  ,          ,          ,        ,
 1, 1, 2,0000000217,0000000000,15,31, 4,18,16,  ,  ,  ,  ,  ,          ,          ,        ,
 1, 1,  ,0000000074,          ,15,31, 4,18,16,  ,  ,  ,  ,  ,          ,          ,        ,
 1, 1, 2,0000000074,0000000000,15,31, 4,18,16,  ,  ,  ,  ,  ,          ,          ,        ,
 1, 1,  ,0000000147,          ,15,31, 4,18,16,  ,  ,  ,  ,  ,          ,          ,        ,
 1, 1, 2,0000000147,0000000000,15,31, 4,18,16,  ,  ,  ,  ,  ,          ,          ,        ,
 1, 1,  ,0000000281,          ,15,31, 4,18,16,  ,  ,  ,  ,  ,          ,          ,        ,
 1, 1, 2,0000000281,0000000000,15,31, 4,18,16,  ,  ,  ,  ,  ,          ,          ,        ,
 1, 1,  ,0000000345,          ,15,31, 4,18,16,  ,  ,  ,  ,  ,          ,          ,        ,
 1, 1, 2,0000000345,0000000000,15,31, 4,18,16,  ,  ,  ,  ,  ,          ,          ,        ,
 1, 1,  ,0000000105,          ,15,31, 4,18,16,  ,  ,  ,  ,  ,          ,          ,        ,
 1, 1, 2,0000000105,0000000000,15,31, 4,18,16,  ,  ,  ,  ,  ,          ,          ,        ,
 1, 1,  ,0000000146,          ,15,31, 4,18,16,  ,  ,  ,  ,  ,          ,          ,        ,
 1, 1, 2,0000000146,0000000000,15,31, 4,18,16,  ,  ,  ,  ,  ,          ,          ,        ,
 1, 1,  ,0000000215,          ,15,32, 4,18,16,  ,  ,  ,  ,  ,          ,          ,        ,
 1, 1, 2,0000000215,0000000000,15,32, 4,18,16,  ,  ,  ,  ,  ,          ,          ,        ,
 1, 1,  ,0000000055,          ,15,32, 4,18,16,  ,  ,  ,  ,  ,          ,          ,        ,
 1, 1, 2,0000000055,0000000000,15,32, 4,18,16,  ,  ,  ,  ,  ,          ,          ,        ,
 1, 1,  ,0000000294,          ,15,32, 4,18,16,  ,  ,  ,  ,  ,          ,          ,        ,
 1, 1, 2,0000000294,0000000000,15,32, 4,18,16,  ,  ,  ,  ,  ,          ,          ,        ,
 1, 1,  ,0000000390,          ,15,32, 4,18,16,  ,  ,  ,  ,  ,          ,          ,        ,
 1, 1, 2,0000000390,0000000000,15,32, 4,18,16,  ,  ,  ,  ,  ,          ,          ,        ,
 1, 1,  ,0000000047,          ,15,32, 4,18,16,  ,  ,  ,  ,  ,          ,          ,        ,
 1, 1, 2,0000000047,0000000000,15,32, 4,18,16,  ,  ,  ,  ,  ,          ,          ,        ,
 1, 1,  ,0000000292,          ,15,32, 4,18,16,  ,  ,  ,  ,  ,          ,          ,        ,
 1, 1, 2,0000000292,0000000000,15,32, 4,18,16,  ,  ,  ,  ,  ,          ,          ,        ,
 1, 1,  ,0000000009,          ,15,32, 4,18,16,  ,  ,  ,  ,  ,          ,          ,        ,
 1, 1, 2,0000000009,0000000000,15,32, 4,18,16,  ,  ,  ,  ,  ,          ,          ,        ,
 1, 1,  ,0000000260,          ,15,32, 4,18,16,  ,  ,  ,  ,  ,          ,          ,        ,
 1, 1, 2,0000000260,0000000000,15,32, 4,18,16,  ,  ,  ,  ,  ,          ,          ,        ,
 1, 1,  ,0000000423,          ,15,33, 4,18,16,  ,  ,  ,  ,  ,          ,          ,        ,
 1, 1, 2,0000000423,0000000000,15,33, 4,18,16,  ,  ,  ,  ,  ,          ,          ,        ,
 1, 1,  ,0000000093,          ,15,33, 4,18,16,  ,  ,  ,  ,  ,          ,          ,        ,
 1, 1, 2,0000000093,0000000000,15,33, 4,18,16,  ,  ,  ,  ,  ,          ,          ,        ,
 1, 1,  ,0000000469,          ,15,33, 4,18,16,  ,  ,  ,  ,  ,          ,          ,        ,
 1, 1, 2,0000000469,0000000000,15,33, 4,18,16,  ,  ,  ,  ,  ,          ,          ,        ,
 1, 1,  ,0000000167,          ,15,33, 4,18,16,  ,  ,  ,  ,  ,          ,          ,        ,
 1, 1, 2,0000000167,0000000000,15,33, 4,18,16,  ,  ,  ,  ,  ,          ,          ,        ,
 1, 1,  ,0000000210,          ,15,33, 4,18,16,  ,  ,  ,  ,  ,          ,          ,        ,
 1, 1, 2,0000000210,0000000000,15,33, 4,18,16,  ,  ,  ,  ,  ,          ,          ,        ,
 1, 1,  ,0000000250,          ,15,33, 4,18,16,  ,  ,  ,  ,  ,          ,          ,        ,
 1, 1, 2,0000000250,0000000000,15,33, 4,18,16,  ,  ,  ,  ,  ,          ,          ,        ,
 1, 1,  ,0000000358,          ,15,33, 4,18,16,  ,  ,  ,  ,  ,          ,          ,        ,
 1, 1, 2,0000000358,0000000000,15,33, 4,18,16,  ,  ,  ,  ,  ,          ,          ,        ,
 1, 1,  ,0000000164,          ,15,33, 4,18,16,  ,  ,  ,  ,  ,          ,          ,        ,
 1, 1, 2,0000000164,0000000000,15,33, 4,18,16,  ,  ,  ,  ,  ,          ,          ,        ,
 1, 1,  ,0000000383,          ,15,33, 4,18,16,  ,  ,  ,  ,  ,          ,          ,        ,
 1, 1, 2,0000000383,0000000000,15,33, 4,18,16,  ,  ,  ,  ,  ,          ,          ,        ,
 1, 1,  ,0000000033,          ,15,34, 4,18,16,  ,  ,  ,  ,  ,          ,          ,        ,
 1, 1, 2,0000000033,0000000000,15,34, 4,18,16,  ,  ,  ,  ,  ,          ,          ,        ,
 1, 1,  ,0000000019,          ,15,34, 4,18,16,  ,  ,  ,  ,  ,          ,          ,        ,
 1, 1, 2,0000000019,0000000000,15,34, 4,18,16,  ,  ,  ,  ,  ,          ,          ,        ,
 1, 1,  ,0000000404,          ,15,34, 4,18,16,  ,  ,  ,  ,  ,          ,          ,        ,
 1, 1, 2,0000000404,0000000000,15,34, 4,18,16,  ,  ,  ,  ,  ,          ,          ,        ,
 1, 1,  ,0000000437,          ,15,34, 4,18,16,  ,  ,  ,  ,  ,          ,          ,        ,
 1, 1, 2,0000000437,0000000000,15,34, 4,18,16,  ,  ,  ,  ,  ,          ,          ,        ,
 1, 1,  ,0000000243,          ,15,34, 4,18,16,  ,  ,  ,  ,  ,          ,          ,        ,
 1, 1, 2,0000000243,0000000000,15,34, 4,18,16,  ,  ,  ,  ,  ,          ,          ,        ,
 1, 1,  ,0000000062,          ,15,34, 4,18,16,  ,  ,  ,  ,  ,          ,          ,        ,
 1, 1, 2,0000000062,0000000000,15,34, 4,18,16,  ,  ,  ,  ,  ,          ,          ,        ,
 1, 1,  ,0000000070,          ,15,34, 4,18,16,  ,  ,  ,  ,  ,          ,          ,        ,
 1, 1, 2,0000000070,0000000000,15,34, 4,18,16,  ,  ,  ,  ,  ,          ,          ,        ,
 1, 1,  ,0000000443,          ,15,34, 4,18,16,  ,  ,  ,  ,  ,          ,          ,        ,
 1, 1, 2,0000000443,0000000000,15,34, 4,18,16,  ,  ,  ,  ,  ,          ,          ,        ,
 1, 1,  ,0000000218,          ,15,35, 4,18,16,  ,  ,  ,  ,  ,          ,          ,        ,
 1, 1, 2,0000000218,0000000000,15,35, 4,18,16,  ,  ,  ,  ,  ,          ,          ,        ,
 1, 1,  ,0000000104,          ,15,35, 4,18,16,  ,  ,  ,  ,  ,          ,          ,        ,
 1, 1, 2,0000000104,0000000000,15,35, 4,18,16,  ,  ,  ,  ,  ,          ,          ,        ,
 1, 1,  ,0000000036,          ,15,35, 4,18,16,  ,  ,  ,  ,  ,          ,          ,        ,
 1, 1, 2,0000000036,0000000000,15,35, 4,18,16,  ,  ,  ,  ,  ,          ,          ,        ,
 1, 1,  ,0000000015,          ,15,35, 4,18,16,  ,  ,  ,  ,  ,          ,          ,        ,
 1, 1, 1,0000000015,0000000071,15,35, 4,18,16,  ,  ,  ,  ,  ,          ,          ,        ,
 1, 1,  ,0000000270,          ,15,35, 4,18,16,  ,  ,  ,  ,  ,          ,          ,        ,
 1, 1, 2,0000000270,0000000000,15,35, 4,18,16,  ,  ,  ,  ,  ,          ,          ,        ,
 1, 1,  ,0000000310,          ,15,35, 4,18,16,  ,  ,  ,  ,  ,          ,          ,        ,
 1, 1, 2,0000000310,0000000000,15,35, 4,18,16,  ,  ,  ,  ,  ,          ,          ,        ,
 1, 1,  ,0000000101,          ,15,36, 4,18,16,  ,  ,  ,  ,  ,          ,          ,        ,
 1, 1, 2,0000000101,0000000000,15,36, 4,18,16,  ,  ,  ,  ,  ,          ,          ,        ,
 1, 1,  ,0000000228,          ,15,36, 4,18,16,  ,  ,  ,  ,  ,          ,          ,        ,
 1, 1, 2,0000000228,0000000000,15,36, 4,18,16,  ,  ,  ,  ,  ,          ,          ,        ,
 1, 1,  ,0000000352,          ,15,36, 4,18,16,  ,  ,  ,  ,  ,          ,          ,        ,
 1, 1, 2,0000000352,0000000000,15,36, 4,18,16,  ,  ,  ,  ,  ,          ,          ,        ,
 1, 1,  ,0000000378,          ,15,36, 4,18,16,  ,  ,  ,  ,  ,          ,          ,        ,
 1, 1, 2,0000000378,0000000000,15,36, 4,18,16,  ,  ,  ,  ,  ,          ,          ,        ,
 1, 1,  ,0000000072,          ,15,36, 4,18,16,  ,  ,  ,  ,  ,          ,          ,        ,
 1, 1, 2,0000000072,0000000000,15,36, 4,18,16,  ,  ,  ,  ,  ,          ,          ,        ,
 1, 1,  ,0000000142,          ,15,36, 4,18,16,  ,  ,  ,  ,  ,          ,          ,        ,
 1, 1, 2,0000000142,0000000000,15,36, 4,18,16,  ,  ,  ,  ,  ,          ,          ,        ,
 1, 1,  ,0000000067,          ,15,36, 4,18,16,  ,  ,  ,  ,  ,          ,          ,        ,
 1, 1, 2,0000000067,0000000000,15,36, 4,18,16,  ,  ,  ,  ,  ,          ,          ,        ,
 1, 1,  ,0000000414,          ,15,37, 4,18,16,  ,  ,  ,  ,  ,          ,          ,        ,
 1, 1, 2,0000000414,0000000000,15,37, 4,18,16,  ,  ,  ,  ,  ,          ,          ,        ,
 1, 1,  ,0000000178,          ,15,37, 4,18,16,  ,  ,  ,  ,  ,          ,          ,        ,
 1, 1, 2,0000000178,0000000000,15,37, 4,18,16,  ,  ,  ,  ,  ,          ,          ,        ,
 1, 1,  ,0000000462,          ,15,37, 4,18,16,  ,  ,  ,  ,  ,          ,          ,        ,
 1, 1, 1,0000000462,0000000000,15,37, 4,18,16,  ,  ,  ,  ,  ,          ,          ,        ,
 1, 1,  ,0000000458,          ,15,37, 4,18,16,  ,  ,  ,  ,  ,          ,          ,        ,
 1, 1, 2,0000000458,0000000000,15,37, 4,18,16,  ,  ,  ,  ,  ,          ,          ,        ,
 1, 1,  ,0000000433,          ,15,37, 4,18,16,  ,  ,  ,  ,  ,          ,          ,        ,
 1, 1, 1,0000000433,0000000002,15,37, 4,18,16,  ,  ,  ,  ,  ,          ,          ,        ,
 1, 1,  ,0000000370,          ,15,37, 4,18,16,  ,  ,  ,  ,  ,          ,          ,        ,
 1, 1, 2,0000000370,0000000000,15,37, 4,18,16,  ,  ,  ,  ,  ,          ,          ,        ,
 1, 1,  ,0000000470,          ,15,37, 4,18,16,  ,  ,  ,  ,  ,          ,          ,        ,
 1, 1, 2,0000000470,0000000000,15,37, 4,18,16,  ,  ,  ,  ,  ,          ,          ,        ,
 1, 1,  ,0000000031,          ,15,38, 4,18,16,  ,  ,  ,  ,  ,          ,          ,        ,
 1, 1, 2,0000000031,0000000000,15,38, 4,18,16,  ,  ,  ,  ,  ,          ,          ,        ,
 1, 1,  ,0000000311,          ,15,38, 4,18,16,  ,  ,  ,  ,  ,          ,          ,        ,
 1, 1, 2,0000000311,0000000000,15,38, 4,18,16,  ,  ,  ,  ,  ,          ,          ,        ,
 1, 1,  ,0000000321,          ,15,38, 4,18,16,  ,  ,  ,  ,  ,          ,          ,        ,
 1, 1, 2,0000000321,0000000000,15,38, 4,18,16,  ,  ,  ,  ,  ,          ,          ,        ,
 1, 1,  ,0000000350,          ,15,38, 4,18,16,  ,  ,  ,  ,  ,          ,          ,        ,
 1, 1, 1,0000000350,0000000058,15,38, 4,18,16,  ,  ,  ,  ,  ,          ,          ,        ,
 1, 1,  ,0000000350,          ,15,38, 4,18,16,  ,  ,  ,  ,  ,          ,          ,        ,
 1, 1, 2,0000000350,0000000000,15,38, 4,18,16,  ,  ,  ,  ,  ,          ,          ,        ,
 1, 1,  ,0000000011,          ,15,39, 4,18,16,  ,  ,  ,  ,  ,          ,          ,        ,
 1, 1, 2,0000000011,0000000000,15,39, 4,18,16,  ,  ,  ,  ,  ,          ,          ,        ,
 1, 1,  ,0000000444,          ,15,39, 4,18,16,  ,  ,  ,  ,  ,          ,          ,        ,
 1, 1, 2,0000000444,0000000000,15,39, 4,18,16,  ,  ,  ,  ,  ,          ,          ,        ,
 1, 1,  ,0000000102,          ,15,39, 4,18,16,  ,  ,  ,  ,  ,          ,          ,        ,
 1, 1, 2,0000000102,0000000000,15,39, 4,18,16,  ,  ,  ,  ,  ,          ,          ,        ,
 1, 1,  ,0000000227,          ,15,39, 4,18,16,  ,  ,  ,  ,  ,          ,          ,        ,
 1, 1, 2,0000000227,0000000000,15,39, 4,18,16,  ,  ,  ,  ,  ,          ,          ,        ,
 1, 1,  ,0000000432,          ,15,39, 4,18,16,  ,  ,  ,  ,  ,          ,          ,        ,
 1, 1, 2,0000000432,0000000000,15,39, 4,18,16,  ,  ,  ,  ,  ,          ,          ,        ,
 1, 1,  ,0000000153,          ,15,39, 4,18,16,  ,  ,  ,  ,  ,          ,          ,        ,
 1, 1, 2,0000000153,0000000000,15,39, 4,18,16,  ,  ,  ,  ,  ,          ,          ,        ,
 1, 1,  ,0000000079,          ,15,39, 4,18,16,  ,  ,  ,  ,  ,          ,          ,        ,
 1, 1, 2,0000000079,0000000000,15,39, 4,18,16,  ,  ,  ,  ,  ,          ,          ,        ,
 1, 1,  ,0000000499,          ,15,39, 4,18,16,  ,  ,  ,  ,  ,          ,          ,        ,
 1, 1, 2,0000000499,0000000000,15,39, 4,18,16,  ,  ,  ,  ,  ,          ,          ,        ,
 1, 1,  ,0000000172,          ,15,40, 4,18,16,  ,  ,  ,  ,  ,          ,          ,        ,
 1, 1, 2,0000000172,0000000000,15,40, 4,18,16,  ,  ,  ,  ,  ,          ,          ,        ,
 1, 1,  ,0000000452,          ,15,40, 4,18,16,  ,  ,  ,  ,  ,          ,          ,        ,
 1, 1, 2,0000000452,0000000000,15,40, 4,18,16,  ,  ,  ,  ,  ,          ,          ,        ,
 1, 1,  ,0000000222,          ,15,40, 4,18,16,  ,  ,  ,  ,  ,          ,          ,        ,
 1, 1, 2,0000000222,0000000000,15,40, 4,18,16,  ,  ,  ,  ,  ,          ,          ,        ,
 1, 1,  ,0000000366,          ,15,41, 4,18,16,  ,  ,  ,  ,  ,          ,          ,        ,
 1, 1, 3,0000000366,0000000000,15,41, 4,18,16,  ,  ,  ,  ,  ,          ,          ,        ,
 1, 1,  ,0000000434,          ,15,41, 4,18,16,  ,  ,  ,  ,  ,          ,          ,        ,
 1, 1, 2,0000000434,0000000000,15,41, 4,18,16,  ,  ,  ,  ,  ,          ,          ,        ,
 1, 1,  ,0000000426,          ,15,41, 4,18,16,  ,  ,  ,  ,  ,          ,          ,        ,
 1, 1, 2,0000000426,0000000000,15,41, 4,18,16,  ,  ,  ,  ,  ,          ,          ,        ,
 1, 1,  ,0000000051,          ,15,41, 4,18,16,  ,  ,  ,  ,  ,          ,          ,        ,
 1, 1, 2,0000000051,0000000000,15,41, 4,18,16,  ,  ,  ,  ,  ,          ,          ,        ,
 1, 1,  ,0000000478,          ,15,41, 4,18,16,  ,  ,  ,  ,  ,          ,          ,        ,
 1, 1, 1,0000000478,0000000002,15,41, 4,18,16,  ,  ,  ,  ,  ,          ,          ,        ,
 1, 1,  ,0000000090,          ,15,41, 4,18,16,  ,  ,  ,  ,  ,          ,          ,        ,
 1, 1, 2,0000000090,0000000000,15,41, 4,18,16,  ,  ,  ,  ,  ,          ,          ,        ,
 1, 1,  ,0000000181,          ,15,42, 4,18,16,  ,  ,  ,  ,  ,          ,          ,        ,
 1, 1, 2,0000000181,0000000000,15,42, 4,18,16,  ,  ,  ,  ,  ,          ,          ,        ,
 1, 1,  ,0000000454,          ,15,42, 4,18,16,  ,  ,  ,  ,  ,          ,          ,        ,
 1, 1, 2,0000000454,0000000000,15,42, 4,18,16,  ,  ,  ,  ,  ,          ,          ,        ,
 1, 1,  ,0000000464,          ,15,42, 4,18,16,  ,  ,  ,  ,  ,          ,          ,        ,
 1, 1, 2,0000000464,0000000000,15,42, 4,18,16,  ,  ,  ,  ,  ,          ,          ,        ,
 1, 1,  ,0000000333,          ,15,42, 4,18,16,  ,  ,  ,  ,  ,          ,          ,        ,
 1, 1, 2,0000000333,0000000000,15,42, 4,18,16,  ,  ,  ,  ,  ,          ,          ,        ,
 1, 1,  ,0000000453,          ,15,42, 4,18,16,  ,  ,  ,  ,  ,          ,          ,        ,
 1, 1, 2,0000000453,0000000000,15,42, 4,18,16,  ,  ,  ,  ,  ,          ,          ,        ,
 1, 1,  ,0000000314,          ,15,42, 4,18,16,  ,  ,  ,  ,  ,          ,          ,        ,
 1, 1, 2,0000000314,0000000000,15,42, 4,18,16,  ,  ,  ,  ,  ,          ,          ,        ,
 1, 1,  ,0000000233,          ,15,42, 4,18,16,  ,  ,  ,  ,  ,          ,          ,        ,
 1, 1, 2,0000000233,0000000000,15,42, 4,18,16,  ,  ,  ,  ,  ,          ,          ,        ,
 1, 1,  ,0000000209,          ,15,42, 4,18,16,  ,  ,  ,  ,  ,          ,          ,        ,
 1, 1, 2,0000000209,0000000000,15,42, 4,18,16,  ,  ,  ,  ,  ,          ,          ,        ,
 1, 1,  ,0000000194,          ,15,43, 4,18,16,  ,  ,  ,  ,  ,          ,          ,        ,
 1, 1, 2,0000000194,0000000000,15,43, 4,18,16,  ,  ,  ,  ,  ,          ,          ,        ,
 1, 1,  ,0000000421,          ,15,43, 4,18,16,  ,  ,  ,  ,  ,          ,          ,        ,
 1, 1, 2,0000000421,0000000000,15,43, 4,18,16,  ,  ,  ,  ,  ,          ,          ,        ,
 1, 1,  ,0000000279,          ,15,43, 4,18,16,  ,  ,  ,  ,  ,          ,          ,        ,
 1, 1, 2,0000000279,0000000000,15,43, 4,18,16,  ,  ,  ,  ,  ,          ,          ,        ,
 1, 1,  ,0000000487,          ,15,43, 4,18,16,  ,  ,  ,  ,  ,          ,          ,        ,
 1, 1, 2,0000000487,0000000000,15,43, 4,18,16,  ,  ,  ,  ,  ,          ,          ,        ,
 1, 1,  ,0000000265,          ,15,43, 4,18,16,  ,  ,  ,  ,  ,          ,          ,        ,
 1, 1, 2,0000000265,0000000000,15,43, 4,18,16,  ,  ,  ,  ,  ,          ,          ,        ,
 1, 1,  ,0000000498,          ,15,43, 4,18,16,  ,  ,  ,  ,  ,          ,          ,        ,
 1, 1, 2,0000000498,0000000000,15,43, 4,18,16,  ,  ,  ,  ,  ,          ,          ,        ,
 1, 1,  ,0000000154,          ,15,43, 4,18,16,  ,  ,  ,  ,  ,          ,          ,        ,
 1, 1, 2,0000000154,0000000000,15,43, 4,18,16,  ,  ,  ,  ,  ,          ,          ,        ,
 1, 1,  ,0000000028,          ,15,43, 4,18,16,  ,  ,  ,  ,  ,          ,          ,        ,
 1, 1, 2,0000000028,0000000000,15,43, 4,18,16,  ,  ,  ,  ,  ,          ,          ,        ,
 1, 1,  ,0000000324,          ,15,43, 4,18,16,  ,  ,  ,  ,  ,          ,          ,        ,
 1, 1, 2,0000000324,0000000000,15,43, 4,18,16,  ,  ,  ,  ,  ,          ,          ,        ,
 1, 1,  ,0000000446,          ,15,44, 4,18,16,  ,  ,  ,  ,  ,          ,          ,        ,
 1, 1, 2,0000000446,0000000000,15,44, 4,18,16,  ,  ,  ,  ,  ,          ,          ,        ,
 1, 1,  ,0000000176,          ,15,44, 4,18,16,  ,  ,  ,  ,  ,          ,          ,        ,
 1, 1, 2,0000000176,0000000000,15,44, 4,18,16,  ,  ,  ,  ,  ,          ,          ,        ,
 1, 1,  ,0000000367,          ,15,44, 4,18,16,  ,  ,  ,  ,  ,          ,          ,        ,
 1, 1, 2,0000000367,0000000000,15,44, 4,18,16,  ,  ,  ,  ,  ,          ,          ,        ,
 1, 1,  ,0000000363,          ,15,44, 4,18,16,  ,  ,  ,  ,  ,          ,          ,        ,
 1, 1, 2,0000000363,0000000000,15,44, 4,18,16,  ,  ,  ,  ,  ,          ,          ,        ,
 1, 1,  ,0000000290,          ,15,44, 4,18,16,  ,  ,  ,  ,  ,          ,          ,        ,
 1, 1, 2,0000000290,0000000000,15,44, 4,18,16,  ,  ,  ,  ,  ,          ,          ,        ,
 1, 1,  ,0000000151,          ,15,44, 4,18,16,  ,  ,  ,  ,  ,          ,          ,        ,
 1, 1, 2,0000000151,0000000000,15,44, 4,18,16,  ,  ,  ,  ,  ,          ,          ,        ,
 1, 1,  ,0000000103,          ,15,44, 4,18,16,  ,  ,  ,  ,  ,          ,          ,        ,
 1, 1, 2,0000000103,0000000000,15,44, 4,18,16,  ,  ,  ,  ,  ,          ,          ,        ,
 1, 1,  ,0000000320,          ,15,44, 4,18,16,  ,  ,  ,  ,  ,          ,          ,        ,
 1, 1, 2,0000000320,0000000000,15,44, 4,18,16,  ,  ,  ,  ,  ,          ,          ,        ,
 1, 1,  ,0000000479,          ,15,44, 4,18,16,  ,  ,  ,  ,  ,          ,          ,        ,
 1, 1, 2,0000000479,0000000000,15,44, 4,18,16,  ,  ,  ,  ,  ,          ,          ,        ,
 1, 1,  ,0000000456,          ,15,45, 4,18,16,  ,  ,  ,  ,  ,          ,          ,        ,
 1, 1, 2,0000000456,0000000000,15,45, 4,18,16,  ,  ,  ,  ,  ,          ,          ,        ,
 1, 1,  ,0000000429,          ,15,45, 4,18,16,  ,  ,  ,  ,  ,          ,          ,        ,
 1, 1, 2,0000000429,0000000000,15,45, 4,18,16,  ,  ,  ,  ,  ,          ,          ,        ,
 1, 1,  ,0000000064,          ,15,45, 4,18,16,  ,  ,  ,  ,  ,          ,          ,        ,
 1, 1, 2,0000000064,0000000000,15,45, 4,18,16,  ,  ,  ,  ,  ,          ,          ,        ,
 1, 1,  ,0000000017,          ,15,45, 4,18,16,  ,  ,  ,  ,  ,          ,          ,        ,
 1, 1, 2,0000000017,0000000000,15,45, 4,18,16,  ,  ,  ,  ,  ,          ,          ,        ,
 1, 1,  ,0000000474,          ,15,45, 4,18,16,  ,  ,  ,  ,  ,          ,          ,        ,
 1, 1, 2,0000000474,0000000000,15,45, 4,18,16,  ,  ,  ,  ,  ,          ,          ,        ,
 1, 1,  ,0000000386,          ,15,45, 4,18,16,  ,  ,  ,  ,  ,          ,          ,        ,
 1, 1, 2,0000000386,0000000000,15,45, 4,18,16,  ,  ,  ,  ,  ,          ,          ,        ,
 1, 1,  ,0000000330,          ,15,45, 4,18,16,  ,  ,  ,  ,  ,          ,          ,        ,
 1, 1, 2,0000000330,0000000000,15,45, 4,18,16,  ,  ,  ,  ,  ,          ,          ,        ,
 1, 1,  ,0000000340,          ,15,45, 4,18,16,  ,  ,  ,  ,  ,          ,          ,        ,
 1, 1, 2,0000000340,0000000000,15,45, 4,18,16,  ,  ,  ,  ,  ,          ,          ,        ,
 1, 1,  ,0000000201,          ,15,45, 4,18,16,  ,  ,  ,  ,  ,          ,          ,        ,
 1, 1, 2,0000000201,0000000000,15,45, 4,18,16,  ,  ,  ,  ,  ,          ,          ,        ,
 1, 1,  ,0000000087,          ,15,46, 4,18,16,  ,  ,  ,  ,  ,          ,          ,        ,
 1, 1, 2,0000000087,0000000000,15,46, 4,18,16,  ,  ,  ,  ,  ,          ,          ,        ,
 1, 1,  ,0000000427,          ,15,46, 4,18,16,  ,  ,  ,  ,  ,          ,          ,        ,
 1, 1, 2,0000000427,0000000000,15,46, 4,18,16,  ,  ,  ,  ,  ,          ,          ,        ,
 1, 1,  ,0000000211,          ,15,46, 4,18,16,  ,  ,  ,  ,  ,          ,          ,        ,
 1, 1, 2,0000000211,0000000000,15,46, 4,18,16,  ,  ,  ,  ,  ,          ,          ,        ,
 1, 1,  ,0000000430,          ,15,46, 4,18,16,  ,  ,  ,  ,  ,          ,          ,        ,
 1, 1, 2,0000000430,0000000000,15,46, 4,18,16,  ,  ,  ,  ,  ,          ,          ,        ,
 1, 1,  ,0000000408,          ,15,46, 4,18,16,  ,  ,  ,  ,  ,          ,          ,        ,
 1, 1, 2,0000000408,0000000000,15,46, 4,18,16,  ,  ,  ,  ,  ,          ,          ,        ,
 1, 1,  ,0000000085,          ,15,46, 4,18,16,  ,  ,  ,  ,  ,          ,          ,        ,
 1, 1, 2,0000000085,0000000000,15,46, 4,18,16,  ,  ,  ,  ,  ,          ,          ,        ,
 1, 1,  ,0000000248,          ,15,46, 4,18,16,  ,  ,  ,  ,  ,          ,          ,        ,
 1, 1, 2,0000000248,0000000000,15,46, 4,18,16,  ,  ,  ,  ,  ,          ,          ,        ,
 1, 1,  ,0000000380,          ,15,46, 4,18,16,  ,  ,  ,  ,  ,          ,          ,        ,
 1, 1, 2,0000000380,0000000000,15,46, 4,18,16,  ,  ,  ,  ,  ,          ,          ,        ,
 1, 1,  ,0000000491,          ,15,46, 4,18,16,  ,  ,  ,  ,  ,          ,          ,        ,
 1, 1, 2,0000000491,0000000000,15,46, 4,18,16,  ,  ,  ,  ,  ,          ,          ,        ,
 1, 1,  ,0000000127,          ,15,47, 4,18,16,  ,  ,  ,  ,  ,          ,          ,        ,
 1, 1, 2,0000000127,0000000000,15,47, 4,18,16,  ,  ,  ,  ,  ,          ,          ,        ,
 1, 1,  ,0000000052,          ,15,47, 4,18,16,  ,  ,  ,  ,  ,          ,          ,        ,
 1, 1, 2,0000000052,0000000000,15,47, 4,18,16,  ,  ,  ,  ,  ,          ,          ,        ,
 1, 1,  ,0000000100,          ,15,47, 4,18,16,  ,  ,  ,  ,  ,          ,          ,        ,
 1, 1, 2,0000000100,0000000000,15,47, 4,18,16,  ,  ,  ,  ,  ,          ,          ,        ,
 1, 1,  ,0000000185,          ,15,47, 4,18,16,  ,  ,  ,  ,  ,          ,          ,        ,
 1, 1, 2,0000000185,0000000000,15,47, 4,18,16,  ,  ,  ,  ,  ,          ,          ,        ,
 1, 1,  ,0000000182,          ,15,47, 4,18,16,  ,  ,  ,  ,  ,          ,          ,        ,
 1, 1, 2,0000000182,0000000000,15,47, 4,18,16,  ,  ,  ,  ,  ,          ,          ,        ,
 1, 1,  ,0000000473,          ,15,48, 4,18,16,  ,  ,  ,  ,  ,          ,          ,        ,
 1, 1, 2,0000000473,0000000000,15,48, 4,18,16,  ,  ,  ,  ,  ,          ,          ,        ,
 1, 1,  ,0000000261,          ,15,48, 4,18,16,  ,  ,  ,  ,  ,          ,          ,        ,
 1, 1, 2,0000000261,0000000000,15,48, 4,18,16,  ,  ,  ,  ,  ,          ,          ,        ,
 1, 1,  ,0000000095,          ,15,48, 4,18,16,  ,  ,  ,  ,  ,          ,          ,        ,
 1, 1, 2,0000000095,0000000000,15,48, 4,18,16,  ,  ,  ,  ,  ,          ,          ,        ,
 1, 1,  ,0000000254,          ,15,48, 4,18,16,  ,  ,  ,  ,  ,          ,          ,        ,
 1, 1, 2,0000000254,0000000000,15,48, 4,18,16,  ,  ,  ,  ,  ,          ,          ,        ,
 1, 1,  ,0000000134,          ,15,48, 4,18,16,  ,  ,  ,  ,  ,          ,          ,        ,
 1, 1, 2,0000000134,0000000000,15,48, 4,18,16,  ,  ,  ,  ,  ,          ,          ,        ,
 1, 1,  ,0000000118,          ,15,48, 4,18,16,  ,  ,  ,  ,  ,          ,          ,        ,
 1, 1, 2,0000000118,0000000000,15,48, 4,18,16,  ,  ,  ,  ,  ,          ,          ,        ,
 1, 1,  ,0000002515,          ,15,48, 4,18,16,  ,  ,  ,  ,  ,          ,          ,        ,
 1, 1, 2,0000002515,0000000000,15,48, 4,18,16,  ,  ,  ,  ,  ,          ,          ,        ,
 1, 1,  ,0000000150,          ,15,48, 4,18,16,  ,  ,  ,  ,  ,          ,          ,        ,
 1, 1, 2,0000000150,0000000000,15,48, 4,18,16,  ,  ,  ,  ,  ,          ,          ,        ,
 1, 1,  ,0000000060,          ,15,48, 4,18,16,  ,  ,  ,  ,  ,          ,          ,        ,
 1, 1, 2,0000000060,0000000000,15,48, 4,18,16,  ,  ,  ,  ,  ,          ,          ,        ,
 1, 1,  ,0000000252,          ,15,49, 4,18,16,  ,  ,  ,  ,  ,          ,          ,        ,
 1, 1, 2,0000000252,0000000000,15,49, 4,18,16,  ,  ,  ,  ,  ,          ,          ,        ,
 1, 1,  ,0000000157,          ,15,50, 4,18,16,  ,  ,  ,  ,  ,          ,          ,        ,
 1, 1, 2,0000000157,0000000000,15,50, 4,18,16,  ,  ,  ,  ,  ,          ,          ,        ,
 1, 1,  ,0000000407,          ,15,50, 4,18,16,  ,  ,  ,  ,  ,          ,          ,        ,
 1, 1, 2,0000000407,0000000000,15,50, 4,18,16,  ,  ,  ,  ,  ,          ,          ,        ,
 1, 1,  ,0000000106,          ,15,51, 4,18,16,  ,  ,  ,  ,  ,          ,          ,        ,
 1, 1, 2,0000000106,0000000000,15,51, 4,18,16,  ,  ,  ,  ,  ,          ,          ,        ,
 1, 1,  ,0000000116,          ,15,52, 4,18,16,  ,  ,  ,  ,  ,          ,          ,        ,
 1, 1, 2,0000000116,0000000000,15,52, 4,18,16,  ,  ,  ,  ,  ,          ,          ,        ,
 1, 1,  ,0000000277,          ,17,49, 4,18,16,  ,  ,  ,  ,  ,          ,          ,        ,
 1, 1, 1,0000000277,0000000070,17,49, 4,18,16,  ,  ,  ,  ,  ,          ,          ,        ,
 1, 1,  ,0000000245,          ,17,52, 4,18,16,  ,  ,  ,  ,  ,          ,          ,        ,
 1, 1, 1,0000000245,0000000070,17,52, 4,18,16,  ,  ,  ,  ,  ,          ,          ,        ,
 1, 1,  ,0000000381,          ,18, 0, 4,18,16,  ,  ,  ,  ,  ,          ,          ,        ,
 1, 1, 2,0000000381,0000000000,18, 0, 4,18,16,  ,  ,  ,  ,  ,          ,          ,        ,
 1, 1,  ,0000000114,          ,18, 2, 4,18,16,  ,  ,  ,  ,  ,          ,          ,        ,
 1, 1, 2,0000000114,0000000000,18, 2, 4,18,16,  ,  ,  ,  ,  ,          ,          ,        ,
 1, 1,  ,0000000273,          ,18, 2, 4,18,16,  ,  ,  ,  ,  ,          ,          ,        ,
 1, 1, 2,0000000273,0000000000,18, 2, 4,18,16,  ,  ,  ,  ,  ,          ,          ,        ,
 1, 1,  ,0000000394,          ,18, 3, 4,18,16,  ,  ,  ,  ,  ,          ,          ,        ,
 1, 1, 2,0000000394,0000000000,18, 3, 4,18,16,  ,  ,  ,  ,  ,          ,          ,        ,
 1, 1,  ,0000000075,          ,18, 3, 4,18,16,  ,  ,  ,  ,  ,          ,          ,        ,
 1, 1, 2,0000000075,0000000000,18, 3, 4,18,16,  ,  ,  ,  ,  ,          ,          ,        ,
 1, 1,  ,0000000274,          ,18, 4, 4,18,16,  ,  ,  ,  ,  ,          ,          ,        ,
 1, 1, 2,0000000274,0000000000,18, 4, 4,18,16,  ,  ,  ,  ,  ,          ,          ,        ,
 1, 1,  ,0000002506,          ,18, 4, 4,18,16,  ,  ,  ,  ,  ,          ,          ,        ,
 1, 1, 2,0000002506,0000000000,18, 4, 4,18,16,  ,  ,  ,  ,  ,          ,          ,        ,
 1, 1,  ,0000000162,          ,18, 4, 4,18,16,  ,  ,  ,  ,  ,          ,          ,        ,
 1, 1, 2,0000000162,0000000000,18, 4, 4,18,16,  ,  ,  ,  ,  ,          ,          ,        ,
 1, 1,  ,0000000156,          ,18, 5, 4,18,16,  ,  ,  ,  ,  ,          ,          ,        ,
 1, 1, 2,0000000156,0000000000,18, 5, 4,18,16,  ,  ,  ,  ,  ,          ,          ,        ,
 1, 1,  ,0000002507,          ,18, 5, 4,18,16,  ,  ,  ,  ,  ,          ,          ,        ,
 1, 1, 2,0000002507,0000000000,18, 5, 4,18,16,  ,  ,  ,  ,  ,          ,          ,        ,
 1, 1,  ,0000000457,          ,18, 5, 4,18,16,  ,  ,  ,  ,  ,          ,          ,        ,
 1, 1, 2,0000000457,0000000000,18, 5, 4,18,16,  ,  ,  ,  ,  ,          ,          ,        ,
 1, 1,  ,0000000417,          ,18, 6, 4,18,16,  ,  ,  ,  ,  ,          ,          ,        ,
 1, 1, 2,0000000417,0000000000,18, 6, 4,18,16,  ,  ,  ,  ,  ,          ,          ,        ,
 1, 1,  ,0000000482,          ,18, 6, 4,18,16,  ,  ,  ,  ,  ,          ,          ,        ,
 1, 1, 2,0000000482,0000000000,18, 6, 4,18,16,  ,  ,  ,  ,  ,          ,          ,        ,
 1, 1,  ,0000000098,          ,18, 7, 4,18,16,  ,  ,  ,  ,  ,          ,          ,        ,
 1, 1, 2,0000000098,0000000000,18, 7, 4,18,16,  ,  ,  ,  ,  ,          ,          ,        ,
 1, 1,  ,0000000193,          ,18, 7, 4,18,16,  ,  ,  ,  ,  ,          ,          ,        ,
 1, 1, 2,0000000193,0000000000,18, 7, 4,18,16,  ,  ,  ,  ,  ,          ,          ,        ,
 1, 1,  ,0000000359,          ,18, 7, 4,18,16,  ,  ,  ,  ,  ,          ,          ,        ,
 1, 1, 2,0000000359,0000000000,18, 7, 4,18,16,  ,  ,  ,  ,  ,          ,          ,        ,
 1, 1,  ,0000000112,          ,18, 8, 4,18,16,  ,  ,  ,  ,  ,          ,          ,        ,
 1, 1, 2,0000000112,0000000000,18, 8, 4,18,16,  ,  ,  ,  ,  ,          ,          ,        ,
 1, 1,  ,0000000223,          ,18, 8, 4,18,16,  ,  ,  ,  ,  ,          ,          ,        ,
 1, 1, 2,0000000223,0000000000,18, 8, 4,18,16,  ,  ,  ,  ,  ,          ,          ,        ,
 1, 1,  ,0000000450,          ,18, 9, 4,18,16,  ,  ,  ,  ,  ,          ,          ,        ,
 1, 1, 2,0000000450,0000000000,18, 9, 4,18,16,  ,  ,  ,  ,  ,          ,          ,        ,
 1, 1,  ,0000000313,          ,18,10, 4,18,16,  ,  ,  ,  ,  ,          ,          ,        ,
 1, 1, 2,0000000313,0000000000,18,10, 4,18,16,  ,  ,  ,  ,  ,          ,          ,        ,
 1, 1,  ,0000000255,          ,18,10, 4,18,16,  ,  ,  ,  ,  ,          ,          ,        ,
 1, 1, 2,0000000255,0000000000,18,10, 4,18,16,  ,  ,  ,  ,  ,          ,          ,        ,
 1, 1,  ,0000000373,          ,18,11, 4,18,16,  ,  ,  ,  ,  ,          ,          ,        ,
 1, 1, 1,0000000373,0000000020,18,11, 4,18,16,  ,  ,  ,  ,  ,          ,          ,        ,
 1, 1,  ,0000000239,          ,18,12, 4,18,16,  ,  ,  ,  ,  ,          ,          ,        ,
 1, 1, 2,0000000239,0000000000,18,12, 4,18,16,  ,  ,  ,  ,  ,          ,          ,        ,
 1, 1,  ,0000000165,          ,18,13, 4,18,16,  ,  ,  ,  ,  ,          ,          ,        ,
 1, 1, 2,0000000165,0000000000,18,13, 4,18,16,  ,  ,  ,  ,  ,          ,          ,        ,
 1, 1,  ,0000000177,          ,18,15, 4,18,16,  ,  ,  ,  ,  ,          ,          ,        ,
 1, 1, 2,0000000177,0000000000,18,15, 4,18,16,  ,  ,  ,  ,  ,          ,          ,        ,
 1, 1,  ,0000000262,          ,18,15, 4,18,16,  ,  ,  ,  ,  ,          ,          ,        ,
 1, 1, 2,0000000262,0000000000,18,15, 4,18,16,  ,  ,  ,  ,  ,          ,          ,        ,
 1, 1,  ,0000000392,          ,20,11, 4,18,16,  ,  ,  ,  ,  ,          ,          ,        ,
 1, 1, 2,0000000392,0000000000,20,11, 4,18,16,  ,  ,  ,  ,  ,          ,          ,        ,
 1, 1,  ,0000000198,          ,20,17, 4,18,16,  ,  ,  ,  ,  ,          ,          ,        ,
 1, 1, 2,0000000198,0000000000,20,17, 4,18,16,  ,  ,  ,  ,  ,          ,          ,        ,
 1, 1,  ,0000000492,          ,20,18, 4,18,16,  ,  ,  ,  ,  ,          ,          ,        ,
 1, 1, 2,0000000492,0000000000,20,18, 4,18,16,  ,  ,  ,  ,  ,          ,          ,        ,
 1, 1,  ,0000000203,          ,20,47, 4,18,16,  ,  ,  ,  ,  ,          ,          ,        ,
 1, 1, 2,0000000203,0000000000,20,47, 4,18,16,  ,  ,  ,  ,  ,          ,          ,        ,
 1, 1,  ,0000000326,          ,23,10, 4,18,16,  ,  ,  ,  ,  ,          ,          ,        ,
 1, 1, 2,0000000326,0000000000,23,10, 4,18,16,  ,  ,  ,  ,  ,          ,          ,        ,
 1, 1,  ,0000000291,          , 1,11, 4,19,16,  ,  ,  ,  ,  ,          ,          ,        ,
 1, 1, 2,0000000291,0000000000, 1,11, 4,19,16,  ,  ,  ,  ,  ,          ,          ,        ,
 1, 1,  ,0000000466,          , 5,27, 4,19,16,  ,  ,  ,  ,  ,          ,          ,        ,
 1, 1, 1,0000000466,0000000009, 5,27, 4,19,16,  ,  ,  ,  ,  ,          ,          ,        ,
 1, 1,  ,0000000067,          , 5,29, 4,19,16,  ,  ,  ,  ,  ,          ,          ,        ,
 1, 1, 1,0000000067,0000000041, 5,29, 4,19,16,  ,  ,  ,  ,  ,          ,          ,        ,
 1, 1,  ,0000000189,          , 5,29, 4,19,16,  ,  ,  ,  ,  ,          ,          ,        ,
 1, 1, 1,0000000189,0000000031, 5,29, 4,19,16,  ,  ,  ,  ,  ,          ,          ,        ,
 1, 1,  ,0000000246,          , 5,30, 4,19,16,  ,  ,  ,  ,  ,          ,          ,        ,
 1, 1, 1,0000000246,0000000040, 5,30, 4,19,16,  ,  ,  ,  ,  ,          ,          ,        ,
 1, 1,  ,0000000427,          , 5,30, 4,19,16,  ,  ,  ,  ,  ,          ,          ,        ,
 1, 1, 1,0000000427,0000000030, 5,30, 4,19,16,  ,  ,  ,  ,  ,          ,          ,        ,
 1, 1,  ,0000000095,          , 5,31, 4,19,16,  ,  ,  ,  ,  ,          ,          ,        ,
 1, 1, 1,0000000095,0000000058, 5,31, 4,19,16,  ,  ,  ,  ,  ,          ,          ,        ,
 1, 1,  ,0000000359,          , 5,31, 4,19,16,  ,  ,  ,  ,  ,          ,          ,        ,
 1, 1, 1,0000000359,0000000058, 5,31, 4,19,16,  ,  ,  ,  ,  ,          ,          ,        ,
 1, 1,  ,0000000487,          , 5,31, 4,19,16,  ,  ,  ,  ,  ,          ,          ,        ,
 1, 1, 1,0000000487,0000000000, 5,31, 4,19,16,  ,  ,  ,  ,  ,          ,          ,        ,
 1, 1,  ,0000000271,          , 5,32, 4,19,16,  ,  ,  ,  ,  ,          ,          ,        ,
 1, 1, 1,0000000271,0000000040, 5,32, 4,19,16,  ,  ,  ,  ,  ,          ,          ,        ,
 1, 1,  ,0000000273,          , 5,32, 4,19,16,  ,  ,  ,  ,  ,          ,          ,        ,
 1, 1, 1,0000000273,0000000070, 5,32, 4,19,16,  ,  ,  ,  ,  ,          ,          ,        ,
 1, 1,  ,0000000233,          , 5,32, 4,19,16,  ,  ,  ,  ,  ,          ,          ,        ,
 1, 1, 1,0000000233,0000000027, 5,32, 4,19,16,  ,  ,  ,  ,  ,          ,          ,        ,
 1, 1,  ,0000000231,          , 5,32, 4,19,16,  ,  ,  ,  ,  ,          ,          ,        ,
 1, 1, 1,0000000231,0000000004, 5,32, 4,19,16,  ,  ,  ,  ,  ,          ,          ,        ,
 1, 1,  ,0000000068,          , 5,32, 4,19,16,  ,  ,  ,  ,  ,          ,          ,        ,
 1, 1, 1,0000000068,0000000004, 5,32, 4,19,16,  ,  ,  ,  ,  ,          ,          ,        ,
 1, 1,  ,0000000355,          , 5,32, 4,19,16,  ,  ,  ,  ,  ,          ,          ,        ,
 1, 1, 1,0000000355,0000000000, 5,32, 4,19,16,  ,  ,  ,  ,  ,          ,          ,        ,
 1, 1,  ,0000000143,          , 5,32, 4,19,16,  ,  ,  ,  ,  ,          ,          ,        ,
 1, 1, 1,0000000143,0000000004, 5,32, 4,19,16,  ,  ,  ,  ,  ,          ,          ,        ,
 1, 1,  ,0000000218,          , 5,33, 4,19,16,  ,  ,  ,  ,  ,          ,          ,        ,
 1, 1, 1,0000000218,0000000027, 5,33, 4,19,16,  ,  ,  ,  ,  ,          ,          ,        ,
 1, 1,  ,0000000270,          , 5,33, 4,19,16,  ,  ,  ,  ,  ,          ,          ,        ,
 1, 1, 1,0000000270,0000000004, 5,33, 4,19,16,  ,  ,  ,  ,  ,          ,          ,        ,
 1, 1,  ,0000000011,          , 5,33, 4,19,16,  ,  ,  ,  ,  ,          ,          ,        ,
 1, 1, 1,0000000011,0000000031, 5,33, 4,19,16,  ,  ,  ,  ,  ,          ,          ,        ,
 1, 1,  ,0000000102,          , 5,33, 4,19,16,  ,  ,  ,  ,  ,          ,          ,        ,
 1, 1, 1,0000000102,0000000071, 5,33, 4,19,16,  ,  ,  ,  ,  ,          ,          ,        ,
 1, 1,  ,0000002507,          , 5,33, 4,19,16,  ,  ,  ,  ,  ,          ,          ,        ,
 1, 1, 1,0000002507,0000000058, 5,33, 4,19,16,  ,  ,  ,  ,  ,          ,          ,        ,
 1, 1,  ,0000000217,          , 5,33, 4,19,16,  ,  ,  ,  ,  ,          ,          ,        ,
 1, 1, 1,0000000217,0000000009, 5,33, 4,19,16,  ,  ,  ,  ,  ,          ,          ,        ,
 1, 1,  ,0000000220,          , 5,33, 4,19,16,  ,  ,  ,  ,  ,          ,          ,        ,
 1, 1, 1,0000000220,0000000031, 5,33, 4,19,16,  ,  ,  ,  ,  ,          ,          ,        ,
 1, 1,  ,0000000265,          , 5,34, 4,19,16,  ,  ,  ,  ,  ,          ,          ,        ,
 1, 1, 1,0000000265,0000000041, 5,34, 4,19,16,  ,  ,  ,  ,  ,          ,          ,        ,
 1, 1,  ,0000000490,          , 5,34, 4,19,16,  ,  ,  ,  ,  ,          ,          ,        ,
 1, 1, 1,0000000490,0000000008, 5,34, 4,19,16,  ,  ,  ,  ,  ,          ,          ,        ,
 1, 1,  ,0000000119,          , 5,34, 4,19,16,  ,  ,  ,  ,  ,          ,          ,        ,
 1, 1, 1,0000000119,0000000027, 5,34, 4,19,16,  ,  ,  ,  ,  ,          ,          ,        ,
 1, 1,  ,0000000024,          , 5,34, 4,19,16,  ,  ,  ,  ,  ,          ,          ,        ,
 1, 1, 1,0000000024,0000000041, 5,34, 4,19,16,  ,  ,  ,  ,  ,          ,          ,        ,
 1, 1,  ,0000000320,          , 5,34, 4,19,16,  ,  ,  ,  ,  ,          ,          ,        ,
 1, 1, 1,0000000320,0000000029, 5,34, 4,19,16,  ,  ,  ,  ,  ,          ,          ,        ,
 1, 1,  ,0000000175,          , 5,34, 4,19,16,  ,  ,  ,  ,  ,          ,          ,        ,
 1, 1, 1,0000000175,0000000040, 5,34, 4,19,16,  ,  ,  ,  ,  ,          ,          ,        ,
 1, 1,  ,0000000370,          , 5,34, 4,19,16,  ,  ,  ,  ,  ,          ,          ,        ,
 1, 1, 1,0000000370,0000000027, 5,34, 4,19,16,  ,  ,  ,  ,  ,          ,          ,        ,
 1, 1,  ,0000000442,          , 5,35, 4,19,16,  ,  ,  ,  ,  ,          ,          ,        ,
 1, 1, 1,0000000442,0000000000, 5,35, 4,19,16,  ,  ,  ,  ,  ,          ,          ,        ,
 1, 1,  ,0000000470,          , 5,35, 4,19,16,  ,  ,  ,  ,  ,          ,          ,        ,
 1, 1, 1,0000000470,0000000031, 5,35, 4,19,16,  ,  ,  ,  ,  ,          ,          ,        ,
 1, 1,  ,0000000321,          , 5,35, 4,19,16,  ,  ,  ,  ,  ,          ,          ,        ,
 1, 1, 1,0000000321,0000000000, 5,35, 4,19,16,  ,  ,  ,  ,  ,          ,          ,        ,
 1, 1,  ,0000000116,          , 5,35, 4,19,16,  ,  ,  ,  ,  ,          ,          ,        ,
 1, 1, 1,0000000116,0000000031, 5,35, 4,19,16,  ,  ,  ,  ,  ,          ,          ,        ,
 1, 1,  ,0000000256,          , 5,36, 4,19,16,  ,  ,  ,  ,  ,          ,          ,        ,
 1, 1, 1,0000000256,0000000045, 5,36, 4,19,16,  ,  ,  ,  ,  ,          ,          ,        ,
 1, 1,  ,0000000207,          , 5,36, 4,19,16,  ,  ,  ,  ,  ,          ,          ,        ,
 1, 1, 1,0000000207,0000000031, 5,36, 4,19,16,  ,  ,  ,  ,  ,          ,          ,        ,
 1, 1,  ,0000000399,          , 5,36, 4,19,16,  ,  ,  ,  ,  ,          ,          ,        ,
 1, 1, 1,0000000399,0000000070, 5,36, 4,19,16,  ,  ,  ,  ,  ,          ,          ,        ,
 1, 1,  ,0000000456,          , 5,36, 4,19,16,  ,  ,  ,  ,  ,          ,          ,        ,
 1, 1, 1,0000000456,0000000040, 5,36, 4,19,16,  ,  ,  ,  ,  ,          ,          ,        ,
 1, 1,  ,0000000479,          , 5,36, 4,19,16,  ,  ,  ,  ,  ,          ,          ,        ,
 1, 1, 1,0000000479,0000000040, 5,36, 4,19,16,  ,  ,  ,  ,  ,          ,          ,        ,
 1, 1,  ,0000000325,          , 5,36, 4,19,16,  ,  ,  ,  ,  ,          ,          ,        ,
 1, 1, 1,0000000325,0000000031, 5,36, 4,19,16,  ,  ,  ,  ,  ,          ,          ,        ,
 1, 1,  ,0000000108,          , 5,36, 4,19,16,  ,  ,  ,  ,  ,          ,          ,        ,
 1, 1, 1,0000000108,0000000029, 5,36, 4,19,16,  ,  ,  ,  ,  ,          ,          ,        ,
 1, 1,  ,0000000345,          , 5,37, 4,19,16,  ,  ,  ,  ,  ,          ,          ,        ,
 1, 1, 1,0000000345,0000000031, 5,37, 4,19,16,  ,  ,  ,  ,  ,          ,          ,        ,
 1, 1,  ,0000000365,          , 5,37, 4,19,16,  ,  ,  ,  ,  ,          ,          ,        ,
 1, 1, 1,0000000365,0000000040, 5,37, 4,19,16,  ,  ,  ,  ,  ,          ,          ,        ,
 1, 1,  ,0000000440,          , 5,37, 4,19,16,  ,  ,  ,  ,  ,          ,          ,        ,
 1, 1, 1,0000000440,0000000031, 5,37, 4,19,16,  ,  ,  ,  ,  ,          ,          ,        ,
 1, 1,  ,0000000156,          , 5,37, 4,19,16,  ,  ,  ,  ,  ,          ,          ,        ,
 1, 1, 1,0000000156,0000000058, 5,37, 4,19,16,  ,  ,  ,  ,  ,          ,          ,        ,
 1, 1,  ,0000000213,          , 5,37, 4,19,16,  ,  ,  ,  ,  ,          ,          ,        ,
 1, 1, 1,0000000213,0000000040, 5,37, 4,19,16,  ,  ,  ,  ,  ,          ,          ,        ,
 1, 1,  ,0000000430,          , 5,37, 4,19,16,  ,  ,  ,  ,  ,          ,          ,        ,
 1, 1, 1,0000000430,0000000040, 5,37, 4,19,16,  ,  ,  ,  ,  ,          ,          ,        ,
 1, 1,  ,0000000467,          , 5,37, 4,19,16,  ,  ,  ,  ,  ,          ,          ,        ,
 1, 1, 1,0000000467,0000000040, 5,37, 4,19,16,  ,  ,  ,  ,  ,          ,          ,        ,
 1, 1,  ,0000000275,          , 5,38, 4,19,16,  ,  ,  ,  ,  ,          ,          ,        ,
 1, 1, 1,0000000275,0000000029, 5,38, 4,19,16,  ,  ,  ,  ,  ,          ,          ,        ,
 1, 1,  ,0000000352,          , 5,38, 4,19,16,  ,  ,  ,  ,  ,          ,          ,        ,
 1, 1, 1,0000000352,0000000031, 5,38, 4,19,16,  ,  ,  ,  ,  ,          ,          ,        ,
 1, 1,  ,0000000446,          , 5,38, 4,19,16,  ,  ,  ,  ,  ,          ,          ,        ,
 1, 1, 1,0000000446,0000000031, 5,38, 4,19,16,  ,  ,  ,  ,  ,          ,          ,        ,
 1, 1,  ,0000000228,          , 5,38, 4,19,16,  ,  ,  ,  ,  ,          ,          ,        ,
 1, 1, 1,0000000228,0000000031, 5,38, 4,19,16,  ,  ,  ,  ,  ,          ,          ,        ,
 1, 1,  ,0000000183,          , 5,38, 4,19,16,  ,  ,  ,  ,  ,          ,          ,        ,
 1, 1, 1,0000000183,0000000040, 5,38, 4,19,16,  ,  ,  ,  ,  ,          ,          ,        ,
 1, 1,  ,0000000281,          , 5,38, 4,19,16,  ,  ,  ,  ,  ,          ,          ,        ,
 1, 1, 1,0000000281,0000000009, 5,38, 4,19,16,  ,  ,  ,  ,  ,          ,          ,        ,
 1, 1,  ,0000000407,          , 5,39, 4,19,16,  ,  ,  ,  ,  ,          ,          ,        ,
 1, 1, 1,0000000407,0000000029, 5,39, 4,19,16,  ,  ,  ,  ,  ,          ,          ,        ,
 1, 1,  ,0000000087,          , 5,39, 4,19,16,  ,  ,  ,  ,  ,          ,          ,        ,
 1, 1, 1,0000000087,0000000044, 5,39, 4,19,16,  ,  ,  ,  ,  ,          ,          ,        ,
 1, 1,  ,0000000260,          , 5,39, 4,19,16,  ,  ,  ,  ,  ,          ,          ,        ,
 1, 1, 1,0000000260,0000000007, 5,39, 4,19,16,  ,  ,  ,  ,  ,          ,          ,        ,
 1, 1,  ,0000000079,          , 5,39, 4,19,16,  ,  ,  ,  ,  ,          ,          ,        ,
 1, 1, 1,0000000079,0000000007, 5,39, 4,19,16,  ,  ,  ,  ,  ,          ,          ,        ,
 1, 1,  ,0000000064,          , 5,39, 4,19,16,  ,  ,  ,  ,  ,          ,          ,        ,
 1, 1, 1,0000000064,0000000040, 5,39, 4,19,16,  ,  ,  ,  ,  ,          ,          ,        ,
 1, 1,  ,0000000261,          , 5,39, 4,19,16,  ,  ,  ,  ,  ,          ,          ,        ,
 1, 1, 1,0000000261,0000000040, 5,39, 4,19,16,  ,  ,  ,  ,  ,          ,          ,        ,
 1, 1,  ,0000000437,          , 5,39, 4,19,16,  ,  ,  ,  ,  ,          ,          ,        ,
 1, 1, 1,0000000437,0000000058, 5,39, 4,19,16,  ,  ,  ,  ,  ,          ,          ,        ,
 1, 1,  ,0000000141,          , 5,39, 4,19,16,  ,  ,  ,  ,  ,          ,          ,        ,
 1, 1, 1,0000000141,0000000027, 5,39, 4,19,16,  ,  ,  ,  ,  ,          ,          ,        ,
 1, 1,  ,0000000028,          , 5,40, 4,19,16,  ,  ,  ,  ,  ,          ,          ,        ,
 1, 1, 3,0000000028,0000000000, 5,40, 4,19,16,  ,  ,  ,  ,  ,          ,          ,        ,
 1, 1,  ,0000000252,          , 5,40, 4,19,16,  ,  ,  ,  ,  ,          ,          ,        ,
 1, 1, 1,0000000252,0000000004, 5,40, 4,19,16,  ,  ,  ,  ,  ,          ,          ,        ,
 1, 1,  ,0000000283,          , 5,40, 4,19,16,  ,  ,  ,  ,  ,          ,          ,        ,
 1, 1, 1,0000000283,0000000003, 5,40, 4,19,16,  ,  ,  ,  ,  ,          ,          ,        ,
 1, 1,  ,0000000410,          , 5,40, 4,19,16,  ,  ,  ,  ,  ,          ,          ,        ,
 1, 1, 1,0000000410,0000000040, 5,40, 4,19,16,  ,  ,  ,  ,  ,          ,          ,        ,
 1, 1,  ,0000000254,          , 5,40, 4,19,16,  ,  ,  ,  ,  ,          ,          ,        ,
 1, 1, 1,0000000254,0000000027, 5,40, 4,19,16,  ,  ,  ,  ,  ,          ,          ,        ,
 1, 1,  ,0000000363,          , 5,40, 4,19,16,  ,  ,  ,  ,  ,          ,          ,        ,
 1, 1, 1,0000000363,0000000000, 5,40, 4,19,16,  ,  ,  ,  ,  ,          ,          ,        ,
 1, 1,  ,0000000386,          , 5,40, 4,19,16,  ,  ,  ,  ,  ,          ,          ,        ,
 1, 1, 1,0000000386,0000000040, 5,40, 4,19,16,  ,  ,  ,  ,  ,          ,          ,        ,
 1, 1,  ,0000000089,          , 5,40, 4,19,16,  ,  ,  ,  ,  ,          ,          ,        ,
 1, 1, 1,0000000089,0000000029, 5,40, 4,19,16,  ,  ,  ,  ,  ,          ,          ,        ,
 1, 1,  ,0000000153,          , 5,41, 4,19,16,  ,  ,  ,  ,  ,          ,          ,        ,
 1, 1, 1,0000000153,0000000004, 5,41, 4,19,16,  ,  ,  ,  ,  ,          ,          ,        ,
 1, 1,  ,0000000432,          , 5,41, 4,19,16,  ,  ,  ,  ,  ,          ,          ,        ,
 1, 1, 1,0000000432,0000000040, 5,41, 4,19,16,  ,  ,  ,  ,  ,          ,          ,        ,
 1, 1,  ,0000000060,          , 5,41, 4,19,16,  ,  ,  ,  ,  ,          ,          ,        ,
 1, 1, 1,0000000060,0000000000, 5,41, 4,19,16,  ,  ,  ,  ,  ,          ,          ,        ,
 1, 1,  ,0000000331,          , 5,41, 4,19,16,  ,  ,  ,  ,  ,          ,          ,        ,
 1, 1, 1,0000000331,0000000029, 5,41, 4,19,16,  ,  ,  ,  ,  ,          ,          ,        ,
 1, 1,  ,0000000152,          , 5,41, 4,19,16,  ,  ,  ,  ,  ,          ,          ,        ,
 1, 1, 1,0000000152,0000000040, 5,41, 4,19,16,  ,  ,  ,  ,  ,          ,          ,        ,
 1, 1,  ,0000002512,          , 5,41, 4,19,16,  ,  ,  ,  ,  ,          ,          ,        ,
 1, 1, 1,0000002512,0000000001, 5,41, 4,19,16,  ,  ,  ,  ,  ,          ,          ,        ,
 1, 1,  ,0000000408,          , 5,41, 4,19,16,  ,  ,  ,  ,  ,          ,          ,        ,
 1, 1, 1,0000000408,0000000031, 5,41, 4,19,16,  ,  ,  ,  ,  ,          ,          ,        ,
 1, 1,  ,0000002504,          , 5,42, 4,19,16,  ,  ,  ,  ,  ,          ,          ,        ,
 1, 1, 1,0000002504,0000000029, 5,42, 4,19,16,  ,  ,  ,  ,  ,          ,          ,        ,
 1, 1,  ,0000000165,          , 5,42, 4,19,16,  ,  ,  ,  ,  ,          ,          ,        ,
 1, 1, 1,0000000165,0000000053, 5,42, 4,19,16,  ,  ,  ,  ,  ,          ,          ,        ,
 1, 1,  ,0000000284,          , 5,42, 4,19,16,  ,  ,  ,  ,  ,          ,          ,        ,
 1, 1, 1,0000000284,0000000007, 5,42, 4,19,16,  ,  ,  ,  ,  ,          ,          ,        ,
 1, 1,  ,0000000051,          , 5,42, 4,19,16,  ,  ,  ,  ,  ,          ,          ,        ,
 1, 1, 1,0000000051,0000000007, 5,42, 4,19,16,  ,  ,  ,  ,  ,          ,          ,        ,
 1, 1,  ,0000000308,          , 5,42, 4,19,16,  ,  ,  ,  ,  ,          ,          ,        ,
 1, 1, 1,0000000308,0000000007, 5,42, 4,19,16,  ,  ,  ,  ,  ,          ,          ,        ,
 1, 1,  ,0000000182,          , 5,42, 4,19,16,  ,  ,  ,  ,  ,          ,          ,        ,
 1, 1, 1,0000000182,0000000058, 5,42, 4,19,16,  ,  ,  ,  ,  ,          ,          ,        ,
 1, 1,  ,0000000463,          , 5,42, 4,19,16,  ,  ,  ,  ,  ,          ,          ,        ,
 1, 1, 1,0000000463,0000000058, 5,42, 4,19,16,  ,  ,  ,  ,  ,          ,          ,        ,
 1, 1,  ,0000000238,          , 5,43, 4,19,16,  ,  ,  ,  ,  ,          ,          ,        ,
 1, 1, 1,0000000238,0000000058, 5,43, 4,19,16,  ,  ,  ,  ,  ,          ,          ,        ,
 1, 1,  ,0000000227,          , 5,43, 4,19,16,  ,  ,  ,  ,  ,          ,          ,        ,
 1, 1, 1,0000000227,0000000031, 5,43, 4,19,16,  ,  ,  ,  ,  ,          ,          ,        ,
 1, 1,  ,0000000421,          , 5,43, 4,19,16,  ,  ,  ,  ,  ,          ,          ,        ,
 1, 1, 1,0000000421,0000000029, 5,43, 4,19,16,  ,  ,  ,  ,  ,          ,          ,        ,
 1, 1,  ,0000000319,          , 5,43, 4,19,16,  ,  ,  ,  ,  ,          ,          ,        ,
 1, 1, 1,0000000319,0000000058, 5,43, 4,19,16,  ,  ,  ,  ,  ,          ,          ,        ,
 1, 1,  ,0000000007,          , 5,43, 4,19,16,  ,  ,  ,  ,  ,          ,          ,        ,
 1, 1, 1,0000000007,0000000031, 5,43, 4,19,16,  ,  ,  ,  ,  ,          ,          ,        ,
 1, 1,  ,0000000367,          , 5,43, 4,19,16,  ,  ,  ,  ,  ,          ,          ,        ,
 1, 1, 1,0000000367,0000000007, 5,43, 4,19,16,  ,  ,  ,  ,  ,          ,          ,        ,
 1, 1,  ,0000000160,          , 5,44, 4,19,16,  ,  ,  ,  ,  ,          ,          ,        ,
 1, 1, 1,0000000160,0000000008, 5,44, 4,19,16,  ,  ,  ,  ,  ,          ,          ,        ,
 1, 1,  ,0000000414,          , 5,44, 4,19,16,  ,  ,  ,  ,  ,          ,          ,        ,
 1, 1, 1,0000000414,0000000040, 5,44, 4,19,16,  ,  ,  ,  ,  ,          ,          ,        ,
 1, 1,  ,0000000033,          , 5,44, 4,19,16,  ,  ,  ,  ,  ,          ,          ,        ,
 1, 1, 1,0000000033,0000000040, 5,44, 4,19,16,  ,  ,  ,  ,  ,          ,          ,        ,
 1, 1,  ,0000000375,          , 5,44, 4,19,16,  ,  ,  ,  ,  ,          ,          ,        ,
 1, 1, 1,0000000375,0000000031, 5,44, 4,19,16,  ,  ,  ,  ,  ,          ,          ,        ,
 1, 1,  ,0000000157,          , 5,44, 4,19,16,  ,  ,  ,  ,  ,          ,          ,        ,
 1, 1, 1,0000000157,0000000030, 5,44, 4,19,16,  ,  ,  ,  ,  ,          ,          ,        ,
 1, 1,  ,0000000383,          , 5,44, 4,19,16,  ,  ,  ,  ,  ,          ,          ,        ,
 1, 1, 1,0000000383,0000000040, 5,44, 4,19,16,  ,  ,  ,  ,  ,          ,          ,        ,
 1, 1,  ,0000000211,          , 5,45, 4,19,16,  ,  ,  ,  ,  ,          ,          ,        ,
 1, 1, 1,0000000211,0000000033, 5,45, 4,19,16,  ,  ,  ,  ,  ,          ,          ,        ,
 1, 1,  ,0000000134,          , 5,45, 4,19,16,  ,  ,  ,  ,  ,          ,          ,        ,
 1, 1, 1,0000000134,0000000058, 5,45, 4,19,16,  ,  ,  ,  ,  ,          ,          ,        ,
 1, 1,  ,0000000285,          , 5,45, 4,19,16,  ,  ,  ,  ,  ,          ,          ,        ,
 1, 1, 1,0000000285,0000000040, 5,45, 4,19,16,  ,  ,  ,  ,  ,          ,          ,        ,
 1, 1,  ,0000000393,          , 5,45, 4,19,16,  ,  ,  ,  ,  ,          ,          ,        ,
 1, 1, 1,0000000393,0000000040, 5,45, 4,19,16,  ,  ,  ,  ,  ,          ,          ,        ,
 1, 1,  ,0000000117,          , 5,45, 4,19,16,  ,  ,  ,  ,  ,          ,          ,        ,
 1, 1, 1,0000000117,0000000000, 5,45, 4,19,16,  ,  ,  ,  ,  ,          ,          ,        ,
 1, 1,  ,0000000099,          , 5,45, 4,19,16,  ,  ,  ,  ,  ,          ,          ,        ,
 1, 1, 1,0000000099,0000000023, 5,45, 4,19,16,  ,  ,  ,  ,  ,          ,          ,        ,
 1, 1,  ,0000000332,          , 5,45, 4,19,16,  ,  ,  ,  ,  ,          ,          ,        ,
 1, 1, 1,0000000332,0000000029, 5,45, 4,19,16,  ,  ,  ,  ,  ,          ,          ,        ,
 1, 1,  ,0000000038,          , 5,46, 4,19,16,  ,  ,  ,  ,  ,          ,          ,        ,
 1, 1, 1,0000000038,0000000009, 5,46, 4,19,16,  ,  ,  ,  ,  ,          ,          ,        ,
 1, 1,  ,0000000469,          , 5,46, 4,19,16,  ,  ,  ,  ,  ,          ,          ,        ,
 1, 1, 1,0000000469,0000000029, 5,46, 4,19,16,  ,  ,  ,  ,  ,          ,          ,        ,
 1, 1,  ,0000000179,          , 5,46, 4,19,16,  ,  ,  ,  ,  ,          ,          ,        ,
 1, 1, 1,0000000179,0000000029, 5,46, 4,19,16,  ,  ,  ,  ,  ,          ,          ,        ,
 1, 1,  ,0000000433,          , 5,46, 4,19,16,  ,  ,  ,  ,  ,          ,          ,        ,
 1, 1, 1,0000000433,0000000007, 5,46, 4,19,16,  ,  ,  ,  ,  ,          ,          ,        ,
 1, 1,  ,0000000381,          , 5,46, 4,19,16,  ,  ,  ,  ,  ,          ,          ,        ,
 1, 1, 1,0000000381,0000000000, 5,46, 4,19,16,  ,  ,  ,  ,  ,          ,          ,        ,
 1, 1,  ,0000000338,          , 5,46, 4,19,16,  ,  ,  ,  ,  ,          ,          ,        ,
 1, 1, 1,0000000338,0000000031, 5,46, 4,19,16,  ,  ,  ,  ,  ,          ,          ,        ,
 1, 1,  ,0000000047,          , 5,46, 4,19,16,  ,  ,  ,  ,  ,          ,          ,        ,
 1, 1, 1,0000000047,0000000040, 5,46, 4,19,16,  ,  ,  ,  ,  ,          ,          ,        ,
 1, 1,  ,0000000009,          , 5,47, 4,19,16,  ,  ,  ,  ,  ,          ,          ,        ,
 1, 1, 1,0000000009,0000000029, 5,47, 4,19,16,  ,  ,  ,  ,  ,          ,          ,        ,
 1, 1,  ,0000000017,          , 5,47, 4,19,16,  ,  ,  ,  ,  ,          ,          ,        ,
 1, 1, 1,0000000017,0000000022, 5,47, 4,19,16,  ,  ,  ,  ,  ,          ,          ,        ,
 1, 1,  ,0000000453,          , 5,47, 4,19,16,  ,  ,  ,  ,  ,          ,          ,        ,
 1, 1, 1,0000000453,0000000058, 5,47, 4,19,16,  ,  ,  ,  ,  ,          ,          ,        ,
 1, 1,  ,0000000314,          , 5,47, 4,19,16,  ,  ,  ,  ,  ,          ,          ,        ,
 1, 1, 1,0000000314,0000000004, 5,47, 4,19,16,  ,  ,  ,  ,  ,          ,          ,        ,
 1, 1,  ,0000000215,          , 5,47, 4,19,16,  ,  ,  ,  ,  ,          ,          ,        ,
 1, 1, 1,0000000215,0000000009, 5,47, 4,19,16,  ,  ,  ,  ,  ,          ,          ,        ,
 1, 1,  ,0000002500,          , 5,48, 4,19,16,  ,  ,  ,  ,  ,          ,          ,        ,
 1, 1, 1,0000002500,0000000009, 5,48, 4,19,16,  ,  ,  ,  ,  ,          ,          ,        ,
 1, 1,  ,0000000387,          , 5,48, 4,19,16,  ,  ,  ,  ,  ,          ,          ,        ,
 1, 1, 1,0000000387,0000000040, 5,48, 4,19,16,  ,  ,  ,  ,  ,          ,          ,        ,
 1, 1,  ,0000000371,          , 5,48, 4,19,16,  ,  ,  ,  ,  ,          ,          ,        ,
 1, 1, 1,0000000371,0000000040, 5,48, 4,19,16,  ,  ,  ,  ,  ,          ,          ,        ,
 1, 1,  ,0000000065,          , 5,48, 4,19,16,  ,  ,  ,  ,  ,          ,          ,        ,
 1, 1, 1,0000000065,0000000009, 5,48, 4,19,16,  ,  ,  ,  ,  ,          ,          ,        ,
 1, 1,  ,0000000085,          , 5,49, 4,19,16,  ,  ,  ,  ,  ,          ,          ,        ,
 1, 1, 1,0000000085,0000000045, 5,49, 4,19,16,  ,  ,  ,  ,  ,          ,          ,        ,
 1, 1,  ,0000000049,          , 5,49, 4,19,16,  ,  ,  ,  ,  ,          ,          ,        ,
 1, 1, 1,0000000049,0000000071, 5,49, 4,19,16,  ,  ,  ,  ,  ,          ,          ,        ,
 1, 1,  ,0000000128,          , 5,49, 4,19,16,  ,  ,  ,  ,  ,          ,          ,        ,
 1, 1, 1,0000000128,0000000031, 5,49, 4,19,16,  ,  ,  ,  ,  ,          ,          ,        ,
 1, 1,  ,0000000198,          , 5,49, 4,19,16,  ,  ,  ,  ,  ,          ,          ,        ,
 1, 1, 1,0000000198,0000000031, 5,49, 4,19,16,  ,  ,  ,  ,  ,          ,          ,        ,
 1, 1,  ,0000000115,          , 5,50, 4,19,16,  ,  ,  ,  ,  ,          ,          ,        ,
 1, 1, 1,0000000115,0000000006, 5,50, 4,19,16,  ,  ,  ,  ,  ,          ,          ,        ,
 1, 1,  ,0000000043,          , 5,50, 4,19,16,  ,  ,  ,  ,  ,          ,          ,        ,
 1, 1, 1,0000000043,0000000000, 5,50, 4,19,16,  ,  ,  ,  ,  ,          ,          ,        ,
 1, 1,  ,0000000055,          , 5,50, 4,19,16,  ,  ,  ,  ,  ,          ,          ,        ,
 1, 1, 1,0000000055,0000000041, 5,50, 4,19,16,  ,  ,  ,  ,  ,          ,          ,        ,
 1, 1,  ,0000000106,          , 5,50, 4,19,16,  ,  ,  ,  ,  ,          ,          ,        ,
 1, 1, 1,0000000106,0000000040, 5,50, 4,19,16,  ,  ,  ,  ,  ,          ,          ,        ,
 1, 1,  ,0000000474,          , 5,51, 4,19,16,  ,  ,  ,  ,  ,          ,          ,        ,
 1, 1, 1,0000000474,0000000031, 5,51, 4,19,16,  ,  ,  ,  ,  ,          ,          ,        ,
 1, 1,  ,0000000214,          , 5,51, 4,19,16,  ,  ,  ,  ,  ,          ,          ,        ,
 1, 1, 1,0000000214,0000000051, 5,51, 4,19,16,  ,  ,  ,  ,  ,          ,          ,        ,
 1, 1,  ,0000000074,          , 5,51, 4,19,16,  ,  ,  ,  ,  ,          ,          ,        ,
 1, 1, 1,0000000074,0000000031, 5,51, 4,19,16,  ,  ,  ,  ,  ,          ,          ,        ,
 1, 1,  ,0000000124,          , 5,51, 4,19,16,  ,  ,  ,  ,  ,          ,          ,        ,
 1, 1, 1,0000000124,0000000004, 5,51, 4,19,16,  ,  ,  ,  ,  ,          ,          ,        ,
 1, 1,  ,0000000428,          , 5,51, 4,19,16,  ,  ,  ,  ,  ,          ,          ,        ,
 1, 1, 1,0000000428,0000000021, 5,51, 4,19,16,  ,  ,  ,  ,  ,          ,          ,        ,
 1, 1,  ,0000000135,          , 5,51, 4,19,16,  ,  ,  ,  ,  ,          ,          ,        ,
 1, 1, 1,0000000135,0000000000, 5,51, 4,19,16,  ,  ,  ,  ,  ,          ,          ,        ,
 1, 1,  ,0000000083,          , 5,51, 4,19,16,  ,  ,  ,  ,  ,          ,          ,        ,
 1, 1, 1,0000000083,0000000038, 5,51, 4,19,16,  ,  ,  ,  ,  ,          ,          ,        ,
 1, 1,  ,0000000144,          , 5,52, 4,19,16,  ,  ,  ,  ,  ,          ,          ,        ,
 1, 1, 1,0000000144,0000000021, 5,52, 4,19,16,  ,  ,  ,  ,  ,          ,          ,        ,
 1, 1,  ,0000000196,          , 5,52, 4,19,16,  ,  ,  ,  ,  ,          ,          ,        ,
 1, 1, 1,0000000196,0000000009, 5,52, 4,19,16,  ,  ,  ,  ,  ,          ,          ,        ,
 1, 1,  ,0000000378,          , 5,52, 4,19,16,  ,  ,  ,  ,  ,          ,          ,        ,
 1, 1, 1,0000000378,0000000031, 5,52, 4,19,16,  ,  ,  ,  ,  ,          ,          ,        ,
 1, 1,  ,0000000423,          , 5,52, 4,19,16,  ,  ,  ,  ,  ,          ,          ,        ,
 1, 1, 1,0000000423,0000000006, 5,52, 4,19,16,  ,  ,  ,  ,  ,          ,          ,        ,
 1, 1,  ,0000000464,          , 5,52, 4,19,16,  ,  ,  ,  ,  ,          ,          ,        ,
 1, 1, 1,0000000464,0000000000, 5,52, 4,19,16,  ,  ,  ,  ,  ,          ,          ,        ,
 1, 1,  ,0000000282,          , 5,52, 4,19,16,  ,  ,  ,  ,  ,          ,          ,        ,
 1, 1, 1,0000000282,0000000040, 5,52, 4,19,16,  ,  ,  ,  ,  ,          ,          ,        ,
 1, 1,  ,0000000201,          , 5,52, 4,19,16,  ,  ,  ,  ,  ,          ,          ,        ,
 1, 1, 1,0000000201,0000000031, 5,52, 4,19,16,  ,  ,  ,  ,  ,          ,          ,        ,
 1, 1,  ,0000000416,          , 5,53, 4,19,16,  ,  ,  ,  ,  ,          ,          ,        ,
 1, 1, 1,0000000416,0000000000, 5,53, 4,19,16,  ,  ,  ,  ,  ,          ,          ,        ,
 1, 1,  ,0000000385,          , 5,53, 4,19,16,  ,  ,  ,  ,  ,          ,          ,        ,
 1, 1, 1,0000000385,0000000000, 5,53, 4,19,16,  ,  ,  ,  ,  ,          ,          ,        ,
 1, 1,  ,0000000494,          , 5,53, 4,19,16,  ,  ,  ,  ,  ,          ,          ,        ,
 1, 1, 1,0000000494,0000000009, 5,53, 4,19,16,  ,  ,  ,  ,  ,          ,          ,        ,
 1, 1,  ,0000000142,          , 5,53, 4,19,16,  ,  ,  ,  ,  ,          ,          ,        ,
 1, 1, 1,0000000142,0000000003, 5,53, 4,19,16,  ,  ,  ,  ,  ,          ,          ,        ,
 1, 1,  ,0000000056,          , 5,53, 4,19,16,  ,  ,  ,  ,  ,          ,          ,        ,
 1, 1, 1,0000000056,0000000031, 5,53, 4,19,16,  ,  ,  ,  ,  ,          ,          ,        ,
 1, 1,  ,0000000140,          , 5,54, 4,19,16,  ,  ,  ,  ,  ,          ,          ,        ,
 1, 1, 1,0000000140,0000000070, 5,54, 4,19,16,  ,  ,  ,  ,  ,          ,          ,        ,
 1, 1,  ,0000000424,          , 5,54, 4,19,16,  ,  ,  ,  ,  ,          ,          ,        ,
 1, 1, 1,0000000424,0000000029, 5,54, 4,19,16,  ,  ,  ,  ,  ,          ,          ,        ,
 1, 1,  ,0000000031,          , 5,54, 4,19,16,  ,  ,  ,  ,  ,          ,          ,        ,
 1, 1, 1,0000000031,0000000004, 5,54, 4,19,16,  ,  ,  ,  ,  ,          ,          ,        ,
 1, 1,  ,0000000052,          , 5,54, 4,19,16,  ,  ,  ,  ,  ,          ,          ,        ,
 1, 1, 1,0000000052,0000000002, 5,54, 4,19,16,  ,  ,  ,  ,  ,          ,          ,        ,
 1, 1,  ,0000000491,          , 5,54, 4,19,16,  ,  ,  ,  ,  ,          ,          ,        ,
 1, 1, 1,0000000491,0000000004, 5,54, 4,19,16,  ,  ,  ,  ,  ,          ,          ,        ,
 1, 1,  ,0000000070,          , 5,55, 4,19,16,  ,  ,  ,  ,  ,          ,          ,        ,
 1, 1, 1,0000000070,0000000040, 5,55, 4,19,16,  ,  ,  ,  ,  ,          ,          ,        ,
 1, 1,  ,0000000481,          , 5,55, 4,19,16,  ,  ,  ,  ,  ,          ,          ,        ,
 1, 1, 1,0000000481,0000000003, 5,55, 4,19,16,  ,  ,  ,  ,  ,          ,          ,        ,
 1, 1,  ,0000000330,          , 5,56, 4,19,16,  ,  ,  ,  ,  ,          ,          ,        ,
 1, 1, 1,0000000330,0000000330, 5,56, 4,19,16,  ,  ,  ,  ,  ,          ,          ,        ,
 1, 1,  ,0000000334,          , 5,56, 4,19,16,  ,  ,  ,  ,  ,          ,          ,        ,
 1, 1, 1,0000000334,0000000023, 5,56, 4,19,16,  ,  ,  ,  ,  ,          ,          ,        ,
 1, 1,  ,0000000173,          , 5,56, 4,19,16,  ,  ,  ,  ,  ,          ,          ,        ,
 1, 1, 1,0000000173,0000000004, 5,56, 4,19,16,  ,  ,  ,  ,  ,          ,          ,        ,
 1, 1,  ,0000000223,          , 5,56, 4,19,16,  ,  ,  ,  ,  ,          ,          ,        ,
 1, 1, 1,0000000223,0000000058, 5,56, 4,19,16,  ,  ,  ,  ,  ,          ,          ,        ,
 1, 1,  ,0000000478,          , 5,56, 4,19,16,  ,  ,  ,  ,  ,          ,          ,        ,
 1, 1, 1,0000000478,0000000029, 5,56, 4,19,16,  ,  ,  ,  ,  ,          ,          ,        ,
 1, 1,  ,0000000204,          , 5,57, 4,19,16,  ,  ,  ,  ,  ,          ,          ,        ,
 1, 1, 1,0000000204,0000000029, 5,57, 4,19,16,  ,  ,  ,  ,  ,          ,          ,        ,
 1, 1,  ,0000000048,          , 5,57, 4,19,16,  ,  ,  ,  ,  ,          ,          ,        ,
 1, 1, 1,0000000048,0000000031, 5,57, 4,19,16,  ,  ,  ,  ,  ,          ,          ,        ,
 1, 1,  ,0000000232,          , 5,58, 4,19,16,  ,  ,  ,  ,  ,          ,          ,        ,
 1, 1, 1,0000000232,0000000004, 5,58, 4,19,16,  ,  ,  ,  ,  ,          ,          ,        ,
 1, 1,  ,0000000277,          , 6, 0, 4,19,16,  ,  ,  ,  ,  ,          ,          ,        ,
 1, 1, 2,0000000277,0000000000, 6, 0, 4,19,16,  ,  ,  ,  ,  ,          ,          ,        ,
 1, 1,  ,0000000245,          , 6, 0, 4,19,16,  ,  ,  ,  ,  ,          ,          ,        ,
 1, 1, 2,0000000245,0000000000, 6, 0, 4,19,16,  ,  ,  ,  ,  ,          ,          ,        ,
