 1, 1,  ,0000000191,          , 6,38, 4,14,16,  ,  ,  ,  ,  ,          ,          ,        ,
 1, 1, 1,0000000191,0000000058, 6,38, 4,14,16,  ,  ,  ,  ,  ,          ,          ,        ,
 1, 1,  ,0000000133,          , 6,39, 4,14,16,  ,  ,  ,  ,  ,          ,          ,        ,
 1, 1, 1,0000000133,0000000058, 6,39, 4,14,16,  ,  ,  ,  ,  ,          ,          ,        ,
 1, 1,  ,0000000138,          , 6,49, 4,14,16,  ,  ,  ,  ,  ,          ,          ,        ,
 1, 1, 1,0000000138,0000000058, 6,49, 4,14,16,  ,  ,  ,  ,  ,          ,          ,        ,
 1, 1,  ,0000000323,          , 6,53, 4,14,16,  ,  ,  ,  ,  ,          ,          ,        ,
 1, 1, 1,0000000323,0000000058, 6,53, 4,14,16,  ,  ,  ,  ,  ,          ,          ,        ,
 1, 1,  ,0000000286,          ,14,30, 4,14,16,  ,  ,  ,  ,  ,          ,          ,        ,
 1, 1, 2,0000000286,0000000000,14,30, 4,14,16,  ,  ,  ,  ,  ,          ,          ,        ,
 1, 1,  ,0000000302,          ,14,30, 4,14,16,  ,  ,  ,  ,  ,          ,          ,        ,
 1, 1, 2,0000000302,0000000000,14,30, 4,14,16,  ,  ,  ,  ,  ,          ,          ,        ,
 1, 1,  ,0000000322,          ,14,30, 4,14,16,  ,  ,  ,  ,  ,          ,          ,        ,
 1, 1, 2,0000000322,0000000000,14,30, 4,14,16,  ,  ,  ,  ,  ,          ,          ,        ,
 1, 1,  ,0000000461,          ,14,30, 4,14,16,  ,  ,  ,  ,  ,          ,          ,        ,
 1, 1, 2,0000000461,0000000000,14,30, 4,14,16,  ,  ,  ,  ,  ,          ,          ,        ,
 1, 1,  ,0000000053,          ,14,30, 4,14,16,  ,  ,  ,  ,  ,          ,          ,        ,
 1, 1, 2,0000000053,0000000000,14,30, 4,14,16,  ,  ,  ,  ,  ,          ,          ,        ,
 1, 1,  ,0000000169,          ,14,31, 4,14,16,  ,  ,  ,  ,  ,          ,          ,        ,
 1, 1, 2,0000000169,0000000000,14,31, 4,14,16,  ,  ,  ,  ,  ,          ,          ,        ,
 1, 1,  ,0000000496,          ,14,31, 4,14,16,  ,  ,  ,  ,  ,          ,          ,        ,
 1, 1, 2,0000000496,0000000000,14,31, 4,14,16,  ,  ,  ,  ,  ,          ,          ,        ,
 1, 1,  ,0000000493,          ,14,32, 4,14,16,  ,  ,  ,  ,  ,          ,          ,        ,
 1, 1, 2,0000000493,0000000000,14,32, 4,14,16,  ,  ,  ,  ,  ,          ,          ,        ,
 1, 1,  ,0000000318,          ,14,33, 4,14,16,  ,  ,  ,  ,  ,          ,          ,        ,
 1, 1, 2,0000000318,0000000000,14,33, 4,14,16,  ,  ,  ,  ,  ,          ,          ,        ,
 1, 1,  ,0000000045,          ,14,34, 4,14,16,  ,  ,  ,  ,  ,          ,          ,        ,
 1, 1, 2,0000000045,0000000000,14,34, 4,14,16,  ,  ,  ,  ,  ,          ,          ,        ,
 1, 1,  ,0000000249,          ,14,35, 4,14,16,  ,  ,  ,  ,  ,          ,          ,        ,
 1, 1, 2,0000000249,0000000000,14,35, 4,14,16,  ,  ,  ,  ,  ,          ,          ,        ,
 1, 1,  ,0000000043,          ,14,35, 4,14,16,  ,  ,  ,  ,  ,          ,          ,        ,
 1, 1, 2,0000000043,0000000000,14,35, 4,14,16,  ,  ,  ,  ,  ,          ,          ,        ,
 1, 1,  ,0000000267,          ,14,36, 4,14,16,  ,  ,  ,  ,  ,          ,          ,        ,
 1, 1, 2,0000000267,0000000000,14,36, 4,14,16,  ,  ,  ,  ,  ,          ,          ,        ,
 1, 1,  ,0000000205,          ,14,36, 4,14,16,  ,  ,  ,  ,  ,          ,          ,        ,
 1, 1, 2,0000000205,0000000000,14,36, 4,14,16,  ,  ,  ,  ,  ,          ,          ,        ,
 1, 1,  ,0000000336,          ,14,37, 4,14,16,  ,  ,  ,  ,  ,          ,          ,        ,
 1, 1, 2,0000000336,0000000000,14,37, 4,14,16,  ,  ,  ,  ,  ,          ,          ,        ,
 1, 1,  ,0000000296,          ,14,37, 4,14,16,  ,  ,  ,  ,  ,          ,          ,        ,
 1, 1, 2,0000000296,0000000000,14,37, 4,14,16,  ,  ,  ,  ,  ,          ,          ,        ,
 1, 1,  ,0000000097,          ,14,38, 4,14,16,  ,  ,  ,  ,  ,          ,          ,        ,
 1, 1, 2,0000000097,0000000000,14,38, 4,14,16,  ,  ,  ,  ,  ,          ,          ,        ,
 1, 1,  ,0000000397,          ,14,39, 4,14,16,  ,  ,  ,  ,  ,          ,          ,        ,
 1, 1, 2,0000000397,0000000000,14,39, 4,14,16,  ,  ,  ,  ,  ,          ,          ,        ,
 1, 1,  ,0000000251,          ,14,39, 4,14,16,  ,  ,  ,  ,  ,          ,          ,        ,
 1, 1, 2,0000000251,0000000000,14,39, 4,14,16,  ,  ,  ,  ,  ,          ,          ,        ,
 1, 1,  ,0000000221,          ,14,39, 4,14,16,  ,  ,  ,  ,  ,          ,          ,        ,
 1, 1, 2,0000000221,0000000000,14,39, 4,14,16,  ,  ,  ,  ,  ,          ,          ,        ,
 1, 1,  ,0000000158,          ,14,39, 4,14,16,  ,  ,  ,  ,  ,          ,          ,        ,
 1, 1, 2,0000000158,0000000000,14,39, 4,14,16,  ,  ,  ,  ,  ,          ,          ,        ,
 1, 1,  ,0000000497,          ,14,40, 4,14,16,  ,  ,  ,  ,  ,          ,          ,        ,
 1, 1, 2,0000000497,0000000000,14,40, 4,14,16,  ,  ,  ,  ,  ,          ,          ,        ,
 1, 1,  ,0000000161,          ,14,40, 4,14,16,  ,  ,  ,  ,  ,          ,          ,        ,
 1, 1, 2,0000000161,0000000000,14,40, 4,14,16,  ,  ,  ,  ,  ,          ,          ,        ,
 1, 1,  ,0000000057,          ,14,40, 4,14,16,  ,  ,  ,  ,  ,          ,          ,        ,
 1, 1, 2,0000000057,0000000000,14,40, 4,14,16,  ,  ,  ,  ,  ,          ,          ,        ,
 1, 1,  ,0000000080,          ,14,40, 4,14,16,  ,  ,  ,  ,  ,          ,          ,        ,
 1, 1, 2,0000000080,0000000000,14,40, 4,14,16,  ,  ,  ,  ,  ,          ,          ,        ,
 1, 1,  ,0000000403,          ,14,40, 4,14,16,  ,  ,  ,  ,  ,          ,          ,        ,
 1, 1, 2,0000000403,0000000000,14,40, 4,14,16,  ,  ,  ,  ,  ,          ,          ,        ,
 1, 1,  ,0000000063,          ,14,40, 4,14,16,  ,  ,  ,  ,  ,          ,          ,        ,
 1, 1, 2,0000000063,0000000000,14,40, 4,14,16,  ,  ,  ,  ,  ,          ,          ,        ,
 1, 1,  ,0000000344,          ,14,40, 4,14,16,  ,  ,  ,  ,  ,          ,          ,        ,
 1, 1, 2,0000000344,0000000000,14,40, 4,14,16,  ,  ,  ,  ,  ,          ,          ,        ,
 1, 1,  ,0000000168,          ,14,40, 4,14,16,  ,  ,  ,  ,  ,          ,          ,        ,
 1, 1, 2,0000000168,0000000000,14,40, 4,14,16,  ,  ,  ,  ,  ,          ,          ,        ,
 1, 1,  ,0000000148,          ,14,41, 4,14,16,  ,  ,  ,  ,  ,          ,          ,        ,
 1, 1, 2,0000000148,0000000000,14,41, 4,14,16,  ,  ,  ,  ,  ,          ,          ,        ,
 1, 1,  ,0000000364,          ,14,41, 4,14,16,  ,  ,  ,  ,  ,          ,          ,        ,
 1, 1, 2,0000000364,0000000000,14,41, 4,14,16,  ,  ,  ,  ,  ,          ,          ,        ,
 1, 1,  ,0000000465,          ,14,42, 4,14,16,  ,  ,  ,  ,  ,          ,          ,        ,
 1, 1, 2,0000000465,0000000000,14,42, 4,14,16,  ,  ,  ,  ,  ,          ,          ,        ,
 1, 1,  ,0000000005,          ,14,43, 4,14,16,  ,  ,  ,  ,  ,          ,          ,        ,
 1, 1, 2,0000000005,0000000000,14,43, 4,14,16,  ,  ,  ,  ,  ,          ,          ,        ,
 1, 1,  ,0000000329,          ,14,43, 4,14,16,  ,  ,  ,  ,  ,          ,          ,        ,
 1, 1, 2,0000000329,0000000000,14,43, 4,14,16,  ,  ,  ,  ,  ,          ,          ,        ,
 1, 1,  ,0000000012,          ,14,44, 4,14,16,  ,  ,  ,  ,  ,          ,          ,        ,
 1, 1, 1,0000000012,0000000002,14,44, 4,14,16,  ,  ,  ,  ,  ,          ,          ,        ,
 1, 1,  ,0000000301,          ,14,46, 4,14,16,  ,  ,  ,  ,  ,          ,          ,        ,
 1, 1, 2,0000000301,0000000000,14,46, 4,14,16,  ,  ,  ,  ,  ,          ,          ,        ,
 1, 1,  ,0000000237,          ,17, 0, 4,14,16,  ,  ,  ,  ,  ,          ,          ,        ,
 1, 1, 2,0000000237,0000000000,17, 0, 4,14,16,  ,  ,  ,  ,  ,          ,          ,        ,
 1, 1,  ,0000000431,          ,17, 2, 4,14,16,  ,  ,  ,  ,  ,          ,          ,        ,
 1, 1, 2,0000000431,0000000000,17, 2, 4,14,16,  ,  ,  ,  ,  ,          ,          ,        ,
 1, 1,  ,0000000145,          ,17, 4, 4,14,16,  ,  ,  ,  ,  ,          ,          ,        ,
 1, 1, 2,0000000145,0000000000,17, 4, 4,14,16,  ,  ,  ,  ,  ,          ,          ,        ,
 1, 1,  ,0000000373,          ,17, 4, 4,14,16,  ,  ,  ,  ,  ,          ,          ,        ,
 1, 1, 2,0000000373,0000000000,17, 4, 4,14,16,  ,  ,  ,  ,  ,          ,          ,        ,
 1, 1,  ,0000002531,          ,17, 5, 4,14,16,  ,  ,  ,  ,  ,          ,          ,        ,
 1, 1, 2,0000002531,0000000000,17, 5, 4,14,16,  ,  ,  ,  ,  ,          ,          ,        ,
 1, 1,  ,0000000323,          ,17, 5, 4,14,16,  ,  ,  ,  ,  ,          ,          ,        ,
 1, 1, 2,0000000323,0000000000,17, 5, 4,14,16,  ,  ,  ,  ,  ,          ,          ,        ,
 1, 1,  ,0000000133,          ,17, 6, 4,14,16,  ,  ,  ,  ,  ,          ,          ,        ,
 1, 1, 2,0000000133,0000000000,17, 6, 4,14,16,  ,  ,  ,  ,  ,          ,          ,        ,
 1, 1,  ,0000000191,          ,17, 7, 4,14,16,  ,  ,  ,  ,  ,          ,          ,        ,
 1, 1, 2,0000000191,0000000000,17, 7, 4,14,16,  ,  ,  ,  ,  ,          ,          ,        ,
 1, 1,  ,0000000191,          ,17, 7, 4,14,16,  ,  ,  ,  ,  ,          ,          ,        ,
 1, 1, 2,0000000191,0000000000,17, 7, 4,14,16,  ,  ,  ,  ,  ,          ,          ,        ,
 1, 1,  ,0000000111,          ,17, 7, 4,14,16,  ,  ,  ,  ,  ,          ,          ,        ,
 1, 1, 2,0000000111,0000000000,17, 7, 4,14,16,  ,  ,  ,  ,  ,          ,          ,        ,
 1, 1,  ,0000000041,          ,17, 7, 4,14,16,  ,  ,  ,  ,  ,          ,          ,        ,
 1, 1, 2,0000000041,0000000000,17, 7, 4,14,16,  ,  ,  ,  ,  ,          ,          ,        ,
 1, 1,  ,0000000027,          ,17, 7, 4,14,16,  ,  ,  ,  ,  ,          ,          ,        ,
 1, 1, 2,0000000027,0000000000,17, 7, 4,14,16,  ,  ,  ,  ,  ,          ,          ,        ,
 1, 1,  ,0000000237,          ,17, 8, 4,14,16,  ,  ,  ,  ,  ,          ,          ,        ,
 1, 1, 2,0000000237,0000000000,17, 8, 4,14,16,  ,  ,  ,  ,  ,          ,          ,        ,
 1, 1,  ,0000000214,          ,17, 9, 4,14,16,  ,  ,  ,  ,  ,          ,          ,        ,
 1, 1, 2,0000000214,0000000000,17, 9, 4,14,16,  ,  ,  ,  ,  ,          ,          ,        ,
 1, 1,  ,0000000138,          ,17, 9, 4,14,16,  ,  ,  ,  ,  ,          ,          ,        ,
 1, 1, 2,0000000138,0000000000,17, 9, 4,14,16,  ,  ,  ,  ,  ,          ,          ,        ,
 1, 1,  ,0000000347,          ,17, 9, 4,14,16,  ,  ,  ,  ,  ,          ,          ,        ,
 1, 1, 2,0000000347,0000000000,17, 9, 4,14,16,  ,  ,  ,  ,  ,          ,          ,        ,
 1, 1,  ,0000000422,          ,17,10, 4,14,16,  ,  ,  ,  ,  ,          ,          ,        ,
 1, 1, 2,0000000422,0000000000,17,10, 4,14,16,  ,  ,  ,  ,  ,          ,          ,        ,
 1, 1,  ,0000000295,          ,17,11, 4,14,16,  ,  ,  ,  ,  ,          ,          ,        ,
 1, 1, 2,0000000295,0000000000,17,11, 4,14,16,  ,  ,  ,  ,  ,          ,          ,        ,
 1, 1,  ,0000000384,          ,17,11, 4,14,16,  ,  ,  ,  ,  ,          ,          ,        ,
 1, 1, 2,0000000384,0000000000,17,11, 4,14,16,  ,  ,  ,  ,  ,          ,          ,        ,
 1, 1,  ,0000000199,          ,18, 1, 4,14,16,  ,  ,  ,  ,  ,          ,          ,        ,
 1, 1, 2,0000000199,0000000000,18, 1, 4,14,16,  ,  ,  ,  ,  ,          ,          ,        ,
 1, 1,  ,0000000438,          ,18, 2, 4,14,16,  ,  ,  ,  ,  ,          ,          ,        ,
 1, 1, 2,0000000438,0000000000,18, 2, 4,14,16,  ,  ,  ,  ,  ,          ,          ,        ,
 1, 1,  ,0000000381,          ,18, 4, 4,14,16,  ,  ,  ,  ,  ,          ,          ,        ,
 1, 1, 2,0000000381,0000000000,18, 4, 4,14,16,  ,  ,  ,  ,  ,          ,          ,        ,
 1, 1,  ,0000000066,          ,18, 5, 4,14,16,  ,  ,  ,  ,  ,          ,          ,        ,
 1, 1, 2,0000000066,0000000000,18, 5, 4,14,16,  ,  ,  ,  ,  ,          ,          ,        ,
 1, 1,  ,0000000360,          ,20, 1, 4,14,16,  ,  ,  ,  ,  ,          ,          ,        ,
 1, 1, 2,0000000360,0000000000,20, 1, 4,14,16,  ,  ,  ,  ,  ,          ,          ,        ,
 1, 1,  ,0000000445,          ,20, 1, 4,14,16,  ,  ,  ,  ,  ,          ,          ,        ,
 1, 1, 2,0000000445,0000000000,20, 1, 4,14,16,  ,  ,  ,  ,  ,          ,          ,        ,
 1, 1,  ,0000000422,          , 5,33, 4,15,16,  ,  ,  ,  ,  ,          ,          ,        ,
 1, 1, 1,0000000422,0000000071, 5,33, 4,15,16,  ,  ,  ,  ,  ,          ,          ,        ,
 1, 1,  ,0000000496,          , 5,35, 4,15,16,  ,  ,  ,  ,  ,          ,          ,        ,
 1, 1, 1,0000000496,0000000031, 5,35, 4,15,16,  ,  ,  ,  ,  ,          ,          ,        ,
 1, 1,  ,0000000041,          , 5,36, 4,15,16,  ,  ,  ,  ,  ,          ,          ,        ,
 1, 1, 1,0000000041,0000000029, 5,36, 4,15,16,  ,  ,  ,  ,  ,          ,          ,        ,
 1, 1,  ,0000000063,          , 5,36, 4,15,16,  ,  ,  ,  ,  ,          ,          ,        ,
 1, 1, 1,0000000063,0000000022, 5,36, 4,15,16,  ,  ,  ,  ,  ,          ,          ,        ,
 1, 1,  ,0000000403,          , 5,36, 4,15,16,  ,  ,  ,  ,  ,          ,          ,        ,
 1, 1, 1,0000000403,0000000031, 5,36, 4,15,16,  ,  ,  ,  ,  ,          ,          ,        ,
 1, 1,  ,0000000302,          , 5,37, 4,15,16,  ,  ,  ,  ,  ,          ,          ,        ,
 1, 1, 1,0000000302,0000000029, 5,37, 4,15,16,  ,  ,  ,  ,  ,          ,          ,        ,
 1, 1,  ,0000000286,          , 5,38, 4,15,16,  ,  ,  ,  ,  ,          ,          ,        ,
 1, 1, 1,0000000286,0000000029, 5,38, 4,15,16,  ,  ,  ,  ,  ,          ,          ,        ,
 1, 1,  ,0000000267,          , 5,38, 4,15,16,  ,  ,  ,  ,  ,          ,          ,        ,
 1, 1, 1,0000000267,0000000000, 5,38, 4,15,16,  ,  ,  ,  ,  ,          ,          ,        ,
 1, 1,  ,0000000336,          , 5,38, 4,15,16,  ,  ,  ,  ,  ,          ,          ,        ,
 1, 1, 1,0000000336,0000000000, 5,38, 4,15,16,  ,  ,  ,  ,  ,          ,          ,        ,
 1, 1,  ,0000002531,          , 5,39, 4,15,16,  ,  ,  ,  ,  ,          ,          ,        ,
 1, 1, 1,0000002531,0000000058, 5,39, 4,15,16,  ,  ,  ,  ,  ,          ,          ,        ,
 1, 1,  ,0000000445,          , 5,39, 4,15,16,  ,  ,  ,  ,  ,          ,          ,        ,
 1, 1, 1,0000000445,0000000058, 5,39, 4,15,16,  ,  ,  ,  ,  ,          ,          ,        ,
 1, 1,  ,0000000251,          , 5,39, 4,15,16,  ,  ,  ,  ,  ,          ,          ,        ,
 1, 1, 1,0000000251,0000000022, 5,39, 4,15,16,  ,  ,  ,  ,  ,          ,          ,        ,
 1, 1,  ,0000000249,          , 5,40, 4,15,16,  ,  ,  ,  ,  ,          ,          ,        ,
 1, 1, 1,0000000249,0000000040, 5,40, 4,15,16,  ,  ,  ,  ,  ,          ,          ,        ,
 1, 1,  ,0000000431,          , 5,40, 4,15,16,  ,  ,  ,  ,  ,          ,          ,        ,
 1, 1, 1,0000000431,0000000029, 5,40, 4,15,16,  ,  ,  ,  ,  ,          ,          ,        ,
 1, 1,  ,0000000066,          , 5,40, 4,15,16,  ,  ,  ,  ,  ,          ,          ,        ,
 1, 1, 1,0000000066,0000000054, 5,40, 4,15,16,  ,  ,  ,  ,  ,          ,          ,        ,
 1, 1,  ,0000000148,          , 5,41, 4,15,16,  ,  ,  ,  ,  ,          ,          ,        ,
 1, 1, 1,0000000148,0000000040, 5,41, 4,15,16,  ,  ,  ,  ,  ,          ,          ,        ,
 1, 1,  ,0000000111,          , 5,42, 4,15,16,  ,  ,  ,  ,  ,          ,          ,        ,
 1, 1, 1,0000000111,0000000029, 5,42, 4,15,16,  ,  ,  ,  ,  ,          ,          ,        ,
 1, 1,  ,0000000199,          , 5,43, 4,15,16,  ,  ,  ,  ,  ,          ,          ,        ,
 1, 1, 1,0000000199,0000000070, 5,43, 4,15,16,  ,  ,  ,  ,  ,          ,          ,        ,
 1, 1,  ,0000000438,          , 5,43, 4,15,16,  ,  ,  ,  ,  ,          ,          ,        ,
 1, 1, 1,0000000438,0000000022, 5,43, 4,15,16,  ,  ,  ,  ,  ,          ,          ,        ,
 1, 1,  ,0000000145,          , 5,43, 4,15,16,  ,  ,  ,  ,  ,          ,          ,        ,
 1, 1, 1,0000000145,0000000058, 5,43, 4,15,16,  ,  ,  ,  ,  ,          ,          ,        ,
 1, 1,  ,0000000318,          , 5,44, 4,15,16,  ,  ,  ,  ,  ,          ,          ,        ,
 1, 1, 1,0000000318,0000000029, 5,44, 4,15,16,  ,  ,  ,  ,  ,          ,          ,        ,
 1, 1,  ,0000000301,          , 5,45, 4,15,16,  ,  ,  ,  ,  ,          ,          ,        ,
 1, 1, 1,0000000301,0000000040, 5,45, 4,15,16,  ,  ,  ,  ,  ,          ,          ,        ,
 1, 1,  ,0000000329,          , 5,45, 4,15,16,  ,  ,  ,  ,  ,          ,          ,        ,
 1, 1, 1,0000000329,0000000031, 5,45, 4,15,16,  ,  ,  ,  ,  ,          ,          ,        ,
 1, 1,  ,0000000169,          , 5,45, 4,15,16,  ,  ,  ,  ,  ,          ,          ,        ,
 1, 1, 1,0000000169,0000000058, 5,45, 4,15,16,  ,  ,  ,  ,  ,          ,          ,        ,
 1, 1,  ,0000000057,          , 5,46, 4,15,16,  ,  ,  ,  ,  ,          ,          ,        ,
 1, 1, 1,0000000057,0000000029, 5,46, 4,15,16,  ,  ,  ,  ,  ,          ,          ,        ,
 1, 1,  ,0000000364,          , 5,46, 4,15,16,  ,  ,  ,  ,  ,          ,          ,        ,
 1, 1, 1,0000000364,0000000000, 5,46, 4,15,16,  ,  ,  ,  ,  ,          ,          ,        ,
 1, 1,  ,0000000322,          , 5,46, 4,15,16,  ,  ,  ,  ,  ,          ,          ,        ,
 1, 1, 1,0000000322,0000000029, 5,46, 4,15,16,  ,  ,  ,  ,  ,          ,          ,        ,
 1, 1,  ,0000000347,          , 5,47, 4,15,16,  ,  ,  ,  ,  ,          ,          ,        ,
 1, 1, 1,0000000347,0000000058, 5,47, 4,15,16,  ,  ,  ,  ,  ,          ,          ,        ,
 1, 1,  ,0000000161,          , 5,47, 4,15,16,  ,  ,  ,  ,  ,          ,          ,        ,
 1, 1, 1,0000000161,0000000033, 5,47, 4,15,16,  ,  ,  ,  ,  ,          ,          ,        ,
 1, 1,  ,0000000080,          , 5,47, 4,15,16,  ,  ,  ,  ,  ,          ,          ,        ,
 1, 1, 1,0000000080,0000000009, 5,47, 4,15,16,  ,  ,  ,  ,  ,          ,          ,        ,
 1, 1,  ,0000000205,          , 5,47, 4,15,16,  ,  ,  ,  ,  ,          ,          ,        ,
 1, 1, 1,0000000205,0000000031, 5,47, 4,15,16,  ,  ,  ,  ,  ,          ,          ,        ,
 1, 1,  ,0000000221,          , 5,48, 4,15,16,  ,  ,  ,  ,  ,          ,          ,        ,
 1, 1, 1,0000000221,0000000026, 5,48, 4,15,16,  ,  ,  ,  ,  ,          ,          ,        ,
 1, 1,  ,0000000027,          , 5,49, 4,15,16,  ,  ,  ,  ,  ,          ,          ,        ,
 1, 1, 1,0000000027,0000000029, 5,49, 4,15,16,  ,  ,  ,  ,  ,          ,          ,        ,
 1, 1,  ,0000002505,          , 5,49, 4,15,16,  ,  ,  ,  ,  ,          ,          ,        ,
 1, 1, 1,0000002505,0000000029, 5,49, 4,15,16,  ,  ,  ,  ,  ,          ,          ,        ,
 1, 1,  ,0000000097,          , 5,49, 4,15,16,  ,  ,  ,  ,  ,          ,          ,        ,
 1, 1, 1,0000000097,0000000029, 5,49, 4,15,16,  ,  ,  ,  ,  ,          ,          ,        ,
 1, 1,  ,0000000237,          , 5,50, 4,15,16,  ,  ,  ,  ,  ,          ,          ,        ,
 1, 1, 1,0000000237,0000000052, 5,50, 4,15,16,  ,  ,  ,  ,  ,          ,          ,        ,
 1, 1,  ,0000000045,          , 5,50, 4,15,16,  ,  ,  ,  ,  ,          ,          ,        ,
 1, 1, 1,0000000045,0000000040, 5,50, 4,15,16,  ,  ,  ,  ,  ,          ,          ,        ,
 1, 1,  ,0000000335,          , 5,51, 4,15,16,  ,  ,  ,  ,  ,          ,          ,        ,
 1, 1, 1,0000000335,0000000040, 5,51, 4,15,16,  ,  ,  ,  ,  ,          ,          ,        ,
 1, 1,  ,0000000012,          , 5,51, 4,15,16,  ,  ,  ,  ,  ,          ,          ,        ,
 1, 1, 1,0000000012,0000000031, 5,51, 4,15,16,  ,  ,  ,  ,  ,          ,          ,        ,
 1, 1,  ,0000000053,          , 5,51, 4,15,16,  ,  ,  ,  ,  ,          ,          ,        ,
 1, 1, 1,0000000053,0000000029, 5,51, 4,15,16,  ,  ,  ,  ,  ,          ,          ,        ,
 1, 1,  ,0000000461,          , 5,51, 4,15,16,  ,  ,  ,  ,  ,          ,          ,        ,
 1, 1, 1,0000000461,0000000029, 5,51, 4,15,16,  ,  ,  ,  ,  ,          ,          ,        ,
 1, 1,  ,0000000397,          , 5,52, 4,15,16,  ,  ,  ,  ,  ,          ,          ,        ,
 1, 1, 1,0000000397,0000000040, 5,52, 4,15,16,  ,  ,  ,  ,  ,          ,          ,        ,
 1, 1,  ,0000000158,          , 5,53, 4,15,16,  ,  ,  ,  ,  ,          ,          ,        ,
 1, 1, 1,0000000158,0000000029, 5,53, 4,15,16,  ,  ,  ,  ,  ,          ,          ,        ,
 1, 1,  ,0000000465,          , 5,54, 4,15,16,  ,  ,  ,  ,  ,          ,          ,        ,
 1, 1, 1,0000000465,0000000022, 5,54, 4,15,16,  ,  ,  ,  ,  ,          ,          ,        ,
 1, 1,  ,0000000005,          , 5,54, 4,15,16,  ,  ,  ,  ,  ,          ,          ,        ,
 1, 1, 1,0000000005,0000000031, 5,54, 4,15,16,  ,  ,  ,  ,  ,          ,          ,        ,
 1, 1,  ,0000000475,          , 5,54, 4,15,16,  ,  ,  ,  ,  ,          ,          ,        ,
 1, 1, 1,0000000475,0000000029, 5,54, 4,15,16,  ,  ,  ,  ,  ,          ,          ,        ,
 1, 1,  ,0000000010,          , 5,54, 4,15,16,  ,  ,  ,  ,  ,          ,          ,        ,
 1, 1, 1,0000000010,0000000029, 5,54, 4,15,16,  ,  ,  ,  ,  ,          ,          ,        ,
 1, 1,  ,0000000296,          , 5,55, 4,15,16,  ,  ,  ,  ,  ,          ,          ,        ,
 1, 1, 1,0000000296,0000000053, 5,55, 4,15,16,  ,  ,  ,  ,  ,          ,          ,        ,
 1, 1,  ,0000000317,          , 5,55, 4,15,16,  ,  ,  ,  ,  ,          ,          ,        ,
 1, 1, 1,0000000317,0000000058, 5,55, 4,15,16,  ,  ,  ,  ,  ,          ,          ,        ,
 1, 1,  ,0000000497,          , 5,59, 4,15,16,  ,  ,  ,  ,  ,          ,          ,        ,
 1, 1, 1,0000000497,0000000058, 5,59, 4,15,16,  ,  ,  ,  ,  ,          ,          ,        ,
 1, 1,  ,0000000138,          , 6,36, 4,15,16,  ,  ,  ,  ,  ,          ,          ,        ,
 1, 1, 1,0000000138,0000000058, 6,36, 4,15,16,  ,  ,  ,  ,  ,          ,          ,        ,
 1, 1,  ,0000000191,          , 6,39, 4,15,16,  ,  ,  ,  ,  ,          ,          ,        ,
 1, 1, 1,0000000191,0000000058, 6,39, 4,15,16,  ,  ,  ,  ,  ,          ,          ,        ,
 1, 1,  ,0000000133,          , 6,41, 4,15,16,  ,  ,  ,  ,  ,          ,          ,        ,
 1, 1, 1,0000000133,0000000058, 6,41, 4,15,16,  ,  ,  ,  ,  ,          ,          ,        ,
 1, 1,  ,0000000295,          , 6,42, 4,15,16,  ,  ,  ,  ,  ,          ,          ,        ,
 1, 1, 1,0000000295,0000000058, 6,42, 4,15,16,  ,  ,  ,  ,  ,          ,          ,        ,
 1, 1,  ,0000000323,          , 6,54, 4,15,16,  ,  ,  ,  ,  ,          ,          ,        ,
 1, 1, 1,0000000323,0000000058, 6,54, 4,15,16,  ,  ,  ,  ,  ,          ,          ,        ,
 1, 1,  ,0000000053,          ,14,31, 4,15,16,  ,  ,  ,  ,  ,          ,          ,        ,
 1, 1, 2,0000000053,0000000000,14,31, 4,15,16,  ,  ,  ,  ,  ,          ,          ,        ,
 1, 1,  ,0000000322,          ,14,31, 4,15,16,  ,  ,  ,  ,  ,          ,          ,        ,
 1, 1, 2,0000000322,0000000000,14,31, 4,15,16,  ,  ,  ,  ,  ,          ,          ,        ,
 1, 1,  ,0000000465,          ,14,31, 4,15,16,  ,  ,  ,  ,  ,          ,          ,        ,
 1, 1, 2,0000000465,0000000000,14,31, 4,15,16,  ,  ,  ,  ,  ,          ,          ,        ,
 1, 1,  ,0000000221,          ,14,31, 4,15,16,  ,  ,  ,  ,  ,          ,          ,        ,
 1, 1, 2,0000000221,0000000000,14,31, 4,15,16,  ,  ,  ,  ,  ,          ,          ,        ,
 1, 1,  ,0000000251,          ,14,31, 4,15,16,  ,  ,  ,  ,  ,          ,          ,        ,
 1, 1, 2,0000000251,0000000000,14,31, 4,15,16,  ,  ,  ,  ,  ,          ,          ,        ,
 1, 1,  ,0000000438,          ,14,32, 4,15,16,  ,  ,  ,  ,  ,          ,          ,        ,
 1, 1, 2,0000000438,0000000000,14,32, 4,15,16,  ,  ,  ,  ,  ,          ,          ,        ,
 1, 1,  ,0000000080,          ,14,32, 4,15,16,  ,  ,  ,  ,  ,          ,          ,        ,
 1, 1, 2,0000000080,0000000000,14,32, 4,15,16,  ,  ,  ,  ,  ,          ,          ,        ,
 1, 1,  ,0000000045,          ,14,32, 4,15,16,  ,  ,  ,  ,  ,          ,          ,        ,
 1, 1, 2,0000000045,0000000000,14,32, 4,15,16,  ,  ,  ,  ,  ,          ,          ,        ,
 1, 1,  ,0000000161,          ,14,32, 4,15,16,  ,  ,  ,  ,  ,          ,          ,        ,
 1, 1, 2,0000000161,0000000000,14,32, 4,15,16,  ,  ,  ,  ,  ,          ,          ,        ,
 1, 1,  ,0000000249,          ,14,32, 4,15,16,  ,  ,  ,  ,  ,          ,          ,        ,
 1, 1, 2,0000000249,0000000000,14,32, 4,15,16,  ,  ,  ,  ,  ,          ,          ,        ,
 1, 1,  ,0000000010,          ,14,32, 4,15,16,  ,  ,  ,  ,  ,          ,          ,        ,
 1, 1, 2,0000000010,0000000000,14,32, 4,15,16,  ,  ,  ,  ,  ,          ,          ,        ,
 1, 1,  ,0000000097,          ,14,32, 4,15,16,  ,  ,  ,  ,  ,          ,          ,        ,
 1, 1, 2,0000000097,0000000000,14,32, 4,15,16,  ,  ,  ,  ,  ,          ,          ,        ,
 1, 1,  ,0000000302,          ,14,32, 4,15,16,  ,  ,  ,  ,  ,          ,          ,        ,
 1, 1, 2,0000000302,0000000000,14,32, 4,15,16,  ,  ,  ,  ,  ,          ,          ,        ,
 1, 1,  ,0000000169,          ,14,33, 4,15,16,  ,  ,  ,  ,  ,          ,          ,        ,
 1, 1, 2,0000000169,0000000000,14,33, 4,15,16,  ,  ,  ,  ,  ,          ,          ,        ,
 1, 1,  ,0000000496,          ,14,33, 4,15,16,  ,  ,  ,  ,  ,          ,          ,        ,
 1, 1, 2,0000000496,0000000000,14,33, 4,15,16,  ,  ,  ,  ,  ,          ,          ,        ,
 1, 1,  ,0000000267,          ,14,34, 4,15,16,  ,  ,  ,  ,  ,          ,          ,        ,
 1, 1, 2,0000000267,0000000000,14,34, 4,15,16,  ,  ,  ,  ,  ,          ,          ,        ,
 1, 1,  ,0000000497,          ,14,34, 4,15,16,  ,  ,  ,  ,  ,          ,          ,        ,
 1, 1, 2,0000000497,0000000000,14,34, 4,15,16,  ,  ,  ,  ,  ,          ,          ,        ,
 1, 1,  ,0000000431,          ,14,34, 4,15,16,  ,  ,  ,  ,  ,          ,          ,        ,
 1, 1, 2,0000000431,0000000000,14,34, 4,15,16,  ,  ,  ,  ,  ,          ,          ,        ,
 1, 1,  ,0000000336,          ,14,34, 4,15,16,  ,  ,  ,  ,  ,          ,          ,        ,
 1, 1, 2,0000000336,0000000000,14,34, 4,15,16,  ,  ,  ,  ,  ,          ,          ,        ,
 1, 1,  ,0000000237,          ,14,34, 4,15,16,  ,  ,  ,  ,  ,          ,          ,        ,
 1, 1, 2,0000000237,0000000000,14,34, 4,15,16,  ,  ,  ,  ,  ,          ,          ,        ,
 1, 1,  ,0000000205,          ,14,36, 4,15,16,  ,  ,  ,  ,  ,          ,          ,        ,
 1, 1, 2,0000000205,0000000000,14,36, 4,15,16,  ,  ,  ,  ,  ,          ,          ,        ,
 1, 1,  ,0000000475,          ,14,37, 4,15,16,  ,  ,  ,  ,  ,          ,          ,        ,
 1, 1, 2,0000000475,0000000000,14,37, 4,15,16,  ,  ,  ,  ,  ,          ,          ,        ,
 1, 1,  ,0000000158,          ,14,37, 4,15,16,  ,  ,  ,  ,  ,          ,          ,        ,
 1, 1, 2,0000000158,0000000000,14,37, 4,15,16,  ,  ,  ,  ,  ,          ,          ,        ,
 1, 1,  ,0000000111,          ,14,38, 4,15,16,  ,  ,  ,  ,  ,          ,          ,        ,
 1, 1, 2,0000000111,0000000000,14,38, 4,15,16,  ,  ,  ,  ,  ,          ,          ,        ,
 1, 1,  ,0000000335,          ,14,38, 4,15,16,  ,  ,  ,  ,  ,          ,          ,        ,
 1, 1, 2,0000000335,0000000000,14,38, 4,15,16,  ,  ,  ,  ,  ,          ,          ,        ,
 1, 1,  ,0000000148,          ,14,38, 4,15,16,  ,  ,  ,  ,  ,          ,          ,        ,
 1, 1, 2,0000000148,0000000000,14,38, 4,15,16,  ,  ,  ,  ,  ,          ,          ,        ,
 1, 1,  ,0000000057,          ,14,39, 4,15,16,  ,  ,  ,  ,  ,          ,          ,        ,
 1, 1, 2,0000000057,0000000000,14,39, 4,15,16,  ,  ,  ,  ,  ,          ,          ,        ,
 1, 1,  ,0000000403,          ,14,39, 4,15,16,  ,  ,  ,  ,  ,          ,          ,        ,
 1, 1, 2,0000000403,0000000000,14,39, 4,15,16,  ,  ,  ,  ,  ,          ,          ,        ,
 1, 1,  ,0000000012,          ,14,39, 4,15,16,  ,  ,  ,  ,  ,          ,          ,        ,
 1, 1, 2,0000000012,0000000000,14,39, 4,15,16,  ,  ,  ,  ,  ,          ,          ,        ,
 1, 1,  ,0000000329,          ,14,39, 4,15,16,  ,  ,  ,  ,  ,          ,          ,        ,
 1, 1, 2,0000000329,0000000000,14,39, 4,15,16,  ,  ,  ,  ,  ,          ,          ,        ,
 1, 1,  ,0000000364,          ,14,40, 4,15,16,  ,  ,  ,  ,  ,          ,          ,        ,
 1, 1, 2,0000000364,0000000000,14,40, 4,15,16,  ,  ,  ,  ,  ,          ,          ,        ,
 1, 1,  ,0000000043,          ,14,40, 4,15,16,  ,  ,  ,  ,  ,          ,          ,        ,
 1, 1, 2,0000000043,0000000000,14,40, 4,15,16,  ,  ,  ,  ,  ,          ,          ,        ,
 1, 1,  ,0000002505,          ,14,41, 4,15,16,  ,  ,  ,  ,  ,          ,          ,        ,
 1, 1, 2,0000002505,0000000000,14,41, 4,15,16,  ,  ,  ,  ,  ,          ,          ,        ,
 1, 1,  ,0000000063,          ,14,41, 4,15,16,  ,  ,  ,  ,  ,          ,          ,        ,
 1, 1, 2,0000000063,0000000000,14,41, 4,15,16,  ,  ,  ,  ,  ,          ,          ,        ,
 1, 1,  ,0000000027,          ,14,42, 4,15,16,  ,  ,  ,  ,  ,          ,          ,        ,
 1, 1, 2,0000000027,0000000000,14,42, 4,15,16,  ,  ,  ,  ,  ,          ,          ,        ,
 1, 1,  ,0000000005,          ,14,42, 4,15,16,  ,  ,  ,  ,  ,          ,          ,        ,
 1, 1, 2,0000000005,0000000000,14,42, 4,15,16,  ,  ,  ,  ,  ,          ,          ,        ,
 1, 1,  ,0000000295,          ,14,42, 4,15,16,  ,  ,  ,  ,  ,          ,          ,        ,
 1, 1, 2,0000000295,0000000000,14,42, 4,15,16,  ,  ,  ,  ,  ,          ,          ,        ,
 1, 1,  ,0000000041,          ,14,42, 4,15,16,  ,  ,  ,  ,  ,          ,          ,        ,
 1, 1, 2,0000000041,0000000000,14,42, 4,15,16,  ,  ,  ,  ,  ,          ,          ,        ,
 1, 1,  ,0000000301,          ,14,42, 4,15,16,  ,  ,  ,  ,  ,          ,          ,        ,
 1, 1, 2,0000000301,0000000000,14,42, 4,15,16,  ,  ,  ,  ,  ,          ,          ,        ,
 1, 1,  ,0000000397,          ,14,43, 4,15,16,  ,  ,  ,  ,  ,          ,          ,        ,
 1, 1, 2,0000000397,0000000000,14,43, 4,15,16,  ,  ,  ,  ,  ,          ,          ,        ,
 1, 1,  ,0000000422,          ,14,43, 4,15,16,  ,  ,  ,  ,  ,          ,          ,        ,
 1, 1, 2,0000000422,0000000000,14,43, 4,15,16,  ,  ,  ,  ,  ,          ,          ,        ,
 1, 1,  ,0000000133,          ,15,35, 4,15,16,  ,  ,  ,  ,  ,          ,          ,        ,
 1, 1, 2,0000000133,0000000000,15,35, 4,15,16,  ,  ,  ,  ,  ,          ,          ,        ,
 1, 1,  ,0000000323,          ,15,36, 4,15,16,  ,  ,  ,  ,  ,          ,          ,        ,
 1, 1, 2,0000000323,0000000000,15,36, 4,15,16,  ,  ,  ,  ,  ,          ,          ,        ,
 1, 1,  ,0000000191,          ,15,39, 4,15,16,  ,  ,  ,  ,  ,          ,          ,        ,
 1, 1, 2,0000000191,0000000000,15,39, 4,15,16,  ,  ,  ,  ,  ,          ,          ,        ,
 1, 1,  ,0000000138,          ,15,40, 4,15,16,  ,  ,  ,  ,  ,          ,          ,        ,
 1, 1, 2,0000000138,0000000000,15,40, 4,15,16,  ,  ,  ,  ,  ,          ,          ,        ,
 1, 1,  ,0000000347,          ,15,42, 4,15,16,  ,  ,  ,  ,  ,          ,          ,        ,
 1, 1, 2,0000000347,0000000000,15,42, 4,15,16,  ,  ,  ,  ,  ,          ,          ,        ,
 1, 1,  ,0000000347,          ,15,43, 4,15,16,  ,  ,  ,  ,  ,          ,          ,        ,
 1, 1, 2,0000000347,0000000000,15,43, 4,15,16,  ,  ,  ,  ,  ,          ,          ,        ,
 1, 1,  ,0000000168,          ,16,31, 4,15,16,  ,  ,  ,  ,  ,          ,          ,        ,
 1, 1, 2,0000000168,0000000000,16,31, 4,15,16,  ,  ,  ,  ,  ,          ,          ,        ,
 1, 1,  ,0000002531,          ,16,38, 4,15,16,  ,  ,  ,  ,  ,          ,          ,        ,
 1, 1, 2,0000002531,0000000000,16,38, 4,15,16,  ,  ,  ,  ,  ,          ,          ,        ,
 1, 1,  ,0000000199,          ,17, 3, 4,15,16,  ,  ,  ,  ,  ,          ,          ,        ,
 1, 1, 2,0000000199,0000000000,17, 3, 4,15,16,  ,  ,  ,  ,  ,          ,          ,        ,
 1, 1,  ,0000000066,          ,17, 7, 4,15,16,  ,  ,  ,  ,  ,          ,          ,        ,
 1, 1, 2,0000000066,0000000000,17, 7, 4,15,16,  ,  ,  ,  ,  ,          ,          ,        ,
 1, 1,  ,0000000214,          ,17, 7, 4,15,16,  ,  ,  ,  ,  ,          ,          ,        ,
 1, 1, 2,0000000214,0000000000,17, 7, 4,15,16,  ,  ,  ,  ,  ,          ,          ,        ,
 1, 1,  ,0000000360,          ,20, 6, 4,15,16,  ,  ,  ,  ,  ,          ,          ,        ,
 1, 1, 2,0000000360,0000000000,20, 6, 4,15,16,  ,  ,  ,  ,  ,          ,          ,        ,
 1, 1,  ,0000000445,          ,20, 6, 4,15,16,  ,  ,  ,  ,  ,          ,          ,        ,
 1, 1, 2,0000000445,0000000000,20, 6, 4,15,16,  ,  ,  ,  ,  ,          ,          ,        ,
 1, 1,  ,0000000148,          , 5,35, 4,16,16,  ,  ,  ,  ,  ,          ,          ,        ,
 1, 1, 1,0000000148,0000000040, 5,35, 4,16,16,  ,  ,  ,  ,  ,          ,          ,        ,
 1, 1,  ,0000000422,          , 5,35, 4,16,16,  ,  ,  ,  ,  ,          ,          ,        ,
 1, 1, 1,0000000422,0000000071, 5,35, 4,16,16,  ,  ,  ,  ,  ,          ,          ,        ,
 1, 1,  ,0000000063,          , 5,35, 4,16,16,  ,  ,  ,  ,  ,          ,          ,        ,
 1, 1, 1,0000000063,0000000022, 5,35, 4,16,16,  ,  ,  ,  ,  ,          ,          ,        ,
 1, 1,  ,0000000403,          , 5,36, 4,16,16,  ,  ,  ,  ,  ,          ,          ,        ,
 1, 1, 1,0000000403,0000000031, 5,36, 4,16,16,  ,  ,  ,  ,  ,          ,          ,        ,
 1, 1,  ,0000000302,          , 5,36, 4,16,16,  ,  ,  ,  ,  ,          ,          ,        ,
 1, 1, 1,0000000302,0000000029, 5,36, 4,16,16,  ,  ,  ,  ,  ,          ,          ,        ,
 1, 1,  ,0000000041,          , 5,36, 4,16,16,  ,  ,  ,  ,  ,          ,          ,        ,
 1, 1, 1,0000000041,0000000029, 5,36, 4,16,16,  ,  ,  ,  ,  ,          ,          ,        ,
 1, 1,  ,0000000360,          , 5,36, 4,16,16,  ,  ,  ,  ,  ,          ,          ,        ,
 1, 1, 1,0000000360,0000000058, 5,36, 4,16,16,  ,  ,  ,  ,  ,          ,          ,        ,
 1, 1,  ,0000000249,          , 5,37, 4,16,16,  ,  ,  ,  ,  ,          ,          ,        ,
 1, 1, 1,0000000249,0000000040, 5,37, 4,16,16,  ,  ,  ,  ,  ,          ,          ,        ,
 1, 1,  ,0000000496,          , 5,37, 4,16,16,  ,  ,  ,  ,  ,          ,          ,        ,
 1, 1, 1,0000000496,0000000031, 5,37, 4,16,16,  ,  ,  ,  ,  ,          ,          ,        ,
 1, 1,  ,0000000431,          , 5,37, 4,16,16,  ,  ,  ,  ,  ,          ,          ,        ,
 1, 1, 1,0000000431,0000000029, 5,37, 4,16,16,  ,  ,  ,  ,  ,          ,          ,        ,
 1, 1,  ,0000000267,          , 5,38, 4,16,16,  ,  ,  ,  ,  ,          ,          ,        ,
 1, 1, 1,0000000267,0000000000, 5,38, 4,16,16,  ,  ,  ,  ,  ,          ,          ,        ,
 1, 1,  ,0000000336,          , 5,38, 4,16,16,  ,  ,  ,  ,  ,          ,          ,        ,
 1, 1, 1,0000000336,0000000000, 5,38, 4,16,16,  ,  ,  ,  ,  ,          ,          ,        ,
 1, 1,  ,0000000461,          , 5,38, 4,16,16,  ,  ,  ,  ,  ,          ,          ,        ,
 1, 1, 1,0000000461,0000000029, 5,38, 4,16,16,  ,  ,  ,  ,  ,          ,          ,        ,
 1, 1,  ,0000000493,          , 5,38, 4,16,16,  ,  ,  ,  ,  ,          ,          ,        ,
 1, 1, 1,0000000493,0000000051, 5,38, 4,16,16,  ,  ,  ,  ,  ,          ,          ,        ,
 1, 1,  ,0000000286,          , 5,38, 4,16,16,  ,  ,  ,  ,  ,          ,          ,        ,
 1, 1, 1,0000000286,0000000029, 5,38, 4,16,16,  ,  ,  ,  ,  ,          ,          ,        ,
 1, 1,  ,0000000111,          , 5,40, 4,16,16,  ,  ,  ,  ,  ,          ,          ,        ,
 1, 1, 1,0000000111,0000000029, 5,40, 4,16,16,  ,  ,  ,  ,  ,          ,          ,        ,
 1, 1,  ,0000000344,          , 5,40, 4,16,16,  ,  ,  ,  ,  ,          ,          ,        ,
 1, 1, 1,0000000344,0000000029, 5,40, 4,16,16,  ,  ,  ,  ,  ,          ,          ,        ,
 1, 1,  ,0000000445,          , 5,41, 4,16,16,  ,  ,  ,  ,  ,          ,          ,        ,
 1, 1, 1,0000000445,0000000058, 5,41, 4,16,16,  ,  ,  ,  ,  ,          ,          ,        ,
 1, 1,  ,0000000438,          , 5,43, 4,16,16,  ,  ,  ,  ,  ,          ,          ,        ,
 1, 1, 1,0000000438,0000000022, 5,43, 4,16,16,  ,  ,  ,  ,  ,          ,          ,        ,
 1, 1,  ,0000000251,          , 5,43, 4,16,16,  ,  ,  ,  ,  ,          ,          ,        ,
 1, 1, 2,0000000251,0000000000, 5,43, 4,16,16,  ,  ,  ,  ,  ,          ,          ,        ,
 1, 1,  ,0000000199,          , 5,43, 4,16,16,  ,  ,  ,  ,  ,          ,          ,        ,
 1, 1, 1,0000000199,0000000070, 5,43, 4,16,16,  ,  ,  ,  ,  ,          ,          ,        ,
 1, 1,  ,0000000329,          , 5,43, 4,16,16,  ,  ,  ,  ,  ,          ,          ,        ,
 1, 1, 1,0000000329,0000000031, 5,43, 4,16,16,  ,  ,  ,  ,  ,          ,          ,        ,
 1, 1,  ,0000000479,          , 5,44, 4,16,16,  ,  ,  ,  ,  ,          ,          ,        ,
 1, 1, 1,0000000479,0000000040, 5,44, 4,16,16,  ,  ,  ,  ,  ,          ,          ,        ,
 1, 1,  ,0000000322,          , 5,44, 4,16,16,  ,  ,  ,  ,  ,          ,          ,        ,
 1, 1, 1,0000000322,0000000029, 5,44, 4,16,16,  ,  ,  ,  ,  ,          ,          ,        ,
 1, 1,  ,0000000237,          , 5,46, 4,16,16,  ,  ,  ,  ,  ,          ,          ,        ,
 1, 1, 1,0000000237,0000000052, 5,46, 4,16,16,  ,  ,  ,  ,  ,          ,          ,        ,
 1, 1,  ,0000000145,          , 5,47, 4,16,16,  ,  ,  ,  ,  ,          ,          ,        ,
 1, 1, 1,0000000145,0000000058, 5,47, 4,16,16,  ,  ,  ,  ,  ,          ,          ,        ,
 1, 1,  ,0000000161,          , 5,47, 4,16,16,  ,  ,  ,  ,  ,          ,          ,        ,
 1, 1, 1,0000000161,0000000033, 5,47, 4,16,16,  ,  ,  ,  ,  ,          ,          ,        ,
 1, 1,  ,0000000364,          , 5,47, 4,16,16,  ,  ,  ,  ,  ,          ,          ,        ,
 1, 1, 1,0000000364,0000000000, 5,47, 4,16,16,  ,  ,  ,  ,  ,          ,          ,        ,
 1, 1,  ,0000000057,          , 5,47, 4,16,16,  ,  ,  ,  ,  ,          ,          ,        ,
 1, 1, 1,0000000057,0000000029, 5,47, 4,16,16,  ,  ,  ,  ,  ,          ,          ,        ,
 1, 1,  ,0000000045,          , 5,48, 4,16,16,  ,  ,  ,  ,  ,          ,          ,        ,
 1, 1, 1,0000000045,0000000040, 5,48, 4,16,16,  ,  ,  ,  ,  ,          ,          ,        ,
 1, 1,  ,0000000080,          , 5,48, 4,16,16,  ,  ,  ,  ,  ,          ,          ,        ,
 1, 1, 1,0000000080,0000000009, 5,48, 4,16,16,  ,  ,  ,  ,  ,          ,          ,        ,
 1, 1,  ,0000000053,          , 5,48, 4,16,16,  ,  ,  ,  ,  ,          ,          ,        ,
 1, 1, 1,0000000053,0000000029, 5,48, 4,16,16,  ,  ,  ,  ,  ,          ,          ,        ,
 1, 1,  ,0000000221,          , 5,48, 4,16,16,  ,  ,  ,  ,  ,          ,          ,        ,
 1, 1, 1,0000000221,0000000026, 5,48, 4,16,16,  ,  ,  ,  ,  ,          ,          ,        ,
 1, 1,  ,0000000205,          , 5,49, 4,16,16,  ,  ,  ,  ,  ,          ,          ,        ,
 1, 1, 1,0000000205,0000000031, 5,49, 4,16,16,  ,  ,  ,  ,  ,          ,          ,        ,
 1, 1,  ,0000000027,          , 5,49, 4,16,16,  ,  ,  ,  ,  ,          ,          ,        ,
 1, 1, 1,0000000027,0000000029, 5,49, 4,16,16,  ,  ,  ,  ,  ,          ,          ,        ,
 1, 1,  ,0000002505,          , 5,50, 4,16,16,  ,  ,  ,  ,  ,          ,          ,        ,
 1, 1, 1,0000002505,0000000029, 5,50, 4,16,16,  ,  ,  ,  ,  ,          ,          ,        ,
 1, 1,  ,0000000335,          , 5,52, 4,16,16,  ,  ,  ,  ,  ,          ,          ,        ,
 1, 1, 1,0000000335,0000000040, 5,52, 4,16,16,  ,  ,  ,  ,  ,          ,          ,        ,
 1, 1,  ,0000000397,          , 5,53, 4,16,16,  ,  ,  ,  ,  ,          ,          ,        ,
 1, 1, 1,0000000397,0000000040, 5,53, 4,16,16,  ,  ,  ,  ,  ,          ,          ,        ,
 1, 1,  ,0000000097,          , 5,53, 4,16,16,  ,  ,  ,  ,  ,          ,          ,        ,
 1, 1, 1,0000000097,0000000029, 5,53, 4,16,16,  ,  ,  ,  ,  ,          ,          ,        ,
 1, 1,  ,0000000012,          , 5,53, 4,16,16,  ,  ,  ,  ,  ,          ,          ,        ,
 1, 1, 1,0000000012,0000000031, 5,53, 4,16,16,  ,  ,  ,  ,  ,          ,          ,        ,
 1, 1,  ,0000000475,          , 5,55, 4,16,16,  ,  ,  ,  ,  ,          ,          ,        ,
 1, 1, 1,0000000475,0000000029, 5,55, 4,16,16,  ,  ,  ,  ,  ,          ,          ,        ,
 1, 1,  ,0000000465,          , 5,55, 4,16,16,  ,  ,  ,  ,  ,          ,          ,        ,
 1, 1, 1,0000000465,0000000022, 5,55, 4,16,16,  ,  ,  ,  ,  ,          ,          ,        ,
 1, 1,  ,0000000317,          , 5,55, 4,16,16,  ,  ,  ,  ,  ,          ,          ,        ,
 1, 1, 1,0000000317,0000000058, 5,55, 4,16,16,  ,  ,  ,  ,  ,          ,          ,        ,
 1, 1,  ,0000000158,          , 5,55, 4,16,16,  ,  ,  ,  ,  ,          ,          ,        ,
 1, 1, 1,0000000158,0000000029, 5,55, 4,16,16,  ,  ,  ,  ,  ,          ,          ,        ,
 1, 1,  ,0000000296,          , 5,56, 4,16,16,  ,  ,  ,  ,  ,          ,          ,        ,
 1, 1, 1,0000000296,0000000053, 5,56, 4,16,16,  ,  ,  ,  ,  ,          ,          ,        ,
 1, 1,  ,0000000010,          , 5,56, 4,16,16,  ,  ,  ,  ,  ,          ,          ,        ,
 1, 1, 1,0000000010,0000000029, 5,56, 4,16,16,  ,  ,  ,  ,  ,          ,          ,        ,
 1, 1,  ,0000000066,          , 5,56, 4,16,16,  ,  ,  ,  ,  ,          ,          ,        ,
 1, 1, 1,0000000066,0000000054, 5,56, 4,16,16,  ,  ,  ,  ,  ,          ,          ,        ,
 1, 1,  ,0000000043,          , 5,57, 4,16,16,  ,  ,  ,  ,  ,          ,          ,        ,
 1, 1, 1,0000000043,0000000000, 5,57, 4,16,16,  ,  ,  ,  ,  ,          ,          ,        ,
 1, 1,  ,0000000497,          , 6, 1, 4,16,16,  ,  ,  ,  ,  ,          ,          ,        ,
 1, 1, 1,0000000497,0000000058, 6, 1, 4,16,16,  ,  ,  ,  ,  ,          ,          ,        ,
 1, 1,  ,0000000301,          , 6, 1, 4,16,16,  ,  ,  ,  ,  ,          ,          ,        ,
 1, 1, 1,0000000301,0000000040, 6, 1, 4,16,16,  ,  ,  ,  ,  ,          ,          ,        ,
