 1, 1,  ,0000000257,          ,11, 7, 4, 1,16,  ,  ,  ,  ,  ,          ,          ,        ,
 1, 1, 2,0000000257,0000000000,11, 7, 4, 1,16,  ,  ,  ,  ,  ,          ,          ,        ,
 1, 1,  ,0000000292,          ,14,30, 4, 1,16,  ,  ,  ,  ,  ,          ,          ,        ,
 1, 1, 2,0000000292,0000000000,14,30, 4, 1,16,  ,  ,  ,  ,  ,          ,          ,        ,
 1, 1,  ,0000000166,          ,14,30, 4, 1,16,  ,  ,  ,  ,  ,          ,          ,        ,
 1, 1, 2,0000000166,0000000000,14,30, 4, 1,16,  ,  ,  ,  ,  ,          ,          ,        ,
 1, 1,  ,0000000407,          ,14,30, 4, 1,16,  ,  ,  ,  ,  ,          ,          ,        ,
 1, 1, 2,0000000407,0000000000,14,30, 4, 1,16,  ,  ,  ,  ,  ,          ,          ,        ,
 1, 1,  ,0000000357,          ,14,30, 4, 1,16,  ,  ,  ,  ,  ,          ,          ,        ,
 1, 1, 2,0000000357,0000000000,14,30, 4, 1,16,  ,  ,  ,  ,  ,          ,          ,        ,
 1, 1,  ,0000000586,          ,14,31, 4, 1,16,  ,  ,  ,  ,  ,          ,          ,        ,
 1, 1, 2,0000000586,0000000000,14,31, 4, 1,16,  ,  ,  ,  ,  ,          ,          ,        ,
 1, 1,  ,0000000439,          ,14,31, 4, 1,16,  ,  ,  ,  ,  ,          ,          ,        ,
 1, 1, 2,0000000439,0000000000,14,31, 4, 1,16,  ,  ,  ,  ,  ,          ,          ,        ,
 1, 1,  ,0000000065,          ,14,31, 4, 1,16,  ,  ,  ,  ,  ,          ,          ,        ,
 1, 1, 2,0000000065,0000000000,14,31, 4, 1,16,  ,  ,  ,  ,  ,          ,          ,        ,
 1, 1,  ,0000000246,          ,14,31, 4, 1,16,  ,  ,  ,  ,  ,          ,          ,        ,
 1, 1, 2,0000000246,0000000000,14,31, 4, 1,16,  ,  ,  ,  ,  ,          ,          ,        ,
 1, 1,  ,0000000021,          ,14,31, 4, 1,16,  ,  ,  ,  ,  ,          ,          ,        ,
 1, 1, 2,0000000021,0000000000,14,31, 4, 1,16,  ,  ,  ,  ,  ,          ,          ,        ,
 1, 1,  ,0000000351,          ,14,32, 4, 1,16,  ,  ,  ,  ,  ,          ,          ,        ,
 1, 1, 2,0000000351,0000000000,14,32, 4, 1,16,  ,  ,  ,  ,  ,          ,          ,        ,
 1, 1,  ,0000000269,          ,14,32, 4, 1,16,  ,  ,  ,  ,  ,          ,          ,        ,
 1, 1, 3,0000000269,0000000000,14,32, 4, 1,16,  ,  ,  ,  ,  ,          ,          ,        ,
 1, 1,  ,0000000136,          ,14,32, 4, 1,16,  ,  ,  ,  ,  ,          ,          ,        ,
 1, 1, 2,0000000136,0000000000,14,32, 4, 1,16,  ,  ,  ,  ,  ,          ,          ,        ,
 1, 1,  ,0000000319,          ,14,32, 4, 1,16,  ,  ,  ,  ,  ,          ,          ,        ,
 1, 1, 2,0000000319,0000000000,14,32, 4, 1,16,  ,  ,  ,  ,  ,          ,          ,        ,
 1, 1,  ,0000000147,          ,14,32, 4, 1,16,  ,  ,  ,  ,  ,          ,          ,        ,
 1, 1, 2,0000000147,0000000000,14,32, 4, 1,16,  ,  ,  ,  ,  ,          ,          ,        ,
 1, 1,  ,0000000387,          ,14,32, 4, 1,16,  ,  ,  ,  ,  ,          ,          ,        ,
 1, 1, 2,0000000387,0000000000,14,32, 4, 1,16,  ,  ,  ,  ,  ,          ,          ,        ,
 1, 1,  ,0000000215,          ,14,32, 4, 1,16,  ,  ,  ,  ,  ,          ,          ,        ,
 1, 1, 2,0000000215,0000000000,14,32, 4, 1,16,  ,  ,  ,  ,  ,          ,          ,        ,
 1, 1,  ,0000000252,          ,14,33, 4, 1,16,  ,  ,  ,  ,  ,          ,          ,        ,
 1, 1, 2,0000000252,0000000000,14,33, 4, 1,16,  ,  ,  ,  ,  ,          ,          ,        ,
 1, 1,  ,0000000260,          ,14,33, 4, 1,16,  ,  ,  ,  ,  ,          ,          ,        ,
 1, 1, 2,0000000260,0000000000,14,33, 4, 1,16,  ,  ,  ,  ,  ,          ,          ,        ,
 1, 1,  ,0000000083,          ,14,33, 4, 1,16,  ,  ,  ,  ,  ,          ,          ,        ,
 1, 1, 2,0000000083,0000000000,14,33, 4, 1,16,  ,  ,  ,  ,  ,          ,          ,        ,
 1, 1,  ,0000000263,          ,14,33, 4, 1,16,  ,  ,  ,  ,  ,          ,          ,        ,
 1, 1, 2,0000000263,0000000000,14,33, 4, 1,16,  ,  ,  ,  ,  ,          ,          ,        ,
 1, 1,  ,0000000107,          ,14,33, 4, 1,16,  ,  ,  ,  ,  ,          ,          ,        ,
 1, 1, 2,0000000107,0000000000,14,33, 4, 1,16,  ,  ,  ,  ,  ,          ,          ,        ,
 1, 1,  ,0000000144,          ,14,33, 4, 1,16,  ,  ,  ,  ,  ,          ,          ,        ,
 1, 1, 2,0000000144,0000000000,14,33, 4, 1,16,  ,  ,  ,  ,  ,          ,          ,        ,
 1, 1,  ,0000000242,          ,14,33, 4, 1,16,  ,  ,  ,  ,  ,          ,          ,        ,
 1, 1, 2,0000000242,0000000000,14,33, 4, 1,16,  ,  ,  ,  ,  ,          ,          ,        ,
 1, 1,  ,0000000105,          ,14,34, 4, 1,16,  ,  ,  ,  ,  ,          ,          ,        ,
 1, 1, 2,0000000105,0000000000,14,34, 4, 1,16,  ,  ,  ,  ,  ,          ,          ,        ,
 1, 1,  ,0000002500,          ,14,34, 4, 1,16,  ,  ,  ,  ,  ,          ,          ,        ,
 1, 1, 2,0000002500,0000000000,14,34, 4, 1,16,  ,  ,  ,  ,  ,          ,          ,        ,
 1, 1,  ,0000000309,          ,14,34, 4, 1,16,  ,  ,  ,  ,  ,          ,          ,        ,
 1, 1, 2,0000000309,0000000000,14,34, 4, 1,16,  ,  ,  ,  ,  ,          ,          ,        ,
 1, 1,  ,0000000075,          ,14,34, 4, 1,16,  ,  ,  ,  ,  ,          ,          ,        ,
 1, 1, 2,0000000075,0000000000,14,34, 4, 1,16,  ,  ,  ,  ,  ,          ,          ,        ,
 1, 1,  ,0000000120,          ,14,35, 4, 1,16,  ,  ,  ,  ,  ,          ,          ,        ,
 1, 1, 2,0000000120,0000000000,14,35, 4, 1,16,  ,  ,  ,  ,  ,          ,          ,        ,
 1, 1,  ,0000000389,          ,14,35, 4, 1,16,  ,  ,  ,  ,  ,          ,          ,        ,
 1, 1, 2,0000000389,0000000000,14,35, 4, 1,16,  ,  ,  ,  ,  ,          ,          ,        ,
 1, 1,  ,0000002512,          ,14,35, 4, 1,16,  ,  ,  ,  ,  ,          ,          ,        ,
 1, 1, 2,0000002512,0000000000,14,35, 4, 1,16,  ,  ,  ,  ,  ,          ,          ,        ,
 1, 1,  ,0000002507,          ,14,35, 4, 1,16,  ,  ,  ,  ,  ,          ,          ,        ,
 1, 1, 2,0000002507,0000000000,14,35, 4, 1,16,  ,  ,  ,  ,  ,          ,          ,        ,
 1, 1,  ,0000000316,          ,14,35, 4, 1,16,  ,  ,  ,  ,  ,          ,          ,        ,
 1, 1, 2,0000000316,0000000000,14,35, 4, 1,16,  ,  ,  ,  ,  ,          ,          ,        ,
 1, 1,  ,0000000404,          ,14,36, 4, 1,16,  ,  ,  ,  ,  ,          ,          ,        ,
 1, 1, 2,0000000404,0000000000,14,36, 4, 1,16,  ,  ,  ,  ,  ,          ,          ,        ,
 1, 1,  ,0000000202,          ,14,36, 4, 1,16,  ,  ,  ,  ,  ,          ,          ,        ,
 1, 1, 2,0000000202,0000000000,14,36, 4, 1,16,  ,  ,  ,  ,  ,          ,          ,        ,
 1, 1,  ,0000002506,          ,14,36, 4, 1,16,  ,  ,  ,  ,  ,          ,          ,        ,
 1, 1, 2,0000002506,0000000000,14,36, 4, 1,16,  ,  ,  ,  ,  ,          ,          ,        ,
 1, 1,  ,0000000020,          ,14,36, 4, 1,16,  ,  ,  ,  ,  ,          ,          ,        ,
 1, 1, 2,0000000020,0000000000,14,36, 4, 1,16,  ,  ,  ,  ,  ,          ,          ,        ,
 1, 1,  ,0000000310,          ,14,36, 4, 1,16,  ,  ,  ,  ,  ,          ,          ,        ,
 1, 1, 2,0000000310,0000000000,14,36, 4, 1,16,  ,  ,  ,  ,  ,          ,          ,        ,
 1, 1,  ,0000000115,          ,14,37, 4, 1,16,  ,  ,  ,  ,  ,          ,          ,        ,
 1, 1, 2,0000000115,0000000000,14,37, 4, 1,16,  ,  ,  ,  ,  ,          ,          ,        ,
 1, 1,  ,0000002513,          ,14,37, 4, 1,16,  ,  ,  ,  ,  ,          ,          ,        ,
 1, 1, 2,0000002513,0000000000,14,37, 4, 1,16,  ,  ,  ,  ,  ,          ,          ,        ,
 1, 1,  ,0000000372,          ,14,37, 4, 1,16,  ,  ,  ,  ,  ,          ,          ,        ,
 1, 1, 2,0000000372,0000000000,14,37, 4, 1,16,  ,  ,  ,  ,  ,          ,          ,        ,
 1, 1,  ,0000000180,          ,14,38, 4, 1,16,  ,  ,  ,  ,  ,          ,          ,        ,
 1, 1, 2,0000000180,0000000000,14,38, 4, 1,16,  ,  ,  ,  ,  ,          ,          ,        ,
 1, 1,  ,0000000184,          ,14,38, 4, 1,16,  ,  ,  ,  ,  ,          ,          ,        ,
 1, 1, 2,0000000184,0000000000,14,38, 4, 1,16,  ,  ,  ,  ,  ,          ,          ,        ,
 1, 1,  ,0000000079,          ,14,38, 4, 1,16,  ,  ,  ,  ,  ,          ,          ,        ,
 1, 1, 2,0000000079,0000000000,14,38, 4, 1,16,  ,  ,  ,  ,  ,          ,          ,        ,
 1, 1,  ,0000000412,          ,14,38, 4, 1,16,  ,  ,  ,  ,  ,          ,          ,        ,
 1, 1, 2,0000000412,0000000000,14,38, 4, 1,16,  ,  ,  ,  ,  ,          ,          ,        ,
 1, 1,  ,0000000347,          ,14,38, 4, 1,16,  ,  ,  ,  ,  ,          ,          ,        ,
 1, 1, 2,0000000347,0000000000,14,38, 4, 1,16,  ,  ,  ,  ,  ,          ,          ,        ,
 1, 1,  ,0000000399,          ,14,39, 4, 1,16,  ,  ,  ,  ,  ,          ,          ,        ,
 1, 1, 2,0000000399,0000000000,14,39, 4, 1,16,  ,  ,  ,  ,  ,          ,          ,        ,
 1, 1,  ,0000000413,          ,14,39, 4, 1,16,  ,  ,  ,  ,  ,          ,          ,        ,
 1, 1, 2,0000000413,0000000000,14,39, 4, 1,16,  ,  ,  ,  ,  ,          ,          ,        ,
 1, 1,  ,0000000216,          ,14,39, 4, 1,16,  ,  ,  ,  ,  ,          ,          ,        ,
 1, 1, 2,0000000216,0000000000,14,39, 4, 1,16,  ,  ,  ,  ,  ,          ,          ,        ,
 1, 1,  ,0000000243,          ,14,40, 4, 1,16,  ,  ,  ,  ,  ,          ,          ,        ,
 1, 1, 2,0000000243,0000000000,14,40, 4, 1,16,  ,  ,  ,  ,  ,          ,          ,        ,
 1, 1,  ,0000000324,          ,14,40, 4, 1,16,  ,  ,  ,  ,  ,          ,          ,        ,
 1, 1, 2,0000000324,0000000000,14,40, 4, 1,16,  ,  ,  ,  ,  ,          ,          ,        ,
 1, 1,  ,0000000072,          ,14,40, 4, 1,16,  ,  ,  ,  ,  ,          ,          ,        ,
 1, 1, 2,0000000072,0000000000,14,40, 4, 1,16,  ,  ,  ,  ,  ,          ,          ,        ,
 1, 1,  ,0000000327,          ,14,41, 4, 1,16,  ,  ,  ,  ,  ,          ,          ,        ,
 1, 1, 2,0000000327,0000000000,14,41, 4, 1,16,  ,  ,  ,  ,  ,          ,          ,        ,
 1, 1,  ,0000000153,          ,14,41, 4, 1,16,  ,  ,  ,  ,  ,          ,          ,        ,
 1, 1, 2,0000000153,0000000000,14,41, 4, 1,16,  ,  ,  ,  ,  ,          ,          ,        ,
 1, 1,  ,0000000151,          ,14,41, 4, 1,16,  ,  ,  ,  ,  ,          ,          ,        ,
 1, 1, 2,0000000151,0000000000,14,41, 4, 1,16,  ,  ,  ,  ,  ,          ,          ,        ,
 1, 1,  ,0000000353,          ,14,41, 4, 1,16,  ,  ,  ,  ,  ,          ,          ,        ,
 1, 1, 2,0000000353,0000000000,14,41, 4, 1,16,  ,  ,  ,  ,  ,          ,          ,        ,
 1, 1,  ,0000000446,          ,14,42, 4, 1,16,  ,  ,  ,  ,  ,          ,          ,        ,
 1, 1, 2,0000000446,0000000000,14,42, 4, 1,16,  ,  ,  ,  ,  ,          ,          ,        ,
 1, 1,  ,0000000311,          ,14,42, 4, 1,16,  ,  ,  ,  ,  ,          ,          ,        ,
 1, 1, 1,0000000311,0000000004,14,42, 4, 1,16,  ,  ,  ,  ,  ,          ,          ,        ,
 1, 1,  ,0000000386,          ,14,42, 4, 1,16,  ,  ,  ,  ,  ,          ,          ,        ,
 1, 1, 2,0000000386,0000000000,14,42, 4, 1,16,  ,  ,  ,  ,  ,          ,          ,        ,
 1, 1,  ,0000000068,          ,14,42, 4, 1,16,  ,  ,  ,  ,  ,          ,          ,        ,
 1, 1, 2,0000000068,0000000000,14,42, 4, 1,16,  ,  ,  ,  ,  ,          ,          ,        ,
 1, 1,  ,0000000374,          ,14,43, 4, 1,16,  ,  ,  ,  ,  ,          ,          ,        ,
 1, 1, 3,0000000374,0000000000,14,43, 4, 1,16,  ,  ,  ,  ,  ,          ,          ,        ,
 1, 1,  ,0000000348,          ,14,43, 4, 1,16,  ,  ,  ,  ,  ,          ,          ,        ,
 1, 1, 2,0000000348,0000000000,14,43, 4, 1,16,  ,  ,  ,  ,  ,          ,          ,        ,
 1, 1,  ,0000000367,          ,14,43, 4, 1,16,  ,  ,  ,  ,  ,          ,          ,        ,
 1, 1, 2,0000000367,0000000000,14,43, 4, 1,16,  ,  ,  ,  ,  ,          ,          ,        ,
 1, 1,  ,0000000043,          ,14,44, 4, 1,16,  ,  ,  ,  ,  ,          ,          ,        ,
 1, 1, 2,0000000043,0000000000,14,44, 4, 1,16,  ,  ,  ,  ,  ,          ,          ,        ,
 1, 1,  ,0000000226,          ,14,44, 4, 1,16,  ,  ,  ,  ,  ,          ,          ,        ,
 1, 1, 2,0000000226,0000000000,14,44, 4, 1,16,  ,  ,  ,  ,  ,          ,          ,        ,
 1, 1,  ,0000001106,          ,14,45, 4, 1,16,  ,  ,  ,  ,  ,          ,          ,        ,
 1, 1, 2,0000001106,0000000000,14,45, 4, 1,16,  ,  ,  ,  ,  ,          ,          ,        ,
 1, 1,  ,0000000478,          ,14,45, 4, 1,16,  ,  ,  ,  ,  ,          ,          ,        ,
 1, 1, 2,0000000478,0000000000,14,45, 4, 1,16,  ,  ,  ,  ,  ,          ,          ,        ,
 1, 1,  ,0000000108,          ,14,45, 4, 1,16,  ,  ,  ,  ,  ,          ,          ,        ,
 1, 1, 2,0000000108,0000000000,14,45, 4, 1,16,  ,  ,  ,  ,  ,          ,          ,        ,
 1, 1,  ,0000000306,          ,14,45, 4, 1,16,  ,  ,  ,  ,  ,          ,          ,        ,
 1, 1, 2,0000000306,0000000000,14,45, 4, 1,16,  ,  ,  ,  ,  ,          ,          ,        ,
 1, 1,  ,0000000232,          ,14,45, 4, 1,16,  ,  ,  ,  ,  ,          ,          ,        ,
 1, 1, 2,0000000232,0000000000,14,45, 4, 1,16,  ,  ,  ,  ,  ,          ,          ,        ,
 1, 1,  ,0000000182,          ,14,46, 4, 1,16,  ,  ,  ,  ,  ,          ,          ,        ,
 1, 1, 2,0000000182,0000000000,14,46, 4, 1,16,  ,  ,  ,  ,  ,          ,          ,        ,
 1, 1,  ,0000000299,          ,14,46, 4, 1,16,  ,  ,  ,  ,  ,          ,          ,        ,
 1, 1, 2,0000000299,0000000000,14,46, 4, 1,16,  ,  ,  ,  ,  ,          ,          ,        ,
 1, 1,  ,0000002515,          ,14,46, 4, 1,16,  ,  ,  ,  ,  ,          ,          ,        ,
 1, 1, 2,0000002515,0000000000,14,46, 4, 1,16,  ,  ,  ,  ,  ,          ,          ,        ,
 1, 1,  ,0000000382,          ,14,46, 4, 1,16,  ,  ,  ,  ,  ,          ,          ,        ,
 1, 1, 2,0000000382,0000000000,14,46, 4, 1,16,  ,  ,  ,  ,  ,          ,          ,        ,
 1, 1,  ,0000000369,          ,14,46, 4, 1,16,  ,  ,  ,  ,  ,          ,          ,        ,
 1, 1, 2,0000000369,0000000000,14,46, 4, 1,16,  ,  ,  ,  ,  ,          ,          ,        ,
 1, 1,  ,0000000141,          ,14,47, 4, 1,16,  ,  ,  ,  ,  ,          ,          ,        ,
 1, 1, 2,0000000141,0000000000,14,47, 4, 1,16,  ,  ,  ,  ,  ,          ,          ,        ,
 1, 1,  ,0000000491,          ,14,47, 4, 1,16,  ,  ,  ,  ,  ,          ,          ,        ,
 1, 1, 2,0000000491,0000000000,14,47, 4, 1,16,  ,  ,  ,  ,  ,          ,          ,        ,
 1, 1,  ,0000000425,          ,14,47, 4, 1,16,  ,  ,  ,  ,  ,          ,          ,        ,
 1, 1, 2,0000000425,0000000000,14,47, 4, 1,16,  ,  ,  ,  ,  ,          ,          ,        ,
 1, 1,  ,0000000047,          ,14,47, 4, 1,16,  ,  ,  ,  ,  ,          ,          ,        ,
 1, 1, 2,0000000047,0000000000,14,47, 4, 1,16,  ,  ,  ,  ,  ,          ,          ,        ,
 1, 1,  ,0000000453,          ,14,48, 4, 1,16,  ,  ,  ,  ,  ,          ,          ,        ,
 1, 1, 2,0000000453,0000000000,14,48, 4, 1,16,  ,  ,  ,  ,  ,          ,          ,        ,
 1, 1,  ,0000000313,          ,14,51, 4, 1,16,  ,  ,  ,  ,  ,          ,          ,        ,
 1, 1, 2,0000000313,0000000000,14,51, 4, 1,16,  ,  ,  ,  ,  ,          ,          ,        ,
 1, 1,  ,0000000181,          ,15,36, 4, 1,16,  ,  ,  ,  ,  ,          ,          ,        ,
 1, 1, 2,0000000181,0000000000,15,36, 4, 1,16,  ,  ,  ,  ,  ,          ,          ,        ,
 1, 1,  ,0000000361,          ,16,12, 4, 1,16,  ,  ,  ,  ,  ,          ,          ,        ,
 1, 1, 2,0000000361,0000000000,16,12, 4, 1,16,  ,  ,  ,  ,  ,          ,          ,        ,
 1, 1,  ,0000000050,          ,17, 0, 4, 1,16,  ,  ,  ,  ,  ,          ,          ,        ,
 1, 1, 2,0000000050,0000000000,17, 0, 4, 1,16,  ,  ,  ,  ,  ,          ,          ,        ,
 1, 1,  ,0000000217,          ,17, 0, 4, 1,16,  ,  ,  ,  ,  ,          ,          ,        ,
 1, 1, 2,0000000217,0000000000,17, 0, 4, 1,16,  ,  ,  ,  ,  ,          ,          ,        ,
 1, 1,  ,0000000210,          ,17, 0, 4, 1,16,  ,  ,  ,  ,  ,          ,          ,        ,
 1, 1, 2,0000000210,0000000000,17, 0, 4, 1,16,  ,  ,  ,  ,  ,          ,          ,        ,
 1, 1,  ,0000000014,          ,17, 0, 4, 1,16,  ,  ,  ,  ,  ,          ,          ,        ,
 1, 1, 2,0000000014,0000000000,17, 0, 4, 1,16,  ,  ,  ,  ,  ,          ,          ,        ,
 1, 1,  ,0000000030,          ,17, 0, 4, 1,16,  ,  ,  ,  ,  ,          ,          ,        ,
 1, 1, 2,0000000030,0000000000,17, 0, 4, 1,16,  ,  ,  ,  ,  ,          ,          ,        ,
 1, 1,  ,0000000206,          ,17, 0, 4, 1,16,  ,  ,  ,  ,  ,          ,          ,        ,
 1, 1, 2,0000000206,0000000000,17, 0, 4, 1,16,  ,  ,  ,  ,  ,          ,          ,        ,
 1, 1,  ,0000000190,          ,17, 0, 4, 1,16,  ,  ,  ,  ,  ,          ,          ,        ,
 1, 1, 2,0000000190,0000000000,17, 0, 4, 1,16,  ,  ,  ,  ,  ,          ,          ,        ,
 1, 1,  ,0000000024,          ,17, 0, 4, 1,16,  ,  ,  ,  ,  ,          ,          ,        ,
 1, 1, 2,0000000024,0000000000,17, 0, 4, 1,16,  ,  ,  ,  ,  ,          ,          ,        ,
 1, 1,  ,0000000025,          ,17, 0, 4, 1,16,  ,  ,  ,  ,  ,          ,          ,        ,
 1, 1, 2,0000000025,0000000000,17, 0, 4, 1,16,  ,  ,  ,  ,  ,          ,          ,        ,
 1, 1,  ,0000000109,          ,17, 0, 4, 1,16,  ,  ,  ,  ,  ,          ,          ,        ,
 1, 1, 2,0000000109,0000000000,17, 0, 4, 1,16,  ,  ,  ,  ,  ,          ,          ,        ,
 1, 1,  ,0000000342,          ,17, 1, 4, 1,16,  ,  ,  ,  ,  ,          ,          ,        ,
 1, 1, 2,0000000342,0000000000,17, 1, 4, 1,16,  ,  ,  ,  ,  ,          ,          ,        ,
 1, 1,  ,0000000088,          ,17, 1, 4, 1,16,  ,  ,  ,  ,  ,          ,          ,        ,
 1, 1, 2,0000000088,0000000000,17, 1, 4, 1,16,  ,  ,  ,  ,  ,          ,          ,        ,
 1, 1,  ,0000000421,          ,17, 1, 4, 1,16,  ,  ,  ,  ,  ,          ,          ,        ,
 1, 1, 2,0000000421,0000000000,17, 1, 4, 1,16,  ,  ,  ,  ,  ,          ,          ,        ,
 1, 1,  ,0000000189,          ,17, 1, 4, 1,16,  ,  ,  ,  ,  ,          ,          ,        ,
 1, 1, 2,0000000189,0000000000,17, 1, 4, 1,16,  ,  ,  ,  ,  ,          ,          ,        ,
 1, 1,  ,0000000287,          ,17, 1, 4, 1,16,  ,  ,  ,  ,  ,          ,          ,        ,
 1, 1, 2,0000000287,0000000000,17, 1, 4, 1,16,  ,  ,  ,  ,  ,          ,          ,        ,
 1, 1,  ,0000000213,          ,17, 1, 4, 1,16,  ,  ,  ,  ,  ,          ,          ,        ,
 1, 1, 2,0000000213,0000000000,17, 1, 4, 1,16,  ,  ,  ,  ,  ,          ,          ,        ,
 1, 1,  ,0000000011,          ,17, 1, 4, 1,16,  ,  ,  ,  ,  ,          ,          ,        ,
 1, 1, 2,0000000011,0000000000,17, 1, 4, 1,16,  ,  ,  ,  ,  ,          ,          ,        ,
 1, 1,  ,0000000362,          ,17, 1, 4, 1,16,  ,  ,  ,  ,  ,          ,          ,        ,
 1, 1, 2,0000000362,0000000000,17, 1, 4, 1,16,  ,  ,  ,  ,  ,          ,          ,        ,
 1, 1,  ,0000000034,          ,17, 2, 4, 1,16,  ,  ,  ,  ,  ,          ,          ,        ,
 1, 1, 2,0000000034,0000000000,17, 2, 4, 1,16,  ,  ,  ,  ,  ,          ,          ,        ,
 1, 1,  ,0000000396,          ,17, 2, 4, 1,16,  ,  ,  ,  ,  ,          ,          ,        ,
 1, 1, 2,0000000396,0000000000,17, 2, 4, 1,16,  ,  ,  ,  ,  ,          ,          ,        ,
 1, 1,  ,0000000154,          ,17, 2, 4, 1,16,  ,  ,  ,  ,  ,          ,          ,        ,
 1, 1, 2,0000000154,0000000000,17, 2, 4, 1,16,  ,  ,  ,  ,  ,          ,          ,        ,
 1, 1,  ,0000000167,          ,17, 2, 4, 1,16,  ,  ,  ,  ,  ,          ,          ,        ,
 1, 1, 2,0000000167,0000000000,17, 2, 4, 1,16,  ,  ,  ,  ,  ,          ,          ,        ,
 1, 1,  ,0000000179,          ,17, 2, 4, 1,16,  ,  ,  ,  ,  ,          ,          ,        ,
 1, 1, 2,0000000179,0000000000,17, 2, 4, 1,16,  ,  ,  ,  ,  ,          ,          ,        ,
 1, 1,  ,0000000498,          ,17, 2, 4, 1,16,  ,  ,  ,  ,  ,          ,          ,        ,
 1, 1, 2,0000000498,0000000000,17, 2, 4, 1,16,  ,  ,  ,  ,  ,          ,          ,        ,
 1, 1,  ,0000000061,          ,17, 2, 4, 1,16,  ,  ,  ,  ,  ,          ,          ,        ,
 1, 1, 2,0000000061,0000000000,17, 2, 4, 1,16,  ,  ,  ,  ,  ,          ,          ,        ,
 1, 1,  ,0000000160,          ,17, 2, 4, 1,16,  ,  ,  ,  ,  ,          ,          ,        ,
 1, 1, 2,0000000160,0000000000,17, 2, 4, 1,16,  ,  ,  ,  ,  ,          ,          ,        ,
 1, 1,  ,0000000430,          ,17, 3, 4, 1,16,  ,  ,  ,  ,  ,          ,          ,        ,
 1, 1, 2,0000000430,0000000000,17, 3, 4, 1,16,  ,  ,  ,  ,  ,          ,          ,        ,
 1, 1,  ,0000000328,          ,17, 3, 4, 1,16,  ,  ,  ,  ,  ,          ,          ,        ,
 1, 1, 2,0000000328,0000000000,17, 3, 4, 1,16,  ,  ,  ,  ,  ,          ,          ,        ,
 1, 1,  ,0000000023,          ,17, 3, 4, 1,16,  ,  ,  ,  ,  ,          ,          ,        ,
 1, 1, 2,0000000023,0000000000,17, 3, 4, 1,16,  ,  ,  ,  ,  ,          ,          ,        ,
 1, 1,  ,0000000118,          ,17, 3, 4, 1,16,  ,  ,  ,  ,  ,          ,          ,        ,
 1, 1, 2,0000000118,0000000000,17, 3, 4, 1,16,  ,  ,  ,  ,  ,          ,          ,        ,
 1, 1,  ,0000000175,          ,17, 3, 4, 1,16,  ,  ,  ,  ,  ,          ,          ,        ,
 1, 1, 2,0000000175,0000000000,17, 3, 4, 1,16,  ,  ,  ,  ,  ,          ,          ,        ,
 1, 1,  ,0000000064,          ,17, 3, 4, 1,16,  ,  ,  ,  ,  ,          ,          ,        ,
 1, 1, 2,0000000064,0000000000,17, 3, 4, 1,16,  ,  ,  ,  ,  ,          ,          ,        ,
 1, 1,  ,0000000463,          ,17, 3, 4, 1,16,  ,  ,  ,  ,  ,          ,          ,        ,
 1, 1, 2,0000000463,0000000000,17, 3, 4, 1,16,  ,  ,  ,  ,  ,          ,          ,        ,
 1, 1,  ,0000000121,          ,17, 4, 4, 1,16,  ,  ,  ,  ,  ,          ,          ,        ,
 1, 1, 2,0000000121,0000000000,17, 4, 4, 1,16,  ,  ,  ,  ,  ,          ,          ,        ,
 1, 1,  ,0000000037,          ,17, 4, 4, 1,16,  ,  ,  ,  ,  ,          ,          ,        ,
 1, 1, 2,0000000037,0000000000,17, 4, 4, 1,16,  ,  ,  ,  ,  ,          ,          ,        ,
 1, 1,  ,0000000094,          ,17, 4, 4, 1,16,  ,  ,  ,  ,  ,          ,          ,        ,
 1, 1, 2,0000000094,0000000000,17, 4, 4, 1,16,  ,  ,  ,  ,  ,          ,          ,        ,
 1, 1,  ,0000000371,          ,17, 4, 4, 1,16,  ,  ,  ,  ,  ,          ,          ,        ,
 1, 1, 2,0000000371,0000000000,17, 4, 4, 1,16,  ,  ,  ,  ,  ,          ,          ,        ,
 1, 1,  ,0000000069,          ,17, 4, 4, 1,16,  ,  ,  ,  ,  ,          ,          ,        ,
 1, 1, 2,0000000069,0000000000,17, 4, 4, 1,16,  ,  ,  ,  ,  ,          ,          ,        ,
 1, 1,  ,0000000297,          ,17, 4, 4, 1,16,  ,  ,  ,  ,  ,          ,          ,        ,
 1, 1, 2,0000000297,0000000000,17, 4, 4, 1,16,  ,  ,  ,  ,  ,          ,          ,        ,
 1, 1,  ,0000000090,          ,17, 4, 4, 1,16,  ,  ,  ,  ,  ,          ,          ,        ,
 1, 1, 2,0000000090,0000000000,17, 4, 4, 1,16,  ,  ,  ,  ,  ,          ,          ,        ,
 1, 1,  ,0000000454,          ,17, 5, 4, 1,16,  ,  ,  ,  ,  ,          ,          ,        ,
 1, 1, 2,0000000454,0000000000,17, 5, 4, 1,16,  ,  ,  ,  ,  ,          ,          ,        ,
 1, 1,  ,0000000164,          ,17, 5, 4, 1,16,  ,  ,  ,  ,  ,          ,          ,        ,
 1, 1, 2,0000000164,0000000000,17, 5, 4, 1,16,  ,  ,  ,  ,  ,          ,          ,        ,
 1, 1,  ,0000000119,          ,17, 5, 4, 1,16,  ,  ,  ,  ,  ,          ,          ,        ,
 1, 1, 2,0000000119,0000000000,17, 5, 4, 1,16,  ,  ,  ,  ,  ,          ,          ,        ,
 1, 1,  ,0000000044,          ,17, 5, 4, 1,16,  ,  ,  ,  ,  ,          ,          ,        ,
 1, 1, 2,0000000044,0000000000,17, 5, 4, 1,16,  ,  ,  ,  ,  ,          ,          ,        ,
 1, 1,  ,0000000012,          ,17, 5, 4, 1,16,  ,  ,  ,  ,  ,          ,          ,        ,
 1, 1, 2,0000000012,0000000000,17, 5, 4, 1,16,  ,  ,  ,  ,  ,          ,          ,        ,
 1, 1,  ,0000000031,          ,17, 5, 4, 1,16,  ,  ,  ,  ,  ,          ,          ,        ,
 1, 1, 2,0000000031,0000000000,17, 5, 4, 1,16,  ,  ,  ,  ,  ,          ,          ,        ,
 1, 1,  ,0000000078,          ,17, 5, 4, 1,16,  ,  ,  ,  ,  ,          ,          ,        ,
 1, 1, 2,0000000078,0000000000,17, 5, 4, 1,16,  ,  ,  ,  ,  ,          ,          ,        ,
 1, 1,  ,0000000122,          ,17, 6, 4, 1,16,  ,  ,  ,  ,  ,          ,          ,        ,
 1, 1, 2,0000000122,0000000000,17, 6, 4, 1,16,  ,  ,  ,  ,  ,          ,          ,        ,
 1, 1,  ,0000000110,          ,17, 6, 4, 1,16,  ,  ,  ,  ,  ,          ,          ,        ,
 1, 1, 2,0000000110,0000000000,17, 6, 4, 1,16,  ,  ,  ,  ,  ,          ,          ,        ,
 1, 1,  ,0000000279,          ,17, 7, 4, 1,16,  ,  ,  ,  ,  ,          ,          ,        ,
 1, 1, 2,0000000279,0000000000,17, 7, 4, 1,16,  ,  ,  ,  ,  ,          ,          ,        ,
 1, 1,  ,0000000174,          ,17, 7, 4, 1,16,  ,  ,  ,  ,  ,          ,          ,        ,
 1, 1, 2,0000000174,0000000000,17, 7, 4, 1,16,  ,  ,  ,  ,  ,          ,          ,        ,
 1, 1,  ,0000000123,          ,17, 8, 4, 1,16,  ,  ,  ,  ,  ,          ,          ,        ,
 1, 1, 2,0000000123,0000000000,17, 8, 4, 1,16,  ,  ,  ,  ,  ,          ,          ,        ,
 1, 1,  ,0000000016,          ,17, 8, 4, 1,16,  ,  ,  ,  ,  ,          ,          ,        ,
 1, 1, 2,0000000016,0000000000,17, 8, 4, 1,16,  ,  ,  ,  ,  ,          ,          ,        ,
 1, 1,  ,0000000035,          ,17, 8, 4, 1,16,  ,  ,  ,  ,  ,          ,          ,        ,
 1, 1, 2,0000000035,0000000000,17, 8, 4, 1,16,  ,  ,  ,  ,  ,          ,          ,        ,
 1, 1,  ,0000000231,          ,17, 9, 4, 1,16,  ,  ,  ,  ,  ,          ,          ,        ,
 1, 1, 2,0000000231,0000000000,17, 9, 4, 1,16,  ,  ,  ,  ,  ,          ,          ,        ,
 1, 1,  ,0000000052,          ,17, 9, 4, 1,16,  ,  ,  ,  ,  ,          ,          ,        ,
 1, 1, 2,0000000052,0000000000,17, 9, 4, 1,16,  ,  ,  ,  ,  ,          ,          ,        ,
 1, 1,  ,0000000255,          ,17,10, 4, 1,16,  ,  ,  ,  ,  ,          ,          ,        ,
 1, 1, 2,0000000255,0000000000,17,10, 4, 1,16,  ,  ,  ,  ,  ,          ,          ,        ,
 1, 1,  ,0000000185,          ,17,10, 4, 1,16,  ,  ,  ,  ,  ,          ,          ,        ,
 1, 1, 2,0000000185,0000000000,17,10, 4, 1,16,  ,  ,  ,  ,  ,          ,          ,        ,
 1, 1,  ,0000000100,          ,17,11, 4, 1,16,  ,  ,  ,  ,  ,          ,          ,        ,
 1, 1, 2,0000000100,0000000000,17,11, 4, 1,16,  ,  ,  ,  ,  ,          ,          ,        ,
 1, 1,  ,0000000103,          ,17,11, 4, 1,16,  ,  ,  ,  ,  ,          ,          ,        ,
 1, 1, 2,0000000103,0000000000,17,11, 4, 1,16,  ,  ,  ,  ,  ,          ,          ,        ,
 1, 1,  ,0000000406,          ,17,12, 4, 1,16,  ,  ,  ,  ,  ,          ,          ,        ,
 1, 1, 2,0000000406,0000000000,17,12, 4, 1,16,  ,  ,  ,  ,  ,          ,          ,        ,
 1, 1,  ,0000000499,          ,17,12, 4, 1,16,  ,  ,  ,  ,  ,          ,          ,        ,
 1, 1, 2,0000000499,0000000000,17,12, 4, 1,16,  ,  ,  ,  ,  ,          ,          ,        ,
 1, 1,  ,0000000218,          ,17,13, 4, 1,16,  ,  ,  ,  ,  ,          ,          ,        ,
 1, 1, 2,0000000218,0000000000,17,13, 4, 1,16,  ,  ,  ,  ,  ,          ,          ,        ,
 1, 1,  ,0000000008,          ,17,14, 4, 1,16,  ,  ,  ,  ,  ,          ,          ,        ,
 1, 1, 2,0000000008,0000000000,17,14, 4, 1,16,  ,  ,  ,  ,  ,          ,          ,        ,
 1, 1,  ,0000000039,          ,17,14, 4, 1,16,  ,  ,  ,  ,  ,          ,          ,        ,
 1, 1, 2,0000000039,0000000000,17,14, 4, 1,16,  ,  ,  ,  ,  ,          ,          ,        ,
 1, 1,  ,0000000171,          ,17,15, 4, 1,16,  ,  ,  ,  ,  ,          ,          ,        ,
 1, 1, 2,0000000171,0000000000,17,15, 4, 1,16,  ,  ,  ,  ,  ,          ,          ,        ,
 1, 1,  ,0000000245,          ,17,53, 4, 1,16,  ,  ,  ,  ,  ,          ,          ,        ,
 1, 1, 1,0000000245,0000000070,17,53, 4, 1,16,  ,  ,  ,  ,  ,          ,          ,        ,
 1, 1,  ,0000000132,          ,17,56, 4, 1,16,  ,  ,  ,  ,  ,          ,          ,        ,
 1, 1, 1,0000000132,0000000070,17,56, 4, 1,16,  ,  ,  ,  ,  ,          ,          ,        ,
 1, 1,  ,0000000132,          ,17,56, 4, 1,16,  ,  ,  ,  ,  ,          ,          ,        ,
 1, 1, 1,0000000132,0000000070,17,56, 4, 1,16,  ,  ,  ,  ,  ,          ,          ,        ,
 1, 1,  ,0000000059,          ,18, 6, 4, 1,16,  ,  ,  ,  ,  ,          ,          ,        ,
 1, 1, 2,0000000059,0000000000,18, 6, 4, 1,16,  ,  ,  ,  ,  ,          ,          ,        ,
 1, 1,  ,0000000239,          ,18, 8, 4, 1,16,  ,  ,  ,  ,  ,          ,          ,        ,
 1, 1, 2,0000000239,0000000000,18, 8, 4, 1,16,  ,  ,  ,  ,  ,          ,          ,        ,
 1, 1,  ,0000002531,          ,18, 9, 4, 1,16,  ,  ,  ,  ,  ,          ,          ,        ,
 1, 1, 2,0000002531,0000000000,18, 9, 4, 1,16,  ,  ,  ,  ,  ,          ,          ,        ,
 1, 1,  ,0000000317,          ,18,10, 4, 1,16,  ,  ,  ,  ,  ,          ,          ,        ,
 1, 1, 2,0000000317,0000000000,18,10, 4, 1,16,  ,  ,  ,  ,  ,          ,          ,        ,
 1, 1,  ,0000000326,          , 0, 2, 4, 2,16,  ,  ,  ,  ,  ,          ,          ,        ,
 1, 1, 2,0000000326,0000000000, 0, 2, 4, 2,16,  ,  ,  ,  ,  ,          ,          ,        ,
 1, 1,  ,0000000090,          , 5,28, 4, 2,16,  ,  ,  ,  ,  ,          ,          ,        ,
 1, 1, 1,0000000090,0000000071, 5,28, 4, 2,16,  ,  ,  ,  ,  ,          ,          ,        ,
 1, 1,  ,0000000039,          , 5,28, 4, 2,16,  ,  ,  ,  ,  ,          ,          ,        ,
 1, 1, 1,0000000039,0000000045, 5,28, 4, 2,16,  ,  ,  ,  ,  ,          ,          ,        ,
 1, 1,  ,0000000216,          , 5,29, 4, 2,16,  ,  ,  ,  ,  ,          ,          ,        ,
 1, 1, 1,0000000216,0000000028, 5,29, 4, 2,16,  ,  ,  ,  ,  ,          ,          ,        ,
 1, 1,  ,0000000024,          , 5,29, 4, 2,16,  ,  ,  ,  ,  ,          ,          ,        ,
 1, 1, 1,0000000024,0000000041, 5,29, 4, 2,16,  ,  ,  ,  ,  ,          ,          ,        ,
 1, 1,  ,0000000317,          , 5,29, 4, 2,16,  ,  ,  ,  ,  ,          ,          ,        ,
 1, 1, 1,0000000317,0000000058, 5,29, 4, 2,16,  ,  ,  ,  ,  ,          ,          ,        ,
 1, 1,  ,0000000265,          , 5,29, 4, 2,16,  ,  ,  ,  ,  ,          ,          ,        ,
 1, 1, 1,0000000265,0000000041, 5,29, 4, 2,16,  ,  ,  ,  ,  ,          ,          ,        ,
 1, 1,  ,0000000362,          , 5,30, 4, 2,16,  ,  ,  ,  ,  ,          ,          ,        ,
 1, 1, 1,0000000362,0000000040, 5,30, 4, 2,16,  ,  ,  ,  ,  ,          ,          ,        ,
 1, 1,  ,0000000034,          , 5,30, 4, 2,16,  ,  ,  ,  ,  ,          ,          ,        ,
 1, 1, 1,0000000034,0000000031, 5,30, 4, 2,16,  ,  ,  ,  ,  ,          ,          ,        ,
 1, 1,  ,0000000340,          , 5,30, 4, 2,16,  ,  ,  ,  ,  ,          ,          ,        ,
 1, 1, 1,0000000340,0000000040, 5,30, 4, 2,16,  ,  ,  ,  ,  ,          ,          ,        ,
 1, 1,  ,0000000082,          , 5,30, 4, 2,16,  ,  ,  ,  ,  ,          ,          ,        ,
 1, 1, 1,0000000082,0000000040, 5,30, 4, 2,16,  ,  ,  ,  ,  ,          ,          ,        ,
 1, 1,  ,0000000118,          , 5,30, 4, 2,16,  ,  ,  ,  ,  ,          ,          ,        ,
 1, 1, 1,0000000118,0000000022, 5,30, 4, 2,16,  ,  ,  ,  ,  ,          ,          ,        ,
 1, 1,  ,0000002515,          , 5,31, 4, 2,16,  ,  ,  ,  ,  ,          ,          ,        ,
 1, 1, 1,0000002515,0000000001, 5,31, 4, 2,16,  ,  ,  ,  ,  ,          ,          ,        ,
 1, 1,  ,0000000491,          , 5,31, 4, 2,16,  ,  ,  ,  ,  ,          ,          ,        ,
 1, 1, 1,0000000491,0000000004, 5,31, 4, 2,16,  ,  ,  ,  ,  ,          ,          ,        ,
 1, 1,  ,0000000439,          , 5,31, 4, 2,16,  ,  ,  ,  ,  ,          ,          ,        ,
 1, 1, 1,0000000439,0000000009, 5,31, 4, 2,16,  ,  ,  ,  ,  ,          ,          ,        ,
 1, 1,  ,0000000433,          , 5,31, 4, 2,16,  ,  ,  ,  ,  ,          ,          ,        ,
 1, 1, 1,0000000433,0000000007, 5,31, 4, 2,16,  ,  ,  ,  ,  ,          ,          ,        ,
 1, 1,  ,0000000189,          , 5,31, 4, 2,16,  ,  ,  ,  ,  ,          ,          ,        ,
 1, 1, 1,0000000189,0000000031, 5,31, 4, 2,16,  ,  ,  ,  ,  ,          ,          ,        ,
 1, 1,  ,0000002521,          , 5,31, 4, 2,16,  ,  ,  ,  ,  ,          ,          ,        ,
 1, 1, 1,0000002521,0000000040, 5,31, 4, 2,16,  ,  ,  ,  ,  ,          ,          ,        ,
 1, 1,  ,0000000044,          , 5,31, 4, 2,16,  ,  ,  ,  ,  ,          ,          ,        ,
 1, 1, 1,0000000044,0000000031, 5,31, 4, 2,16,  ,  ,  ,  ,  ,          ,          ,        ,
 1, 1,  ,0000000357,          , 5,31, 4, 2,16,  ,  ,  ,  ,  ,          ,          ,        ,
 1, 1, 1,0000000357,0000000009, 5,31, 4, 2,16,  ,  ,  ,  ,  ,          ,          ,        ,
 1, 1,  ,0000000355,          , 5,32, 4, 2,16,  ,  ,  ,  ,  ,          ,          ,        ,
 1, 1, 1,0000000355,0000000000, 5,32, 4, 2,16,  ,  ,  ,  ,  ,          ,          ,        ,
 1, 1,  ,0000000091,          , 5,32, 4, 2,16,  ,  ,  ,  ,  ,          ,          ,        ,
 1, 1, 1,0000000091,0000000027, 5,32, 4, 2,16,  ,  ,  ,  ,  ,          ,          ,        ,
 1, 1,  ,0000000050,          , 5,32, 4, 2,16,  ,  ,  ,  ,  ,          ,          ,        ,
 1, 1, 1,0000000050,0000000006, 5,32, 4, 2,16,  ,  ,  ,  ,  ,          ,          ,        ,
 1, 1,  ,0000000287,          , 5,32, 4, 2,16,  ,  ,  ,  ,  ,          ,          ,        ,
 1, 1, 1,0000000287,0000000041, 5,32, 4, 2,16,  ,  ,  ,  ,  ,          ,          ,        ,
 1, 1,  ,0000000269,          , 5,32, 4, 2,16,  ,  ,  ,  ,  ,          ,          ,        ,
 1, 1, 1,0000000269,0000000031, 5,32, 4, 2,16,  ,  ,  ,  ,  ,          ,          ,        ,
 1, 1,  ,0000000351,          , 5,33, 4, 2,16,  ,  ,  ,  ,  ,          ,          ,        ,
 1, 1, 1,0000000351,0000000030, 5,33, 4, 2,16,  ,  ,  ,  ,  ,          ,          ,        ,
 1, 1,  ,0000000246,          , 5,33, 4, 2,16,  ,  ,  ,  ,  ,          ,          ,        ,
 1, 1, 1,0000000246,0000000040, 5,33, 4, 2,16,  ,  ,  ,  ,  ,          ,          ,        ,
 1, 1,  ,0000000069,          , 5,33, 4, 2,16,  ,  ,  ,  ,  ,          ,          ,        ,
 1, 1, 1,0000000069,0000000007, 5,33, 4, 2,16,  ,  ,  ,  ,  ,          ,          ,        ,
 1, 1,  ,0000000147,          , 5,33, 4, 2,16,  ,  ,  ,  ,  ,          ,          ,        ,
 1, 1, 1,0000000147,0000000021, 5,33, 4, 2,16,  ,  ,  ,  ,  ,          ,          ,        ,
 1, 1,  ,0000000454,          , 5,33, 4, 2,16,  ,  ,  ,  ,  ,          ,          ,        ,
 1, 1, 1,0000000454,0000000031, 5,33, 4, 2,16,  ,  ,  ,  ,  ,          ,          ,        ,
 1, 1,  ,0000000115,          , 5,33, 4, 2,16,  ,  ,  ,  ,  ,          ,          ,        ,
 1, 1, 1,0000000115,0000000006, 5,33, 4, 2,16,  ,  ,  ,  ,  ,          ,          ,        ,
 1, 1,  ,0000000008,          , 5,33, 4, 2,16,  ,  ,  ,  ,  ,          ,          ,        ,
 1, 1, 1,0000000008,0000000045, 5,33, 4, 2,16,  ,  ,  ,  ,  ,          ,          ,        ,
 1, 1,  ,0000000466,          , 5,34, 4, 2,16,  ,  ,  ,  ,  ,          ,          ,        ,
 1, 1, 1,0000000466,0000000009, 5,34, 4, 2,16,  ,  ,  ,  ,  ,          ,          ,        ,
 1, 1,  ,0000000359,          , 5,34, 4, 2,16,  ,  ,  ,  ,  ,          ,          ,        ,
 1, 1, 1,0000000359,0000000058, 5,34, 4, 2,16,  ,  ,  ,  ,  ,          ,          ,        ,
 1, 1,  ,0000000042,          , 5,34, 4, 2,16,  ,  ,  ,  ,  ,          ,          ,        ,
 1, 1, 1,0000000042,0000000031, 5,34, 4, 2,16,  ,  ,  ,  ,  ,          ,          ,        ,
 1, 1,  ,0000000175,          , 5,34, 4, 2,16,  ,  ,  ,  ,  ,          ,          ,        ,
 1, 1, 1,0000000175,0000000040, 5,34, 4, 2,16,  ,  ,  ,  ,  ,          ,          ,        ,
 1, 1,  ,0000000281,          , 5,34, 4, 2,16,  ,  ,  ,  ,  ,          ,          ,        ,
 1, 1, 1,0000000281,0000000009, 5,34, 4, 2,16,  ,  ,  ,  ,  ,          ,          ,        ,
 1, 1,  ,0000000193,          , 5,34, 4, 2,16,  ,  ,  ,  ,  ,          ,          ,        ,
 1, 1, 1,0000000193,0000000052, 5,34, 4, 2,16,  ,  ,  ,  ,  ,          ,          ,        ,
 1, 1,  ,0000000119,          , 5,35, 4, 2,16,  ,  ,  ,  ,  ,          ,          ,        ,
 1, 1, 1,0000000119,0000000027, 5,35, 4, 2,16,  ,  ,  ,  ,  ,          ,          ,        ,
 1, 1,  ,0000000078,          , 5,35, 4, 2,16,  ,  ,  ,  ,  ,          ,          ,        ,
 1, 1, 2,0000000078,0000000000, 5,35, 4, 2,16,  ,  ,  ,  ,  ,          ,          ,        ,
 1, 1,  ,0000000429,          , 5,35, 4, 2,16,  ,  ,  ,  ,  ,          ,          ,        ,
 1, 1, 1,0000000429,0000000029, 5,35, 4, 2,16,  ,  ,  ,  ,  ,          ,          ,        ,
 1, 1,  ,0000000310,          , 5,35, 4, 2,16,  ,  ,  ,  ,  ,          ,          ,        ,
 1, 1, 1,0000000310,0000000080, 5,35, 4, 2,16,  ,  ,  ,  ,  ,          ,          ,        ,
 1, 1,  ,0000000399,          , 5,35, 4, 2,16,  ,  ,  ,  ,  ,          ,          ,        ,
 1, 1, 1,0000000399,0000000070, 5,35, 4, 2,16,  ,  ,  ,  ,  ,          ,          ,        ,
 1, 1,  ,0000000020,          , 5,35, 4, 2,16,  ,  ,  ,  ,  ,          ,          ,        ,
 1, 1, 1,0000000020,0000000058, 5,35, 4, 2,16,  ,  ,  ,  ,  ,          ,          ,        ,
 1, 1,  ,0000000369,          , 5,35, 4, 2,16,  ,  ,  ,  ,  ,          ,          ,        ,
 1, 1, 1,0000000369,0000000058, 5,35, 4, 2,16,  ,  ,  ,  ,  ,          ,          ,        ,
 1, 1,  ,0000000365,          , 5,36, 4, 2,16,  ,  ,  ,  ,  ,          ,          ,        ,
 1, 1, 1,0000000365,0000000040, 5,36, 4, 2,16,  ,  ,  ,  ,  ,          ,          ,        ,
 1, 1,  ,0000000430,          , 5,36, 4, 2,16,  ,  ,  ,  ,  ,          ,          ,        ,
 1, 1, 1,0000000430,0000000040, 5,36, 4, 2,16,  ,  ,  ,  ,  ,          ,          ,        ,
 1, 1,  ,0000000348,          , 5,36, 4, 2,16,  ,  ,  ,  ,  ,          ,          ,        ,
 1, 1, 1,0000000348,0000000040, 5,36, 4, 2,16,  ,  ,  ,  ,  ,          ,          ,        ,
 1, 1,  ,0000000440,          , 5,36, 4, 2,16,  ,  ,  ,  ,  ,          ,          ,        ,
 1, 1, 1,0000000440,0000000031, 5,36, 4, 2,16,  ,  ,  ,  ,  ,          ,          ,        ,
 1, 1,  ,0000000446,          , 5,36, 4, 2,16,  ,  ,  ,  ,  ,          ,          ,        ,
 1, 1, 1,0000000446,0000000031, 5,36, 4, 2,16,  ,  ,  ,  ,  ,          ,          ,        ,
 1, 1,  ,0000000076,          , 5,37, 4, 2,16,  ,  ,  ,  ,  ,          ,          ,        ,
 1, 1, 1,0000000076,0000000031, 5,37, 4, 2,16,  ,  ,  ,  ,  ,          ,          ,        ,
 1, 1,  ,0000000037,          , 5,37, 4, 2,16,  ,  ,  ,  ,  ,          ,          ,        ,
 1, 1, 1,0000000037,0000000018, 5,37, 4, 2,16,  ,  ,  ,  ,  ,          ,          ,        ,
 1, 1,  ,0000000324,          , 5,37, 4, 2,16,  ,  ,  ,  ,  ,          ,          ,        ,
 1, 1, 1,0000000324,0000000040, 5,37, 4, 2,16,  ,  ,  ,  ,  ,          ,          ,        ,
 1, 1,  ,0000000094,          , 5,37, 4, 2,16,  ,  ,  ,  ,  ,          ,          ,        ,
 1, 1, 1,0000000094,0000000000, 5,37, 4, 2,16,  ,  ,  ,  ,  ,          ,          ,        ,
 1, 1,  ,0000000062,          , 5,37, 4, 2,16,  ,  ,  ,  ,  ,          ,          ,        ,
 1, 1, 1,0000000062,0000000040, 5,37, 4, 2,16,  ,  ,  ,  ,  ,          ,          ,        ,
 1, 1,  ,0000000105,          , 5,37, 4, 2,16,  ,  ,  ,  ,  ,          ,          ,        ,
 1, 1, 1,0000000105,0000000031, 5,37, 4, 2,16,  ,  ,  ,  ,  ,          ,          ,        ,
 1, 1,  ,0000000299,          , 5,37, 4, 2,16,  ,  ,  ,  ,  ,          ,          ,        ,
 1, 1, 1,0000000299,0000000040, 5,37, 4, 2,16,  ,  ,  ,  ,  ,          ,          ,        ,
 1, 1,  ,0000000036,          , 5,38, 4, 2,16,  ,  ,  ,  ,  ,          ,          ,        ,
 1, 1, 1,0000000036,0000000023, 5,38, 4, 2,16,  ,  ,  ,  ,  ,          ,          ,        ,
 1, 1,  ,0000000261,          , 5,38, 4, 2,16,  ,  ,  ,  ,  ,          ,          ,        ,
 1, 1, 1,0000000261,0000000040, 5,38, 4, 2,16,  ,  ,  ,  ,  ,          ,          ,        ,
 1, 1,  ,0000000153,          , 5,38, 4, 2,16,  ,  ,  ,  ,  ,          ,          ,        ,
 1, 1, 1,0000000153,0000000004, 5,38, 4, 2,16,  ,  ,  ,  ,  ,          ,          ,        ,
 1, 1,  ,0000000283,          , 5,38, 4, 2,16,  ,  ,  ,  ,  ,          ,          ,        ,
 1, 1, 1,0000000283,0000000003, 5,38, 4, 2,16,  ,  ,  ,  ,  ,          ,          ,        ,
 1, 1,  ,0000000182,          , 5,38, 4, 2,16,  ,  ,  ,  ,  ,          ,          ,        ,
 1, 1, 1,0000000182,0000000058, 5,38, 4, 2,16,  ,  ,  ,  ,  ,          ,          ,        ,
 1, 1,  ,0000000352,          , 5,38, 4, 2,16,  ,  ,  ,  ,  ,          ,          ,        ,
 1, 1, 1,0000000352,0000000031, 5,38, 4, 2,16,  ,  ,  ,  ,  ,          ,          ,        ,
 1, 1,  ,0000000345,          , 5,38, 4, 2,16,  ,  ,  ,  ,  ,          ,          ,        ,
 1, 1, 1,0000000345,0000000031, 5,38, 4, 2,16,  ,  ,  ,  ,  ,          ,          ,        ,
 1, 1,  ,0000000166,          , 5,38, 4, 2,16,  ,  ,  ,  ,  ,          ,          ,        ,
 1, 1, 1,0000000166,0000000009, 5,38, 4, 2,16,  ,  ,  ,  ,  ,          ,          ,        ,
 1, 1,  ,0000000051,          , 5,39, 4, 2,16,  ,  ,  ,  ,  ,          ,          ,        ,
 1, 1, 1,0000000051,0000000007, 5,39, 4, 2,16,  ,  ,  ,  ,  ,          ,          ,        ,
 1, 1,  ,0000000478,          , 5,39, 4, 2,16,  ,  ,  ,  ,  ,          ,          ,        ,
 1, 1, 1,0000000478,0000000029, 5,39, 4, 2,16,  ,  ,  ,  ,  ,          ,          ,        ,
 1, 1,  ,0000000219,          , 5,39, 4, 2,16,  ,  ,  ,  ,  ,          ,          ,        ,
 1, 1, 1,0000000219,0000000000, 5,39, 4, 2,16,  ,  ,  ,  ,  ,          ,          ,        ,
 1, 1,  ,0000000390,          , 5,39, 4, 2,16,  ,  ,  ,  ,  ,          ,          ,        ,
 1, 1, 1,0000000390,0000000000, 5,39, 4, 2,16,  ,  ,  ,  ,  ,          ,          ,        ,
 1, 1,  ,0000000459,          , 5,39, 4, 2,16,  ,  ,  ,  ,  ,          ,          ,        ,
 1, 1, 1,0000000459,0000000029, 5,39, 4, 2,16,  ,  ,  ,  ,  ,          ,          ,        ,
 1, 1,  ,0000000444,          , 5,39, 4, 2,16,  ,  ,  ,  ,  ,          ,          ,        ,
 1, 1, 1,0000000444,0000000029, 5,39, 4, 2,16,  ,  ,  ,  ,  ,          ,          ,        ,
 1, 1,  ,0000000260,          , 5,39, 4, 2,16,  ,  ,  ,  ,  ,          ,          ,        ,
 1, 1, 1,0000000260,0000000007, 5,39, 4, 2,16,  ,  ,  ,  ,  ,          ,          ,        ,
 1, 1,  ,0000000156,          , 5,40, 4, 2,16,  ,  ,  ,  ,  ,          ,          ,        ,
 1, 1, 1,0000000156,0000000058, 5,40, 4, 2,16,  ,  ,  ,  ,  ,          ,          ,        ,
 1, 1,  ,0000000098,          , 5,40, 4, 2,16,  ,  ,  ,  ,  ,          ,          ,        ,
 1, 1, 1,0000000098,0000000050, 5,40, 4, 2,16,  ,  ,  ,  ,  ,          ,          ,        ,
 1, 1,  ,0000000163,          , 5,40, 4, 2,16,  ,  ,  ,  ,  ,          ,          ,        ,
 1, 1, 1,0000000163,0000000031, 5,40, 4, 2,16,  ,  ,  ,  ,  ,          ,          ,        ,
 1, 1,  ,0000000226,          , 5,40, 4, 2,16,  ,  ,  ,  ,  ,          ,          ,        ,
 1, 1, 1,0000000226,0000000031, 5,40, 4, 2,16,  ,  ,  ,  ,  ,          ,          ,        ,
 1, 1,  ,0000000183,          , 5,40, 4, 2,16,  ,  ,  ,  ,  ,          ,          ,        ,
 1, 1, 1,0000000183,0000000040, 5,40, 4, 2,16,  ,  ,  ,  ,  ,          ,          ,        ,
 1, 1,  ,0000000142,          , 5,40, 4, 2,16,  ,  ,  ,  ,  ,          ,          ,        ,
 1, 1, 1,0000000142,0000000003, 5,40, 4, 2,16,  ,  ,  ,  ,  ,          ,          ,        ,
 1, 1,  ,0000000455,          , 5,41, 4, 2,16,  ,  ,  ,  ,  ,          ,          ,        ,
 1, 1, 1,0000000455,0000000027, 5,41, 4, 2,16,  ,  ,  ,  ,  ,          ,          ,        ,
 1, 1,  ,0000000100,          , 5,41, 4, 2,16,  ,  ,  ,  ,  ,          ,          ,        ,
 1, 1, 1,0000000100,0000000004, 5,41, 4, 2,16,  ,  ,  ,  ,  ,          ,          ,        ,
 1, 1,  ,0000000103,          , 5,41, 4, 2,16,  ,  ,  ,  ,  ,          ,          ,        ,
 1, 1, 1,0000000103,0000000005, 5,41, 4, 2,16,  ,  ,  ,  ,  ,          ,          ,        ,
 1, 1,  ,0000000263,          , 5,41, 4, 2,16,  ,  ,  ,  ,  ,          ,          ,        ,
 1, 1, 1,0000000263,0000000171, 5,41, 4, 2,16,  ,  ,  ,  ,  ,          ,          ,        ,
 1, 1,  ,0000000377,          , 5,41, 4, 2,16,  ,  ,  ,  ,  ,          ,          ,        ,
 1, 1, 1,0000000377,0000000031, 5,41, 4, 2,16,  ,  ,  ,  ,  ,          ,          ,        ,
 1, 1,  ,0000000306,          , 5,42, 4, 2,16,  ,  ,  ,  ,  ,          ,          ,        ,
 1, 1, 3,0000000306,0000000000, 5,42, 4, 2,16,  ,  ,  ,  ,  ,          ,          ,        ,
 1, 1,  ,0000000238,          , 5,42, 4, 2,16,  ,  ,  ,  ,  ,          ,          ,        ,
 1, 1, 1,0000000238,0000000000, 5,42, 4, 2,16,  ,  ,  ,  ,  ,          ,          ,        ,
 1, 1,  ,0000000007,          , 5,42, 4, 2,16,  ,  ,  ,  ,  ,          ,          ,        ,
 1, 1, 1,0000000007,0000000022, 5,42, 4, 2,16,  ,  ,  ,  ,  ,          ,          ,        ,
 1, 1,  ,0000000367,          , 5,42, 4, 2,16,  ,  ,  ,  ,  ,          ,          ,        ,
 1, 1, 1,0000000367,0000000007, 5,42, 4, 2,16,  ,  ,  ,  ,  ,          ,          ,        ,
 1, 1,  ,0000000061,          , 5,42, 4, 2,16,  ,  ,  ,  ,  ,          ,          ,        ,
 1, 1, 1,0000000061,0000000031, 5,42, 4, 2,16,  ,  ,  ,  ,  ,          ,          ,        ,
 1, 1,  ,0000000463,          , 5,42, 4, 2,16,  ,  ,  ,  ,  ,          ,          ,        ,
 1, 1, 1,0000000463,0000000058, 5,42, 4, 2,16,  ,  ,  ,  ,  ,          ,          ,        ,
 1, 1,  ,0000000121,          , 5,43, 4, 2,16,  ,  ,  ,  ,  ,          ,          ,        ,
 1, 1, 1,0000000121,0000000000, 5,43, 4, 2,16,  ,  ,  ,  ,  ,          ,          ,        ,
 1, 1,  ,0000000498,          , 5,43, 4, 2,16,  ,  ,  ,  ,  ,          ,          ,        ,
 1, 1, 1,0000000498,0000000058, 5,43, 4, 2,16,  ,  ,  ,  ,  ,          ,          ,        ,
 1, 1,  ,0000000120,          , 5,43, 4, 2,16,  ,  ,  ,  ,  ,          ,          ,        ,
 1, 1, 1,0000000120,0000000058, 5,43, 4, 2,16,  ,  ,  ,  ,  ,          ,          ,        ,
 1, 1,  ,0000000033,          , 5,43, 4, 2,16,  ,  ,  ,  ,  ,          ,          ,        ,
 1, 1, 1,0000000033,0000000031, 5,43, 4, 2,16,  ,  ,  ,  ,  ,          ,          ,        ,
 1, 1,  ,0000000342,          , 5,43, 4, 2,16,  ,  ,  ,  ,  ,          ,          ,        ,
 1, 1, 1,0000000342,0000000040, 5,43, 4, 2,16,  ,  ,  ,  ,  ,          ,          ,        ,
 1, 1,  ,0000000353,          , 5,43, 4, 2,16,  ,  ,  ,  ,  ,          ,          ,        ,
 1, 1, 1,0000000353,0000000031, 5,43, 4, 2,16,  ,  ,  ,  ,  ,          ,          ,        ,
 1, 1,  ,0000000200,          , 5,43, 4, 2,16,  ,  ,  ,  ,  ,          ,          ,        ,
 1, 1, 1,0000000200,0000000007, 5,43, 4, 2,16,  ,  ,  ,  ,  ,          ,          ,        ,
 1, 1,  ,0000000023,          , 5,44, 4, 2,16,  ,  ,  ,  ,  ,          ,          ,        ,
 1, 1, 1,0000000023,0000000040, 5,44, 4, 2,16,  ,  ,  ,  ,  ,          ,          ,        ,
 1, 1,  ,0000002509,          , 5,44, 4, 2,16,  ,  ,  ,  ,  ,          ,          ,        ,
 1, 1, 1,0000002509,0000000058, 5,44, 4, 2,16,  ,  ,  ,  ,  ,          ,          ,        ,
 1, 1,  ,0000000025,          , 5,44, 4, 2,16,  ,  ,  ,  ,  ,          ,          ,        ,
 1, 1, 1,0000000025,0000000041, 5,44, 4, 2,16,  ,  ,  ,  ,  ,          ,          ,        ,
 1, 1,  ,0000000394,          , 5,44, 4, 2,16,  ,  ,  ,  ,  ,          ,          ,        ,
 1, 1, 1,0000000394,0000000058, 5,44, 4, 2,16,  ,  ,  ,  ,  ,          ,          ,        ,
 1, 1,  ,0000000075,          , 5,44, 4, 2,16,  ,  ,  ,  ,  ,          ,          ,        ,
 1, 1, 1,0000000075,0000000058, 5,44, 4, 2,16,  ,  ,  ,  ,  ,          ,          ,        ,
 1, 1,  ,0000000136,          , 5,44, 4, 2,16,  ,  ,  ,  ,  ,          ,          ,        ,
 1, 1, 1,0000000136,0000000004, 5,44, 4, 2,16,  ,  ,  ,  ,  ,          ,          ,        ,
 1, 1,  ,0000000309,          , 5,45, 4, 2,16,  ,  ,  ,  ,  ,          ,          ,        ,
 1, 1, 1,0000000309,0000000058, 5,45, 4, 2,16,  ,  ,  ,  ,  ,          ,          ,        ,
 1, 1,  ,0000000387,          , 5,45, 4, 2,16,  ,  ,  ,  ,  ,          ,          ,        ,
 1, 1, 1,0000000387,0000000040, 5,45, 4, 2,16,  ,  ,  ,  ,  ,          ,          ,        ,
 1, 1,  ,0000000088,          , 5,45, 4, 2,16,  ,  ,  ,  ,  ,          ,          ,        ,
 1, 1, 1,0000000088,0000000000, 5,45, 4, 2,16,  ,  ,  ,  ,  ,          ,          ,        ,
 1, 1,  ,0000000127,          , 5,45, 4, 2,16,  ,  ,  ,  ,  ,          ,          ,        ,
 1, 1, 1,0000000127,0000000022, 5,45, 4, 2,16,  ,  ,  ,  ,  ,          ,          ,        ,
 1, 1,  ,0000000123,          , 5,45, 4, 2,16,  ,  ,  ,  ,  ,          ,          ,        ,
 1, 1, 1,0000000123,0000000031, 5,45, 4, 2,16,  ,  ,  ,  ,  ,          ,          ,        ,
 1, 1,  ,0000000167,          , 5,45, 4, 2,16,  ,  ,  ,  ,  ,          ,          ,        ,
 1, 1, 1,0000000167,0000000040, 5,45, 4, 2,16,  ,  ,  ,  ,  ,          ,          ,        ,
 1, 1,  ,0000000021,          , 5,46, 4, 2,16,  ,  ,  ,  ,  ,          ,          ,        ,
 1, 1, 1,0000000021,0000000029, 5,46, 4, 2,16,  ,  ,  ,  ,  ,          ,          ,        ,
 1, 1,  ,0000000190,          , 5,46, 4, 2,16,  ,  ,  ,  ,  ,          ,          ,        ,
 1, 1, 1,0000000190,0000000009, 5,46, 4, 2,16,  ,  ,  ,  ,  ,          ,          ,        ,
 1, 1,  ,0000000415,          , 5,46, 4, 2,16,  ,  ,  ,  ,  ,          ,          ,        ,
 1, 1, 1,0000000415,0000000031, 5,46, 4, 2,16,  ,  ,  ,  ,  ,          ,          ,        ,
 1, 1,  ,0000000586,          , 5,46, 4, 2,16,  ,  ,  ,  ,  ,          ,          ,        ,
 1, 1, 1,0000000586,0000000009, 5,46, 4, 2,16,  ,  ,  ,  ,  ,          ,          ,        ,
 1, 1,  ,0000000320,          , 5,46, 4, 2,16,  ,  ,  ,  ,  ,          ,          ,        ,
 1, 1, 1,0000000320,0000000029, 5,46, 4, 2,16,  ,  ,  ,  ,  ,          ,          ,        ,
 1, 1,  ,0000000074,          , 5,46, 4, 2,16,  ,  ,  ,  ,  ,          ,          ,        ,
 1, 1, 1,0000000074,0000000031, 5,46, 4, 2,16,  ,  ,  ,  ,  ,          ,          ,        ,
 1, 1,  ,0000000016,          , 5,46, 4, 2,16,  ,  ,  ,  ,  ,          ,          ,        ,
 1, 1, 1,0000000016,0000000000, 5,46, 4, 2,16,  ,  ,  ,  ,  ,          ,          ,        ,
 1, 1,  ,0000000184,          , 5,47, 4, 2,16,  ,  ,  ,  ,  ,          ,          ,        ,
 1, 1, 1,0000000184,0000000031, 5,47, 4, 2,16,  ,  ,  ,  ,  ,          ,          ,        ,
 1, 1,  ,0000000294,          , 5,47, 4, 2,16,  ,  ,  ,  ,  ,          ,          ,        ,
 1, 1, 1,0000000294,0000000031, 5,47, 4, 2,16,  ,  ,  ,  ,  ,          ,          ,        ,
 1, 1,  ,0000000313,          , 5,47, 4, 2,16,  ,  ,  ,  ,  ,          ,          ,        ,
 1, 1, 1,0000000313,0000000052, 5,47, 4, 2,16,  ,  ,  ,  ,  ,          ,          ,        ,
 1, 1,  ,0000000019,          , 5,47, 4, 2,16,  ,  ,  ,  ,  ,          ,          ,        ,
 1, 1, 1,0000000019,0000000029, 5,47, 4, 2,16,  ,  ,  ,  ,  ,          ,          ,        ,
 1, 1,  ,0000000215,          , 5,47, 4, 2,16,  ,  ,  ,  ,  ,          ,          ,        ,
 1, 1, 1,0000000215,0000000009, 5,47, 4, 2,16,  ,  ,  ,  ,  ,          ,          ,        ,
 1, 1,  ,0000000338,          , 5,47, 4, 2,16,  ,  ,  ,  ,  ,          ,          ,        ,
 1, 1, 1,0000000338,0000000031, 5,47, 4, 2,16,  ,  ,  ,  ,  ,          ,          ,        ,
 1, 1,  ,0000000436,          , 5,47, 4, 2,16,  ,  ,  ,  ,  ,          ,          ,        ,
 1, 1, 1,0000000436,0000000029, 5,47, 4, 2,16,  ,  ,  ,  ,  ,          ,          ,        ,
 1, 1,  ,0000000412,          , 5,48, 4, 2,16,  ,  ,  ,  ,  ,          ,          ,        ,
 1, 1, 1,0000000412,0000000031, 5,48, 4, 2,16,  ,  ,  ,  ,  ,          ,          ,        ,
 1, 1,  ,0000000297,          , 5,48, 4, 2,16,  ,  ,  ,  ,  ,          ,          ,        ,
 1, 1, 1,0000000297,0000000009, 5,48, 4, 2,16,  ,  ,  ,  ,  ,          ,          ,        ,
 1, 1,  ,0000000243,          , 5,48, 4, 2,16,  ,  ,  ,  ,  ,          ,          ,        ,
 1, 1, 1,0000000243,0000000040, 5,48, 4, 2,16,  ,  ,  ,  ,  ,          ,          ,        ,
 1, 1,  ,0000000107,          , 5,48, 4, 2,16,  ,  ,  ,  ,  ,          ,          ,        ,
 1, 1, 1,0000000107,0000000058, 5,48, 4, 2,16,  ,  ,  ,  ,  ,          ,          ,        ,
 1, 1,  ,0000000101,          , 5,48, 4, 2,16,  ,  ,  ,  ,  ,          ,          ,        ,
 1, 1, 1,0000000101,0000000027, 5,48, 4, 2,16,  ,  ,  ,  ,  ,          ,          ,        ,
 1, 1,  ,0000000417,          , 5,48, 4, 2,16,  ,  ,  ,  ,  ,          ,          ,        ,
 1, 1, 1,0000000417,0000000058, 5,48, 4, 2,16,  ,  ,  ,  ,  ,          ,          ,        ,
 1, 1,  ,0000000014,          , 5,48, 4, 2,16,  ,  ,  ,  ,  ,          ,          ,        ,
 1, 1, 1,0000000014,0000000040, 5,48, 4, 2,16,  ,  ,  ,  ,  ,          ,          ,        ,
 1, 1,  ,0000000255,          , 5,49, 4, 2,16,  ,  ,  ,  ,  ,          ,          ,        ,
 1, 1, 1,0000000255,0000000029, 5,49, 4, 2,16,  ,  ,  ,  ,  ,          ,          ,        ,
 1, 1,  ,0000000368,          , 5,49, 4, 2,16,  ,  ,  ,  ,  ,          ,          ,        ,
 1, 1, 1,0000000368,0000000000, 5,49, 4, 2,16,  ,  ,  ,  ,  ,          ,          ,        ,
 1, 1,  ,0000000314,          , 5,49, 4, 2,16,  ,  ,  ,  ,  ,          ,          ,        ,
 1, 1, 1,0000000314,0000000004, 5,49, 4, 2,16,  ,  ,  ,  ,  ,          ,          ,        ,
 1, 1,  ,0000000453,          , 5,49, 4, 2,16,  ,  ,  ,  ,  ,          ,          ,        ,
 1, 1, 1,0000000453,0000000058, 5,49, 4, 2,16,  ,  ,  ,  ,  ,          ,          ,        ,
 1, 1,  ,0000000179,          , 5,49, 4, 2,16,  ,  ,  ,  ,  ,          ,          ,        ,
 1, 1, 1,0000000179,0000000029, 5,49, 4, 2,16,  ,  ,  ,  ,  ,          ,          ,        ,
 1, 1,  ,0000000030,          , 5,50, 4, 2,16,  ,  ,  ,  ,  ,          ,          ,        ,
 1, 1, 1,0000000030,0000000040, 5,50, 4, 2,16,  ,  ,  ,  ,  ,          ,          ,        ,
 1, 1,  ,0000000196,          , 5,50, 4, 2,16,  ,  ,  ,  ,  ,          ,          ,        ,
 1, 1, 1,0000000196,0000000009, 5,50, 4, 2,16,  ,  ,  ,  ,  ,          ,          ,        ,
 1, 1,  ,0000000176,          , 5,50, 4, 2,16,  ,  ,  ,  ,  ,          ,          ,        ,
 1, 1, 1,0000000176,0000000058, 5,50, 4, 2,16,  ,  ,  ,  ,  ,          ,          ,        ,
 1, 1,  ,0000000295,          , 5,51, 4, 2,16,  ,  ,  ,  ,  ,          ,          ,        ,
 1, 1, 1,0000000295,0000000058, 5,51, 4, 2,16,  ,  ,  ,  ,  ,          ,          ,        ,
 1, 1,  ,0000000257,          , 5,51, 4, 2,16,  ,  ,  ,  ,  ,          ,          ,        ,
 1, 1, 1,0000000257,0000000029, 5,51, 4, 2,16,  ,  ,  ,  ,  ,          ,          ,        ,
 1, 1,  ,0000000425,          , 5,51, 4, 2,16,  ,  ,  ,  ,  ,          ,          ,        ,
 1, 1, 1,0000000425,0000000031, 5,51, 4, 2,16,  ,  ,  ,  ,  ,          ,          ,        ,
 1, 1,  ,0000000072,          , 5,51, 4, 2,16,  ,  ,  ,  ,  ,          ,          ,        ,
 1, 1, 1,0000000072,0000000022, 5,51, 4, 2,16,  ,  ,  ,  ,  ,          ,          ,        ,
 1, 1,  ,0000000428,          , 5,51, 4, 2,16,  ,  ,  ,  ,  ,          ,          ,        ,
 1, 1, 1,0000000428,0000000021, 5,51, 4, 2,16,  ,  ,  ,  ,  ,          ,          ,        ,
 1, 1,  ,0000000109,          , 5,51, 4, 2,16,  ,  ,  ,  ,  ,          ,          ,        ,
 1, 1, 1,0000000109,0000000009, 5,51, 4, 2,16,  ,  ,  ,  ,  ,          ,          ,        ,
 1, 1,  ,0000000288,          , 5,52, 4, 2,16,  ,  ,  ,  ,  ,          ,          ,        ,
 1, 1, 1,0000000288,0000000031, 5,52, 4, 2,16,  ,  ,  ,  ,  ,          ,          ,        ,
 1, 1,  ,0000000124,          , 5,52, 4, 2,16,  ,  ,  ,  ,  ,          ,          ,        ,
 1, 1, 1,0000000124,0000000004, 5,52, 4, 2,16,  ,  ,  ,  ,  ,          ,          ,        ,
 1, 1,  ,0000000146,          , 5,52, 4, 2,16,  ,  ,  ,  ,  ,          ,          ,        ,
 1, 1, 1,0000000146,0000000031, 5,52, 4, 2,16,  ,  ,  ,  ,  ,          ,          ,        ,
 1, 1,  ,0000000122,          , 5,52, 4, 2,16,  ,  ,  ,  ,  ,          ,          ,        ,
 1, 1, 1,0000000122,0000000071, 5,52, 4, 2,16,  ,  ,  ,  ,  ,          ,          ,        ,
 1, 1,  ,0000000371,          , 5,52, 4, 2,16,  ,  ,  ,  ,  ,          ,          ,        ,
 1, 1, 1,0000000371,0000000040, 5,52, 4, 2,16,  ,  ,  ,  ,  ,          ,          ,        ,
 1, 1,  ,0000000017,          , 5,52, 4, 2,16,  ,  ,  ,  ,  ,          ,          ,        ,
 1, 1, 1,0000000017,0000000022, 5,52, 4, 2,16,  ,  ,  ,  ,  ,          ,          ,        ,
 1, 1,  ,0000000328,          , 5,53, 4, 2,16,  ,  ,  ,  ,  ,          ,          ,        ,
 1, 1, 1,0000000328,0000000031, 5,53, 4, 2,16,  ,  ,  ,  ,  ,          ,          ,        ,
 1, 1,  ,0000000481,          , 5,53, 4, 2,16,  ,  ,  ,  ,  ,          ,          ,        ,
 1, 1, 1,0000000481,0000000003, 5,53, 4, 2,16,  ,  ,  ,  ,  ,          ,          ,        ,
 1, 1,  ,0000000068,          , 5,53, 4, 2,16,  ,  ,  ,  ,  ,          ,          ,        ,
 1, 1, 1,0000000068,0000000004, 5,53, 4, 2,16,  ,  ,  ,  ,  ,          ,          ,        ,
 1, 1,  ,0000000134,          , 5,53, 4, 2,16,  ,  ,  ,  ,  ,          ,          ,        ,
 1, 1, 1,0000000134,0000000058, 5,53, 4, 2,16,  ,  ,  ,  ,  ,          ,          ,        ,
 1, 1,  ,0000000405,          , 5,53, 4, 2,16,  ,  ,  ,  ,  ,          ,          ,        ,
 1, 1, 1,0000000405,0000000042, 5,53, 4, 2,16,  ,  ,  ,  ,  ,          ,          ,        ,
 1, 1,  ,0000000052,          , 5,54, 4, 2,16,  ,  ,  ,  ,  ,          ,          ,        ,
 1, 1, 1,0000000052,0000000002, 5,54, 4, 2,16,  ,  ,  ,  ,  ,          ,          ,        ,
 1, 1,  ,0000000139,          , 5,54, 4, 2,16,  ,  ,  ,  ,  ,          ,          ,        ,
 1, 1, 1,0000000139,0000000027, 5,54, 4, 2,16,  ,  ,  ,  ,  ,          ,          ,        ,
 1, 1,  ,0000000248,          , 5,54, 4, 2,16,  ,  ,  ,  ,  ,          ,          ,        ,
 1, 1, 1,0000000248,0000000004, 5,54, 4, 2,16,  ,  ,  ,  ,  ,          ,          ,        ,
 1, 1,  ,0000000236,          , 5,54, 4, 2,16,  ,  ,  ,  ,  ,          ,          ,        ,
 1, 1, 1,0000000236,0000000058, 5,54, 4, 2,16,  ,  ,  ,  ,  ,          ,          ,        ,
 1, 1,  ,0000002506,          , 5,55, 4, 2,16,  ,  ,  ,  ,  ,          ,          ,        ,
 1, 1, 1,0000002506,0000000058, 5,55, 4, 2,16,  ,  ,  ,  ,  ,          ,          ,        ,
 1, 1,  ,0000000234,          , 5,55, 4, 2,16,  ,  ,  ,  ,  ,          ,          ,        ,
 1, 1, 1,0000000234,0000000004, 5,55, 4, 2,16,  ,  ,  ,  ,  ,          ,          ,        ,
 1, 1,  ,0000000059,          , 5,55, 4, 2,16,  ,  ,  ,  ,  ,          ,          ,        ,
 1, 1, 1,0000000059,0000000058, 5,55, 4, 2,16,  ,  ,  ,  ,  ,          ,          ,        ,
 1, 1,  ,0000000252,          , 5,55, 4, 2,16,  ,  ,  ,  ,  ,          ,          ,        ,
 1, 1, 1,0000000252,0000000004, 5,55, 4, 2,16,  ,  ,  ,  ,  ,          ,          ,        ,
 1, 1,  ,0000000232,          , 5,56, 4, 2,16,  ,  ,  ,  ,  ,          ,          ,        ,
 1, 1, 1,0000000232,0000000004, 5,56, 4, 2,16,  ,  ,  ,  ,  ,          ,          ,        ,
 1, 1,  ,0000000049,          , 5,56, 4, 2,16,  ,  ,  ,  ,  ,          ,          ,        ,
 1, 1, 1,0000000049,0000000071, 5,56, 4, 2,16,  ,  ,  ,  ,  ,          ,          ,        ,
 1, 1,  ,0000000304,          , 5,56, 4, 2,16,  ,  ,  ,  ,  ,          ,          ,        ,
 1, 1, 1,0000000304,0000000004, 5,56, 4, 2,16,  ,  ,  ,  ,  ,          ,          ,        ,
 1, 1,  ,0000000451,          , 5,56, 4, 2,16,  ,  ,  ,  ,  ,          ,          ,        ,
 1, 1, 1,0000000451,0000000004, 5,56, 4, 2,16,  ,  ,  ,  ,  ,          ,          ,        ,
 1, 1,  ,0000000114,          , 5,59, 4, 2,16,  ,  ,  ,  ,  ,          ,          ,        ,
 1, 1, 1,0000000114,0000000058, 5,59, 4, 2,16,  ,  ,  ,  ,  ,          ,          ,        ,
 1, 1,  ,0000000132,          , 6, 1, 4, 2,16,  ,  ,  ,  ,  ,          ,          ,        ,
 1, 1, 2,0000000132,0000000000, 6, 1, 4, 2,16,  ,  ,  ,  ,  ,          ,          ,        ,
 1, 1,  ,0000000181,          , 6,47, 4, 2,16,  ,  ,  ,  ,  ,          ,          ,        ,
 1, 1, 1,0000000181,0000000000, 6,47, 4, 2,16,  ,  ,  ,  ,  ,          ,          ,        ,
