 1, 1,  ,0000000302,          ,15,30, 4,18,16,  ,  ,  ,  ,  ,          ,          ,        ,
 1, 1, 2,0000000302,0000000000,15,30, 4,18,16,  ,  ,  ,  ,  ,          ,          ,        ,
 1, 1,  ,0000000496,          ,15,30, 4,18,16,  ,  ,  ,  ,  ,          ,          ,        ,
 1, 1, 2,0000000496,0000000000,15,30, 4,18,16,  ,  ,  ,  ,  ,          ,          ,        ,
 1, 1,  ,0000000461,          ,15,30, 4,18,16,  ,  ,  ,  ,  ,          ,          ,        ,
 1, 1, 2,0000000461,0000000000,15,30, 4,18,16,  ,  ,  ,  ,  ,          ,          ,        ,
 1, 1,  ,0000000322,          ,15,30, 4,18,16,  ,  ,  ,  ,  ,          ,          ,        ,
 1, 1, 2,0000000322,0000000000,15,30, 4,18,16,  ,  ,  ,  ,  ,          ,          ,        ,
 1, 1,  ,0000000286,          ,15,30, 4,18,16,  ,  ,  ,  ,  ,          ,          ,        ,
 1, 1, 2,0000000286,0000000000,15,30, 4,18,16,  ,  ,  ,  ,  ,          ,          ,        ,
 1, 1,  ,0000000053,          ,15,31, 4,18,16,  ,  ,  ,  ,  ,          ,          ,        ,
 1, 1, 2,0000000053,0000000000,15,31, 4,18,16,  ,  ,  ,  ,  ,          ,          ,        ,
 1, 1,  ,0000000169,          ,15,31, 4,18,16,  ,  ,  ,  ,  ,          ,          ,        ,
 1, 1, 2,0000000169,0000000000,15,31, 4,18,16,  ,  ,  ,  ,  ,          ,          ,        ,
 1, 1,  ,0000000045,          ,15,31, 4,18,16,  ,  ,  ,  ,  ,          ,          ,        ,
 1, 1, 2,0000000045,0000000000,15,31, 4,18,16,  ,  ,  ,  ,  ,          ,          ,        ,
 1, 1,  ,0000000148,          ,15,31, 4,18,16,  ,  ,  ,  ,  ,          ,          ,        ,
 1, 1, 2,0000000148,0000000000,15,31, 4,18,16,  ,  ,  ,  ,  ,          ,          ,        ,
 1, 1,  ,0000000043,          ,15,31, 4,18,16,  ,  ,  ,  ,  ,          ,          ,        ,
 1, 1, 2,0000000043,0000000000,15,31, 4,18,16,  ,  ,  ,  ,  ,          ,          ,        ,
 1, 1,  ,0000000158,          ,15,32, 4,18,16,  ,  ,  ,  ,  ,          ,          ,        ,
 1, 1, 2,0000000158,0000000000,15,32, 4,18,16,  ,  ,  ,  ,  ,          ,          ,        ,
 1, 1,  ,0000000080,          ,15,33, 4,18,16,  ,  ,  ,  ,  ,          ,          ,        ,
 1, 1, 2,0000000080,0000000000,15,33, 4,18,16,  ,  ,  ,  ,  ,          ,          ,        ,
 1, 1,  ,0000000431,          ,15,33, 4,18,16,  ,  ,  ,  ,  ,          ,          ,        ,
 1, 1, 2,0000000431,0000000000,15,33, 4,18,16,  ,  ,  ,  ,  ,          ,          ,        ,
 1, 1,  ,0000000497,          ,15,34, 4,18,16,  ,  ,  ,  ,  ,          ,          ,        ,
 1, 1, 2,0000000497,0000000000,15,34, 4,18,16,  ,  ,  ,  ,  ,          ,          ,        ,
 1, 1,  ,0000000249,          ,15,34, 4,18,16,  ,  ,  ,  ,  ,          ,          ,        ,
 1, 1, 2,0000000249,0000000000,15,34, 4,18,16,  ,  ,  ,  ,  ,          ,          ,        ,
 1, 1,  ,0000000438,          ,15,35, 4,18,16,  ,  ,  ,  ,  ,          ,          ,        ,
 1, 1, 2,0000000438,0000000000,15,35, 4,18,16,  ,  ,  ,  ,  ,          ,          ,        ,
 1, 1,  ,0000000205,          ,15,35, 4,18,16,  ,  ,  ,  ,  ,          ,          ,        ,
 1, 1, 2,0000000205,0000000000,15,35, 4,18,16,  ,  ,  ,  ,  ,          ,          ,        ,
 1, 1,  ,0000000199,          ,15,36, 4,18,16,  ,  ,  ,  ,  ,          ,          ,        ,
 1, 1, 2,0000000199,0000000000,15,36, 4,18,16,  ,  ,  ,  ,  ,          ,          ,        ,
 1, 1,  ,0000000422,          ,15,36, 4,18,16,  ,  ,  ,  ,  ,          ,          ,        ,
 1, 1, 2,0000000422,0000000000,15,36, 4,18,16,  ,  ,  ,  ,  ,          ,          ,        ,
 1, 1,  ,0000000336,          ,15,37, 4,18,16,  ,  ,  ,  ,  ,          ,          ,        ,
 1, 1, 2,0000000336,0000000000,15,37, 4,18,16,  ,  ,  ,  ,  ,          ,          ,        ,
 1, 1,  ,0000000267,          ,15,37, 4,18,16,  ,  ,  ,  ,  ,          ,          ,        ,
 1, 1, 2,0000000267,0000000000,15,37, 4,18,16,  ,  ,  ,  ,  ,          ,          ,        ,
 1, 1,  ,0000000221,          ,15,37, 4,18,16,  ,  ,  ,  ,  ,          ,          ,        ,
 1, 1, 2,0000000221,0000000000,15,37, 4,18,16,  ,  ,  ,  ,  ,          ,          ,        ,
 1, 1,  ,0000000335,          ,15,38, 4,18,16,  ,  ,  ,  ,  ,          ,          ,        ,
 1, 1, 2,0000000335,0000000000,15,38, 4,18,16,  ,  ,  ,  ,  ,          ,          ,        ,
 1, 1,  ,0000000475,          ,15,38, 4,18,16,  ,  ,  ,  ,  ,          ,          ,        ,
 1, 1, 2,0000000475,0000000000,15,38, 4,18,16,  ,  ,  ,  ,  ,          ,          ,        ,
 1, 1,  ,0000000097,          ,15,38, 4,18,16,  ,  ,  ,  ,  ,          ,          ,        ,
 1, 1, 2,0000000097,0000000000,15,38, 4,18,16,  ,  ,  ,  ,  ,          ,          ,        ,
 1, 1,  ,0000000251,          ,15,38, 4,18,16,  ,  ,  ,  ,  ,          ,          ,        ,
 1, 1, 2,0000000251,0000000000,15,38, 4,18,16,  ,  ,  ,  ,  ,          ,          ,        ,
 1, 1,  ,0000000397,          ,15,38, 4,18,16,  ,  ,  ,  ,  ,          ,          ,        ,
 1, 1, 2,0000000397,0000000000,15,38, 4,18,16,  ,  ,  ,  ,  ,          ,          ,        ,
 1, 1,  ,0000000161,          ,15,39, 4,18,16,  ,  ,  ,  ,  ,          ,          ,        ,
 1, 1, 2,0000000161,0000000000,15,39, 4,18,16,  ,  ,  ,  ,  ,          ,          ,        ,
 1, 1,  ,0000000360,          ,15,39, 4,18,16,  ,  ,  ,  ,  ,          ,          ,        ,
 1, 1, 2,0000000360,0000000000,15,39, 4,18,16,  ,  ,  ,  ,  ,          ,          ,        ,
 1, 1,  ,0000002505,          ,15,41, 4,18,16,  ,  ,  ,  ,  ,          ,          ,        ,
 1, 1, 2,0000002505,0000000000,15,41, 4,18,16,  ,  ,  ,  ,  ,          ,          ,        ,
 1, 1,  ,0000000057,          ,15,41, 4,18,16,  ,  ,  ,  ,  ,          ,          ,        ,
 1, 1, 2,0000000057,0000000000,15,41, 4,18,16,  ,  ,  ,  ,  ,          ,          ,        ,
 1, 1,  ,0000000364,          ,15,41, 4,18,16,  ,  ,  ,  ,  ,          ,          ,        ,
 1, 1, 2,0000000364,0000000000,15,41, 4,18,16,  ,  ,  ,  ,  ,          ,          ,        ,
 1, 1,  ,0000000329,          ,15,41, 4,18,16,  ,  ,  ,  ,  ,          ,          ,        ,
 1, 1, 2,0000000329,0000000000,15,41, 4,18,16,  ,  ,  ,  ,  ,          ,          ,        ,
 1, 1,  ,0000000041,          ,15,41, 4,18,16,  ,  ,  ,  ,  ,          ,          ,        ,
 1, 1, 2,0000000041,0000000000,15,41, 4,18,16,  ,  ,  ,  ,  ,          ,          ,        ,
 1, 1,  ,0000000063,          ,15,42, 4,18,16,  ,  ,  ,  ,  ,          ,          ,        ,
 1, 1, 2,0000000063,0000000000,15,42, 4,18,16,  ,  ,  ,  ,  ,          ,          ,        ,
 1, 1,  ,0000000111,          ,15,42, 4,18,16,  ,  ,  ,  ,  ,          ,          ,        ,
 1, 1, 2,0000000111,0000000000,15,42, 4,18,16,  ,  ,  ,  ,  ,          ,          ,        ,
 1, 1,  ,0000000027,          ,15,42, 4,18,16,  ,  ,  ,  ,  ,          ,          ,        ,
 1, 1, 2,0000000027,0000000000,15,42, 4,18,16,  ,  ,  ,  ,  ,          ,          ,        ,
 1, 1,  ,0000000344,          ,15,42, 4,18,16,  ,  ,  ,  ,  ,          ,          ,        ,
 1, 1, 2,0000000344,0000000000,15,42, 4,18,16,  ,  ,  ,  ,  ,          ,          ,        ,
 1, 1,  ,0000000465,          ,15,42, 4,18,16,  ,  ,  ,  ,  ,          ,          ,        ,
 1, 1, 2,0000000465,0000000000,15,42, 4,18,16,  ,  ,  ,  ,  ,          ,          ,        ,
 1, 1,  ,0000000005,          ,15,42, 4,18,16,  ,  ,  ,  ,  ,          ,          ,        ,
 1, 1, 2,0000000005,0000000000,15,42, 4,18,16,  ,  ,  ,  ,  ,          ,          ,        ,
 1, 1,  ,0000000133,          ,18, 1, 4,18,16,  ,  ,  ,  ,  ,          ,          ,        ,
 1, 1, 2,0000000133,0000000000,18, 1, 4,18,16,  ,  ,  ,  ,  ,          ,          ,        ,
 1, 1,  ,0000000066,          ,18, 1, 4,18,16,  ,  ,  ,  ,  ,          ,          ,        ,
 1, 1, 2,0000000066,0000000000,18, 1, 4,18,16,  ,  ,  ,  ,  ,          ,          ,        ,
 1, 1,  ,0000000237,          ,18, 1, 4,18,16,  ,  ,  ,  ,  ,          ,          ,        ,
 1, 1, 2,0000000237,0000000000,18, 1, 4,18,16,  ,  ,  ,  ,  ,          ,          ,        ,
 1, 1,  ,0000000191,          ,18, 3, 4,18,16,  ,  ,  ,  ,  ,          ,          ,        ,
 1, 1, 2,0000000191,0000000000,18, 3, 4,18,16,  ,  ,  ,  ,  ,          ,          ,        ,
 1, 1,  ,0000000303,          ,18, 3, 4,18,16,  ,  ,  ,  ,  ,          ,          ,        ,
 1, 1, 2,0000000303,0000000000,18, 3, 4,18,16,  ,  ,  ,  ,  ,          ,          ,        ,
 1, 1,  ,0000000295,          ,18, 4, 4,18,16,  ,  ,  ,  ,  ,          ,          ,        ,
 1, 1, 2,0000000295,0000000000,18, 4, 4,18,16,  ,  ,  ,  ,  ,          ,          ,        ,
 1, 1,  ,0000000214,          ,18, 5, 4,18,16,  ,  ,  ,  ,  ,          ,          ,        ,
 1, 1, 2,0000000214,0000000000,18, 5, 4,18,16,  ,  ,  ,  ,  ,          ,          ,        ,
 1, 1,  ,0000000445,          ,18, 5, 4,18,16,  ,  ,  ,  ,  ,          ,          ,        ,
 1, 1, 2,0000000445,0000000000,18, 5, 4,18,16,  ,  ,  ,  ,  ,          ,          ,        ,
 1, 1,  ,0000000347,          ,18, 6, 4,18,16,  ,  ,  ,  ,  ,          ,          ,        ,
 1, 1, 2,0000000347,0000000000,18, 6, 4,18,16,  ,  ,  ,  ,  ,          ,          ,        ,
 1, 1,  ,0000000323,          ,18, 6, 4,18,16,  ,  ,  ,  ,  ,          ,          ,        ,
 1, 1, 2,0000000323,0000000000,18, 6, 4,18,16,  ,  ,  ,  ,  ,          ,          ,        ,
 1, 1,  ,0000000137,          ,18, 6, 4,18,16,  ,  ,  ,  ,  ,          ,          ,        ,
 1, 1, 2,0000000137,0000000000,18, 6, 4,18,16,  ,  ,  ,  ,  ,          ,          ,        ,
 1, 1,  ,0000000138,          ,18, 6, 4,18,16,  ,  ,  ,  ,  ,          ,          ,        ,
 1, 1, 2,0000000138,0000000000,18, 6, 4,18,16,  ,  ,  ,  ,  ,          ,          ,        ,
 1, 1,  ,0000000384,          ,18,10, 4,18,16,  ,  ,  ,  ,  ,          ,          ,        ,
 1, 1, 2,0000000384,0000000000,18,10, 4,18,16,  ,  ,  ,  ,  ,          ,          ,        ,
 1, 1,  ,0000000296,          ,20, 0, 4,18,16,  ,  ,  ,  ,  ,          ,          ,        ,
 1, 1, 2,0000000296,0000000000,20, 0, 4,18,16,  ,  ,  ,  ,  ,          ,          ,        ,
 1, 1,  ,0000000168,          ,20, 1, 4,18,16,  ,  ,  ,  ,  ,          ,          ,        ,
 1, 1, 2,0000000168,0000000000,20, 1, 4,18,16,  ,  ,  ,  ,  ,          ,          ,        ,
 1, 1,  ,0000000422,          , 5,34, 4,19,16,  ,  ,  ,  ,  ,          ,          ,        ,
 1, 1, 1,0000000422,0000000071, 5,34, 4,19,16,  ,  ,  ,  ,  ,          ,          ,        ,
 1, 1,  ,0000000438,          , 5,35, 4,19,16,  ,  ,  ,  ,  ,          ,          ,        ,
 1, 1, 1,0000000438,0000000022, 5,35, 4,19,16,  ,  ,  ,  ,  ,          ,          ,        ,
 1, 1,  ,0000000199,          , 5,35, 4,19,16,  ,  ,  ,  ,  ,          ,          ,        ,
 1, 1, 1,0000000199,0000000070, 5,35, 4,19,16,  ,  ,  ,  ,  ,          ,          ,        ,
 1, 1,  ,0000000063,          , 5,38, 4,19,16,  ,  ,  ,  ,  ,          ,          ,        ,
 1, 1, 1,0000000063,0000000022, 5,38, 4,19,16,  ,  ,  ,  ,  ,          ,          ,        ,
 1, 1,  ,0000000249,          , 5,38, 4,19,16,  ,  ,  ,  ,  ,          ,          ,        ,
 1, 1, 1,0000000249,0000000040, 5,38, 4,19,16,  ,  ,  ,  ,  ,          ,          ,        ,
 1, 1,  ,0000000041,          , 5,38, 4,19,16,  ,  ,  ,  ,  ,          ,          ,        ,
 1, 1, 1,0000000041,0000000029, 5,38, 4,19,16,  ,  ,  ,  ,  ,          ,          ,        ,
 1, 1,  ,0000000384,          , 5,38, 4,19,16,  ,  ,  ,  ,  ,          ,          ,        ,
 1, 1, 1,0000000384,0000000058, 5,38, 4,19,16,  ,  ,  ,  ,  ,          ,          ,        ,
 1, 1,  ,0000000148,          , 5,39, 4,19,16,  ,  ,  ,  ,  ,          ,          ,        ,
 1, 1, 1,0000000148,0000000040, 5,39, 4,19,16,  ,  ,  ,  ,  ,          ,          ,        ,
 1, 1,  ,0000000461,          , 5,39, 4,19,16,  ,  ,  ,  ,  ,          ,          ,        ,
 1, 1, 1,0000000461,0000000040, 5,39, 4,19,16,  ,  ,  ,  ,  ,          ,          ,        ,
 1, 1,  ,0000000302,          , 5,39, 4,19,16,  ,  ,  ,  ,  ,          ,          ,        ,
 1, 1, 1,0000000302,0000000029, 5,39, 4,19,16,  ,  ,  ,  ,  ,          ,          ,        ,
 1, 1,  ,0000000360,          , 5,39, 4,19,16,  ,  ,  ,  ,  ,          ,          ,        ,
 1, 1, 1,0000000360,0000000058, 5,39, 4,19,16,  ,  ,  ,  ,  ,          ,          ,        ,
 1, 1,  ,0000000496,          , 5,40, 4,19,16,  ,  ,  ,  ,  ,          ,          ,        ,
 1, 1, 1,0000000496,0000000031, 5,40, 4,19,16,  ,  ,  ,  ,  ,          ,          ,        ,
 1, 1,  ,0000000251,          , 5,41, 4,19,16,  ,  ,  ,  ,  ,          ,          ,        ,
 1, 1, 2,0000000251,0000000000, 5,41, 4,19,16,  ,  ,  ,  ,  ,          ,          ,        ,
 1, 1,  ,0000000403,          , 5,41, 4,19,16,  ,  ,  ,  ,  ,          ,          ,        ,
 1, 1, 1,0000000403,0000000000, 5,41, 4,19,16,  ,  ,  ,  ,  ,          ,          ,        ,
 1, 1,  ,0000000344,          , 5,41, 4,19,16,  ,  ,  ,  ,  ,          ,          ,        ,
 1, 1, 1,0000000344,0000000029, 5,41, 4,19,16,  ,  ,  ,  ,  ,          ,          ,        ,
 1, 1,  ,0000000145,          , 5,41, 4,19,16,  ,  ,  ,  ,  ,          ,          ,        ,
 1, 1, 1,0000000145,0000000058, 5,41, 4,19,16,  ,  ,  ,  ,  ,          ,          ,        ,
 1, 1,  ,0000002531,          , 5,42, 4,19,16,  ,  ,  ,  ,  ,          ,          ,        ,
 1, 1, 1,0000002531,0000000058, 5,42, 4,19,16,  ,  ,  ,  ,  ,          ,          ,        ,
 1, 1,  ,0000000493,          , 5,42, 4,19,16,  ,  ,  ,  ,  ,          ,          ,        ,
 1, 1, 1,0000000493,0000000051, 5,42, 4,19,16,  ,  ,  ,  ,  ,          ,          ,        ,
 1, 1,  ,0000000445,          , 5,42, 4,19,16,  ,  ,  ,  ,  ,          ,          ,        ,
 1, 1, 1,0000000445,0000000058, 5,42, 4,19,16,  ,  ,  ,  ,  ,          ,          ,        ,
 1, 1,  ,0000000286,          , 5,43, 4,19,16,  ,  ,  ,  ,  ,          ,          ,        ,
 1, 1, 1,0000000286,0000000029, 5,43, 4,19,16,  ,  ,  ,  ,  ,          ,          ,        ,
 1, 1,  ,0000000329,          , 5,45, 4,19,16,  ,  ,  ,  ,  ,          ,          ,        ,
 1, 1, 1,0000000329,0000000031, 5,45, 4,19,16,  ,  ,  ,  ,  ,          ,          ,        ,
 1, 1,  ,0000000057,          , 5,45, 4,19,16,  ,  ,  ,  ,  ,          ,          ,        ,
 1, 1, 1,0000000057,0000000029, 5,45, 4,19,16,  ,  ,  ,  ,  ,          ,          ,        ,
 1, 1,  ,0000000221,          , 5,45, 4,19,16,  ,  ,  ,  ,  ,          ,          ,        ,
 1, 1, 1,0000000221,0000000026, 5,45, 4,19,16,  ,  ,  ,  ,  ,          ,          ,        ,
 1, 1,  ,0000000161,          , 5,45, 4,19,16,  ,  ,  ,  ,  ,          ,          ,        ,
 1, 1, 1,0000000161,0000000033, 5,45, 4,19,16,  ,  ,  ,  ,  ,          ,          ,        ,
 1, 1,  ,0000000364,          , 5,45, 4,19,16,  ,  ,  ,  ,  ,          ,          ,        ,
 1, 1, 1,0000000364,0000000000, 5,45, 4,19,16,  ,  ,  ,  ,  ,          ,          ,        ,
 1, 1,  ,0000000205,          , 5,46, 4,19,16,  ,  ,  ,  ,  ,          ,          ,        ,
 1, 1, 1,0000000205,0000000031, 5,46, 4,19,16,  ,  ,  ,  ,  ,          ,          ,        ,
 1, 1,  ,0000002505,          , 5,46, 4,19,16,  ,  ,  ,  ,  ,          ,          ,        ,
 1, 1, 1,0000002505,0000000029, 5,46, 4,19,16,  ,  ,  ,  ,  ,          ,          ,        ,
 1, 1,  ,0000000027,          , 5,46, 4,19,16,  ,  ,  ,  ,  ,          ,          ,        ,
 1, 1, 1,0000000027,0000000029, 5,46, 4,19,16,  ,  ,  ,  ,  ,          ,          ,        ,
 1, 1,  ,0000000322,          , 5,46, 4,19,16,  ,  ,  ,  ,  ,          ,          ,        ,
 1, 1, 1,0000000322,0000000029, 5,46, 4,19,16,  ,  ,  ,  ,  ,          ,          ,        ,
 1, 1,  ,0000000080,          , 5,46, 4,19,16,  ,  ,  ,  ,  ,          ,          ,        ,
 1, 1, 1,0000000080,0000000009, 5,46, 4,19,16,  ,  ,  ,  ,  ,          ,          ,        ,
 1, 1,  ,0000000066,          , 5,47, 4,19,16,  ,  ,  ,  ,  ,          ,          ,        ,
 1, 1, 1,0000000066,0000000054, 5,47, 4,19,16,  ,  ,  ,  ,  ,          ,          ,        ,
 1, 1,  ,0000000045,          , 5,47, 4,19,16,  ,  ,  ,  ,  ,          ,          ,        ,
 1, 1, 1,0000000045,0000000040, 5,47, 4,19,16,  ,  ,  ,  ,  ,          ,          ,        ,
 1, 1,  ,0000000111,          , 5,47, 4,19,16,  ,  ,  ,  ,  ,          ,          ,        ,
 1, 1, 1,0000000111,0000000029, 5,47, 4,19,16,  ,  ,  ,  ,  ,          ,          ,        ,
 1, 1,  ,0000000347,          , 5,48, 4,19,16,  ,  ,  ,  ,  ,          ,          ,        ,
 1, 1, 1,0000000347,0000000058, 5,48, 4,19,16,  ,  ,  ,  ,  ,          ,          ,        ,
 1, 1,  ,0000000397,          , 5,48, 4,19,16,  ,  ,  ,  ,  ,          ,          ,        ,
 1, 1, 1,0000000397,0000000040, 5,48, 4,19,16,  ,  ,  ,  ,  ,          ,          ,        ,
 1, 1,  ,0000000267,          , 5,49, 4,19,16,  ,  ,  ,  ,  ,          ,          ,        ,
 1, 1, 1,0000000267,0000000000, 5,49, 4,19,16,  ,  ,  ,  ,  ,          ,          ,        ,
 1, 1,  ,0000000336,          , 5,50, 4,19,16,  ,  ,  ,  ,  ,          ,          ,        ,
 1, 1, 1,0000000336,0000000000, 5,50, 4,19,16,  ,  ,  ,  ,  ,          ,          ,        ,
 1, 1,  ,0000000237,          , 5,50, 4,19,16,  ,  ,  ,  ,  ,          ,          ,        ,
 1, 1, 1,0000000237,0000000052, 5,50, 4,19,16,  ,  ,  ,  ,  ,          ,          ,        ,
 1, 1,  ,0000000335,          , 5,51, 4,19,16,  ,  ,  ,  ,  ,          ,          ,        ,
 1, 1, 1,0000000335,0000000040, 5,51, 4,19,16,  ,  ,  ,  ,  ,          ,          ,        ,
 1, 1,  ,0000000137,          , 5,51, 4,19,16,  ,  ,  ,  ,  ,          ,          ,        ,
 1, 1, 1,0000000137,0000000058, 5,51, 4,19,16,  ,  ,  ,  ,  ,          ,          ,        ,
 1, 1,  ,0000000053,          , 5,52, 4,19,16,  ,  ,  ,  ,  ,          ,          ,        ,
 1, 1, 1,0000000053,0000000029, 5,52, 4,19,16,  ,  ,  ,  ,  ,          ,          ,        ,
 1, 1,  ,0000000317,          , 5,56, 4,19,16,  ,  ,  ,  ,  ,          ,          ,        ,
 1, 1, 1,0000000317,0000000058, 5,56, 4,19,16,  ,  ,  ,  ,  ,          ,          ,        ,
 1, 1,  ,0000000475,          , 5,56, 4,19,16,  ,  ,  ,  ,  ,          ,          ,        ,
 1, 1, 1,0000000475,0000000029, 5,56, 4,19,16,  ,  ,  ,  ,  ,          ,          ,        ,
 1, 1,  ,0000000005,          , 5,56, 4,19,16,  ,  ,  ,  ,  ,          ,          ,        ,
 1, 1, 1,0000000005,0000000031, 5,56, 4,19,16,  ,  ,  ,  ,  ,          ,          ,        ,
 1, 1,  ,0000000465,          , 5,57, 4,19,16,  ,  ,  ,  ,  ,          ,          ,        ,
 1, 1, 1,0000000465,0000000022, 5,57, 4,19,16,  ,  ,  ,  ,  ,          ,          ,        ,
 1, 1,  ,0000000012,          , 5,57, 4,19,16,  ,  ,  ,  ,  ,          ,          ,        ,
 1, 1, 1,0000000012,0000000031, 5,57, 4,19,16,  ,  ,  ,  ,  ,          ,          ,        ,
 1, 1,  ,0000000296,          , 5,57, 4,19,16,  ,  ,  ,  ,  ,          ,          ,        ,
 1, 1, 1,0000000296,0000000053, 5,57, 4,19,16,  ,  ,  ,  ,  ,          ,          ,        ,
 1, 1,  ,0000000010,          , 5,58, 4,19,16,  ,  ,  ,  ,  ,          ,          ,        ,
 1, 1, 1,0000000010,0000000029, 5,58, 4,19,16,  ,  ,  ,  ,  ,          ,          ,        ,
 1, 1,  ,0000000158,          , 6, 0, 4,19,16,  ,  ,  ,  ,  ,          ,          ,        ,
 1, 1, 1,0000000158,0000000029, 6, 0, 4,19,16,  ,  ,  ,  ,  ,          ,          ,        ,
 1, 1,  ,0000000497,          , 6, 2, 4,19,16,  ,  ,  ,  ,  ,          ,          ,        ,
 1, 1, 1,0000000497,0000000058, 6, 2, 4,19,16,  ,  ,  ,  ,  ,          ,          ,        ,
 1, 1,  ,0000000191,          , 6,39, 4,19,16,  ,  ,  ,  ,  ,          ,          ,        ,
 1, 1, 1,0000000191,0000000058, 6,39, 4,19,16,  ,  ,  ,  ,  ,          ,          ,        ,
 1, 1,  ,0000000191,          , 6,39, 4,19,16,  ,  ,  ,  ,  ,          ,          ,        ,
 1, 1, 1,0000000191,0000000058, 6,39, 4,19,16,  ,  ,  ,  ,  ,          ,          ,        ,
 1, 1,  ,0000000323,          , 6,45, 4,19,16,  ,  ,  ,  ,  ,          ,          ,        ,
 1, 1, 1,0000000323,0000000058, 6,45, 4,19,16,  ,  ,  ,  ,  ,          ,          ,        ,
 1, 1,  ,0000000133,          , 6,49, 4,19,16,  ,  ,  ,  ,  ,          ,          ,        ,
 1, 1, 1,0000000133,0000000058, 6,49, 4,19,16,  ,  ,  ,  ,  ,          ,          ,        ,
 1, 1,  ,0000000138,          , 6,54, 4,19,16,  ,  ,  ,  ,  ,          ,          ,        ,
 1, 1, 1,0000000138,0000000058, 6,54, 4,19,16,  ,  ,  ,  ,  ,          ,          ,        ,
 1, 1,  ,0000000169,          ,14,30, 4,19,16,  ,  ,  ,  ,  ,          ,          ,        ,
 1, 1, 2,0000000169,0000000000,14,30, 4,19,16,  ,  ,  ,  ,  ,          ,          ,        ,
 1, 1,  ,0000000169,          ,14,30, 4,19,16,  ,  ,  ,  ,  ,          ,          ,        ,
 1, 1, 2,0000000169,0000000000,14,30, 4,19,16,  ,  ,  ,  ,  ,          ,          ,        ,
 1, 1,  ,0000000080,          ,14,31, 4,19,16,  ,  ,  ,  ,  ,          ,          ,        ,
 1, 1, 2,0000000080,0000000000,14,31, 4,19,16,  ,  ,  ,  ,  ,          ,          ,        ,
 1, 1,  ,0000000403,          ,14,31, 4,19,16,  ,  ,  ,  ,  ,          ,          ,        ,
 1, 1, 2,0000000403,0000000000,14,31, 4,19,16,  ,  ,  ,  ,  ,          ,          ,        ,
 1, 1,  ,0000000221,          ,14,31, 4,19,16,  ,  ,  ,  ,  ,          ,          ,        ,
 1, 1, 2,0000000221,0000000000,14,31, 4,19,16,  ,  ,  ,  ,  ,          ,          ,        ,
 1, 1,  ,0000000063,          ,14,31, 4,19,16,  ,  ,  ,  ,  ,          ,          ,        ,
 1, 1, 2,0000000063,0000000000,14,31, 4,19,16,  ,  ,  ,  ,  ,          ,          ,        ,
 1, 1,  ,0000000465,          ,14,31, 4,19,16,  ,  ,  ,  ,  ,          ,          ,        ,
 1, 1, 2,0000000465,0000000000,14,31, 4,19,16,  ,  ,  ,  ,  ,          ,          ,        ,
 1, 1,  ,0000000465,          ,14,31, 4,19,16,  ,  ,  ,  ,  ,          ,          ,        ,
 1, 1, 2,0000000465,0000000000,14,31, 4,19,16,  ,  ,  ,  ,  ,          ,          ,        ,
 1, 1,  ,0000000496,          ,14,32, 4,19,16,  ,  ,  ,  ,  ,          ,          ,        ,
 1, 1, 2,0000000496,0000000000,14,32, 4,19,16,  ,  ,  ,  ,  ,          ,          ,        ,
 1, 1,  ,0000000267,          ,14,32, 4,19,16,  ,  ,  ,  ,  ,          ,          ,        ,
 1, 1, 2,0000000267,0000000000,14,32, 4,19,16,  ,  ,  ,  ,  ,          ,          ,        ,
 1, 1,  ,0000000335,          ,14,32, 4,19,16,  ,  ,  ,  ,  ,          ,          ,        ,
 1, 1, 2,0000000335,0000000000,14,32, 4,19,16,  ,  ,  ,  ,  ,          ,          ,        ,
 1, 1,  ,0000000111,          ,14,34, 4,19,16,  ,  ,  ,  ,  ,          ,          ,        ,
 1, 1, 2,0000000111,0000000000,14,34, 4,19,16,  ,  ,  ,  ,  ,          ,          ,        ,
 1, 1,  ,0000000493,          ,14,34, 4,19,16,  ,  ,  ,  ,  ,          ,          ,        ,
 1, 1, 2,0000000493,0000000000,14,34, 4,19,16,  ,  ,  ,  ,  ,          ,          ,        ,
 1, 1,  ,0000000205,          ,14,34, 4,19,16,  ,  ,  ,  ,  ,          ,          ,        ,
 1, 1, 2,0000000205,0000000000,14,34, 4,19,16,  ,  ,  ,  ,  ,          ,          ,        ,
 1, 1,  ,0000000438,          ,14,37, 4,19,16,  ,  ,  ,  ,  ,          ,          ,        ,
 1, 1, 2,0000000438,0000000000,14,37, 4,19,16,  ,  ,  ,  ,  ,          ,          ,        ,
 1, 1,  ,0000000475,          ,14,37, 4,19,16,  ,  ,  ,  ,  ,          ,          ,        ,
 1, 1, 2,0000000475,0000000000,14,37, 4,19,16,  ,  ,  ,  ,  ,          ,          ,        ,
 1, 1,  ,0000000336,          ,14,38, 4,19,16,  ,  ,  ,  ,  ,          ,          ,        ,
 1, 1, 2,0000000336,0000000000,14,38, 4,19,16,  ,  ,  ,  ,  ,          ,          ,        ,
 1, 1,  ,0000000057,          ,14,40, 4,19,16,  ,  ,  ,  ,  ,          ,          ,        ,
 1, 1, 2,0000000057,0000000000,14,40, 4,19,16,  ,  ,  ,  ,  ,          ,          ,        ,
 1, 1,  ,0000000161,          ,14,40, 4,19,16,  ,  ,  ,  ,  ,          ,          ,        ,
 1, 1, 2,0000000161,0000000000,14,40, 4,19,16,  ,  ,  ,  ,  ,          ,          ,        ,
 1, 1,  ,0000000364,          ,14,41, 4,19,16,  ,  ,  ,  ,  ,          ,          ,        ,
 1, 1, 2,0000000364,0000000000,14,41, 4,19,16,  ,  ,  ,  ,  ,          ,          ,        ,
 1, 1,  ,0000000005,          ,14,42, 4,19,16,  ,  ,  ,  ,  ,          ,          ,        ,
 1, 1, 1,0000000005,0000000005,14,42, 4,19,16,  ,  ,  ,  ,  ,          ,          ,        ,
 1, 1,  ,0000000108,          ,14,44, 4,19,16,  ,  ,  ,  ,  ,          ,          ,        ,
 1, 1, 2,0000000108,0000000000,14,44, 4,19,16,  ,  ,  ,  ,  ,          ,          ,        ,
 1, 1,  ,0000000302,          ,14,48, 4,19,16,  ,  ,  ,  ,  ,          ,          ,        ,
 1, 1, 2,0000000302,0000000000,14,48, 4,19,16,  ,  ,  ,  ,  ,          ,          ,        ,
 1, 1,  ,0000000347,          ,17, 0, 4,19,16,  ,  ,  ,  ,  ,          ,          ,        ,
 1, 1, 2,0000000347,0000000000,17, 0, 4,19,16,  ,  ,  ,  ,  ,          ,          ,        ,
 1, 1,  ,0000000249,          ,17, 0, 4,19,16,  ,  ,  ,  ,  ,          ,          ,        ,
 1, 1, 2,0000000249,0000000000,17, 0, 4,19,16,  ,  ,  ,  ,  ,          ,          ,        ,
 1, 1,  ,0000000148,          ,17, 0, 4,19,16,  ,  ,  ,  ,  ,          ,          ,        ,
 1, 1, 2,0000000148,0000000000,17, 0, 4,19,16,  ,  ,  ,  ,  ,          ,          ,        ,
 1, 1,  ,0000000322,          ,17, 0, 4,19,16,  ,  ,  ,  ,  ,          ,          ,        ,
 1, 1, 2,0000000322,0000000000,17, 0, 4,19,16,  ,  ,  ,  ,  ,          ,          ,        ,
 1, 1,  ,0000000053,          ,17, 0, 4,19,16,  ,  ,  ,  ,  ,          ,          ,        ,
 1, 1, 2,0000000053,0000000000,17, 0, 4,19,16,  ,  ,  ,  ,  ,          ,          ,        ,
 1, 1,  ,0000000461,          ,17, 1, 4,19,16,  ,  ,  ,  ,  ,          ,          ,        ,
 1, 1, 2,0000000461,0000000000,17, 1, 4,19,16,  ,  ,  ,  ,  ,          ,          ,        ,
 1, 1,  ,0000000010,          ,17, 1, 4,19,16,  ,  ,  ,  ,  ,          ,          ,        ,
 1, 1, 2,0000000010,0000000000,17, 1, 4,19,16,  ,  ,  ,  ,  ,          ,          ,        ,
 1, 1,  ,0000000251,          ,17, 1, 4,19,16,  ,  ,  ,  ,  ,          ,          ,        ,
 1, 1, 2,0000000251,0000000000,17, 1, 4,19,16,  ,  ,  ,  ,  ,          ,          ,        ,
 1, 1,  ,0000000158,          ,17, 1, 4,19,16,  ,  ,  ,  ,  ,          ,          ,        ,
 1, 1, 2,0000000158,0000000000,17, 1, 4,19,16,  ,  ,  ,  ,  ,          ,          ,        ,
 1, 1,  ,0000000329,          ,17, 1, 4,19,16,  ,  ,  ,  ,  ,          ,          ,        ,
 1, 1, 2,0000000329,0000000000,17, 1, 4,19,16,  ,  ,  ,  ,  ,          ,          ,        ,
 1, 1,  ,0000000422,          ,17, 3, 4,19,16,  ,  ,  ,  ,  ,          ,          ,        ,
 1, 1, 2,0000000422,0000000000,17, 3, 4,19,16,  ,  ,  ,  ,  ,          ,          ,        ,
 1, 1,  ,0000000397,          ,17, 4, 4,19,16,  ,  ,  ,  ,  ,          ,          ,        ,
 1, 1, 2,0000000397,0000000000,17, 4, 4,19,16,  ,  ,  ,  ,  ,          ,          ,        ,
 1, 1,  ,0000000168,          ,17, 5, 4,19,16,  ,  ,  ,  ,  ,          ,          ,        ,
 1, 1, 2,0000000168,0000000000,17, 5, 4,19,16,  ,  ,  ,  ,  ,          ,          ,        ,
 1, 1,  ,0000000497,          ,17, 9, 4,19,16,  ,  ,  ,  ,  ,          ,          ,        ,
 1, 1, 2,0000000497,0000000000,17, 9, 4,19,16,  ,  ,  ,  ,  ,          ,          ,        ,
 1, 1,  ,0000000344,          ,17,11, 4,19,16,  ,  ,  ,  ,  ,          ,          ,        ,
 1, 1, 2,0000000344,0000000000,17,11, 4,19,16,  ,  ,  ,  ,  ,          ,          ,        ,
 1, 1,  ,0000000027,          ,17,12, 4,19,16,  ,  ,  ,  ,  ,          ,          ,        ,
 1, 1, 2,0000000027,0000000000,17,12, 4,19,16,  ,  ,  ,  ,  ,          ,          ,        ,
 1, 1,  ,0000000041,          ,17,12, 4,19,16,  ,  ,  ,  ,  ,          ,          ,        ,
 1, 1, 2,0000000041,0000000000,17,12, 4,19,16,  ,  ,  ,  ,  ,          ,          ,        ,
 1, 1,  ,0000000066,          ,18, 2, 4,19,16,  ,  ,  ,  ,  ,          ,          ,        ,
 1, 1, 2,0000000066,0000000000,18, 2, 4,19,16,  ,  ,  ,  ,  ,          ,          ,        ,
 1, 1,  ,0000000214,          ,18, 3, 4,19,16,  ,  ,  ,  ,  ,          ,          ,        ,
 1, 1, 2,0000000214,0000000000,18, 3, 4,19,16,  ,  ,  ,  ,  ,          ,          ,        ,
 1, 1,  ,0000000199,          ,18, 3, 4,19,16,  ,  ,  ,  ,  ,          ,          ,        ,
 1, 1, 2,0000000199,0000000000,18, 3, 4,19,16,  ,  ,  ,  ,  ,          ,          ,        ,
 1, 1,  ,0000000145,          ,18, 3, 4,19,16,  ,  ,  ,  ,  ,          ,          ,        ,
 1, 1, 2,0000000145,0000000000,18, 3, 4,19,16,  ,  ,  ,  ,  ,          ,          ,        ,
 1, 1,  ,0000000296,          ,18, 4, 4,19,16,  ,  ,  ,  ,  ,          ,          ,        ,
 1, 1, 2,0000000296,0000000000,18, 4, 4,19,16,  ,  ,  ,  ,  ,          ,          ,        ,
 1, 1,  ,0000000237,          ,18, 4, 4,19,16,  ,  ,  ,  ,  ,          ,          ,        ,
 1, 1, 2,0000000237,0000000000,18, 4, 4,19,16,  ,  ,  ,  ,  ,          ,          ,        ,
 1, 1,  ,0000000323,          ,18, 6, 4,19,16,  ,  ,  ,  ,  ,          ,          ,        ,
 1, 1, 2,0000000323,0000000000,18, 6, 4,19,16,  ,  ,  ,  ,  ,          ,          ,        ,
 1, 1,  ,0000000133,          ,18, 6, 4,19,16,  ,  ,  ,  ,  ,          ,          ,        ,
 1, 1, 2,0000000133,0000000000,18, 6, 4,19,16,  ,  ,  ,  ,  ,          ,          ,        ,
 1, 1,  ,0000000295,          ,18, 6, 4,19,16,  ,  ,  ,  ,  ,          ,          ,        ,
 1, 1, 2,0000000295,0000000000,18, 6, 4,19,16,  ,  ,  ,  ,  ,          ,          ,        ,
 1, 1,  ,0000000191,          ,18, 7, 4,19,16,  ,  ,  ,  ,  ,          ,          ,        ,
 1, 1, 2,0000000191,0000000000,18, 7, 4,19,16,  ,  ,  ,  ,  ,          ,          ,        ,
 1, 1,  ,0000000384,          ,18, 8, 4,19,16,  ,  ,  ,  ,  ,          ,          ,        ,
 1, 1, 2,0000000384,0000000000,18, 8, 4,19,16,  ,  ,  ,  ,  ,          ,          ,        ,
 1, 1,  ,0000000138,          ,18, 9, 4,19,16,  ,  ,  ,  ,  ,          ,          ,        ,
 1, 1, 2,0000000138,0000000000,18, 9, 4,19,16,  ,  ,  ,  ,  ,          ,          ,        ,
 1, 1,  ,0000002531,          ,20,26, 4,19,16,  ,  ,  ,  ,  ,          ,          ,        ,
 1, 1, 2,0000002531,0000000000,20,26, 4,19,16,  ,  ,  ,  ,  ,          ,          ,        ,
 1, 1,  ,0000000137,          ,20,32, 4,19,16,  ,  ,  ,  ,  ,          ,          ,        ,
 1, 1, 2,0000000137,0000000000,20,32, 4,19,16,  ,  ,  ,  ,  ,          ,          ,        ,
 1, 1,  ,0000000445,          ,20,34, 4,19,16,  ,  ,  ,  ,  ,          ,          ,        ,
 1, 1, 2,0000000445,0000000000,20,34, 4,19,16,  ,  ,  ,  ,  ,          ,          ,        ,
 1, 1,  ,0000000360,          ,20,35, 4,19,16,  ,  ,  ,  ,  ,          ,          ,        ,
 1, 1, 2,0000000360,0000000000,20,35, 4,19,16,  ,  ,  ,  ,  ,          ,          ,        ,
 1, 1,  ,0000000148,          , 5,33, 4,20,16,  ,  ,  ,  ,  ,          ,          ,        ,
 1, 1, 1,0000000148,0000000040, 5,33, 4,20,16,  ,  ,  ,  ,  ,          ,          ,        ,
 1, 1,  ,0000000422,          , 5,34, 4,20,16,  ,  ,  ,  ,  ,          ,          ,        ,
 1, 1, 1,0000000422,0000000071, 5,34, 4,20,16,  ,  ,  ,  ,  ,          ,          ,        ,
 1, 1,  ,0000000438,          , 5,37, 4,20,16,  ,  ,  ,  ,  ,          ,          ,        ,
 1, 1, 1,0000000438,0000000022, 5,37, 4,20,16,  ,  ,  ,  ,  ,          ,          ,        ,
 1, 1,  ,0000000199,          , 5,37, 4,20,16,  ,  ,  ,  ,  ,          ,          ,        ,
 1, 1, 1,0000000199,0000000070, 5,37, 4,20,16,  ,  ,  ,  ,  ,          ,          ,        ,
 1, 1,  ,0000000249,          , 5,37, 4,20,16,  ,  ,  ,  ,  ,          ,          ,        ,
 1, 1, 1,0000000249,0000000040, 5,37, 4,20,16,  ,  ,  ,  ,  ,          ,          ,        ,
 1, 1,  ,0000000063,          , 5,37, 4,20,16,  ,  ,  ,  ,  ,          ,          ,        ,
 1, 1, 1,0000000063,0000000022, 5,37, 4,20,16,  ,  ,  ,  ,  ,          ,          ,        ,
 1, 1,  ,0000000041,          , 5,38, 4,20,16,  ,  ,  ,  ,  ,          ,          ,        ,
 1, 1, 1,0000000041,0000000029, 5,38, 4,20,16,  ,  ,  ,  ,  ,          ,          ,        ,
 1, 1,  ,0000000403,          , 5,38, 4,20,16,  ,  ,  ,  ,  ,          ,          ,        ,
 1, 1, 1,0000000403,0000000031, 5,38, 4,20,16,  ,  ,  ,  ,  ,          ,          ,        ,
 1, 1,  ,0000000496,          , 5,38, 4,20,16,  ,  ,  ,  ,  ,          ,          ,        ,
 1, 1, 1,0000000496,0000000031, 5,38, 4,20,16,  ,  ,  ,  ,  ,          ,          ,        ,
 1, 1,  ,0000000302,          , 5,39, 4,20,16,  ,  ,  ,  ,  ,          ,          ,        ,
 1, 1, 1,0000000302,0000000029, 5,39, 4,20,16,  ,  ,  ,  ,  ,          ,          ,        ,
 1, 1,  ,0000000360,          , 5,39, 4,20,16,  ,  ,  ,  ,  ,          ,          ,        ,
 1, 1, 1,0000000360,0000000058, 5,39, 4,20,16,  ,  ,  ,  ,  ,          ,          ,        ,
 1, 1,  ,0000000322,          , 5,39, 4,20,16,  ,  ,  ,  ,  ,          ,          ,        ,
 1, 1, 1,0000000322,0000000002, 5,39, 4,20,16,  ,  ,  ,  ,  ,          ,          ,        ,
 1, 1,  ,0000000431,          , 5,39, 4,20,16,  ,  ,  ,  ,  ,          ,          ,        ,
 1, 1, 1,0000000431,0000000029, 5,39, 4,20,16,  ,  ,  ,  ,  ,          ,          ,        ,
 1, 1,  ,0000000322,          , 5,39, 4,20,16,  ,  ,  ,  ,  ,          ,          ,        ,
 1, 1, 1,0000000322,0000000029, 5,39, 4,20,16,  ,  ,  ,  ,  ,          ,          ,        ,
 1, 1,  ,0000000384,          , 5,40, 4,20,16,  ,  ,  ,  ,  ,          ,          ,        ,
 1, 1, 1,0000000384,0000000058, 5,40, 4,20,16,  ,  ,  ,  ,  ,          ,          ,        ,
 1, 1,  ,0000000344,          , 5,40, 4,20,16,  ,  ,  ,  ,  ,          ,          ,        ,
 1, 1, 1,0000000344,0000000029, 5,40, 4,20,16,  ,  ,  ,  ,  ,          ,          ,        ,
 1, 1,  ,0000002531,          , 5,42, 4,20,16,  ,  ,  ,  ,  ,          ,          ,        ,
 1, 1, 1,0000002531,0000000058, 5,42, 4,20,16,  ,  ,  ,  ,  ,          ,          ,        ,
 1, 1,  ,0000000445,          , 5,42, 4,20,16,  ,  ,  ,  ,  ,          ,          ,        ,
 1, 1, 1,0000000445,0000000058, 5,42, 4,20,16,  ,  ,  ,  ,  ,          ,          ,        ,
 1, 1,  ,0000000286,          , 5,42, 4,20,16,  ,  ,  ,  ,  ,          ,          ,        ,
 1, 1, 1,0000000286,0000000029, 5,42, 4,20,16,  ,  ,  ,  ,  ,          ,          ,        ,
 1, 1,  ,0000000335,          , 5,43, 4,20,16,  ,  ,  ,  ,  ,          ,          ,        ,
 1, 1, 1,0000000335,0000000040, 5,43, 4,20,16,  ,  ,  ,  ,  ,          ,          ,        ,
 1, 1,  ,0000000329,          , 5,43, 4,20,16,  ,  ,  ,  ,  ,          ,          ,        ,
 1, 1, 1,0000000329,0000000031, 5,43, 4,20,16,  ,  ,  ,  ,  ,          ,          ,        ,
 1, 1,  ,0000000301,          , 5,43, 4,20,16,  ,  ,  ,  ,  ,          ,          ,        ,
 1, 1, 1,0000000301,0000000040, 5,43, 4,20,16,  ,  ,  ,  ,  ,          ,          ,        ,
 1, 1,  ,0000000303,          , 5,44, 4,20,16,  ,  ,  ,  ,  ,          ,          ,        ,
 1, 1, 1,0000000303,0000000058, 5,44, 4,20,16,  ,  ,  ,  ,  ,          ,          ,        ,
 1, 1,  ,0000000364,          , 5,44, 4,20,16,  ,  ,  ,  ,  ,          ,          ,        ,
 1, 1, 1,0000000364,0000000000, 5,44, 4,20,16,  ,  ,  ,  ,  ,          ,          ,        ,
 1, 1,  ,0000000111,          , 5,44, 4,20,16,  ,  ,  ,  ,  ,          ,          ,        ,
 1, 1, 1,0000000111,0000000029, 5,44, 4,20,16,  ,  ,  ,  ,  ,          ,          ,        ,
 1, 1,  ,0000000237,          , 5,45, 4,20,16,  ,  ,  ,  ,  ,          ,          ,        ,
 1, 1, 1,0000000237,0000000052, 5,45, 4,20,16,  ,  ,  ,  ,  ,          ,          ,        ,
 1, 1,  ,0000000251,          , 5,45, 4,20,16,  ,  ,  ,  ,  ,          ,          ,        ,
 1, 1, 1,0000000251,0000000022, 5,45, 4,20,16,  ,  ,  ,  ,  ,          ,          ,        ,
 1, 1,  ,0000000267,          , 5,46, 4,20,16,  ,  ,  ,  ,  ,          ,          ,        ,
 1, 1, 1,0000000267,0000000000, 5,46, 4,20,16,  ,  ,  ,  ,  ,          ,          ,        ,
 1, 1,  ,0000000336,          , 5,46, 4,20,16,  ,  ,  ,  ,  ,          ,          ,        ,
 1, 1, 1,0000000336,0000000000, 5,46, 4,20,16,  ,  ,  ,  ,  ,          ,          ,        ,
 1, 1,  ,0000000145,          , 5,47, 4,20,16,  ,  ,  ,  ,  ,          ,          ,        ,
 1, 1, 1,0000000145,0000000058, 5,47, 4,20,16,  ,  ,  ,  ,  ,          ,          ,        ,
 1, 1,  ,0000000057,          , 5,47, 4,20,16,  ,  ,  ,  ,  ,          ,          ,        ,
 1, 1, 1,0000000057,0000000029, 5,47, 4,20,16,  ,  ,  ,  ,  ,          ,          ,        ,
 1, 1,  ,0000000108,          , 5,47, 4,20,16,  ,  ,  ,  ,  ,          ,          ,        ,
 1, 1, 1,0000000108,0000000029, 5,47, 4,20,16,  ,  ,  ,  ,  ,          ,          ,        ,
 1, 1,  ,0000000205,          , 5,48, 4,20,16,  ,  ,  ,  ,  ,          ,          ,        ,
 1, 1, 1,0000000205,0000000031, 5,48, 4,20,16,  ,  ,  ,  ,  ,          ,          ,        ,
 1, 1,  ,0000000221,          , 5,48, 4,20,16,  ,  ,  ,  ,  ,          ,          ,        ,
 1, 1, 1,0000000221,0000000026, 5,48, 4,20,16,  ,  ,  ,  ,  ,          ,          ,        ,
 1, 1,  ,0000000080,          , 5,48, 4,20,16,  ,  ,  ,  ,  ,          ,          ,        ,
 1, 1, 1,0000000080,0000000009, 5,48, 4,20,16,  ,  ,  ,  ,  ,          ,          ,        ,
 1, 1,  ,0000000045,          , 5,48, 4,20,16,  ,  ,  ,  ,  ,          ,          ,        ,
 1, 1, 1,0000000045,0000000040, 5,48, 4,20,16,  ,  ,  ,  ,  ,          ,          ,        ,
 1, 1,  ,0000002505,          , 5,50, 4,20,16,  ,  ,  ,  ,  ,          ,          ,        ,
 1, 1, 1,0000002505,0000000029, 5,50, 4,20,16,  ,  ,  ,  ,  ,          ,          ,        ,
 1, 1,  ,0000000066,          , 5,50, 4,20,16,  ,  ,  ,  ,  ,          ,          ,        ,
 1, 1, 1,0000000066,0000000054, 5,50, 4,20,16,  ,  ,  ,  ,  ,          ,          ,        ,
 1, 1,  ,0000000347,          , 5,50, 4,20,16,  ,  ,  ,  ,  ,          ,          ,        ,
 1, 1, 1,0000000347,0000000058, 5,50, 4,20,16,  ,  ,  ,  ,  ,          ,          ,        ,
 1, 1,  ,0000000137,          , 5,51, 4,20,16,  ,  ,  ,  ,  ,          ,          ,        ,
 1, 1, 1,0000000137,0000000058, 5,51, 4,20,16,  ,  ,  ,  ,  ,          ,          ,        ,
 1, 1,  ,0000000397,          , 5,52, 4,20,16,  ,  ,  ,  ,  ,          ,          ,        ,
 1, 1, 1,0000000397,0000000040, 5,52, 4,20,16,  ,  ,  ,  ,  ,          ,          ,        ,
 1, 1,  ,0000000010,          , 5,53, 4,20,16,  ,  ,  ,  ,  ,          ,          ,        ,
 1, 1, 1,0000000010,0000000029, 5,53, 4,20,16,  ,  ,  ,  ,  ,          ,          ,        ,
 1, 1,  ,0000000461,          , 5,53, 4,20,16,  ,  ,  ,  ,  ,          ,          ,        ,
 1, 1, 1,0000000461,0000000029, 5,53, 4,20,16,  ,  ,  ,  ,  ,          ,          ,        ,
 1, 1,  ,0000000465,          , 5,53, 4,20,16,  ,  ,  ,  ,  ,          ,          ,        ,
 1, 1, 1,0000000465,0000000022, 5,53, 4,20,16,  ,  ,  ,  ,  ,          ,          ,        ,
 1, 1,  ,0000000475,          , 5,53, 4,20,16,  ,  ,  ,  ,  ,          ,          ,        ,
 1, 1, 1,0000000475,0000000029, 5,53, 4,20,16,  ,  ,  ,  ,  ,          ,          ,        ,
 1, 1,  ,0000000005,          , 5,53, 4,20,16,  ,  ,  ,  ,  ,          ,          ,        ,
 1, 1, 1,0000000005,0000000031, 5,53, 4,20,16,  ,  ,  ,  ,  ,          ,          ,        ,
 1, 1,  ,0000000296,          , 5,54, 4,20,16,  ,  ,  ,  ,  ,          ,          ,        ,
 1, 1, 1,0000000296,0000000053, 5,54, 4,20,16,  ,  ,  ,  ,  ,          ,          ,        ,
 1, 1,  ,0000000053,          , 5,54, 4,20,16,  ,  ,  ,  ,  ,          ,          ,        ,
 1, 1, 1,0000000053,0000000029, 5,54, 4,20,16,  ,  ,  ,  ,  ,          ,          ,        ,
 1, 1,  ,0000000169,          , 5,57, 4,20,16,  ,  ,  ,  ,  ,          ,          ,        ,
 1, 1, 1,0000000169,0000000058, 5,57, 4,20,16,  ,  ,  ,  ,  ,          ,          ,        ,
 1, 1,  ,0000000158,          , 6, 0, 4,20,16,  ,  ,  ,  ,  ,          ,          ,        ,
 1, 1, 1,0000000158,0000000029, 6, 0, 4,20,16,  ,  ,  ,  ,  ,          ,          ,        ,
 1, 1,  ,0000000497,          , 6, 4, 4,20,16,  ,  ,  ,  ,  ,          ,          ,        ,
 1, 1, 1,0000000497,0000000058, 6, 4, 4,20,16,  ,  ,  ,  ,  ,          ,          ,        ,
 1, 1,  ,0000000012,          , 6, 6, 4,20,16,  ,  ,  ,  ,  ,          ,          ,        ,
 1, 1, 2,0000000012,0000000000, 6, 6, 4,20,16,  ,  ,  ,  ,  ,          ,          ,        ,
