 1, 1,  ,0000000181,          , 6,50, 4, 9,16,  ,  ,  ,  ,  ,          ,          ,        ,
 1, 1, 1,0000000181,0000000000, 6,50, 4, 9,16,  ,  ,  ,  ,  ,          ,          ,        ,
 1, 1,  ,0000000425,          , 6,55, 4, 9,16,  ,  ,  ,  ,  ,          ,          ,        ,
 1, 1, 1,0000000425,0000000031, 6,55, 4, 9,16,  ,  ,  ,  ,  ,          ,          ,        ,
 1, 1,  ,0000000203,          , 8,22, 4, 9,16,  ,  ,  ,  ,  ,          ,          ,        ,
 1, 1, 1,0000000203,0000000058, 8,22, 4, 9,16,  ,  ,  ,  ,  ,          ,          ,        ,
 1, 1,  ,0000000345,          ,13,15, 4, 9,16,  ,  ,  ,  ,  ,          ,          ,        ,
 1, 1, 2,0000000345,0000000000,13,15, 4, 9,16,  ,  ,  ,  ,  ,          ,          ,        ,
 1, 1,  ,0000000252,          ,13,15, 4, 9,16,  ,  ,  ,  ,  ,          ,          ,        ,
 1, 1, 2,0000000252,0000000000,13,15, 4, 9,16,  ,  ,  ,  ,  ,          ,          ,        ,
 1, 1,  ,0000000210,          ,13,15, 4, 9,16,  ,  ,  ,  ,  ,          ,          ,        ,
 1, 1, 2,0000000210,0000000000,13,15, 4, 9,16,  ,  ,  ,  ,  ,          ,          ,        ,
 1, 1,  ,0000000206,          ,13,15, 4, 9,16,  ,  ,  ,  ,  ,          ,          ,        ,
 1, 1, 2,0000000206,0000000000,13,15, 4, 9,16,  ,  ,  ,  ,  ,          ,          ,        ,
 1, 1,  ,0000000074,          ,13,15, 4, 9,16,  ,  ,  ,  ,  ,          ,          ,        ,
 1, 1, 2,0000000074,0000000000,13,15, 4, 9,16,  ,  ,  ,  ,  ,          ,          ,        ,
 1, 1,  ,0000000021,          ,13,15, 4, 9,16,  ,  ,  ,  ,  ,          ,          ,        ,
 1, 1, 2,0000000021,0000000000,13,15, 4, 9,16,  ,  ,  ,  ,  ,          ,          ,        ,
 1, 1,  ,0000000269,          ,13,16, 4, 9,16,  ,  ,  ,  ,  ,          ,          ,        ,
 1, 1, 2,0000000269,0000000000,13,16, 4, 9,16,  ,  ,  ,  ,  ,          ,          ,        ,
 1, 1,  ,0000000332,          ,13,16, 4, 9,16,  ,  ,  ,  ,  ,          ,          ,        ,
 1, 1, 2,0000000332,0000000000,13,16, 4, 9,16,  ,  ,  ,  ,  ,          ,          ,        ,
 1, 1,  ,0000000122,          ,13,16, 4, 9,16,  ,  ,  ,  ,  ,          ,          ,        ,
 1, 1, 2,0000000122,0000000000,13,16, 4, 9,16,  ,  ,  ,  ,  ,          ,          ,        ,
 1, 1,  ,0000000404,          ,13,16, 4, 9,16,  ,  ,  ,  ,  ,          ,          ,        ,
 1, 1, 2,0000000404,0000000000,13,16, 4, 9,16,  ,  ,  ,  ,  ,          ,          ,        ,
 1, 1,  ,0000000246,          ,13,16, 4, 9,16,  ,  ,  ,  ,  ,          ,          ,        ,
 1, 1, 2,0000000246,0000000000,13,16, 4, 9,16,  ,  ,  ,  ,  ,          ,          ,        ,
 1, 1,  ,0000000196,          ,13,16, 4, 9,16,  ,  ,  ,  ,  ,          ,          ,        ,
 1, 1, 2,0000000196,0000000000,13,16, 4, 9,16,  ,  ,  ,  ,  ,          ,          ,        ,
 1, 1,  ,0000000250,          ,13,16, 4, 9,16,  ,  ,  ,  ,  ,          ,          ,        ,
 1, 1, 2,0000000250,0000000000,13,16, 4, 9,16,  ,  ,  ,  ,  ,          ,          ,        ,
 1, 1,  ,0000002504,          ,13,16, 4, 9,16,  ,  ,  ,  ,  ,          ,          ,        ,
 1, 1, 2,0000002504,0000000000,13,16, 4, 9,16,  ,  ,  ,  ,  ,          ,          ,        ,
 1, 1,  ,0000000238,          ,13,17, 4, 9,16,  ,  ,  ,  ,  ,          ,          ,        ,
 1, 1, 2,0000000238,0000000000,13,17, 4, 9,16,  ,  ,  ,  ,  ,          ,          ,        ,
 1, 1,  ,0000000030,          ,13,17, 4, 9,16,  ,  ,  ,  ,  ,          ,          ,        ,
 1, 1, 2,0000000030,0000000000,13,17, 4, 9,16,  ,  ,  ,  ,  ,          ,          ,        ,
 1, 1,  ,0000000144,          ,13,17, 4, 9,16,  ,  ,  ,  ,  ,          ,          ,        ,
 1, 1, 2,0000000144,0000000000,13,17, 4, 9,16,  ,  ,  ,  ,  ,          ,          ,        ,
 1, 1,  ,0000000166,          ,13,17, 4, 9,16,  ,  ,  ,  ,  ,          ,          ,        ,
 1, 1, 2,0000000166,0000000000,13,17, 4, 9,16,  ,  ,  ,  ,  ,          ,          ,        ,
 1, 1,  ,0000000083,          ,13,17, 4, 9,16,  ,  ,  ,  ,  ,          ,          ,        ,
 1, 1, 2,0000000083,0000000000,13,17, 4, 9,16,  ,  ,  ,  ,  ,          ,          ,        ,
 1, 1,  ,0000000428,          ,13,17, 4, 9,16,  ,  ,  ,  ,  ,          ,          ,        ,
 1, 1, 2,0000000428,0000000000,13,17, 4, 9,16,  ,  ,  ,  ,  ,          ,          ,        ,
 1, 1,  ,0000000072,          ,13,17, 4, 9,16,  ,  ,  ,  ,  ,          ,          ,        ,
 1, 1, 2,0000000072,0000000000,13,17, 4, 9,16,  ,  ,  ,  ,  ,          ,          ,        ,
 1, 1,  ,0000000033,          ,13,17, 4, 9,16,  ,  ,  ,  ,  ,          ,          ,        ,
 1, 1, 2,0000000033,0000000000,13,17, 4, 9,16,  ,  ,  ,  ,  ,          ,          ,        ,
 1, 1,  ,0000000189,          ,13,17, 4, 9,16,  ,  ,  ,  ,  ,          ,          ,        ,
 1, 1, 2,0000000189,0000000000,13,17, 4, 9,16,  ,  ,  ,  ,  ,          ,          ,        ,
 1, 1,  ,0000000204,          ,13,18, 4, 9,16,  ,  ,  ,  ,  ,          ,          ,        ,
 1, 1, 2,0000000204,0000000000,13,18, 4, 9,16,  ,  ,  ,  ,  ,          ,          ,        ,
 1, 1,  ,0000000366,          ,13,18, 4, 9,16,  ,  ,  ,  ,  ,          ,          ,        ,
 1, 1, 2,0000000366,0000000000,13,18, 4, 9,16,  ,  ,  ,  ,  ,          ,          ,        ,
 1, 1,  ,0000000016,          ,13,18, 4, 9,16,  ,  ,  ,  ,  ,          ,          ,        ,
 1, 1, 2,0000000016,0000000000,13,18, 4, 9,16,  ,  ,  ,  ,  ,          ,          ,        ,
 1, 1,  ,0000000082,          ,13,18, 4, 9,16,  ,  ,  ,  ,  ,          ,          ,        ,
 1, 1, 2,0000000082,0000000000,13,18, 4, 9,16,  ,  ,  ,  ,  ,          ,          ,        ,
 1, 1,  ,0000000439,          ,13,18, 4, 9,16,  ,  ,  ,  ,  ,          ,          ,        ,
 1, 1, 2,0000000439,0000000000,13,18, 4, 9,16,  ,  ,  ,  ,  ,          ,          ,        ,
 1, 1,  ,0000000037,          ,13,18, 4, 9,16,  ,  ,  ,  ,  ,          ,          ,        ,
 1, 1, 2,0000000037,0000000000,13,18, 4, 9,16,  ,  ,  ,  ,  ,          ,          ,        ,
 1, 1,  ,0000000109,          ,13,18, 4, 9,16,  ,  ,  ,  ,  ,          ,          ,        ,
 1, 1, 2,0000000109,0000000000,13,18, 4, 9,16,  ,  ,  ,  ,  ,          ,          ,        ,
 1, 1,  ,0000000025,          ,13,18, 4, 9,16,  ,  ,  ,  ,  ,          ,          ,        ,
 1, 1, 2,0000000025,0000000000,13,18, 4, 9,16,  ,  ,  ,  ,  ,          ,          ,        ,
 1, 1,  ,0000000044,          ,13,18, 4, 9,16,  ,  ,  ,  ,  ,          ,          ,        ,
 1, 1, 2,0000000044,0000000000,13,18, 4, 9,16,  ,  ,  ,  ,  ,          ,          ,        ,
 1, 1,  ,0000000065,          ,13,18, 4, 9,16,  ,  ,  ,  ,  ,          ,          ,        ,
 1, 1, 2,0000000065,0000000000,13,18, 4, 9,16,  ,  ,  ,  ,  ,          ,          ,        ,
 1, 1,  ,0000000215,          ,13,19, 4, 9,16,  ,  ,  ,  ,  ,          ,          ,        ,
 1, 1, 2,0000000215,0000000000,13,19, 4, 9,16,  ,  ,  ,  ,  ,          ,          ,        ,
 1, 1,  ,0000000167,          ,13,19, 4, 9,16,  ,  ,  ,  ,  ,          ,          ,        ,
 1, 1, 2,0000000167,0000000000,13,19, 4, 9,16,  ,  ,  ,  ,  ,          ,          ,        ,
 1, 1,  ,0000000069,          ,13,19, 4, 9,16,  ,  ,  ,  ,  ,          ,          ,        ,
 1, 1, 2,0000000069,0000000000,13,19, 4, 9,16,  ,  ,  ,  ,  ,          ,          ,        ,
 1, 1,  ,0000000242,          ,13,19, 4, 9,16,  ,  ,  ,  ,  ,          ,          ,        ,
 1, 1, 2,0000000242,0000000000,13,19, 4, 9,16,  ,  ,  ,  ,  ,          ,          ,        ,
 1, 1,  ,0000000115,          ,13,19, 4, 9,16,  ,  ,  ,  ,  ,          ,          ,        ,
 1, 1, 2,0000000115,0000000000,13,19, 4, 9,16,  ,  ,  ,  ,  ,          ,          ,        ,
 1, 1,  ,0000000123,          ,13,19, 4, 9,16,  ,  ,  ,  ,  ,          ,          ,        ,
 1, 1, 2,0000000123,0000000000,13,19, 4, 9,16,  ,  ,  ,  ,  ,          ,          ,        ,
 1, 1,  ,0000000008,          ,13,19, 4, 9,16,  ,  ,  ,  ,  ,          ,          ,        ,
 1, 1, 2,0000000008,0000000000,13,19, 4, 9,16,  ,  ,  ,  ,  ,          ,          ,        ,
 1, 1,  ,0000002500,          ,13,20, 4, 9,16,  ,  ,  ,  ,  ,          ,          ,        ,
 1, 1, 2,0000002500,0000000000,13,20, 4, 9,16,  ,  ,  ,  ,  ,          ,          ,        ,
 1, 1,  ,0000000190,          ,13,20, 4, 9,16,  ,  ,  ,  ,  ,          ,          ,        ,
 1, 1, 2,0000000190,0000000000,13,20, 4, 9,16,  ,  ,  ,  ,  ,          ,          ,        ,
 1, 1,  ,0000000050,          ,13,20, 4, 9,16,  ,  ,  ,  ,  ,          ,          ,        ,
 1, 1, 2,0000000050,0000000000,13,20, 4, 9,16,  ,  ,  ,  ,  ,          ,          ,        ,
 1, 1,  ,0000000469,          ,13,20, 4, 9,16,  ,  ,  ,  ,  ,          ,          ,        ,
 1, 1, 2,0000000469,0000000000,13,20, 4, 9,16,  ,  ,  ,  ,  ,          ,          ,        ,
 1, 1,  ,0000000417,          ,13,20, 4, 9,16,  ,  ,  ,  ,  ,          ,          ,        ,
 1, 1, 2,0000000417,0000000000,13,20, 4, 9,16,  ,  ,  ,  ,  ,          ,          ,        ,
 1, 1,  ,0000000778,          ,13,20, 4, 9,16,  ,  ,  ,  ,  ,          ,          ,        ,
 1, 1, 2,0000000778,0000000000,13,20, 4, 9,16,  ,  ,  ,  ,  ,          ,          ,        ,
 1, 1,  ,0000000078,          ,13,21, 4, 9,16,  ,  ,  ,  ,  ,          ,          ,        ,
 1, 1, 2,0000000078,0000000000,13,21, 4, 9,16,  ,  ,  ,  ,  ,          ,          ,        ,
 1, 1,  ,0000002521,          ,13,21, 4, 9,16,  ,  ,  ,  ,  ,          ,          ,        ,
 1, 1, 2,0000002521,0000000000,13,21, 4, 9,16,  ,  ,  ,  ,  ,          ,          ,        ,
 1, 1,  ,0000000216,          ,13,21, 4, 9,16,  ,  ,  ,  ,  ,          ,          ,        ,
 1, 1, 2,0000000216,0000000000,13,21, 4, 9,16,  ,  ,  ,  ,  ,          ,          ,        ,
 1, 1,  ,0000000260,          ,13,21, 4, 9,16,  ,  ,  ,  ,  ,          ,          ,        ,
 1, 1, 2,0000000260,0000000000,13,21, 4, 9,16,  ,  ,  ,  ,  ,          ,          ,        ,
 1, 1,  ,0000000139,          ,13,21, 4, 9,16,  ,  ,  ,  ,  ,          ,          ,        ,
 1, 1, 2,0000000139,0000000000,13,21, 4, 9,16,  ,  ,  ,  ,  ,          ,          ,        ,
 1, 1,  ,0000000263,          ,13,21, 4, 9,16,  ,  ,  ,  ,  ,          ,          ,        ,
 1, 1, 2,0000000263,0000000000,13,21, 4, 9,16,  ,  ,  ,  ,  ,          ,          ,        ,
 1, 1,  ,0000000372,          ,13,21, 4, 9,16,  ,  ,  ,  ,  ,          ,          ,        ,
 1, 1, 2,0000000372,0000000000,13,21, 4, 9,16,  ,  ,  ,  ,  ,          ,          ,        ,
 1, 1,  ,0000000481,          ,13,22, 4, 9,16,  ,  ,  ,  ,  ,          ,          ,        ,
 1, 1, 2,0000000481,0000000000,13,22, 4, 9,16,  ,  ,  ,  ,  ,          ,          ,        ,
 1, 1,  ,0000000294,          ,13,22, 4, 9,16,  ,  ,  ,  ,  ,          ,          ,        ,
 1, 1, 2,0000000294,0000000000,13,22, 4, 9,16,  ,  ,  ,  ,  ,          ,          ,        ,
 1, 1,  ,0000000017,          ,13,22, 4, 9,16,  ,  ,  ,  ,  ,          ,          ,        ,
 1, 1, 2,0000000017,0000000000,13,22, 4, 9,16,  ,  ,  ,  ,  ,          ,          ,        ,
 1, 1,  ,0000000130,          ,13,22, 4, 9,16,  ,  ,  ,  ,  ,          ,          ,        ,
 1, 1, 2,0000000130,0000000000,13,22, 4, 9,16,  ,  ,  ,  ,  ,          ,          ,        ,
 1, 1,  ,0000000031,          ,13,22, 4, 9,16,  ,  ,  ,  ,  ,          ,          ,        ,
 1, 1, 2,0000000031,0000000000,13,22, 4, 9,16,  ,  ,  ,  ,  ,          ,          ,        ,
 1, 1,  ,0000000355,          ,13,22, 4, 9,16,  ,  ,  ,  ,  ,          ,          ,        ,
 1, 1, 2,0000000355,0000000000,13,22, 4, 9,16,  ,  ,  ,  ,  ,          ,          ,        ,
 1, 1,  ,0000000062,          ,13,22, 4, 9,16,  ,  ,  ,  ,  ,          ,          ,        ,
 1, 1, 2,0000000062,0000000000,13,22, 4, 9,16,  ,  ,  ,  ,  ,          ,          ,        ,
 1, 1,  ,0000000399,          ,13,22, 4, 9,16,  ,  ,  ,  ,  ,          ,          ,        ,
 1, 1, 2,0000000399,0000000000,13,22, 4, 9,16,  ,  ,  ,  ,  ,          ,          ,        ,
 1, 1,  ,0000000331,          ,13,23, 4, 9,16,  ,  ,  ,  ,  ,          ,          ,        ,
 1, 1, 2,0000000331,0000000000,13,23, 4, 9,16,  ,  ,  ,  ,  ,          ,          ,        ,
 1, 1,  ,0000000090,          ,13,23, 4, 9,16,  ,  ,  ,  ,  ,          ,          ,        ,
 1, 1, 2,0000000090,0000000000,13,23, 4, 9,16,  ,  ,  ,  ,  ,          ,          ,        ,
 1, 1,  ,0000000110,          ,13,23, 4, 9,16,  ,  ,  ,  ,  ,          ,          ,        ,
 1, 1, 2,0000000110,0000000000,13,23, 4, 9,16,  ,  ,  ,  ,  ,          ,          ,        ,
 1, 1,  ,0000000458,          ,13,23, 4, 9,16,  ,  ,  ,  ,  ,          ,          ,        ,
 1, 1, 2,0000000458,0000000000,13,23, 4, 9,16,  ,  ,  ,  ,  ,          ,          ,        ,
 1, 1,  ,0000000051,          ,13,23, 4, 9,16,  ,  ,  ,  ,  ,          ,          ,        ,
 1, 1, 2,0000000051,0000000000,13,23, 4, 9,16,  ,  ,  ,  ,  ,          ,          ,        ,
 1, 1,  ,0000000140,          ,13,24, 4, 9,16,  ,  ,  ,  ,  ,          ,          ,        ,
 1, 1, 2,0000000140,0000000000,13,24, 4, 9,16,  ,  ,  ,  ,  ,          ,          ,        ,
 1, 1,  ,0000000389,          ,13,24, 4, 9,16,  ,  ,  ,  ,  ,          ,          ,        ,
 1, 1, 2,0000000389,0000000000,13,24, 4, 9,16,  ,  ,  ,  ,  ,          ,          ,        ,
 1, 1,  ,0000000056,          ,13,24, 4, 9,16,  ,  ,  ,  ,  ,          ,          ,        ,
 1, 1, 2,0000000056,0000000000,13,24, 4, 9,16,  ,  ,  ,  ,  ,          ,          ,        ,
 1, 1,  ,0000000455,          ,13,24, 4, 9,16,  ,  ,  ,  ,  ,          ,          ,        ,
 1, 1, 2,0000000455,0000000000,13,24, 4, 9,16,  ,  ,  ,  ,  ,          ,          ,        ,
 1, 1,  ,0000000039,          ,13,24, 4, 9,16,  ,  ,  ,  ,  ,          ,          ,        ,
 1, 1, 2,0000000039,0000000000,13,24, 4, 9,16,  ,  ,  ,  ,  ,          ,          ,        ,
 1, 1,  ,0000000288,          ,13,24, 4, 9,16,  ,  ,  ,  ,  ,          ,          ,        ,
 1, 1, 2,0000000288,0000000000,13,24, 4, 9,16,  ,  ,  ,  ,  ,          ,          ,        ,
 1, 1,  ,0000000297,          ,13,25, 4, 9,16,  ,  ,  ,  ,  ,          ,          ,        ,
 1, 1, 2,0000000297,0000000000,13,25, 4, 9,16,  ,  ,  ,  ,  ,          ,          ,        ,
 1, 1,  ,0000000306,          ,13,25, 4, 9,16,  ,  ,  ,  ,  ,          ,          ,        ,
 1, 1, 2,0000000306,0000000000,13,25, 4, 9,16,  ,  ,  ,  ,  ,          ,          ,        ,
 1, 1,  ,0000000311,          ,13,25, 4, 9,16,  ,  ,  ,  ,  ,          ,          ,        ,
 1, 1, 2,0000000311,0000000000,13,25, 4, 9,16,  ,  ,  ,  ,  ,          ,          ,        ,
 1, 1,  ,0000000193,          ,13,25, 4, 9,16,  ,  ,  ,  ,  ,          ,          ,        ,
 1, 1, 2,0000000193,0000000000,13,25, 4, 9,16,  ,  ,  ,  ,  ,          ,          ,        ,
 1, 1,  ,0000000011,          ,13,25, 4, 9,16,  ,  ,  ,  ,  ,          ,          ,        ,
 1, 1, 2,0000000011,0000000000,13,25, 4, 9,16,  ,  ,  ,  ,  ,          ,          ,        ,
 1, 1,  ,0000000415,          ,13,25, 4, 9,16,  ,  ,  ,  ,  ,          ,          ,        ,
 1, 1, 2,0000000415,0000000000,13,25, 4, 9,16,  ,  ,  ,  ,  ,          ,          ,        ,
 1, 1,  ,0000000462,          ,13,26, 4, 9,16,  ,  ,  ,  ,  ,          ,          ,        ,
 1, 1, 2,0000000462,0000000000,13,26, 4, 9,16,  ,  ,  ,  ,  ,          ,          ,        ,
 1, 1,  ,0000000175,          ,13,26, 4, 9,16,  ,  ,  ,  ,  ,          ,          ,        ,
 1, 1, 2,0000000175,0000000000,13,26, 4, 9,16,  ,  ,  ,  ,  ,          ,          ,        ,
 1, 1,  ,0000002512,          ,13,26, 4, 9,16,  ,  ,  ,  ,  ,          ,          ,        ,
 1, 1, 2,0000002512,0000000000,13,26, 4, 9,16,  ,  ,  ,  ,  ,          ,          ,        ,
 1, 1,  ,0000000313,          ,13,26, 4, 9,16,  ,  ,  ,  ,  ,          ,          ,        ,
 1, 1, 2,0000000313,0000000000,13,26, 4, 9,16,  ,  ,  ,  ,  ,          ,          ,        ,
 1, 1,  ,0000000222,          ,13,26, 4, 9,16,  ,  ,  ,  ,  ,          ,          ,        ,
 1, 1, 2,0000000222,0000000000,13,26, 4, 9,16,  ,  ,  ,  ,  ,          ,          ,        ,
 1, 1,  ,0000000108,          ,13,26, 4, 9,16,  ,  ,  ,  ,  ,          ,          ,        ,
 1, 1, 2,0000000108,0000000000,13,26, 4, 9,16,  ,  ,  ,  ,  ,          ,          ,        ,
 1, 1,  ,0000000104,          ,13,26, 4, 9,16,  ,  ,  ,  ,  ,          ,          ,        ,
 1, 1, 2,0000000104,0000000000,13,26, 4, 9,16,  ,  ,  ,  ,  ,          ,          ,        ,
 1, 1,  ,0000000353,          ,13,27, 4, 9,16,  ,  ,  ,  ,  ,          ,          ,        ,
 1, 1, 2,0000000353,0000000000,13,27, 4, 9,16,  ,  ,  ,  ,  ,          ,          ,        ,
 1, 1,  ,0000000348,          ,13,27, 4, 9,16,  ,  ,  ,  ,  ,          ,          ,        ,
 1, 1, 2,0000000348,0000000000,13,27, 4, 9,16,  ,  ,  ,  ,  ,          ,          ,        ,
 1, 1,  ,0000000061,          ,13,27, 4, 9,16,  ,  ,  ,  ,  ,          ,          ,        ,
 1, 1, 2,0000000061,0000000000,13,27, 4, 9,16,  ,  ,  ,  ,  ,          ,          ,        ,
 1, 1,  ,0000000324,          ,13,27, 4, 9,16,  ,  ,  ,  ,  ,          ,          ,        ,
 1, 1, 2,0000000324,0000000000,13,27, 4, 9,16,  ,  ,  ,  ,  ,          ,          ,        ,
 1, 1,  ,0000000328,          ,13,27, 4, 9,16,  ,  ,  ,  ,  ,          ,          ,        ,
 1, 1, 2,0000000328,0000000000,13,27, 4, 9,16,  ,  ,  ,  ,  ,          ,          ,        ,
 1, 1,  ,0000000342,          ,13,27, 4, 9,16,  ,  ,  ,  ,  ,          ,          ,        ,
 1, 1, 2,0000000342,0000000000,13,27, 4, 9,16,  ,  ,  ,  ,  ,          ,          ,        ,
 1, 1,  ,0000000279,          ,13,27, 4, 9,16,  ,  ,  ,  ,  ,          ,          ,        ,
 1, 1, 2,0000000279,0000000000,13,27, 4, 9,16,  ,  ,  ,  ,  ,          ,          ,        ,
 1, 1,  ,0000000285,          ,13,27, 4, 9,16,  ,  ,  ,  ,  ,          ,          ,        ,
 1, 1, 2,0000000285,0000000000,13,27, 4, 9,16,  ,  ,  ,  ,  ,          ,          ,        ,
 1, 1,  ,0000000164,          ,13,28, 4, 9,16,  ,  ,  ,  ,  ,          ,          ,        ,
 1, 1, 2,0000000164,0000000000,13,28, 4, 9,16,  ,  ,  ,  ,  ,          ,          ,        ,
 1, 1,  ,0000000377,          ,13,28, 4, 9,16,  ,  ,  ,  ,  ,          ,          ,        ,
 1, 1, 2,0000000377,0000000000,13,28, 4, 9,16,  ,  ,  ,  ,  ,          ,          ,        ,
 1, 1,  ,0000000052,          ,13,28, 4, 9,16,  ,  ,  ,  ,  ,          ,          ,        ,
 1, 1, 2,0000000052,0000000000,13,28, 4, 9,16,  ,  ,  ,  ,  ,          ,          ,        ,
 1, 1,  ,0000000094,          ,13,28, 4, 9,16,  ,  ,  ,  ,  ,          ,          ,        ,
 1, 1, 2,0000000094,0000000000,13,28, 4, 9,16,  ,  ,  ,  ,  ,          ,          ,        ,
 1, 1,  ,0000000023,          ,13,28, 4, 9,16,  ,  ,  ,  ,  ,          ,          ,        ,
 1, 1, 2,0000000023,0000000000,13,28, 4, 9,16,  ,  ,  ,  ,  ,          ,          ,        ,
 1, 1,  ,0000000371,          ,13,28, 4, 9,16,  ,  ,  ,  ,  ,          ,          ,        ,
 1, 1, 2,0000000371,0000000000,13,28, 4, 9,16,  ,  ,  ,  ,  ,          ,          ,        ,
 1, 1,  ,0000000184,          ,13,28, 4, 9,16,  ,  ,  ,  ,  ,          ,          ,        ,
 1, 1, 2,0000000184,0000000000,13,28, 4, 9,16,  ,  ,  ,  ,  ,          ,          ,        ,
 1, 1,  ,0000000248,          ,13,28, 4, 9,16,  ,  ,  ,  ,  ,          ,          ,        ,
 1, 1, 2,0000000248,0000000000,13,28, 4, 9,16,  ,  ,  ,  ,  ,          ,          ,        ,
 1, 1,  ,0000000257,          ,13,29, 4, 9,16,  ,  ,  ,  ,  ,          ,          ,        ,
 1, 1, 2,0000000257,0000000000,13,29, 4, 9,16,  ,  ,  ,  ,  ,          ,          ,        ,
 1, 1,  ,0000000412,          ,13,29, 4, 9,16,  ,  ,  ,  ,  ,          ,          ,        ,
 1, 1, 2,0000000412,0000000000,13,29, 4, 9,16,  ,  ,  ,  ,  ,          ,          ,        ,
 1, 1,  ,0000000380,          ,13,29, 4, 9,16,  ,  ,  ,  ,  ,          ,          ,        ,
 1, 1, 2,0000000380,0000000000,13,29, 4, 9,16,  ,  ,  ,  ,  ,          ,          ,        ,
 1, 1,  ,0000000209,          ,13,29, 4, 9,16,  ,  ,  ,  ,  ,          ,          ,        ,
 1, 1, 2,0000000209,0000000000,13,29, 4, 9,16,  ,  ,  ,  ,  ,          ,          ,        ,
 1, 1,  ,0000000478,          ,13,29, 4, 9,16,  ,  ,  ,  ,  ,          ,          ,        ,
 1, 1, 2,0000000478,0000000000,13,29, 4, 9,16,  ,  ,  ,  ,  ,          ,          ,        ,
 1, 1,  ,0000000283,          ,13,29, 4, 9,16,  ,  ,  ,  ,  ,          ,          ,        ,
 1, 1, 2,0000000283,0000000000,13,29, 4, 9,16,  ,  ,  ,  ,  ,          ,          ,        ,
 1, 1,  ,0000000362,          ,13,29, 4, 9,16,  ,  ,  ,  ,  ,          ,          ,        ,
 1, 1, 2,0000000362,0000000000,13,29, 4, 9,16,  ,  ,  ,  ,  ,          ,          ,        ,
 1, 1,  ,0000000467,          ,13,30, 4, 9,16,  ,  ,  ,  ,  ,          ,          ,        ,
 1, 1, 2,0000000467,0000000000,13,30, 4, 9,16,  ,  ,  ,  ,  ,          ,          ,        ,
 1, 1,  ,0000000395,          ,13,30, 4, 9,16,  ,  ,  ,  ,  ,          ,          ,        ,
 1, 1, 2,0000000395,0000000000,13,30, 4, 9,16,  ,  ,  ,  ,  ,          ,          ,        ,
 1, 1,  ,0000000231,          ,13,30, 4, 9,16,  ,  ,  ,  ,  ,          ,          ,        ,
 1, 1, 2,0000000231,0000000000,13,30, 4, 9,16,  ,  ,  ,  ,  ,          ,          ,        ,
 1, 1,  ,0000000350,          ,13,30, 4, 9,16,  ,  ,  ,  ,  ,          ,          ,        ,
 1, 1, 2,0000000350,0000000000,13,30, 4, 9,16,  ,  ,  ,  ,  ,          ,          ,        ,
 1, 1,  ,0000000454,          ,13,30, 4, 9,16,  ,  ,  ,  ,  ,          ,          ,        ,
 1, 1, 2,0000000454,0000000000,13,30, 4, 9,16,  ,  ,  ,  ,  ,          ,          ,        ,
 1, 1,  ,0000000064,          ,13,30, 4, 9,16,  ,  ,  ,  ,  ,          ,          ,        ,
 1, 1, 2,0000000064,0000000000,13,30, 4, 9,16,  ,  ,  ,  ,  ,          ,          ,        ,
 1, 1,  ,0000000261,          ,13,30, 4, 9,16,  ,  ,  ,  ,  ,          ,          ,        ,
 1, 1, 2,0000000261,0000000000,13,30, 4, 9,16,  ,  ,  ,  ,  ,          ,          ,        ,
 1, 1,  ,0000000427,          ,13,30, 4, 9,16,  ,  ,  ,  ,  ,          ,          ,        ,
 1, 1, 2,0000000427,0000000000,13,30, 4, 9,16,  ,  ,  ,  ,  ,          ,          ,        ,
 1, 1,  ,0000000477,          ,13,31, 4, 9,16,  ,  ,  ,  ,  ,          ,          ,        ,
 1, 1, 2,0000000477,0000000000,13,31, 4, 9,16,  ,  ,  ,  ,  ,          ,          ,        ,
 1, 1,  ,0000000430,          ,13,31, 4, 9,16,  ,  ,  ,  ,  ,          ,          ,        ,
 1, 1, 2,0000000430,0000000000,13,31, 4, 9,16,  ,  ,  ,  ,  ,          ,          ,        ,
 1, 1,  ,0000000463,          ,13,31, 4, 9,16,  ,  ,  ,  ,  ,          ,          ,        ,
 1, 1, 2,0000000463,0000000000,13,31, 4, 9,16,  ,  ,  ,  ,  ,          ,          ,        ,
 1, 1,  ,0000000351,          ,13,31, 4, 9,16,  ,  ,  ,  ,  ,          ,          ,        ,
 1, 1, 2,0000000351,0000000000,13,31, 4, 9,16,  ,  ,  ,  ,  ,          ,          ,        ,
 1, 1,  ,0000000183,          ,13,31, 4, 9,16,  ,  ,  ,  ,  ,          ,          ,        ,
 1, 1, 2,0000000183,0000000000,13,31, 4, 9,16,  ,  ,  ,  ,  ,          ,          ,        ,
 1, 1,  ,0000000185,          ,13,31, 4, 9,16,  ,  ,  ,  ,  ,          ,          ,        ,
 1, 1, 2,0000000185,0000000000,13,31, 4, 9,16,  ,  ,  ,  ,  ,          ,          ,        ,
 1, 1,  ,0000000182,          ,13,31, 4, 9,16,  ,  ,  ,  ,  ,          ,          ,        ,
 1, 1, 2,0000000182,0000000000,13,31, 4, 9,16,  ,  ,  ,  ,  ,          ,          ,        ,
 1, 1,  ,0000000299,          ,13,31, 4, 9,16,  ,  ,  ,  ,  ,          ,          ,        ,
 1, 1, 2,0000000299,0000000000,13,31, 4, 9,16,  ,  ,  ,  ,  ,          ,          ,        ,
 1, 1,  ,0000000436,          ,13,32, 4, 9,16,  ,  ,  ,  ,  ,          ,          ,        ,
 1, 1, 2,0000000436,0000000000,13,32, 4, 9,16,  ,  ,  ,  ,  ,          ,          ,        ,
 1, 1,  ,0000000429,          ,13,32, 4, 9,16,  ,  ,  ,  ,  ,          ,          ,        ,
 1, 1, 2,0000000429,0000000000,13,32, 4, 9,16,  ,  ,  ,  ,  ,          ,          ,        ,
 1, 1,  ,0000002515,          ,13,32, 4, 9,16,  ,  ,  ,  ,  ,          ,          ,        ,
 1, 1, 2,0000002515,0000000000,13,32, 4, 9,16,  ,  ,  ,  ,  ,          ,          ,        ,
 1, 1,  ,0000000103,          ,13,32, 4, 9,16,  ,  ,  ,  ,  ,          ,          ,        ,
 1, 1, 2,0000000103,0000000000,13,32, 4, 9,16,  ,  ,  ,  ,  ,          ,          ,        ,
 1, 1,  ,0000000032,          ,13,32, 4, 9,16,  ,  ,  ,  ,  ,          ,          ,        ,
 1, 1, 2,0000000032,0000000000,13,32, 4, 9,16,  ,  ,  ,  ,  ,          ,          ,        ,
 1, 1,  ,0000000076,          ,13,32, 4, 9,16,  ,  ,  ,  ,  ,          ,          ,        ,
 1, 1, 2,0000000076,0000000000,13,32, 4, 9,16,  ,  ,  ,  ,  ,          ,          ,        ,
 1, 1,  ,0000000446,          ,13,32, 4, 9,16,  ,  ,  ,  ,  ,          ,          ,        ,
 1, 1, 2,0000000446,0000000000,13,32, 4, 9,16,  ,  ,  ,  ,  ,          ,          ,        ,
 1, 1,  ,0000000226,          ,13,32, 4, 9,16,  ,  ,  ,  ,  ,          ,          ,        ,
 1, 1, 2,0000000226,0000000000,13,32, 4, 9,16,  ,  ,  ,  ,  ,          ,          ,        ,
 1, 1,  ,0000000035,          ,13,32, 4, 9,16,  ,  ,  ,  ,  ,          ,          ,        ,
 1, 1, 2,0000000035,0000000000,13,32, 4, 9,16,  ,  ,  ,  ,  ,          ,          ,        ,
 1, 1,  ,0000000488,          ,13,33, 4, 9,16,  ,  ,  ,  ,  ,          ,          ,        ,
 1, 1, 2,0000000488,0000000000,13,33, 4, 9,16,  ,  ,  ,  ,  ,          ,          ,        ,
 1, 1,  ,0000000100,          ,13,33, 4, 9,16,  ,  ,  ,  ,  ,          ,          ,        ,
 1, 1, 2,0000000100,0000000000,13,33, 4, 9,16,  ,  ,  ,  ,  ,          ,          ,        ,
 1, 1,  ,0000000007,          ,13,33, 4, 9,16,  ,  ,  ,  ,  ,          ,          ,        ,
 1, 1, 2,0000000007,0000000000,13,33, 4, 9,16,  ,  ,  ,  ,  ,          ,          ,        ,
 1, 1,  ,0000000121,          ,13,33, 4, 9,16,  ,  ,  ,  ,  ,          ,          ,        ,
 1, 1, 2,0000000121,0000000000,13,33, 4, 9,16,  ,  ,  ,  ,  ,          ,          ,        ,
 1, 1,  ,0000000396,          ,13,33, 4, 9,16,  ,  ,  ,  ,  ,          ,          ,        ,
 1, 1, 2,0000000396,0000000000,13,33, 4, 9,16,  ,  ,  ,  ,  ,          ,          ,        ,
 1, 1,  ,0000000365,          ,13,33, 4, 9,16,  ,  ,  ,  ,  ,          ,          ,        ,
 1, 1, 2,0000000365,0000000000,13,33, 4, 9,16,  ,  ,  ,  ,  ,          ,          ,        ,
 1, 1,  ,0000000171,          ,13,35, 4, 9,16,  ,  ,  ,  ,  ,          ,          ,        ,
 1, 1, 2,0000000171,0000000000,13,35, 4, 9,16,  ,  ,  ,  ,  ,          ,          ,        ,
 1, 1,  ,0000000406,          ,13,37, 4, 9,16,  ,  ,  ,  ,  ,          ,          ,        ,
 1, 1, 2,0000000406,0000000000,13,37, 4, 9,16,  ,  ,  ,  ,  ,          ,          ,        ,
 1, 1,  ,0000000075,          ,14,16, 4, 9,16,  ,  ,  ,  ,  ,          ,          ,        ,
 1, 1, 2,0000000075,0000000000,14,16, 4, 9,16,  ,  ,  ,  ,  ,          ,          ,        ,
 1, 1,  ,0000000202,          ,14,17, 4, 9,16,  ,  ,  ,  ,  ,          ,          ,        ,
 1, 1, 2,0000000202,0000000000,14,17, 4, 9,16,  ,  ,  ,  ,  ,          ,          ,        ,
 1, 1,  ,0000000425,          ,14,17, 4, 9,16,  ,  ,  ,  ,  ,          ,          ,        ,
 1, 1, 2,0000000425,0000000000,14,17, 4, 9,16,  ,  ,  ,  ,  ,          ,          ,        ,
 1, 1,  ,0000000398,          ,14,18, 4, 9,16,  ,  ,  ,  ,  ,          ,          ,        ,
 1, 1, 2,0000000398,0000000000,14,18, 4, 9,16,  ,  ,  ,  ,  ,          ,          ,        ,
 1, 1,  ,0000000114,          ,14,19, 4, 9,16,  ,  ,  ,  ,  ,          ,          ,        ,
 1, 1, 2,0000000114,0000000000,14,19, 4, 9,16,  ,  ,  ,  ,  ,          ,          ,        ,
 1, 1,  ,0000000120,          ,14,20, 4, 9,16,  ,  ,  ,  ,  ,          ,          ,        ,
 1, 1, 2,0000000120,0000000000,14,20, 4, 9,16,  ,  ,  ,  ,  ,          ,          ,        ,
 1, 1,  ,0000000327,          ,14,21, 4, 9,16,  ,  ,  ,  ,  ,          ,          ,        ,
 1, 1, 2,0000000327,0000000000,14,21, 4, 9,16,  ,  ,  ,  ,  ,          ,          ,        ,
 1, 1,  ,0000000020,          ,14,22, 4, 9,16,  ,  ,  ,  ,  ,          ,          ,        ,
 1, 1, 2,0000000020,0000000000,14,22, 4, 9,16,  ,  ,  ,  ,  ,          ,          ,        ,
 1, 1,  ,0000000361,          ,14,22, 4, 9,16,  ,  ,  ,  ,  ,          ,          ,        ,
 1, 1, 2,0000000361,0000000000,14,22, 4, 9,16,  ,  ,  ,  ,  ,          ,          ,        ,
 1, 1,  ,0000000145,          ,14,23, 4, 9,16,  ,  ,  ,  ,  ,          ,          ,        ,
 1, 1, 2,0000000145,0000000000,14,23, 4, 9,16,  ,  ,  ,  ,  ,          ,          ,        ,
 1, 1,  ,0000000373,          ,14,23, 4, 9,16,  ,  ,  ,  ,  ,          ,          ,        ,
 1, 1, 2,0000000373,0000000000,14,23, 4, 9,16,  ,  ,  ,  ,  ,          ,          ,        ,
 1, 1,  ,0000000262,          ,14,24, 4, 9,16,  ,  ,  ,  ,  ,          ,          ,        ,
 1, 1, 2,0000000262,0000000000,14,24, 4, 9,16,  ,  ,  ,  ,  ,          ,          ,        ,
 1, 1,  ,0000000112,          ,14,24, 4, 9,16,  ,  ,  ,  ,  ,          ,          ,        ,
 1, 1, 2,0000000112,0000000000,14,24, 4, 9,16,  ,  ,  ,  ,  ,          ,          ,        ,
 1, 1,  ,0000000457,          ,14,25, 4, 9,16,  ,  ,  ,  ,  ,          ,          ,        ,
 1, 1, 2,0000000457,0000000000,14,25, 4, 9,16,  ,  ,  ,  ,  ,          ,          ,        ,
 1, 1,  ,0000000309,          ,14,25, 4, 9,16,  ,  ,  ,  ,  ,          ,          ,        ,
 1, 1, 2,0000000309,0000000000,14,25, 4, 9,16,  ,  ,  ,  ,  ,          ,          ,        ,
 1, 1,  ,0000000307,          ,14,26, 4, 9,16,  ,  ,  ,  ,  ,          ,          ,        ,
 1, 1, 2,0000000307,0000000000,14,26, 4, 9,16,  ,  ,  ,  ,  ,          ,          ,        ,
 1, 1,  ,0000000317,          ,14,27, 4, 9,16,  ,  ,  ,  ,  ,          ,          ,        ,
 1, 1, 2,0000000317,0000000000,14,27, 4, 9,16,  ,  ,  ,  ,  ,          ,          ,        ,
 1, 1,  ,0000000181,          ,15,26, 4, 9,16,  ,  ,  ,  ,  ,          ,          ,        ,
 1, 1, 2,0000000181,0000000000,15,26, 4, 9,16,  ,  ,  ,  ,  ,          ,          ,        ,
 1, 1,  ,0000000232,          ,15,48, 4, 9,16,  ,  ,  ,  ,  ,          ,          ,        ,
 1, 1, 2,0000000232,0000000000,15,48, 4, 9,16,  ,  ,  ,  ,  ,          ,          ,        ,
 1, 1,  ,0000000132,          ,17,54, 4, 9,16,  ,  ,  ,  ,  ,          ,          ,        ,
 1, 1, 1,0000000132,0000000070,17,54, 4, 9,16,  ,  ,  ,  ,  ,          ,          ,        ,
 1, 1,  ,0000000132,          ,17,54, 4, 9,16,  ,  ,  ,  ,  ,          ,          ,        ,
 1, 1, 1,0000000132,0000000070,17,54, 4, 9,16,  ,  ,  ,  ,  ,          ,          ,        ,
 1, 1,  ,0000000246,          , 5,30, 4,10,16,  ,  ,  ,  ,  ,          ,          ,        ,
 1, 1, 1,0000000246,0000000040, 5,30, 4,10,16,  ,  ,  ,  ,  ,          ,          ,        ,
 1, 1,  ,0000000061,          , 5,32, 4,10,16,  ,  ,  ,  ,  ,          ,          ,        ,
 1, 1, 1,0000000061,0000000031, 5,32, 4,10,16,  ,  ,  ,  ,  ,          ,          ,        ,
 1, 1,  ,0000000404,          , 5,33, 4,10,16,  ,  ,  ,  ,  ,          ,          ,        ,
 1, 1, 1,0000000404,0000000040, 5,33, 4,10,16,  ,  ,  ,  ,  ,          ,          ,        ,
 1, 1,  ,0000000283,          , 5,33, 4,10,16,  ,  ,  ,  ,  ,          ,          ,        ,
 1, 1, 1,0000000283,0000000003, 5,33, 4,10,16,  ,  ,  ,  ,  ,          ,          ,        ,
 1, 1,  ,0000000171,          , 5,33, 4,10,16,  ,  ,  ,  ,  ,          ,          ,        ,
 1, 1, 1,0000000171,0000000029, 5,33, 4,10,16,  ,  ,  ,  ,  ,          ,          ,        ,
 1, 1,  ,0000000386,          , 5,34, 4,10,16,  ,  ,  ,  ,  ,          ,          ,        ,
 1, 1, 1,0000000386,0000000040, 5,34, 4,10,16,  ,  ,  ,  ,  ,          ,          ,        ,
 1, 1,  ,0000000008,          , 5,34, 4,10,16,  ,  ,  ,  ,  ,          ,          ,        ,
 1, 1, 1,0000000008,0000000045, 5,34, 4,10,16,  ,  ,  ,  ,  ,          ,          ,        ,
 1, 1,  ,0000000348,          , 5,34, 4,10,16,  ,  ,  ,  ,  ,          ,          ,        ,
 1, 1, 1,0000000348,0000000040, 5,34, 4,10,16,  ,  ,  ,  ,  ,          ,          ,        ,
 1, 1,  ,0000000430,          , 5,34, 4,10,16,  ,  ,  ,  ,  ,          ,          ,        ,
 1, 1, 1,0000000430,0000000040, 5,34, 4,10,16,  ,  ,  ,  ,  ,          ,          ,        ,
 1, 1,  ,0000000014,          , 5,37, 4,10,16,  ,  ,  ,  ,  ,          ,          ,        ,
 1, 1, 1,0000000014,0000000040, 5,37, 4,10,16,  ,  ,  ,  ,  ,          ,          ,        ,
 1, 1,  ,0000000227,          , 5,37, 4,10,16,  ,  ,  ,  ,  ,          ,          ,        ,
 1, 1, 1,0000000227,0000000031, 5,37, 4,10,16,  ,  ,  ,  ,  ,          ,          ,        ,
 1, 1,  ,0000000239,          , 5,38, 4,10,16,  ,  ,  ,  ,  ,          ,          ,        ,
 1, 1, 1,0000000239,0000000058, 5,38, 4,10,16,  ,  ,  ,  ,  ,          ,          ,        ,
 1, 1,  ,0000000122,          , 5,38, 4,10,16,  ,  ,  ,  ,  ,          ,          ,        ,
 1, 1, 1,0000000122,0000000071, 5,38, 4,10,16,  ,  ,  ,  ,  ,          ,          ,        ,
 1, 1,  ,0000000243,          , 5,38, 4,10,16,  ,  ,  ,  ,  ,          ,          ,        ,
 1, 1, 1,0000000243,0000000040, 5,38, 4,10,16,  ,  ,  ,  ,  ,          ,          ,        ,
 1, 1,  ,0000002513,          , 5,38, 4,10,16,  ,  ,  ,  ,  ,          ,          ,        ,
 1, 1, 1,0000002513,0000000058, 5,38, 4,10,16,  ,  ,  ,  ,  ,          ,          ,        ,
 1, 1,  ,0000000287,          , 5,38, 4,10,16,  ,  ,  ,  ,  ,          ,          ,        ,
 1, 1, 1,0000000287,0000000031, 5,38, 4,10,16,  ,  ,  ,  ,  ,          ,          ,        ,
 1, 1,  ,0000000168,          , 5,40, 4,10,16,  ,  ,  ,  ,  ,          ,          ,        ,
 1, 1, 1,0000000168,0000000051, 5,40, 4,10,16,  ,  ,  ,  ,  ,          ,          ,        ,
 1, 1,  ,0000000257,          , 5,40, 4,10,16,  ,  ,  ,  ,  ,          ,          ,        ,
 1, 1, 1,0000000257,0000000029, 5,40, 4,10,16,  ,  ,  ,  ,  ,          ,          ,        ,
 1, 1,  ,0000000368,          , 5,40, 4,10,16,  ,  ,  ,  ,  ,          ,          ,        ,
 1, 1, 1,0000000368,0000000000, 5,40, 4,10,16,  ,  ,  ,  ,  ,          ,          ,        ,
 1, 1,  ,0000000165,          , 5,40, 4,10,16,  ,  ,  ,  ,  ,          ,          ,        ,
 1, 1, 1,0000000165,0000000053, 5,40, 4,10,16,  ,  ,  ,  ,  ,          ,          ,        ,
 1, 1,  ,0000000255,          , 5,40, 4,10,16,  ,  ,  ,  ,  ,          ,          ,        ,
 1, 1, 1,0000000255,0000000029, 5,40, 4,10,16,  ,  ,  ,  ,  ,          ,          ,        ,
 1, 1,  ,0000000191,          , 5,41, 4,10,16,  ,  ,  ,  ,  ,          ,          ,        ,
 1, 1, 1,0000000191,0000000058, 5,41, 4,10,16,  ,  ,  ,  ,  ,          ,          ,        ,
 1, 1,  ,0000000417,          , 5,41, 4,10,16,  ,  ,  ,  ,  ,          ,          ,        ,
 1, 1, 1,0000000417,0000000058, 5,41, 4,10,16,  ,  ,  ,  ,  ,          ,          ,        ,
 1, 1,  ,0000000023,          , 5,41, 4,10,16,  ,  ,  ,  ,  ,          ,          ,        ,
 1, 1, 1,0000000023,0000000040, 5,41, 4,10,16,  ,  ,  ,  ,  ,          ,          ,        ,
 1, 1,  ,0000000194,          , 5,41, 4,10,16,  ,  ,  ,  ,  ,          ,          ,        ,
 1, 1, 1,0000000194,0000000001, 5,41, 4,10,16,  ,  ,  ,  ,  ,          ,          ,        ,
 1, 1,  ,0000000090,          , 5,42, 4,10,16,  ,  ,  ,  ,  ,          ,          ,        ,
 1, 1, 1,0000000090,0000000071, 5,42, 4,10,16,  ,  ,  ,  ,  ,          ,          ,        ,
 1, 1,  ,0000000094,          , 5,45, 4,10,16,  ,  ,  ,  ,  ,          ,          ,        ,
 1, 1, 1,0000000094,0000000029, 5,45, 4,10,16,  ,  ,  ,  ,  ,          ,          ,        ,
 1, 1,  ,0000000059,          , 5,49, 4,10,16,  ,  ,  ,  ,  ,          ,          ,        ,
 1, 1, 1,0000000059,0000000058, 5,49, 4,10,16,  ,  ,  ,  ,  ,          ,          ,        ,
 1, 1,  ,0000000392,          , 5,50, 4,10,16,  ,  ,  ,  ,  ,          ,          ,        ,
 1, 1, 1,0000000392,0000000058, 5,50, 4,10,16,  ,  ,  ,  ,  ,          ,          ,        ,
 1, 1,  ,0000000132,          , 6, 0, 4,10,16,  ,  ,  ,  ,  ,          ,          ,        ,
 1, 1, 2,0000000132,0000000000, 6, 0, 4,10,16,  ,  ,  ,  ,  ,          ,          ,        ,
 1, 1,  ,0000000395,          , 6, 7, 4,10,16,  ,  ,  ,  ,  ,          ,          ,        ,
 1, 1, 1,0000000395,0000000000, 6, 7, 4,10,16,  ,  ,  ,  ,  ,          ,          ,        ,
 1, 1,  ,0000000407,          ,10,28, 4,10,16,  ,  ,  ,  ,  ,          ,          ,        ,
 1, 1, 1,0000000407,0000000029,10,28, 4,10,16,  ,  ,  ,  ,  ,          ,          ,        ,
 1, 1,  ,0000000417,          ,13, 2, 4,10,16,  ,  ,  ,  ,  ,          ,          ,        ,
 1, 1, 2,0000000417,0000000000,13, 2, 4,10,16,  ,  ,  ,  ,  ,          ,          ,        ,
 1, 1,  ,0000000307,          ,13, 2, 4,10,16,  ,  ,  ,  ,  ,          ,          ,        ,
 1, 1, 2,0000000307,0000000000,13, 2, 4,10,16,  ,  ,  ,  ,  ,          ,          ,        ,
 1, 1,  ,0000000366,          ,13, 2, 4,10,16,  ,  ,  ,  ,  ,          ,          ,        ,
 1, 1, 2,0000000366,0000000000,13, 2, 4,10,16,  ,  ,  ,  ,  ,          ,          ,        ,
 1, 1,  ,0000000302,          ,13, 3, 4,10,16,  ,  ,  ,  ,  ,          ,          ,        ,
 1, 1, 2,0000000302,0000000000,13, 3, 4,10,16,  ,  ,  ,  ,  ,          ,          ,        ,
 1, 1,  ,0000000202,          ,13, 3, 4,10,16,  ,  ,  ,  ,  ,          ,          ,        ,
 1, 1, 2,0000000202,0000000000,13, 3, 4,10,16,  ,  ,  ,  ,  ,          ,          ,        ,
 1, 1,  ,0000000317,          ,13, 3, 4,10,16,  ,  ,  ,  ,  ,          ,          ,        ,
 1, 1, 2,0000000317,0000000000,13, 3, 4,10,16,  ,  ,  ,  ,  ,          ,          ,        ,
 1, 1,  ,0000000372,          ,13, 4, 4,10,16,  ,  ,  ,  ,  ,          ,          ,        ,
 1, 1, 1,0000000372,0000000058,13, 4, 4,10,16,  ,  ,  ,  ,  ,          ,          ,        ,
 1, 1,  ,0000000094,          ,13, 5, 4,10,16,  ,  ,  ,  ,  ,          ,          ,        ,
 1, 1, 2,0000000094,0000000000,13, 5, 4,10,16,  ,  ,  ,  ,  ,          ,          ,        ,
 1, 1,  ,0000002521,          ,13, 6, 4,10,16,  ,  ,  ,  ,  ,          ,          ,        ,
 1, 1, 2,0000002521,0000000000,13, 6, 4,10,16,  ,  ,  ,  ,  ,          ,          ,        ,
 1, 1,  ,0000000404,          ,13, 7, 4,10,16,  ,  ,  ,  ,  ,          ,          ,        ,
 1, 1, 2,0000000404,0000000000,13, 7, 4,10,16,  ,  ,  ,  ,  ,          ,          ,        ,
 1, 1,  ,0000000287,          ,13, 7, 4,10,16,  ,  ,  ,  ,  ,          ,          ,        ,
 1, 1, 2,0000000287,0000000000,13, 7, 4,10,16,  ,  ,  ,  ,  ,          ,          ,        ,
 1, 1,  ,0000000407,          ,13, 7, 4,10,16,  ,  ,  ,  ,  ,          ,          ,        ,
 1, 1, 2,0000000407,0000000000,13, 7, 4,10,16,  ,  ,  ,  ,  ,          ,          ,        ,
 1, 1,  ,0000000089,          ,13, 7, 4,10,16,  ,  ,  ,  ,  ,          ,          ,        ,
 1, 1, 2,0000000089,0000000000,13, 7, 4,10,16,  ,  ,  ,  ,  ,          ,          ,        ,
 1, 1,  ,0000000257,          ,13, 8, 4,10,16,  ,  ,  ,  ,  ,          ,          ,        ,
 1, 1, 2,0000000257,0000000000,13, 8, 4,10,16,  ,  ,  ,  ,  ,          ,          ,        ,
 1, 1,  ,0000000168,          ,13, 8, 4,10,16,  ,  ,  ,  ,  ,          ,          ,        ,
 1, 1, 2,0000000168,0000000000,13, 8, 4,10,16,  ,  ,  ,  ,  ,          ,          ,        ,
 1, 1,  ,0000000395,          ,13, 8, 4,10,16,  ,  ,  ,  ,  ,          ,          ,        ,
 1, 1, 2,0000000395,0000000000,13, 8, 4,10,16,  ,  ,  ,  ,  ,          ,          ,        ,
 1, 1,  ,0000000061,          ,13,11, 4,10,16,  ,  ,  ,  ,  ,          ,          ,        ,
 1, 1, 2,0000000061,0000000000,13,11, 4,10,16,  ,  ,  ,  ,  ,          ,          ,        ,
 1, 1,  ,0000000320,          ,13,11, 4,10,16,  ,  ,  ,  ,  ,          ,          ,        ,
 1, 1, 2,0000000320,0000000000,13,11, 4,10,16,  ,  ,  ,  ,  ,          ,          ,        ,
 1, 1,  ,0000000194,          ,13,12, 4,10,16,  ,  ,  ,  ,  ,          ,          ,        ,
 1, 1, 2,0000000194,0000000000,13,12, 4,10,16,  ,  ,  ,  ,  ,          ,          ,        ,
 1, 1,  ,0000000122,          ,13,12, 4,10,16,  ,  ,  ,  ,  ,          ,          ,        ,
 1, 1, 2,0000000122,0000000000,13,12, 4,10,16,  ,  ,  ,  ,  ,          ,          ,        ,
 1, 1,  ,0000000227,          ,13,12, 4,10,16,  ,  ,  ,  ,  ,          ,          ,        ,
 1, 1, 2,0000000227,0000000000,13,12, 4,10,16,  ,  ,  ,  ,  ,          ,          ,        ,
 1, 1,  ,0000000134,          ,13,12, 4,10,16,  ,  ,  ,  ,  ,          ,          ,        ,
 1, 1, 2,0000000134,0000000000,13,12, 4,10,16,  ,  ,  ,  ,  ,          ,          ,        ,
 1, 1,  ,0000000498,          ,13,13, 4,10,16,  ,  ,  ,  ,  ,          ,          ,        ,
 1, 1, 2,0000000498,0000000000,13,13, 4,10,16,  ,  ,  ,  ,  ,          ,          ,        ,
 1, 1,  ,0000000171,          ,13,14, 4,10,16,  ,  ,  ,  ,  ,          ,          ,        ,
 1, 1, 2,0000000171,0000000000,13,14, 4,10,16,  ,  ,  ,  ,  ,          ,          ,        ,
 1, 1,  ,0000000479,          ,13,15, 4,10,16,  ,  ,  ,  ,  ,          ,          ,        ,
 1, 1, 2,0000000479,0000000000,13,15, 4,10,16,  ,  ,  ,  ,  ,          ,          ,        ,
 1, 1,  ,0000000023,          ,13,16, 4,10,16,  ,  ,  ,  ,  ,          ,          ,        ,
 1, 1, 2,0000000023,0000000000,13,16, 4,10,16,  ,  ,  ,  ,  ,          ,          ,        ,
 1, 1,  ,0000000008,          ,13,19, 4,10,16,  ,  ,  ,  ,  ,          ,          ,        ,
 1, 1, 2,0000000008,0000000000,13,19, 4,10,16,  ,  ,  ,  ,  ,          ,          ,        ,
 1, 1,  ,0000000132,          ,17,58, 4,10,16,  ,  ,  ,  ,  ,          ,          ,        ,
 1, 1, 1,0000000132,0000000070,17,58, 4,10,16,  ,  ,  ,  ,  ,          ,          ,        ,
 1, 1,  ,0000000132,          ,17,58, 4,10,16,  ,  ,  ,  ,  ,          ,          ,        ,
 1, 1, 1,0000000132,0000000070,17,58, 4,10,16,  ,  ,  ,  ,  ,          ,          ,        ,
 1, 1,  ,0000000217,          , 5,26, 4,11,16,  ,  ,  ,  ,  ,          ,          ,        ,
 1, 1, 1,0000000217,0000000009, 5,26, 4,11,16,  ,  ,  ,  ,  ,          ,          ,        ,
 1, 1,  ,0000000466,          , 5,26, 4,11,16,  ,  ,  ,  ,  ,          ,          ,        ,
 1, 1, 1,0000000466,0000000009, 5,26, 4,11,16,  ,  ,  ,  ,  ,          ,          ,        ,
 1, 1,  ,0000000404,          , 5,26, 4,11,16,  ,  ,  ,  ,  ,          ,          ,        ,
 1, 1, 1,0000000404,0000000040, 5,26, 4,11,16,  ,  ,  ,  ,  ,          ,          ,        ,
 1, 1,  ,0000000039,          , 5,26, 4,11,16,  ,  ,  ,  ,  ,          ,          ,        ,
 1, 1, 1,0000000039,0000000045, 5,26, 4,11,16,  ,  ,  ,  ,  ,          ,          ,        ,
 1, 1,  ,0000000454,          , 5,26, 4,11,16,  ,  ,  ,  ,  ,          ,          ,        ,
 1, 1, 1,0000000454,0000000031, 5,26, 4,11,16,  ,  ,  ,  ,  ,          ,          ,        ,
 1, 1,  ,0000000115,          , 5,27, 4,11,16,  ,  ,  ,  ,  ,          ,          ,        ,
 1, 1, 1,0000000115,0000000006, 5,27, 4,11,16,  ,  ,  ,  ,  ,          ,          ,        ,
 1, 1,  ,0000000008,          , 5,27, 4,11,16,  ,  ,  ,  ,  ,          ,          ,        ,
 1, 1, 1,0000000008,0000000045, 5,27, 4,11,16,  ,  ,  ,  ,  ,          ,          ,        ,
 1, 1,  ,0000000348,          , 5,27, 4,11,16,  ,  ,  ,  ,  ,          ,          ,        ,
 1, 1, 1,0000000348,0000000040, 5,27, 4,11,16,  ,  ,  ,  ,  ,          ,          ,        ,
 1, 1,  ,0000000285,          , 5,27, 4,11,16,  ,  ,  ,  ,  ,          ,          ,        ,
 1, 1, 1,0000000285,0000000040, 5,27, 4,11,16,  ,  ,  ,  ,  ,          ,          ,        ,
 1, 1,  ,0000000334,          , 5,27, 4,11,16,  ,  ,  ,  ,  ,          ,          ,        ,
 1, 1, 1,0000000334,0000000023, 5,27, 4,11,16,  ,  ,  ,  ,  ,          ,          ,        ,
 1, 1,  ,0000000290,          , 5,27, 4,11,16,  ,  ,  ,  ,  ,          ,          ,        ,
 1, 1, 1,0000000290,0000000058, 5,27, 4,11,16,  ,  ,  ,  ,  ,          ,          ,        ,
 1, 1,  ,0000000355,          , 5,28, 4,11,16,  ,  ,  ,  ,  ,          ,          ,        ,
 1, 1, 1,0000000355,0000000000, 5,28, 4,11,16,  ,  ,  ,  ,  ,          ,          ,        ,
 1, 1,  ,0000002521,          , 5,28, 4,11,16,  ,  ,  ,  ,  ,          ,          ,        ,
 1, 1, 1,0000002521,0000000040, 5,28, 4,11,16,  ,  ,  ,  ,  ,          ,          ,        ,
 1, 1,  ,0000000090,          , 5,29, 4,11,16,  ,  ,  ,  ,  ,          ,          ,        ,
 1, 1, 1,0000000090,0000000071, 5,29, 4,11,16,  ,  ,  ,  ,  ,          ,          ,        ,
 1, 1,  ,0000000246,          , 5,29, 4,11,16,  ,  ,  ,  ,  ,          ,          ,        ,
 1, 1, 1,0000000246,0000000040, 5,29, 4,11,16,  ,  ,  ,  ,  ,          ,          ,        ,
 1, 1,  ,0000000136,          , 5,30, 4,11,16,  ,  ,  ,  ,  ,          ,          ,        ,
 1, 1, 1,0000000136,0000000004, 5,30, 4,11,16,  ,  ,  ,  ,  ,          ,          ,        ,
 1, 1,  ,0000000293,          , 5,32, 4,11,16,  ,  ,  ,  ,  ,          ,          ,        ,
 1, 1, 1,0000000293,0000000030, 5,32, 4,11,16,  ,  ,  ,  ,  ,          ,          ,        ,
 1, 1,  ,0000000287,          , 5,32, 4,11,16,  ,  ,  ,  ,  ,          ,          ,        ,
 1, 1, 1,0000000287,0000000041, 5,32, 4,11,16,  ,  ,  ,  ,  ,          ,          ,        ,
 1, 1,  ,0000000778,          , 5,32, 4,11,16,  ,  ,  ,  ,  ,          ,          ,        ,
 1, 1, 1,0000000778,0000000063, 5,32, 4,11,16,  ,  ,  ,  ,  ,          ,          ,        ,
 1, 1,  ,0000000234,          , 5,32, 4,11,16,  ,  ,  ,  ,  ,          ,          ,        ,
 1, 1, 1,0000000234,0000000004, 5,32, 4,11,16,  ,  ,  ,  ,  ,          ,          ,        ,
 1, 1,  ,0000000069,          , 5,32, 4,11,16,  ,  ,  ,  ,  ,          ,          ,        ,
 1, 1, 1,0000000069,0000000007, 5,32, 4,11,16,  ,  ,  ,  ,  ,          ,          ,        ,
 1, 1,  ,0000000147,          , 5,32, 4,11,16,  ,  ,  ,  ,  ,          ,          ,        ,
 1, 1, 1,0000000147,0000000021, 5,32, 4,11,16,  ,  ,  ,  ,  ,          ,          ,        ,
 1, 1,  ,0000000351,          , 5,33, 4,11,16,  ,  ,  ,  ,  ,          ,          ,        ,
 1, 1, 1,0000000351,0000000030, 5,33, 4,11,16,  ,  ,  ,  ,  ,          ,          ,        ,
 1, 1,  ,0000000024,          , 5,33, 4,11,16,  ,  ,  ,  ,  ,          ,          ,        ,
 1, 1, 1,0000000024,0000000041, 5,33, 4,11,16,  ,  ,  ,  ,  ,          ,          ,        ,
 1, 1,  ,0000000172,          , 5,33, 4,11,16,  ,  ,  ,  ,  ,          ,          ,        ,
 1, 1, 1,0000000172,0000000004, 5,33, 4,11,16,  ,  ,  ,  ,  ,          ,          ,        ,
 1, 1,  ,0000000216,          , 5,33, 4,11,16,  ,  ,  ,  ,  ,          ,          ,        ,
 1, 1, 1,0000000216,0000000028, 5,33, 4,11,16,  ,  ,  ,  ,  ,          ,          ,        ,
 1, 1,  ,0000000082,          , 5,33, 4,11,16,  ,  ,  ,  ,  ,          ,          ,        ,
 1, 1, 1,0000000082,0000000040, 5,33, 4,11,16,  ,  ,  ,  ,  ,          ,          ,        ,
 1, 1,  ,0000000175,          , 5,33, 4,11,16,  ,  ,  ,  ,  ,          ,          ,        ,
 1, 1, 1,0000000175,0000000040, 5,33, 4,11,16,  ,  ,  ,  ,  ,          ,          ,        ,
 1, 1,  ,0000000389,          , 5,34, 4,11,16,  ,  ,  ,  ,  ,          ,          ,        ,
 1, 1, 1,0000000389,0000000000, 5,34, 4,11,16,  ,  ,  ,  ,  ,          ,          ,        ,
 1, 1,  ,0000000294,          , 5,34, 4,11,16,  ,  ,  ,  ,  ,          ,          ,        ,
 1, 1, 1,0000000294,0000000031, 5,34, 4,11,16,  ,  ,  ,  ,  ,          ,          ,        ,
 1, 1,  ,0000000386,          , 5,34, 4,11,16,  ,  ,  ,  ,  ,          ,          ,        ,
 1, 1, 1,0000000386,0000000040, 5,34, 4,11,16,  ,  ,  ,  ,  ,          ,          ,        ,
 1, 1,  ,0000000089,          , 5,34, 4,11,16,  ,  ,  ,  ,  ,          ,          ,        ,
 1, 1, 1,0000000089,0000000089, 5,34, 4,11,16,  ,  ,  ,  ,  ,          ,          ,        ,
 1, 1,  ,0000000261,          , 5,34, 4,11,16,  ,  ,  ,  ,  ,          ,          ,        ,
 1, 1, 1,0000000261,0000000040, 5,34, 4,11,16,  ,  ,  ,  ,  ,          ,          ,        ,
 1, 1,  ,0000000374,          , 5,34, 4,11,16,  ,  ,  ,  ,  ,          ,          ,        ,
 1, 1, 3,0000000374,0000000000, 5,34, 4,11,16,  ,  ,  ,  ,  ,          ,          ,        ,
 1, 1,  ,0000000398,          , 5,34, 4,11,16,  ,  ,  ,  ,  ,          ,          ,        ,
 1, 1, 1,0000000398,0000000071, 5,34, 4,11,16,  ,  ,  ,  ,  ,          ,          ,        ,
 1, 1,  ,0000000171,          , 5,35, 4,11,16,  ,  ,  ,  ,  ,          ,          ,        ,
 1, 1, 1,0000000171,0000000029, 5,35, 4,11,16,  ,  ,  ,  ,  ,          ,          ,        ,
 1, 1,  ,0000000350,          , 5,35, 4,11,16,  ,  ,  ,  ,  ,          ,          ,        ,
 1, 1, 1,0000000350,0000000058, 5,35, 4,11,16,  ,  ,  ,  ,  ,          ,          ,        ,
 1, 1,  ,0000000365,          , 5,35, 4,11,16,  ,  ,  ,  ,  ,          ,          ,        ,
 1, 1, 1,0000000365,0000000040, 5,35, 4,11,16,  ,  ,  ,  ,  ,          ,          ,        ,
 1, 1,  ,0000000324,          , 5,35, 4,11,16,  ,  ,  ,  ,  ,          ,          ,        ,
 1, 1, 1,0000000324,0000000040, 5,35, 4,11,16,  ,  ,  ,  ,  ,          ,          ,        ,
 1, 1,  ,0000000166,          , 5,35, 4,11,16,  ,  ,  ,  ,  ,          ,          ,        ,
 1, 1, 1,0000000166,0000000009, 5,35, 4,11,16,  ,  ,  ,  ,  ,          ,          ,        ,
 1, 1,  ,0000000061,          , 5,35, 4,11,16,  ,  ,  ,  ,  ,          ,          ,        ,
 1, 1, 1,0000000061,0000000031, 5,35, 4,11,16,  ,  ,  ,  ,  ,          ,          ,        ,
 1, 1,  ,0000000299,          , 5,36, 4,11,16,  ,  ,  ,  ,  ,          ,          ,        ,
 1, 1, 1,0000000299,0000000040, 5,36, 4,11,16,  ,  ,  ,  ,  ,          ,          ,        ,
 1, 1,  ,0000000420,          , 5,36, 4,11,16,  ,  ,  ,  ,  ,          ,          ,        ,
 1, 1, 1,0000000420,0000000040, 5,36, 4,11,16,  ,  ,  ,  ,  ,          ,          ,        ,
 1, 1,  ,0000000439,          , 5,36, 4,11,16,  ,  ,  ,  ,  ,          ,          ,        ,
 1, 1, 1,0000000439,0000000009, 5,36, 4,11,16,  ,  ,  ,  ,  ,          ,          ,        ,
 1, 1,  ,0000000254,          , 5,36, 4,11,16,  ,  ,  ,  ,  ,          ,          ,        ,
 1, 1, 1,0000000254,0000000027, 5,36, 4,11,16,  ,  ,  ,  ,  ,          ,          ,        ,
 1, 1,  ,0000000418,          , 5,36, 4,11,16,  ,  ,  ,  ,  ,          ,          ,        ,
 1, 1, 1,0000000418,0000000000, 5,36, 4,11,16,  ,  ,  ,  ,  ,          ,          ,        ,
 1, 1,  ,0000000044,          , 5,36, 4,11,16,  ,  ,  ,  ,  ,          ,          ,        ,
 1, 1, 1,0000000044,0000000031, 5,36, 4,11,16,  ,  ,  ,  ,  ,          ,          ,        ,
 1, 1,  ,0000000283,          , 5,37, 4,11,16,  ,  ,  ,  ,  ,          ,          ,        ,
 1, 1, 1,0000000283,0000000003, 5,37, 4,11,16,  ,  ,  ,  ,  ,          ,          ,        ,
 1, 1,  ,0000000094,          , 5,37, 4,11,16,  ,  ,  ,  ,  ,          ,          ,        ,
 1, 1, 1,0000000094,0000000029, 5,37, 4,11,16,  ,  ,  ,  ,  ,          ,          ,        ,
 1, 1,  ,0000000130,          , 5,37, 4,11,16,  ,  ,  ,  ,  ,          ,          ,        ,
 1, 1, 1,0000000130,0000000130, 5,37, 4,11,16,  ,  ,  ,  ,  ,          ,          ,        ,
 1, 1,  ,0000000247,          , 5,38, 4,11,16,  ,  ,  ,  ,  ,          ,          ,        ,
 1, 1, 1,0000000247,0000000040, 5,38, 4,11,16,  ,  ,  ,  ,  ,          ,          ,        ,
 1, 1,  ,0000000064,          , 5,38, 4,11,16,  ,  ,  ,  ,  ,          ,          ,        ,
 1, 1, 1,0000000064,0000000040, 5,38, 4,11,16,  ,  ,  ,  ,  ,          ,          ,        ,
 1, 1,  ,0000000035,          , 5,38, 4,11,16,  ,  ,  ,  ,  ,          ,          ,        ,
 1, 1, 1,0000000035,0000000040, 5,38, 4,11,16,  ,  ,  ,  ,  ,          ,          ,        ,
 1, 1,  ,0000002515,          , 5,38, 4,11,16,  ,  ,  ,  ,  ,          ,          ,        ,
 1, 1, 1,0000002515,0000000001, 5,38, 4,11,16,  ,  ,  ,  ,  ,          ,          ,        ,
 1, 1,  ,0000000306,          , 5,38, 4,11,16,  ,  ,  ,  ,  ,          ,          ,        ,
 1, 1, 3,0000000306,0000000000, 5,38, 4,11,16,  ,  ,  ,  ,  ,          ,          ,        ,
 1, 1,  ,0000000183,          , 5,38, 4,11,16,  ,  ,  ,  ,  ,          ,          ,        ,
 1, 1, 1,0000000183,0000000040, 5,38, 4,11,16,  ,  ,  ,  ,  ,          ,          ,        ,
 1, 1,  ,0000000463,          , 5,39, 4,11,16,  ,  ,  ,  ,  ,          ,          ,        ,
 1, 1, 1,0000000463,0000000058, 5,39, 4,11,16,  ,  ,  ,  ,  ,          ,          ,        ,
 1, 1,  ,0000000263,          , 5,39, 4,11,16,  ,  ,  ,  ,  ,          ,          ,        ,
 1, 1, 1,0000000263,0000000171, 5,39, 4,11,16,  ,  ,  ,  ,  ,          ,          ,        ,
 1, 1,  ,0000000194,          , 5,39, 4,11,16,  ,  ,  ,  ,  ,          ,          ,        ,
 1, 1, 1,0000000194,0000000000, 5,39, 4,11,16,  ,  ,  ,  ,  ,          ,          ,        ,
 1, 1,  ,0000000370,          , 5,39, 4,11,16,  ,  ,  ,  ,  ,          ,          ,        ,
 1, 1, 1,0000000370,0000000027, 5,39, 4,11,16,  ,  ,  ,  ,  ,          ,          ,        ,
 1, 1,  ,0000000470,          , 5,39, 4,11,16,  ,  ,  ,  ,  ,          ,          ,        ,
 1, 1, 1,0000000470,0000000031, 5,39, 4,11,16,  ,  ,  ,  ,  ,          ,          ,        ,
 1, 1,  ,0000000139,          , 5,40, 4,11,16,  ,  ,  ,  ,  ,          ,          ,        ,
 1, 1, 1,0000000139,0000000027, 5,40, 4,11,16,  ,  ,  ,  ,  ,          ,          ,        ,
 1, 1,  ,0000000042,          , 5,40, 4,11,16,  ,  ,  ,  ,  ,          ,          ,        ,
 1, 1, 1,0000000042,0000000040, 5,40, 4,11,16,  ,  ,  ,  ,  ,          ,          ,        ,
 1, 1,  ,0000000362,          , 5,40, 4,11,16,  ,  ,  ,  ,  ,          ,          ,        ,
 1, 1, 1,0000000362,0000000040, 5,40, 4,11,16,  ,  ,  ,  ,  ,          ,          ,        ,
 1, 1,  ,0000000034,          , 5,41, 4,11,16,  ,  ,  ,  ,  ,          ,          ,        ,
 1, 1, 1,0000000034,0000000031, 5,41, 4,11,16,  ,  ,  ,  ,  ,          ,          ,        ,
 1, 1,  ,0000000430,          , 5,41, 4,11,16,  ,  ,  ,  ,  ,          ,          ,        ,
 1, 1, 1,0000000430,0000000040, 5,41, 4,11,16,  ,  ,  ,  ,  ,          ,          ,        ,
 1, 1,  ,0000000164,          , 5,41, 4,11,16,  ,  ,  ,  ,  ,          ,          ,        ,
 1, 1, 1,0000000164,0000000000, 5,41, 4,11,16,  ,  ,  ,  ,  ,          ,          ,        ,
 1, 1,  ,0000002504,          , 5,41, 4,11,16,  ,  ,  ,  ,  ,          ,          ,        ,
 1, 1, 1,0000002504,0000000029, 5,41, 4,11,16,  ,  ,  ,  ,  ,          ,          ,        ,
 1, 1,  ,0000000342,          , 5,41, 4,11,16,  ,  ,  ,  ,  ,          ,          ,        ,
 1, 1, 1,0000000342,0000000040, 5,41, 4,11,16,  ,  ,  ,  ,  ,          ,          ,        ,
 1, 1,  ,0000002512,          , 5,41, 4,11,16,  ,  ,  ,  ,  ,          ,          ,        ,
 1, 1, 2,0000002512,0000000000, 5,41, 4,11,16,  ,  ,  ,  ,  ,          ,          ,        ,
 1, 1,  ,0000000105,          , 5,41, 4,11,16,  ,  ,  ,  ,  ,          ,          ,        ,
 1, 1, 1,0000000105,0000000031, 5,41, 4,11,16,  ,  ,  ,  ,  ,          ,          ,        ,
 1, 1,  ,0000000037,          , 5,42, 4,11,16,  ,  ,  ,  ,  ,          ,          ,        ,
 1, 1, 1,0000000037,0000000018, 5,42, 4,11,16,  ,  ,  ,  ,  ,          ,          ,        ,
 1, 1,  ,0000000206,          , 5,42, 4,11,16,  ,  ,  ,  ,  ,          ,          ,        ,
 1, 1, 1,0000000206,0000000031, 5,42, 4,11,16,  ,  ,  ,  ,  ,          ,          ,        ,
 1, 1,  ,0000000025,          , 5,42, 4,11,16,  ,  ,  ,  ,  ,          ,          ,        ,
 1, 1, 1,0000000025,0000000041, 5,42, 4,11,16,  ,  ,  ,  ,  ,          ,          ,        ,
 1, 1,  ,0000000477,          , 5,42, 4,11,16,  ,  ,  ,  ,  ,          ,          ,        ,
 1, 1, 1,0000000477,0000000040, 5,42, 4,11,16,  ,  ,  ,  ,  ,          ,          ,        ,
 1, 1,  ,0000000226,          , 5,42, 4,11,16,  ,  ,  ,  ,  ,          ,          ,        ,
 1, 1, 1,0000000226,0000000031, 5,42, 4,11,16,  ,  ,  ,  ,  ,          ,          ,        ,
 1, 1,  ,0000000406,          , 5,42, 4,11,16,  ,  ,  ,  ,  ,          ,          ,        ,
 1, 1, 1,0000000406,0000000031, 5,42, 4,11,16,  ,  ,  ,  ,  ,          ,          ,        ,
 1, 1,  ,0000000023,          , 5,43, 4,11,16,  ,  ,  ,  ,  ,          ,          ,        ,
 1, 1, 1,0000000023,0000000040, 5,43, 4,11,16,  ,  ,  ,  ,  ,          ,          ,        ,
 1, 1,  ,0000000333,          , 5,43, 4,11,16,  ,  ,  ,  ,  ,          ,          ,        ,
 1, 1, 1,0000000333,0000000040, 5,43, 4,11,16,  ,  ,  ,  ,  ,          ,          ,        ,
 1, 1,  ,0000000413,          , 5,43, 4,11,16,  ,  ,  ,  ,  ,          ,          ,        ,
 1, 1, 1,0000000413,0000000040, 5,43, 4,11,16,  ,  ,  ,  ,  ,          ,          ,        ,
 1, 1,  ,0000000121,          , 5,43, 4,11,16,  ,  ,  ,  ,  ,          ,          ,        ,
 1, 1, 1,0000000121,0000000000, 5,43, 4,11,16,  ,  ,  ,  ,  ,          ,          ,        ,
 1, 1,  ,0000000297,          , 5,43, 4,11,16,  ,  ,  ,  ,  ,          ,          ,        ,
 1, 1, 1,0000000297,0000000009, 5,43, 4,11,16,  ,  ,  ,  ,  ,          ,          ,        ,
 1, 1,  ,0000000200,          , 5,43, 4,11,16,  ,  ,  ,  ,  ,          ,          ,        ,
 1, 1, 1,0000000200,0000000007, 5,43, 4,11,16,  ,  ,  ,  ,  ,          ,          ,        ,
 1, 1,  ,0000000377,          , 5,43, 4,11,16,  ,  ,  ,  ,  ,          ,          ,        ,
 1, 1, 1,0000000377,0000000031, 5,43, 4,11,16,  ,  ,  ,  ,  ,          ,          ,        ,
 1, 1,  ,0000000219,          , 5,44, 4,11,16,  ,  ,  ,  ,  ,          ,          ,        ,
 1, 1, 1,0000000219,0000000000, 5,44, 4,11,16,  ,  ,  ,  ,  ,          ,          ,        ,
 1, 1,  ,0000000390,          , 5,44, 4,11,16,  ,  ,  ,  ,  ,          ,          ,        ,
 1, 1, 1,0000000390,0000000000, 5,44, 4,11,16,  ,  ,  ,  ,  ,          ,          ,        ,
 1, 1,  ,0000000021,          , 5,44, 4,11,16,  ,  ,  ,  ,  ,          ,          ,        ,
 1, 1, 1,0000000021,0000000029, 5,44, 4,11,16,  ,  ,  ,  ,  ,          ,          ,        ,
 1, 1,  ,0000000086,          , 5,44, 4,11,16,  ,  ,  ,  ,  ,          ,          ,        ,
 1, 1, 1,0000000086,0000000070, 5,44, 4,11,16,  ,  ,  ,  ,  ,          ,          ,        ,
 1, 1,  ,0000000046,          , 5,44, 4,11,16,  ,  ,  ,  ,  ,          ,          ,        ,
 1, 1, 1,0000000046,0000000007, 5,44, 4,11,16,  ,  ,  ,  ,  ,          ,          ,        ,
 1, 1,  ,0000000387,          , 5,44, 4,11,16,  ,  ,  ,  ,  ,          ,          ,        ,
 1, 1, 1,0000000387,0000000040, 5,44, 4,11,16,  ,  ,  ,  ,  ,          ,          ,        ,
 1, 1,  ,0000000353,          , 5,44, 4,11,16,  ,  ,  ,  ,  ,          ,          ,        ,
 1, 1, 1,0000000353,0000000031, 5,44, 4,11,16,  ,  ,  ,  ,  ,          ,          ,        ,
 1, 1,  ,0000000313,          , 5,44, 4,11,16,  ,  ,  ,  ,  ,          ,          ,        ,
 1, 1, 1,0000000313,0000000052, 5,44, 4,11,16,  ,  ,  ,  ,  ,          ,          ,        ,
 1, 1,  ,0000000074,          , 5,45, 4,11,16,  ,  ,  ,  ,  ,          ,          ,        ,
 1, 1, 1,0000000074,0000000031, 5,45, 4,11,16,  ,  ,  ,  ,  ,          ,          ,        ,
 1, 1,  ,0000000428,          , 5,45, 4,11,16,  ,  ,  ,  ,  ,          ,          ,        ,
 1, 1, 1,0000000428,0000000021, 5,45, 4,11,16,  ,  ,  ,  ,  ,          ,          ,        ,
 1, 1,  ,0000000405,          , 5,45, 4,11,16,  ,  ,  ,  ,  ,          ,          ,        ,
 1, 1, 1,0000000405,0000000042, 5,45, 4,11,16,  ,  ,  ,  ,  ,          ,          ,        ,
 1, 1,  ,0000000062,          , 5,45, 4,11,16,  ,  ,  ,  ,  ,          ,          ,        ,
 1, 1, 1,0000000062,0000000004, 5,45, 4,11,16,  ,  ,  ,  ,  ,          ,          ,        ,
 1, 1,  ,0000000447,          , 5,45, 4,11,16,  ,  ,  ,  ,  ,          ,          ,        ,
 1, 1, 1,0000000447,0000000031, 5,45, 4,11,16,  ,  ,  ,  ,  ,          ,          ,        ,
 1, 1,  ,0000000385,          , 5,45, 4,11,16,  ,  ,  ,  ,  ,          ,          ,        ,
 1, 1, 1,0000000385,0000000000, 5,45, 4,11,16,  ,  ,  ,  ,  ,          ,          ,        ,
 1, 1,  ,0000000019,          , 5,46, 4,11,16,  ,  ,  ,  ,  ,          ,          ,        ,
 1, 1, 1,0000000019,0000000029, 5,46, 4,11,16,  ,  ,  ,  ,  ,          ,          ,        ,
 1, 1,  ,0000000184,          , 5,46, 4,11,16,  ,  ,  ,  ,  ,          ,          ,        ,
 1, 1, 1,0000000184,0000000031, 5,46, 4,11,16,  ,  ,  ,  ,  ,          ,          ,        ,
 1, 1,  ,0000000586,          , 5,46, 4,11,16,  ,  ,  ,  ,  ,          ,          ,        ,
 1, 1, 1,0000000586,0000000009, 5,46, 4,11,16,  ,  ,  ,  ,  ,          ,          ,        ,
 1, 1,  ,0000000436,          , 5,46, 4,11,16,  ,  ,  ,  ,  ,          ,          ,        ,
 1, 1, 1,0000000436,0000000029, 5,46, 4,11,16,  ,  ,  ,  ,  ,          ,          ,        ,
 1, 1,  ,0000000412,          , 5,46, 4,11,16,  ,  ,  ,  ,  ,          ,          ,        ,
 1, 1, 1,0000000412,0000000031, 5,46, 4,11,16,  ,  ,  ,  ,  ,          ,          ,        ,
 1, 1,  ,0000000452,          , 5,46, 4,11,16,  ,  ,  ,  ,  ,          ,          ,        ,
 1, 1, 1,0000000452,0000000031, 5,46, 4,11,16,  ,  ,  ,  ,  ,          ,          ,        ,
 1, 1,  ,0000000110,          , 5,46, 4,11,16,  ,  ,  ,  ,  ,          ,          ,        ,
 1, 1, 1,0000000110,0000000004, 5,46, 4,11,16,  ,  ,  ,  ,  ,          ,          ,        ,
 1, 1,  ,0000000123,          , 5,46, 4,11,16,  ,  ,  ,  ,  ,          ,          ,        ,
 1, 1, 1,0000000123,0000000031, 5,46, 4,11,16,  ,  ,  ,  ,  ,          ,          ,        ,
 1, 1,  ,0000000190,          , 5,47, 4,11,16,  ,  ,  ,  ,  ,          ,          ,        ,
 1, 1, 1,0000000190,0000000009, 5,47, 4,11,16,  ,  ,  ,  ,  ,          ,          ,        ,
 1, 1,  ,0000000104,          , 5,47, 4,11,16,  ,  ,  ,  ,  ,          ,          ,        ,
 1, 1, 1,0000000104,0000000040, 5,47, 4,11,16,  ,  ,  ,  ,  ,          ,          ,        ,
 1, 1,  ,0000000131,          , 5,47, 4,11,16,  ,  ,  ,  ,  ,          ,          ,        ,
 1, 1, 1,0000000131,0000000031, 5,47, 4,11,16,  ,  ,  ,  ,  ,          ,          ,        ,
 1, 1,  ,0000000047,          , 5,47, 4,11,16,  ,  ,  ,  ,  ,          ,          ,        ,
 1, 1, 1,0000000047,0000000040, 5,47, 4,11,16,  ,  ,  ,  ,  ,          ,          ,        ,
 1, 1,  ,0000000096,          , 5,47, 4,11,16,  ,  ,  ,  ,  ,          ,          ,        ,
 1, 1, 1,0000000096,0000000031, 5,47, 4,11,16,  ,  ,  ,  ,  ,          ,          ,        ,
 1, 1,  ,0000000357,          , 5,47, 4,11,16,  ,  ,  ,  ,  ,          ,          ,        ,
 1, 1, 1,0000000357,0000000009, 5,47, 4,11,16,  ,  ,  ,  ,  ,          ,          ,        ,
 1, 1,  ,0000000215,          , 5,47, 4,11,16,  ,  ,  ,  ,  ,          ,          ,        ,
 1, 1, 1,0000000215,0000000009, 5,47, 4,11,16,  ,  ,  ,  ,  ,          ,          ,        ,
 1, 1,  ,0000000453,          , 5,48, 4,11,16,  ,  ,  ,  ,  ,          ,          ,        ,
 1, 1, 1,0000000453,0000000058, 5,48, 4,11,16,  ,  ,  ,  ,  ,          ,          ,        ,
 1, 1,  ,0000000016,          , 5,48, 4,11,16,  ,  ,  ,  ,  ,          ,          ,        ,
 1, 1, 1,0000000016,0000000000, 5,48, 4,11,16,  ,  ,  ,  ,  ,          ,          ,        ,
 1, 1,  ,0000000093,          , 5,48, 4,11,16,  ,  ,  ,  ,  ,          ,          ,        ,
 1, 1, 1,0000000093,0000000041, 5,48, 4,11,16,  ,  ,  ,  ,  ,          ,          ,        ,
 1, 1,  ,0000000146,          , 5,48, 4,11,16,  ,  ,  ,  ,  ,          ,          ,        ,
 1, 1, 1,0000000146,0000000031, 5,48, 4,11,16,  ,  ,  ,  ,  ,          ,          ,        ,
 1, 1,  ,0000000269,          , 5,48, 4,11,16,  ,  ,  ,  ,  ,          ,          ,        ,
 1, 1, 1,0000000269,0000000031, 5,48, 4,11,16,  ,  ,  ,  ,  ,          ,          ,        ,
 1, 1,  ,0000000222,          , 5,49, 4,11,16,  ,  ,  ,  ,  ,          ,          ,        ,
 1, 1, 1,0000000222,0000000000, 5,49, 4,11,16,  ,  ,  ,  ,  ,          ,          ,        ,
 1, 1,  ,0000000481,          , 5,49, 4,11,16,  ,  ,  ,  ,  ,          ,          ,        ,
 1, 1, 1,0000000481,0000000003, 5,49, 4,11,16,  ,  ,  ,  ,  ,          ,          ,        ,
 1, 1,  ,0000000180,          , 5,50, 4,11,16,  ,  ,  ,  ,  ,          ,          ,        ,
 1, 1, 1,0000000180,0000000000, 5,50, 4,11,16,  ,  ,  ,  ,  ,          ,          ,        ,
 1, 1,  ,0000000072,          , 5,50, 4,11,16,  ,  ,  ,  ,  ,          ,          ,        ,
 1, 1, 1,0000000072,0000000022, 5,50, 4,11,16,  ,  ,  ,  ,  ,          ,          ,        ,
 1, 1,  ,0000000383,          , 5,50, 4,11,16,  ,  ,  ,  ,  ,          ,          ,        ,
 1, 1, 1,0000000383,0000000040, 5,50, 4,11,16,  ,  ,  ,  ,  ,          ,          ,        ,
 1, 1,  ,0000000169,          , 5,50, 4,11,16,  ,  ,  ,  ,  ,          ,          ,        ,
 1, 1, 1,0000000169,0000000058, 5,50, 4,11,16,  ,  ,  ,  ,  ,          ,          ,        ,
 1, 1,  ,0000000399,          , 5,51, 4,11,16,  ,  ,  ,  ,  ,          ,          ,        ,
 1, 1, 1,0000000399,0000000070, 5,51, 4,11,16,  ,  ,  ,  ,  ,          ,          ,        ,
 1, 1,  ,0000000304,          , 5,51, 4,11,16,  ,  ,  ,  ,  ,          ,          ,        ,
 1, 1, 1,0000000304,0000000007, 5,51, 4,11,16,  ,  ,  ,  ,  ,          ,          ,        ,
 1, 1,  ,0000000030,          , 5,51, 4,11,16,  ,  ,  ,  ,  ,          ,          ,        ,
 1, 1, 1,0000000030,0000000040, 5,51, 4,11,16,  ,  ,  ,  ,  ,          ,          ,        ,
 1, 1,  ,0000000056,          , 5,52, 4,11,16,  ,  ,  ,  ,  ,          ,          ,        ,
 1, 1, 1,0000000056,0000000031, 5,52, 4,11,16,  ,  ,  ,  ,  ,          ,          ,        ,
 1, 1,  ,0000000395,          , 5,52, 4,11,16,  ,  ,  ,  ,  ,          ,          ,        ,
 1, 1, 1,0000000395,0000000000, 5,52, 4,11,16,  ,  ,  ,  ,  ,          ,          ,        ,
 1, 1,  ,0000000078,          , 5,52, 4,11,16,  ,  ,  ,  ,  ,          ,          ,        ,
 1, 1, 2,0000000078,0000000000, 5,52, 4,11,16,  ,  ,  ,  ,  ,          ,          ,        ,
 1, 1,  ,0000000193,          , 5,52, 4,11,16,  ,  ,  ,  ,  ,          ,          ,        ,
 1, 1, 1,0000000193,0000000052, 5,52, 4,11,16,  ,  ,  ,  ,  ,          ,          ,        ,
 1, 1,  ,0000000478,          , 5,52, 4,11,16,  ,  ,  ,  ,  ,          ,          ,        ,
 1, 1, 1,0000000478,0000000029, 5,52, 4,11,16,  ,  ,  ,  ,  ,          ,          ,        ,
 1, 1,  ,0000002500,          , 5,52, 4,11,16,  ,  ,  ,  ,  ,          ,          ,        ,
 1, 1, 1,0000002500,0000000009, 5,52, 4,11,16,  ,  ,  ,  ,  ,          ,          ,        ,
 1, 1,  ,0000000328,          , 5,53, 4,11,16,  ,  ,  ,  ,  ,          ,          ,        ,
 1, 1, 1,0000000328,0000000031, 5,53, 4,11,16,  ,  ,  ,  ,  ,          ,          ,        ,
 1, 1,  ,0000000340,          , 5,53, 4,11,16,  ,  ,  ,  ,  ,          ,          ,        ,
 1, 1, 1,0000000340,0000000040, 5,53, 4,11,16,  ,  ,  ,  ,  ,          ,          ,        ,
 1, 1,  ,0000000100,          , 5,53, 4,11,16,  ,  ,  ,  ,  ,          ,          ,        ,
 1, 1, 1,0000000100,0000000007, 5,53, 4,11,16,  ,  ,  ,  ,  ,          ,          ,        ,
 1, 1,  ,0000000223,          , 5,53, 4,11,16,  ,  ,  ,  ,  ,          ,          ,        ,
 1, 1, 1,0000000223,0000000058, 5,53, 4,11,16,  ,  ,  ,  ,  ,          ,          ,        ,
 1, 1,  ,0000000330,          , 5,54, 4,11,16,  ,  ,  ,  ,  ,          ,          ,        ,
 1, 1, 1,0000000330,0000000330, 5,54, 4,11,16,  ,  ,  ,  ,  ,          ,          ,        ,
 1, 1,  ,0000000330,          , 5,54, 4,11,16,  ,  ,  ,  ,  ,          ,          ,        ,
 1, 1, 2,0000000330,0000000000, 5,54, 4,11,16,  ,  ,  ,  ,  ,          ,          ,        ,
 1, 1,  ,0000000052,          , 5,54, 4,11,16,  ,  ,  ,  ,  ,          ,          ,        ,
 1, 1, 1,0000000052,0000000002, 5,54, 4,11,16,  ,  ,  ,  ,  ,          ,          ,        ,
 1, 1,  ,0000000031,          , 5,54, 4,11,16,  ,  ,  ,  ,  ,          ,          ,        ,
 1, 1, 1,0000000031,0000000004, 5,54, 4,11,16,  ,  ,  ,  ,  ,          ,          ,        ,
 1, 1,  ,0000000134,          , 5,55, 4,11,16,  ,  ,  ,  ,  ,          ,          ,        ,
 1, 1, 1,0000000134,0000000040, 5,55, 4,11,16,  ,  ,  ,  ,  ,          ,          ,        ,
 1, 1,  ,0000000122,          , 5,55, 4,11,16,  ,  ,  ,  ,  ,          ,          ,        ,
 1, 1, 1,0000000122,0000000071, 5,55, 4,11,16,  ,  ,  ,  ,  ,          ,          ,        ,
 1, 1,  ,0000000488,          , 5,56, 4,11,16,  ,  ,  ,  ,  ,          ,          ,        ,
 1, 1, 1,0000000488,0000000004, 5,56, 4,11,16,  ,  ,  ,  ,  ,          ,          ,        ,
 1, 1,  ,0000000242,          , 5,56, 4,11,16,  ,  ,  ,  ,  ,          ,          ,        ,
 1, 1, 1,0000000242,0000000009, 5,56, 4,11,16,  ,  ,  ,  ,  ,          ,          ,        ,
 1, 1,  ,0000000132,          , 6, 0, 4,11,16,  ,  ,  ,  ,  ,          ,          ,        ,
 1, 1, 2,0000000132,0000000000, 6, 0, 4,11,16,  ,  ,  ,  ,  ,          ,          ,        ,
 1, 1,  ,0000000155,          , 6, 2, 4,11,16,  ,  ,  ,  ,  ,          ,          ,        ,
 1, 1, 1,0000000155,0000000058, 6, 2, 4,11,16,  ,  ,  ,  ,  ,          ,          ,        ,
 1, 1,  ,0000000483,          , 6,32, 4,11,16,  ,  ,  ,  ,  ,          ,          ,        ,
 1, 1, 1,0000000483,0000000058, 6,32, 4,11,16,  ,  ,  ,  ,  ,          ,          ,        ,
 1, 1,  ,0000000307,          , 6,32, 4,11,16,  ,  ,  ,  ,  ,          ,          ,        ,
 1, 1, 1,0000000307,0000000058, 6,32, 4,11,16,  ,  ,  ,  ,  ,          ,          ,        ,
 1, 1,  ,0000000262,          , 6,32, 4,11,16,  ,  ,  ,  ,  ,          ,          ,        ,
 1, 1, 1,0000000262,0000000058, 6,32, 4,11,16,  ,  ,  ,  ,  ,          ,          ,        ,
 1, 1,  ,0000000075,          , 6,32, 4,11,16,  ,  ,  ,  ,  ,          ,          ,        ,
 1, 1, 1,0000000075,0000000058, 6,32, 4,11,16,  ,  ,  ,  ,  ,          ,          ,        ,
 1, 1,  ,0000000020,          , 6,32, 4,11,16,  ,  ,  ,  ,  ,          ,          ,        ,
 1, 1, 1,0000000020,0000000058, 6,32, 4,11,16,  ,  ,  ,  ,  ,          ,          ,        ,
 1, 1,  ,0000002513,          , 6,33, 4,11,16,  ,  ,  ,  ,  ,          ,          ,        ,
 1, 1, 1,0000002513,0000000058, 6,33, 4,11,16,  ,  ,  ,  ,  ,          ,          ,        ,
 1, 1,  ,0000000373,          , 6,33, 4,11,16,  ,  ,  ,  ,  ,          ,          ,        ,
 1, 1, 1,0000000373,0000000029, 6,33, 4,11,16,  ,  ,  ,  ,  ,          ,          ,        ,
 1, 1,  ,0000000457,          , 6,33, 4,11,16,  ,  ,  ,  ,  ,          ,          ,        ,
 1, 1, 1,0000000457,0000000058, 6,33, 4,11,16,  ,  ,  ,  ,  ,          ,          ,        ,
 1, 1,  ,0000000309,          , 6,33, 4,11,16,  ,  ,  ,  ,  ,          ,          ,        ,
 1, 1, 1,0000000309,0000000058, 6,33, 4,11,16,  ,  ,  ,  ,  ,          ,          ,        ,
 1, 1,  ,0000000120,          , 6,34, 4,11,16,  ,  ,  ,  ,  ,          ,          ,        ,
 1, 1, 1,0000000120,0000000000, 6,34, 4,11,16,  ,  ,  ,  ,  ,          ,          ,        ,
 1, 1,  ,0000000327,          , 6,34, 4,11,16,  ,  ,  ,  ,  ,          ,          ,        ,
 1, 1, 1,0000000327,0000000058, 6,34, 4,11,16,  ,  ,  ,  ,  ,          ,          ,        ,
 1, 1,  ,0000000177,          , 6,34, 4,11,16,  ,  ,  ,  ,  ,          ,          ,        ,
 1, 1, 1,0000000177,0000000058, 6,34, 4,11,16,  ,  ,  ,  ,  ,          ,          ,        ,
 1, 1,  ,0000000392,          , 6,34, 4,11,16,  ,  ,  ,  ,  ,          ,          ,        ,
 1, 1, 1,0000000392,0000000058, 6,34, 4,11,16,  ,  ,  ,  ,  ,          ,          ,        ,
 1, 1,  ,0000000202,          , 6,34, 4,11,16,  ,  ,  ,  ,  ,          ,          ,        ,
 1, 1, 1,0000000202,0000000052, 6,34, 4,11,16,  ,  ,  ,  ,  ,          ,          ,        ,
 1, 1,  ,0000000168,          , 6,36, 4,11,16,  ,  ,  ,  ,  ,          ,          ,        ,
 1, 1, 1,0000000168,0000000051, 6,36, 4,11,16,  ,  ,  ,  ,  ,          ,          ,        ,
 1, 1,  ,0000000361,          , 6,37, 4,11,16,  ,  ,  ,  ,  ,          ,          ,        ,
 1, 1, 1,0000000361,0000000040, 6,37, 4,11,16,  ,  ,  ,  ,  ,          ,          ,        ,
 1, 1,  ,0000000114,          , 6,42, 4,11,16,  ,  ,  ,  ,  ,          ,          ,        ,
 1, 1, 1,0000000114,0000000058, 6,42, 4,11,16,  ,  ,  ,  ,  ,          ,          ,        ,
 1, 1,  ,0000000114,          , 6,46, 4,11,16,  ,  ,  ,  ,  ,          ,          ,        ,
 1, 1, 1,0000000114,0000000058, 6,46, 4,11,16,  ,  ,  ,  ,  ,          ,          ,        ,
 1, 1,  ,0000000181,          , 6,50, 4,11,16,  ,  ,  ,  ,  ,          ,          ,        ,
 1, 1, 1,0000000181,0000000000, 6,50, 4,11,16,  ,  ,  ,  ,  ,          ,          ,        ,
 1, 1,  ,0000000425,          , 6,54, 4,11,16,  ,  ,  ,  ,  ,          ,          ,        ,
 1, 1, 1,0000000425,0000000031, 6,54, 4,11,16,  ,  ,  ,  ,  ,          ,          ,        ,
 1, 1,  ,0000000472,          , 8,29, 4,11,16,  ,  ,  ,  ,  ,          ,          ,        ,
 1, 1, 1,0000000472,0000000040, 8,29, 4,11,16,  ,  ,  ,  ,  ,          ,          ,        ,
 1, 1,  ,0000000464,          , 8,31, 4,11,16,  ,  ,  ,  ,  ,          ,          ,        ,
 1, 1, 1,0000000464,0000000040, 8,31, 4,11,16,  ,  ,  ,  ,  ,          ,          ,        ,
 1, 1,  ,0000000442,          , 8,35, 4,11,16,  ,  ,  ,  ,  ,          ,          ,        ,
 1, 1, 1,0000000442,0000000040, 8,35, 4,11,16,  ,  ,  ,  ,  ,          ,          ,        ,
 1, 1,  ,0000000443,          , 8,36, 4,11,16,  ,  ,  ,  ,  ,          ,          ,        ,
 1, 1, 1,0000000443,0000000040, 8,36, 4,11,16,  ,  ,  ,  ,  ,          ,          ,        ,
 1, 1,  ,0000000326,          , 8,37, 4,11,16,  ,  ,  ,  ,  ,          ,          ,        ,
 1, 1, 1,0000000326,0000000058, 8,37, 4,11,16,  ,  ,  ,  ,  ,          ,          ,        ,
 1, 1,  ,0000000224,          , 8,39, 4,11,16,  ,  ,  ,  ,  ,          ,          ,        ,
 1, 1, 1,0000000224,0000000040, 8,39, 4,11,16,  ,  ,  ,  ,  ,          ,          ,        ,
 1, 1,  ,0000000275,          , 8,40, 4,11,16,  ,  ,  ,  ,  ,          ,          ,        ,
 1, 1, 1,0000000275,0000000029, 8,40, 4,11,16,  ,  ,  ,  ,  ,          ,          ,        ,
 1, 1,  ,0000000473,          , 8,41, 4,11,16,  ,  ,  ,  ,  ,          ,          ,        ,
 1, 1, 1,0000000473,0000000040, 8,41, 4,11,16,  ,  ,  ,  ,  ,          ,          ,        ,
